ARM GAS  C:\Users\haske\AppData\Local\Temp\cc9UQB9o.s 			page 1


   1              		.syntax unified
   2              		.cpu cortex-m4
   3              		.eabi_attribute 27, 1
   4              		.fpu fpv4-sp-d16
   5              		.eabi_attribute 20, 1
   6              		.eabi_attribute 21, 1
   7              		.eabi_attribute 23, 3
   8              		.eabi_attribute 24, 1
   9              		.eabi_attribute 25, 1
  10              		.eabi_attribute 26, 1
  11              		.eabi_attribute 30, 1
  12              		.eabi_attribute 34, 1
  13              		.eabi_attribute 18, 4
  14              		.thumb
  15              		.syntax unified
  16              		.file	"BLE_bas_config.c"
  17              		.text
  18              	.Ltext0:
  19              		.cfi_sections	.debug_frame
  20              		.global	cy_ble_basConfig
  21              		.section	.rodata
  22              		.align	2
  23              		.type	cy_ble_bass, %object
  24              		.size	cy_ble_bass, 8
  25              	cy_ble_bass:
  26 0000 1100     		.short	17
  27 0002 1300     		.short	19
  28 0004 1400     		.short	20
  29 0006 1500     		.short	21
  30              		.data
  31              		.align	2
  32              		.type	cy_ble_basConfig, %object
  33              		.size	cy_ble_basConfig, 8
  34              	cy_ble_basConfig:
  35 0000 00000000 		.word	cy_ble_bass
  36 0004 00000000 		.word	0
  37              		.text
  38              	.Letext0:
  39              		.file 1 "c:\\program files (x86)\\cypress\\psoc creator\\4.4\\psoc creator\\import\\gnu\\arm\\5.4.
  40              		.file 2 "c:\\program files (x86)\\cypress\\psoc creator\\4.4\\psoc creator\\import\\gnu\\arm\\5.4.
  41              		.file 3 "Generated_Source\\PSoC6\\pdl\\drivers/peripheral/device/cy_device.h"
  42              		.file 4 "Generated_Source\\PSoC6\\pdl\\middleware/ble/cy_ble_stack_host_main.h"
  43              		.file 5 "Generated_Source\\PSoC6\\pdl\\middleware/ble/cy_ble_stack_gatt.h"
  44              		.file 6 "Generated_Source\\PSoC6\\pdl\\middleware/ble/cy_ble_gap.h"
  45              		.file 7 "Generated_Source\\PSoC6\\pdl\\middleware/ble/cy_ble.h"
  46              		.file 8 "Generated_Source\\PSoC6\\pdl\\middleware/ble/cy_ble_bas.h"
  47              		.file 9 "Generated_Source\\PSoC6\\pdl\\cmsis/include/core_cm4.h"
  48              		.file 10 "Generated_Source\\PSoC6\\BLE_bas_config.c"
  49              		.section	.debug_info,"",%progbits
  50              	.Ldebug_info0:
  51 0000 08070000 		.4byte	0x708
  52 0004 0400     		.2byte	0x4
  53 0006 00000000 		.4byte	.Ldebug_abbrev0
  54 000a 04       		.byte	0x4
  55 000b 01       		.uleb128 0x1
  56 000c 62060000 		.4byte	.LASF145
  57 0010 0C       		.byte	0xc
ARM GAS  C:\Users\haske\AppData\Local\Temp\cc9UQB9o.s 			page 2


  58 0011 F2050000 		.4byte	.LASF146
  59 0015 6C040000 		.4byte	.LASF147
  60 0019 00000000 		.4byte	.Ldebug_line0
  61 001d 02       		.uleb128 0x2
  62 001e 04       		.byte	0x4
  63 001f 05       		.byte	0x5
  64 0020 696E7400 		.ascii	"int\000"
  65 0024 03       		.uleb128 0x3
  66 0025 04       		.byte	0x4
  67 0026 07       		.byte	0x7
  68 0027 9B030000 		.4byte	.LASF0
  69 002b 03       		.uleb128 0x3
  70 002c 08       		.byte	0x8
  71 002d 05       		.byte	0x5
  72 002e 64010000 		.4byte	.LASF1
  73 0032 03       		.uleb128 0x3
  74 0033 08       		.byte	0x8
  75 0034 04       		.byte	0x4
  76 0035 4C080000 		.4byte	.LASF2
  77 0039 03       		.uleb128 0x3
  78 003a 01       		.byte	0x1
  79 003b 06       		.byte	0x6
  80 003c 72010000 		.4byte	.LASF3
  81 0040 04       		.uleb128 0x4
  82 0041 7E000000 		.4byte	.LASF5
  83 0045 01       		.byte	0x1
  84 0046 1D       		.byte	0x1d
  85 0047 4B000000 		.4byte	0x4b
  86 004b 03       		.uleb128 0x3
  87 004c 01       		.byte	0x1
  88 004d 08       		.byte	0x8
  89 004e D9070000 		.4byte	.LASF4
  90 0052 04       		.uleb128 0x4
  91 0053 32030000 		.4byte	.LASF6
  92 0057 01       		.byte	0x1
  93 0058 29       		.byte	0x29
  94 0059 5D000000 		.4byte	0x5d
  95 005d 03       		.uleb128 0x3
  96 005e 02       		.byte	0x2
  97 005f 05       		.byte	0x5
  98 0060 FB070000 		.4byte	.LASF7
  99 0064 04       		.uleb128 0x4
 100 0065 77080000 		.4byte	.LASF8
 101 0069 01       		.byte	0x1
 102 006a 2B       		.byte	0x2b
 103 006b 6F000000 		.4byte	0x6f
 104 006f 03       		.uleb128 0x3
 105 0070 02       		.byte	0x2
 106 0071 07       		.byte	0x7
 107 0072 D0080000 		.4byte	.LASF9
 108 0076 04       		.uleb128 0x4
 109 0077 95080000 		.4byte	.LASF10
 110 007b 01       		.byte	0x1
 111 007c 3F       		.byte	0x3f
 112 007d 81000000 		.4byte	0x81
 113 0081 03       		.uleb128 0x3
 114 0082 04       		.byte	0x4
ARM GAS  C:\Users\haske\AppData\Local\Temp\cc9UQB9o.s 			page 3


 115 0083 05       		.byte	0x5
 116 0084 E6010000 		.4byte	.LASF11
 117 0088 04       		.uleb128 0x4
 118 0089 17030000 		.4byte	.LASF12
 119 008d 01       		.byte	0x1
 120 008e 41       		.byte	0x41
 121 008f 93000000 		.4byte	0x93
 122 0093 03       		.uleb128 0x3
 123 0094 04       		.byte	0x4
 124 0095 07       		.byte	0x7
 125 0096 15040000 		.4byte	.LASF13
 126 009a 03       		.uleb128 0x3
 127 009b 08       		.byte	0x8
 128 009c 07       		.byte	0x7
 129 009d CF000000 		.4byte	.LASF14
 130 00a1 03       		.uleb128 0x3
 131 00a2 04       		.byte	0x4
 132 00a3 07       		.byte	0x7
 133 00a4 7E050000 		.4byte	.LASF15
 134 00a8 05       		.uleb128 0x5
 135 00a9 04       		.byte	0x4
 136 00aa 03       		.uleb128 0x3
 137 00ab 01       		.byte	0x1
 138 00ac 08       		.byte	0x8
 139 00ad 58080000 		.4byte	.LASF16
 140 00b1 04       		.uleb128 0x4
 141 00b2 B5090000 		.4byte	.LASF17
 142 00b6 02       		.byte	0x2
 143 00b7 18       		.byte	0x18
 144 00b8 40000000 		.4byte	0x40
 145 00bc 04       		.uleb128 0x4
 146 00bd 51010000 		.4byte	.LASF18
 147 00c1 02       		.byte	0x2
 148 00c2 20       		.byte	0x20
 149 00c3 52000000 		.4byte	0x52
 150 00c7 04       		.uleb128 0x4
 151 00c8 EF030000 		.4byte	.LASF19
 152 00cc 02       		.byte	0x2
 153 00cd 24       		.byte	0x24
 154 00ce 64000000 		.4byte	0x64
 155 00d2 04       		.uleb128 0x4
 156 00d3 D1070000 		.4byte	.LASF20
 157 00d7 02       		.byte	0x2
 158 00d8 2C       		.byte	0x2c
 159 00d9 76000000 		.4byte	0x76
 160 00dd 04       		.uleb128 0x4
 161 00de 37080000 		.4byte	.LASF21
 162 00e2 02       		.byte	0x2
 163 00e3 30       		.byte	0x30
 164 00e4 88000000 		.4byte	0x88
 165 00e8 06       		.uleb128 0x6
 166 00e9 B8       		.byte	0xb8
 167 00ea 03       		.byte	0x3
 168 00eb 34       		.byte	0x34
 169 00ec F9040000 		.4byte	0x4f9
 170 00f0 07       		.uleb128 0x7
 171 00f1 B6000000 		.4byte	.LASF22
ARM GAS  C:\Users\haske\AppData\Local\Temp\cc9UQB9o.s 			page 4


 172 00f5 03       		.byte	0x3
 173 00f6 37       		.byte	0x37
 174 00f7 DD000000 		.4byte	0xdd
 175 00fb 00       		.byte	0
 176 00fc 07       		.uleb128 0x7
 177 00fd 0C030000 		.4byte	.LASF23
 178 0101 03       		.byte	0x3
 179 0102 38       		.byte	0x38
 180 0103 DD000000 		.4byte	0xdd
 181 0107 04       		.byte	0x4
 182 0108 07       		.uleb128 0x7
 183 0109 4D020000 		.4byte	.LASF24
 184 010d 03       		.byte	0x3
 185 010e 39       		.byte	0x39
 186 010f DD000000 		.4byte	0xdd
 187 0113 08       		.byte	0x8
 188 0114 07       		.uleb128 0x7
 189 0115 8C070000 		.4byte	.LASF25
 190 0119 03       		.byte	0x3
 191 011a 3A       		.byte	0x3a
 192 011b DD000000 		.4byte	0xdd
 193 011f 0C       		.byte	0xc
 194 0120 07       		.uleb128 0x7
 195 0121 93010000 		.4byte	.LASF26
 196 0125 03       		.byte	0x3
 197 0126 3B       		.byte	0x3b
 198 0127 DD000000 		.4byte	0xdd
 199 012b 10       		.byte	0x10
 200 012c 07       		.uleb128 0x7
 201 012d DC010000 		.4byte	.LASF27
 202 0131 03       		.byte	0x3
 203 0132 3C       		.byte	0x3c
 204 0133 DD000000 		.4byte	0xdd
 205 0137 14       		.byte	0x14
 206 0138 07       		.uleb128 0x7
 207 0139 32040000 		.4byte	.LASF28
 208 013d 03       		.byte	0x3
 209 013e 3D       		.byte	0x3d
 210 013f DD000000 		.4byte	0xdd
 211 0143 18       		.byte	0x18
 212 0144 07       		.uleb128 0x7
 213 0145 67000000 		.4byte	.LASF29
 214 0149 03       		.byte	0x3
 215 014a 3E       		.byte	0x3e
 216 014b DD000000 		.4byte	0xdd
 217 014f 1C       		.byte	0x1c
 218 0150 07       		.uleb128 0x7
 219 0151 1F0A0000 		.4byte	.LASF30
 220 0155 03       		.byte	0x3
 221 0156 3F       		.byte	0x3f
 222 0157 DD000000 		.4byte	0xdd
 223 015b 20       		.byte	0x20
 224 015c 07       		.uleb128 0x7
 225 015d 4A060000 		.4byte	.LASF31
 226 0161 03       		.byte	0x3
 227 0162 40       		.byte	0x40
 228 0163 DD000000 		.4byte	0xdd
ARM GAS  C:\Users\haske\AppData\Local\Temp\cc9UQB9o.s 			page 5


 229 0167 24       		.byte	0x24
 230 0168 07       		.uleb128 0x7
 231 0169 33050000 		.4byte	.LASF32
 232 016d 03       		.byte	0x3
 233 016e 43       		.byte	0x43
 234 016f B1000000 		.4byte	0xb1
 235 0173 28       		.byte	0x28
 236 0174 07       		.uleb128 0x7
 237 0175 4D000000 		.4byte	.LASF33
 238 0179 03       		.byte	0x3
 239 017a 44       		.byte	0x44
 240 017b B1000000 		.4byte	0xb1
 241 017f 29       		.byte	0x29
 242 0180 07       		.uleb128 0x7
 243 0181 150A0000 		.4byte	.LASF34
 244 0185 03       		.byte	0x3
 245 0186 45       		.byte	0x45
 246 0187 B1000000 		.4byte	0xb1
 247 018b 2A       		.byte	0x2a
 248 018c 07       		.uleb128 0x7
 249 018d 3C060000 		.4byte	.LASF35
 250 0191 03       		.byte	0x3
 251 0192 46       		.byte	0x46
 252 0193 B1000000 		.4byte	0xb1
 253 0197 2B       		.byte	0x2b
 254 0198 07       		.uleb128 0x7
 255 0199 C3040000 		.4byte	.LASF36
 256 019d 03       		.byte	0x3
 257 019e 47       		.byte	0x47
 258 019f B1000000 		.4byte	0xb1
 259 01a3 2C       		.byte	0x2c
 260 01a4 07       		.uleb128 0x7
 261 01a5 AF080000 		.4byte	.LASF37
 262 01a9 03       		.byte	0x3
 263 01aa 48       		.byte	0x48
 264 01ab B1000000 		.4byte	0xb1
 265 01af 2D       		.byte	0x2d
 266 01b0 07       		.uleb128 0x7
 267 01b1 9C010000 		.4byte	.LASF38
 268 01b5 03       		.byte	0x3
 269 01b6 49       		.byte	0x49
 270 01b7 B1000000 		.4byte	0xb1
 271 01bb 2E       		.byte	0x2e
 272 01bc 07       		.uleb128 0x7
 273 01bd 5D050000 		.4byte	.LASF39
 274 01c1 03       		.byte	0x3
 275 01c2 4A       		.byte	0x4a
 276 01c3 B1000000 		.4byte	0xb1
 277 01c7 2F       		.byte	0x2f
 278 01c8 07       		.uleb128 0x7
 279 01c9 5D080000 		.4byte	.LASF40
 280 01cd 03       		.byte	0x3
 281 01ce 4B       		.byte	0x4b
 282 01cf B1000000 		.4byte	0xb1
 283 01d3 30       		.byte	0x30
 284 01d4 07       		.uleb128 0x7
 285 01d5 27040000 		.4byte	.LASF41
ARM GAS  C:\Users\haske\AppData\Local\Temp\cc9UQB9o.s 			page 6


 286 01d9 03       		.byte	0x3
 287 01da 4E       		.byte	0x4e
 288 01db B1000000 		.4byte	0xb1
 289 01df 31       		.byte	0x31
 290 01e0 07       		.uleb128 0x7
 291 01e1 70000000 		.4byte	.LASF42
 292 01e5 03       		.byte	0x3
 293 01e6 4F       		.byte	0x4f
 294 01e7 B1000000 		.4byte	0xb1
 295 01eb 32       		.byte	0x32
 296 01ec 07       		.uleb128 0x7
 297 01ed 8F030000 		.4byte	.LASF43
 298 01f1 03       		.byte	0x3
 299 01f2 50       		.byte	0x50
 300 01f3 B1000000 		.4byte	0xb1
 301 01f7 33       		.byte	0x33
 302 01f8 07       		.uleb128 0x7
 303 01f9 8C050000 		.4byte	.LASF44
 304 01fd 03       		.byte	0x3
 305 01fe 51       		.byte	0x51
 306 01ff B1000000 		.4byte	0xb1
 307 0203 34       		.byte	0x34
 308 0204 07       		.uleb128 0x7
 309 0205 FA080000 		.4byte	.LASF45
 310 0209 03       		.byte	0x3
 311 020a 52       		.byte	0x52
 312 020b BC000000 		.4byte	0xbc
 313 020f 36       		.byte	0x36
 314 0210 07       		.uleb128 0x7
 315 0211 67020000 		.4byte	.LASF46
 316 0215 03       		.byte	0x3
 317 0216 53       		.byte	0x53
 318 0217 BC000000 		.4byte	0xbc
 319 021b 38       		.byte	0x38
 320 021c 07       		.uleb128 0x7
 321 021d 6A090000 		.4byte	.LASF47
 322 0221 03       		.byte	0x3
 323 0222 54       		.byte	0x54
 324 0223 BC000000 		.4byte	0xbc
 325 0227 3A       		.byte	0x3a
 326 0228 07       		.uleb128 0x7
 327 0229 060A0000 		.4byte	.LASF48
 328 022d 03       		.byte	0x3
 329 022e 55       		.byte	0x55
 330 022f B1000000 		.4byte	0xb1
 331 0233 3C       		.byte	0x3c
 332 0234 07       		.uleb128 0x7
 333 0235 99020000 		.4byte	.LASF49
 334 0239 03       		.byte	0x3
 335 023a 56       		.byte	0x56
 336 023b B1000000 		.4byte	0xb1
 337 023f 3D       		.byte	0x3d
 338 0240 07       		.uleb128 0x7
 339 0241 19080000 		.4byte	.LASF50
 340 0245 03       		.byte	0x3
 341 0246 57       		.byte	0x57
 342 0247 B1000000 		.4byte	0xb1
ARM GAS  C:\Users\haske\AppData\Local\Temp\cc9UQB9o.s 			page 7


 343 024b 3E       		.byte	0x3e
 344 024c 07       		.uleb128 0x7
 345 024d 5B000000 		.4byte	.LASF51
 346 0251 03       		.byte	0x3
 347 0252 58       		.byte	0x58
 348 0253 B1000000 		.4byte	0xb1
 349 0257 3F       		.byte	0x3f
 350 0258 07       		.uleb128 0x7
 351 0259 55060000 		.4byte	.LASF52
 352 025d 03       		.byte	0x3
 353 025e 59       		.byte	0x59
 354 025f B1000000 		.4byte	0xb1
 355 0263 40       		.byte	0x40
 356 0264 07       		.uleb128 0x7
 357 0265 22030000 		.4byte	.LASF53
 358 0269 03       		.byte	0x3
 359 026a 5A       		.byte	0x5a
 360 026b B1000000 		.4byte	0xb1
 361 026f 41       		.byte	0x41
 362 0270 07       		.uleb128 0x7
 363 0271 DF040000 		.4byte	.LASF54
 364 0275 03       		.byte	0x3
 365 0276 5B       		.byte	0x5b
 366 0277 B1000000 		.4byte	0xb1
 367 027b 42       		.byte	0x42
 368 027c 07       		.uleb128 0x7
 369 027d 1A060000 		.4byte	.LASF55
 370 0281 03       		.byte	0x3
 371 0282 5C       		.byte	0x5c
 372 0283 B1000000 		.4byte	0xb1
 373 0287 43       		.byte	0x43
 374 0288 07       		.uleb128 0x7
 375 0289 56020000 		.4byte	.LASF56
 376 028d 03       		.byte	0x3
 377 028e 5D       		.byte	0x5d
 378 028f B1000000 		.4byte	0xb1
 379 0293 44       		.byte	0x44
 380 0294 07       		.uleb128 0x7
 381 0295 00000000 		.4byte	.LASF57
 382 0299 03       		.byte	0x3
 383 029a 5E       		.byte	0x5e
 384 029b DD000000 		.4byte	0xdd
 385 029f 48       		.byte	0x48
 386 02a0 07       		.uleb128 0x7
 387 02a1 29020000 		.4byte	.LASF58
 388 02a5 03       		.byte	0x3
 389 02a6 5F       		.byte	0x5f
 390 02a7 DD000000 		.4byte	0xdd
 391 02ab 4C       		.byte	0x4c
 392 02ac 07       		.uleb128 0x7
 393 02ad 800A0000 		.4byte	.LASF59
 394 02b1 03       		.byte	0x3
 395 02b2 60       		.byte	0x60
 396 02b3 B1000000 		.4byte	0xb1
 397 02b7 50       		.byte	0x50
 398 02b8 07       		.uleb128 0x7
 399 02b9 2B010000 		.4byte	.LASF60
ARM GAS  C:\Users\haske\AppData\Local\Temp\cc9UQB9o.s 			page 8


 400 02bd 03       		.byte	0x3
 401 02be 61       		.byte	0x61
 402 02bf B1000000 		.4byte	0xb1
 403 02c3 51       		.byte	0x51
 404 02c4 07       		.uleb128 0x7
 405 02c5 15070000 		.4byte	.LASF61
 406 02c9 03       		.byte	0x3
 407 02ca 62       		.byte	0x62
 408 02cb B1000000 		.4byte	0xb1
 409 02cf 52       		.byte	0x52
 410 02d0 07       		.uleb128 0x7
 411 02d1 3D0A0000 		.4byte	.LASF62
 412 02d5 03       		.byte	0x3
 413 02d6 63       		.byte	0x63
 414 02d7 B1000000 		.4byte	0xb1
 415 02db 53       		.byte	0x53
 416 02dc 07       		.uleb128 0x7
 417 02dd 27080000 		.4byte	.LASF63
 418 02e1 03       		.byte	0x3
 419 02e2 64       		.byte	0x64
 420 02e3 B1000000 		.4byte	0xb1
 421 02e7 54       		.byte	0x54
 422 02e8 07       		.uleb128 0x7
 423 02e9 3D010000 		.4byte	.LASF64
 424 02ed 03       		.byte	0x3
 425 02ee 65       		.byte	0x65
 426 02ef B1000000 		.4byte	0xb1
 427 02f3 55       		.byte	0x55
 428 02f4 07       		.uleb128 0x7
 429 02f5 BC080000 		.4byte	.LASF65
 430 02f9 03       		.byte	0x3
 431 02fa 66       		.byte	0x66
 432 02fb B1000000 		.4byte	0xb1
 433 02ff 56       		.byte	0x56
 434 0300 07       		.uleb128 0x7
 435 0301 3B040000 		.4byte	.LASF66
 436 0305 03       		.byte	0x3
 437 0306 67       		.byte	0x67
 438 0307 B1000000 		.4byte	0xb1
 439 030b 57       		.byte	0x57
 440 030c 07       		.uleb128 0x7
 441 030d 12000000 		.4byte	.LASF67
 442 0311 03       		.byte	0x3
 443 0312 68       		.byte	0x68
 444 0313 B1000000 		.4byte	0xb1
 445 0317 58       		.byte	0x58
 446 0318 07       		.uleb128 0x7
 447 0319 E7070000 		.4byte	.LASF68
 448 031d 03       		.byte	0x3
 449 031e 69       		.byte	0x69
 450 031f B1000000 		.4byte	0xb1
 451 0323 59       		.byte	0x59
 452 0324 07       		.uleb128 0x7
 453 0325 72020000 		.4byte	.LASF69
 454 0329 03       		.byte	0x3
 455 032a 6E       		.byte	0x6e
 456 032b C7000000 		.4byte	0xc7
ARM GAS  C:\Users\haske\AppData\Local\Temp\cc9UQB9o.s 			page 9


 457 032f 5A       		.byte	0x5a
 458 0330 07       		.uleb128 0x7
 459 0331 E3080000 		.4byte	.LASF70
 460 0335 03       		.byte	0x3
 461 0336 6F       		.byte	0x6f
 462 0337 C7000000 		.4byte	0xc7
 463 033b 5C       		.byte	0x5c
 464 033c 07       		.uleb128 0x7
 465 033d C0000000 		.4byte	.LASF71
 466 0341 03       		.byte	0x3
 467 0342 70       		.byte	0x70
 468 0343 B1000000 		.4byte	0xb1
 469 0347 5E       		.byte	0x5e
 470 0348 07       		.uleb128 0x7
 471 0349 76070000 		.4byte	.LASF72
 472 034d 03       		.byte	0x3
 473 034e 71       		.byte	0x71
 474 034f B1000000 		.4byte	0xb1
 475 0353 5F       		.byte	0x5f
 476 0354 07       		.uleb128 0x7
 477 0355 E1050000 		.4byte	.LASF73
 478 0359 03       		.byte	0x3
 479 035a 72       		.byte	0x72
 480 035b B1000000 		.4byte	0xb1
 481 035f 60       		.byte	0x60
 482 0360 07       		.uleb128 0x7
 483 0361 4F070000 		.4byte	.LASF74
 484 0365 03       		.byte	0x3
 485 0366 73       		.byte	0x73
 486 0367 DD000000 		.4byte	0xdd
 487 036b 64       		.byte	0x64
 488 036c 07       		.uleb128 0x7
 489 036d E6000000 		.4byte	.LASF75
 490 0371 03       		.byte	0x3
 491 0372 76       		.byte	0x76
 492 0373 C7000000 		.4byte	0xc7
 493 0377 68       		.byte	0x68
 494 0378 07       		.uleb128 0x7
 495 0379 03040000 		.4byte	.LASF76
 496 037d 03       		.byte	0x3
 497 037e 77       		.byte	0x77
 498 037f C7000000 		.4byte	0xc7
 499 0383 6A       		.byte	0x6a
 500 0384 07       		.uleb128 0x7
 501 0385 4F040000 		.4byte	.LASF77
 502 0389 03       		.byte	0x3
 503 038a 78       		.byte	0x78
 504 038b C7000000 		.4byte	0xc7
 505 038f 6C       		.byte	0x6c
 506 0390 07       		.uleb128 0x7
 507 0391 B6040000 		.4byte	.LASF78
 508 0395 03       		.byte	0x3
 509 0396 79       		.byte	0x79
 510 0397 C7000000 		.4byte	0xc7
 511 039b 6E       		.byte	0x6e
 512 039c 07       		.uleb128 0x7
 513 039d 05080000 		.4byte	.LASF79
ARM GAS  C:\Users\haske\AppData\Local\Temp\cc9UQB9o.s 			page 10


 514 03a1 03       		.byte	0x3
 515 03a2 7B       		.byte	0x7b
 516 03a3 B1000000 		.4byte	0xb1
 517 03a7 70       		.byte	0x70
 518 03a8 07       		.uleb128 0x7
 519 03a9 7E010000 		.4byte	.LASF80
 520 03ad 03       		.byte	0x3
 521 03ae 7C       		.byte	0x7c
 522 03af B1000000 		.4byte	0xb1
 523 03b3 71       		.byte	0x71
 524 03b4 07       		.uleb128 0x7
 525 03b5 270A0000 		.4byte	.LASF81
 526 03b9 03       		.byte	0x3
 527 03ba 7D       		.byte	0x7d
 528 03bb B1000000 		.4byte	0xb1
 529 03bf 72       		.byte	0x72
 530 03c0 07       		.uleb128 0x7
 531 03c1 BC050000 		.4byte	.LASF82
 532 03c5 03       		.byte	0x3
 533 03c6 7E       		.byte	0x7e
 534 03c7 B1000000 		.4byte	0xb1
 535 03cb 73       		.byte	0x73
 536 03cc 07       		.uleb128 0x7
 537 03cd A4020000 		.4byte	.LASF83
 538 03d1 03       		.byte	0x3
 539 03d2 80       		.byte	0x80
 540 03d3 C7000000 		.4byte	0xc7
 541 03d7 74       		.byte	0x74
 542 03d8 07       		.uleb128 0x7
 543 03d9 82080000 		.4byte	.LASF84
 544 03dd 03       		.byte	0x3
 545 03de 81       		.byte	0x81
 546 03df C7000000 		.4byte	0xc7
 547 03e3 76       		.byte	0x76
 548 03e4 07       		.uleb128 0x7
 549 03e5 84020000 		.4byte	.LASF85
 550 03e9 03       		.byte	0x3
 551 03ea 82       		.byte	0x82
 552 03eb C7000000 		.4byte	0xc7
 553 03ef 78       		.byte	0x78
 554 03f0 07       		.uleb128 0x7
 555 03f1 88000000 		.4byte	.LASF86
 556 03f5 03       		.byte	0x3
 557 03f6 83       		.byte	0x83
 558 03f7 C7000000 		.4byte	0xc7
 559 03fb 7A       		.byte	0x7a
 560 03fc 07       		.uleb128 0x7
 561 03fd D2090000 		.4byte	.LASF87
 562 0401 03       		.byte	0x3
 563 0402 86       		.byte	0x86
 564 0403 B1000000 		.4byte	0xb1
 565 0407 7C       		.byte	0x7c
 566 0408 07       		.uleb128 0x7
 567 0409 07090000 		.4byte	.LASF88
 568 040d 03       		.byte	0x3
 569 040e 87       		.byte	0x87
 570 040f B1000000 		.4byte	0xb1
ARM GAS  C:\Users\haske\AppData\Local\Temp\cc9UQB9o.s 			page 11


 571 0413 7D       		.byte	0x7d
 572 0414 07       		.uleb128 0x7
 573 0415 26000000 		.4byte	.LASF89
 574 0419 03       		.byte	0x3
 575 041a 88       		.byte	0x88
 576 041b B1000000 		.4byte	0xb1
 577 041f 7E       		.byte	0x7e
 578 0420 07       		.uleb128 0x7
 579 0421 E0020000 		.4byte	.LASF90
 580 0425 03       		.byte	0x3
 581 0426 89       		.byte	0x89
 582 0427 B1000000 		.4byte	0xb1
 583 042b 7F       		.byte	0x7f
 584 042c 07       		.uleb128 0x7
 585 042d 7B030000 		.4byte	.LASF91
 586 0431 03       		.byte	0x3
 587 0432 8A       		.byte	0x8a
 588 0433 B1000000 		.4byte	0xb1
 589 0437 80       		.byte	0x80
 590 0438 07       		.uleb128 0x7
 591 0439 16050000 		.4byte	.LASF92
 592 043d 03       		.byte	0x3
 593 043e 8D       		.byte	0x8d
 594 043f DD000000 		.4byte	0xdd
 595 0443 84       		.byte	0x84
 596 0444 07       		.uleb128 0x7
 597 0445 EF010000 		.4byte	.LASF93
 598 0449 03       		.byte	0x3
 599 044a 8E       		.byte	0x8e
 600 044b DD000000 		.4byte	0xdd
 601 044f 88       		.byte	0x88
 602 0450 07       		.uleb128 0x7
 603 0451 BD090000 		.4byte	.LASF94
 604 0455 03       		.byte	0x3
 605 0456 8F       		.byte	0x8f
 606 0457 DD000000 		.4byte	0xdd
 607 045b 8C       		.byte	0x8c
 608 045c 07       		.uleb128 0x7
 609 045d 69050000 		.4byte	.LASF95
 610 0461 03       		.byte	0x3
 611 0462 90       		.byte	0x90
 612 0463 DD000000 		.4byte	0xdd
 613 0467 90       		.byte	0x90
 614 0468 07       		.uleb128 0x7
 615 0469 3C030000 		.4byte	.LASF96
 616 046d 03       		.byte	0x3
 617 046e 91       		.byte	0x91
 618 046f DD000000 		.4byte	0xdd
 619 0473 94       		.byte	0x94
 620 0474 07       		.uleb128 0x7
 621 0475 00050000 		.4byte	.LASF97
 622 0479 03       		.byte	0x3
 623 047a 92       		.byte	0x92
 624 047b DD000000 		.4byte	0xdd
 625 047f 98       		.byte	0x98
 626 0480 07       		.uleb128 0x7
 627 0481 E7090000 		.4byte	.LASF98
ARM GAS  C:\Users\haske\AppData\Local\Temp\cc9UQB9o.s 			page 12


 628 0485 03       		.byte	0x3
 629 0486 93       		.byte	0x93
 630 0487 DD000000 		.4byte	0xdd
 631 048b 9C       		.byte	0x9c
 632 048c 07       		.uleb128 0x7
 633 048d 08010000 		.4byte	.LASF99
 634 0491 03       		.byte	0x3
 635 0492 94       		.byte	0x94
 636 0493 DD000000 		.4byte	0xdd
 637 0497 A0       		.byte	0xa0
 638 0498 07       		.uleb128 0x7
 639 0499 A7010000 		.4byte	.LASF100
 640 049d 03       		.byte	0x3
 641 049e 95       		.byte	0x95
 642 049f C7000000 		.4byte	0xc7
 643 04a3 A4       		.byte	0xa4
 644 04a4 07       		.uleb128 0x7
 645 04a5 EB040000 		.4byte	.LASF101
 646 04a9 03       		.byte	0x3
 647 04aa 96       		.byte	0x96
 648 04ab C7000000 		.4byte	0xc7
 649 04af A6       		.byte	0xa6
 650 04b0 07       		.uleb128 0x7
 651 04b1 6A070000 		.4byte	.LASF102
 652 04b5 03       		.byte	0x3
 653 04b6 97       		.byte	0x97
 654 04b7 C7000000 		.4byte	0xc7
 655 04bb A8       		.byte	0xa8
 656 04bc 07       		.uleb128 0x7
 657 04bd 69080000 		.4byte	.LASF103
 658 04c1 03       		.byte	0x3
 659 04c2 98       		.byte	0x98
 660 04c3 C7000000 		.4byte	0xc7
 661 04c7 AA       		.byte	0xaa
 662 04c8 07       		.uleb128 0x7
 663 04c9 5E040000 		.4byte	.LASF104
 664 04cd 03       		.byte	0x3
 665 04ce 99       		.byte	0x99
 666 04cf C7000000 		.4byte	0xc7
 667 04d3 AC       		.byte	0xac
 668 04d4 07       		.uleb128 0x7
 669 04d5 D3050000 		.4byte	.LASF105
 670 04d9 03       		.byte	0x3
 671 04da 9A       		.byte	0x9a
 672 04db C7000000 		.4byte	0xc7
 673 04df AE       		.byte	0xae
 674 04e0 07       		.uleb128 0x7
 675 04e1 EC080000 		.4byte	.LASF106
 676 04e5 03       		.byte	0x3
 677 04e6 9D       		.byte	0x9d
 678 04e7 C7000000 		.4byte	0xc7
 679 04eb B0       		.byte	0xb0
 680 04ec 07       		.uleb128 0x7
 681 04ed 39000000 		.4byte	.LASF107
 682 04f1 03       		.byte	0x3
 683 04f2 9E       		.byte	0x9e
 684 04f3 DD000000 		.4byte	0xdd
ARM GAS  C:\Users\haske\AppData\Local\Temp\cc9UQB9o.s 			page 13


 685 04f7 B4       		.byte	0xb4
 686 04f8 00       		.byte	0
 687 04f9 04       		.uleb128 0x4
 688 04fa CF040000 		.4byte	.LASF108
 689 04fe 03       		.byte	0x3
 690 04ff 9F       		.byte	0x9f
 691 0500 E8000000 		.4byte	0xe8
 692 0504 03       		.uleb128 0x3
 693 0505 04       		.byte	0x4
 694 0506 04       		.byte	0x4
 695 0507 49070000 		.4byte	.LASF109
 696 050b 03       		.uleb128 0x3
 697 050c 08       		.byte	0x8
 698 050d 04       		.byte	0x4
 699 050e 7D020000 		.4byte	.LASF110
 700 0512 08       		.uleb128 0x8
 701 0513 02       		.byte	0x2
 702 0514 04       		.byte	0x4
 703 0515 6401     		.2byte	0x164
 704 0517 36050000 		.4byte	0x536
 705 051b 09       		.uleb128 0x9
 706 051c FD090000 		.4byte	.LASF111
 707 0520 04       		.byte	0x4
 708 0521 6E01     		.2byte	0x16e
 709 0523 B1000000 		.4byte	0xb1
 710 0527 00       		.byte	0
 711 0528 09       		.uleb128 0x9
 712 0529 2D050000 		.4byte	.LASF112
 713 052d 04       		.byte	0x4
 714 052e 7201     		.2byte	0x172
 715 0530 B1000000 		.4byte	0xb1
 716 0534 01       		.byte	0x1
 717 0535 00       		.byte	0
 718 0536 0A       		.uleb128 0xa
 719 0537 9D000000 		.4byte	.LASF113
 720 053b 04       		.byte	0x4
 721 053c 7401     		.2byte	0x174
 722 053e 12050000 		.4byte	0x512
 723 0542 0A       		.uleb128 0xa
 724 0543 40050000 		.4byte	.LASF114
 725 0547 05       		.byte	0x5
 726 0548 7F01     		.2byte	0x17f
 727 054a C7000000 		.4byte	0xc7
 728 054e 0B       		.uleb128 0xb
 729 054f 01       		.byte	0x1
 730 0550 4B000000 		.4byte	0x4b
 731 0554 06       		.byte	0x6
 732 0555 7E       		.byte	0x7e
 733 0556 73050000 		.4byte	0x573
 734 055a 0C       		.uleb128 0xc
 735 055b 9C090000 		.4byte	.LASF115
 736 055f 00       		.byte	0
 737 0560 0C       		.uleb128 0xc
 738 0561 9D050000 		.4byte	.LASF116
 739 0565 01       		.byte	0x1
 740 0566 0C       		.uleb128 0xc
 741 0567 7F090000 		.4byte	.LASF117
ARM GAS  C:\Users\haske\AppData\Local\Temp\cc9UQB9o.s 			page 14


 742 056b 02       		.byte	0x2
 743 056c 0C       		.uleb128 0xc
 744 056d BC010000 		.4byte	.LASF118
 745 0571 03       		.byte	0x3
 746 0572 00       		.byte	0
 747 0573 04       		.uleb128 0x4
 748 0574 37020000 		.4byte	.LASF119
 749 0578 06       		.byte	0x6
 750 0579 83       		.byte	0x83
 751 057a 4E050000 		.4byte	0x54e
 752 057e 0B       		.uleb128 0xb
 753 057f 01       		.byte	0x1
 754 0580 4B000000 		.4byte	0x4b
 755 0584 06       		.byte	0x6
 756 0585 87       		.byte	0x87
 757 0586 BB050000 		.4byte	0x5bb
 758 058a 0C       		.uleb128 0xc
 759 058b 39090000 		.4byte	.LASF120
 760 058f 00       		.byte	0
 761 0590 0C       		.uleb128 0xc
 762 0591 4F0A0000 		.4byte	.LASF121
 763 0595 01       		.byte	0x1
 764 0596 0C       		.uleb128 0xc
 765 0597 A8030000 		.4byte	.LASF122
 766 059b 02       		.byte	0x2
 767 059c 0C       		.uleb128 0xc
 768 059d 51030000 		.4byte	.LASF123
 769 05a1 03       		.byte	0x3
 770 05a2 0C       		.uleb128 0xc
 771 05a3 B6020000 		.4byte	.LASF124
 772 05a7 04       		.byte	0x4
 773 05a8 0C       		.uleb128 0xc
 774 05a9 94070000 		.4byte	.LASF125
 775 05ad 05       		.byte	0x5
 776 05ae 0C       		.uleb128 0xc
 777 05af C4030000 		.4byte	.LASF126
 778 05b3 06       		.byte	0x6
 779 05b4 0C       		.uleb128 0xc
 780 05b5 25070000 		.4byte	.LASF127
 781 05b9 07       		.byte	0x7
 782 05ba 00       		.byte	0
 783 05bb 04       		.uleb128 0x4
 784 05bc 25060000 		.4byte	.LASF128
 785 05c0 06       		.byte	0x6
 786 05c1 90       		.byte	0x90
 787 05c2 7E050000 		.4byte	0x57e
 788 05c6 04       		.uleb128 0x4
 789 05c7 17020000 		.4byte	.LASF129
 790 05cb 07       		.byte	0x7
 791 05cc 40       		.byte	0x40
 792 05cd D1050000 		.4byte	0x5d1
 793 05d1 0D       		.uleb128 0xd
 794 05d2 04       		.byte	0x4
 795 05d3 D7050000 		.4byte	0x5d7
 796 05d7 0E       		.uleb128 0xe
 797 05d8 E7050000 		.4byte	0x5e7
 798 05dc 0F       		.uleb128 0xf
ARM GAS  C:\Users\haske\AppData\Local\Temp\cc9UQB9o.s 			page 15


 799 05dd DD000000 		.4byte	0xdd
 800 05e1 0F       		.uleb128 0xf
 801 05e2 A8000000 		.4byte	0xa8
 802 05e6 00       		.byte	0
 803 05e7 03       		.uleb128 0x3
 804 05e8 01       		.byte	0x1
 805 05e9 02       		.byte	0x2
 806 05ea CB070000 		.4byte	.LASF130
 807 05ee 06       		.uleb128 0x6
 808 05ef 08       		.byte	0x8
 809 05f0 08       		.byte	0x8
 810 05f1 48       		.byte	0x48
 811 05f2 27060000 		.4byte	0x627
 812 05f6 07       		.uleb128 0x7
 813 05f7 18090000 		.4byte	.LASF131
 814 05fb 08       		.byte	0x8
 815 05fc 4A       		.byte	0x4a
 816 05fd 42050000 		.4byte	0x542
 817 0601 00       		.byte	0
 818 0602 07       		.uleb128 0x7
 819 0603 26090000 		.4byte	.LASF132
 820 0607 08       		.byte	0x8
 821 0608 4B       		.byte	0x4b
 822 0609 42050000 		.4byte	0x542
 823 060d 02       		.byte	0x2
 824 060e 07       		.uleb128 0x7
 825 060f 59010000 		.4byte	.LASF133
 826 0613 08       		.byte	0x8
 827 0614 4C       		.byte	0x4c
 828 0615 42050000 		.4byte	0x542
 829 0619 04       		.byte	0x4
 830 061a 07       		.uleb128 0x7
 831 061b F8030000 		.4byte	.LASF134
 832 061f 08       		.byte	0x8
 833 0620 4D       		.byte	0x4d
 834 0621 42050000 		.4byte	0x542
 835 0625 06       		.byte	0x6
 836 0626 00       		.byte	0
 837 0627 04       		.uleb128 0x4
 838 0628 F6000000 		.4byte	.LASF135
 839 062c 08       		.byte	0x8
 840 062d 4E       		.byte	0x4e
 841 062e EE050000 		.4byte	0x5ee
 842 0632 06       		.uleb128 0x6
 843 0633 08       		.byte	0x8
 844 0634 08       		.byte	0x8
 845 0635 6E       		.byte	0x6e
 846 0636 53060000 		.4byte	0x653
 847 063a 07       		.uleb128 0x7
 848 063b 87050000 		.4byte	.LASF136
 849 063f 08       		.byte	0x8
 850 0640 71       		.byte	0x71
 851 0641 53060000 		.4byte	0x653
 852 0645 00       		.byte	0
 853 0646 07       		.uleb128 0x7
 854 0647 BE070000 		.4byte	.LASF137
 855 064b 08       		.byte	0x8
ARM GAS  C:\Users\haske\AppData\Local\Temp\cc9UQB9o.s 			page 16


 856 064c 74       		.byte	0x74
 857 064d C6050000 		.4byte	0x5c6
 858 0651 04       		.byte	0x4
 859 0652 00       		.byte	0
 860 0653 0D       		.uleb128 0xd
 861 0654 04       		.byte	0x4
 862 0655 59060000 		.4byte	0x659
 863 0659 10       		.uleb128 0x10
 864 065a 27060000 		.4byte	0x627
 865 065e 04       		.uleb128 0x4
 866 065f F4020000 		.4byte	.LASF138
 867 0663 08       		.byte	0x8
 868 0664 75       		.byte	0x75
 869 0665 32060000 		.4byte	0x632
 870 0669 11       		.uleb128 0x11
 871 066a 59060000 		.4byte	0x659
 872 066e 79060000 		.4byte	0x679
 873 0672 12       		.uleb128 0x12
 874 0673 A1000000 		.4byte	0xa1
 875 0677 00       		.byte	0
 876 0678 00       		.byte	0
 877 0679 13       		.uleb128 0x13
 878 067a 40080000 		.4byte	.LASF148
 879 067e 0A       		.byte	0xa
 880 067f 18       		.byte	0x18
 881 0680 8A060000 		.4byte	0x68a
 882 0684 05       		.uleb128 0x5
 883 0685 03       		.byte	0x3
 884 0686 00000000 		.4byte	cy_ble_bass
 885 068a 10       		.uleb128 0x10
 886 068b 69060000 		.4byte	0x669
 887 068f 14       		.uleb128 0x14
 888 0690 60070000 		.4byte	.LASF139
 889 0694 03       		.byte	0x3
 890 0695 A7       		.byte	0xa7
 891 0696 9A060000 		.4byte	0x69a
 892 069a 0D       		.uleb128 0xd
 893 069b 04       		.byte	0x4
 894 069c A0060000 		.4byte	0x6a0
 895 06a0 10       		.uleb128 0x10
 896 06a1 F9040000 		.4byte	0x4f9
 897 06a5 15       		.uleb128 0x15
 898 06a6 1E010000 		.4byte	.LASF140
 899 06aa 09       		.byte	0x9
 900 06ab F907     		.2byte	0x7f9
 901 06ad B1060000 		.4byte	0x6b1
 902 06b1 16       		.uleb128 0x16
 903 06b2 D2000000 		.4byte	0xd2
 904 06b6 15       		.uleb128 0x15
 905 06b7 9F080000 		.4byte	.LASF141
 906 06bb 06       		.byte	0x6
 907 06bc 2202     		.2byte	0x222
 908 06be 73050000 		.4byte	0x573
 909 06c2 11       		.uleb128 0x11
 910 06c3 36050000 		.4byte	0x536
 911 06c7 D2060000 		.4byte	0x6d2
 912 06cb 12       		.uleb128 0x12
ARM GAS  C:\Users\haske\AppData\Local\Temp\cc9UQB9o.s 			page 17


 913 06cc A1000000 		.4byte	0xa1
 914 06d0 00       		.byte	0
 915 06d1 00       		.byte	0
 916 06d2 15       		.uleb128 0x15
 917 06d3 58090000 		.4byte	.LASF142
 918 06d7 06       		.byte	0x6
 919 06d8 2C02     		.2byte	0x22c
 920 06da C2060000 		.4byte	0x6c2
 921 06de 11       		.uleb128 0x11
 922 06df BB050000 		.4byte	0x5bb
 923 06e3 EE060000 		.4byte	0x6ee
 924 06e7 12       		.uleb128 0x12
 925 06e8 A1000000 		.4byte	0xa1
 926 06ec 00       		.byte	0
 927 06ed 00       		.byte	0
 928 06ee 15       		.uleb128 0x15
 929 06ef A5040000 		.4byte	.LASF143
 930 06f3 06       		.byte	0x6
 931 06f4 2D02     		.2byte	0x22d
 932 06f6 DE060000 		.4byte	0x6de
 933 06fa 17       		.uleb128 0x17
 934 06fb 06020000 		.4byte	.LASF144
 935 06ff 0A       		.byte	0xa
 936 0700 29       		.byte	0x29
 937 0701 5E060000 		.4byte	0x65e
 938 0705 05       		.uleb128 0x5
 939 0706 03       		.byte	0x3
 940 0707 00000000 		.4byte	cy_ble_basConfig
 941 070b 00       		.byte	0
 942              		.section	.debug_abbrev,"",%progbits
 943              	.Ldebug_abbrev0:
 944 0000 01       		.uleb128 0x1
 945 0001 11       		.uleb128 0x11
 946 0002 01       		.byte	0x1
 947 0003 25       		.uleb128 0x25
 948 0004 0E       		.uleb128 0xe
 949 0005 13       		.uleb128 0x13
 950 0006 0B       		.uleb128 0xb
 951 0007 03       		.uleb128 0x3
 952 0008 0E       		.uleb128 0xe
 953 0009 1B       		.uleb128 0x1b
 954 000a 0E       		.uleb128 0xe
 955 000b 10       		.uleb128 0x10
 956 000c 17       		.uleb128 0x17
 957 000d 00       		.byte	0
 958 000e 00       		.byte	0
 959 000f 02       		.uleb128 0x2
 960 0010 24       		.uleb128 0x24
 961 0011 00       		.byte	0
 962 0012 0B       		.uleb128 0xb
 963 0013 0B       		.uleb128 0xb
 964 0014 3E       		.uleb128 0x3e
 965 0015 0B       		.uleb128 0xb
 966 0016 03       		.uleb128 0x3
 967 0017 08       		.uleb128 0x8
 968 0018 00       		.byte	0
 969 0019 00       		.byte	0
ARM GAS  C:\Users\haske\AppData\Local\Temp\cc9UQB9o.s 			page 18


 970 001a 03       		.uleb128 0x3
 971 001b 24       		.uleb128 0x24
 972 001c 00       		.byte	0
 973 001d 0B       		.uleb128 0xb
 974 001e 0B       		.uleb128 0xb
 975 001f 3E       		.uleb128 0x3e
 976 0020 0B       		.uleb128 0xb
 977 0021 03       		.uleb128 0x3
 978 0022 0E       		.uleb128 0xe
 979 0023 00       		.byte	0
 980 0024 00       		.byte	0
 981 0025 04       		.uleb128 0x4
 982 0026 16       		.uleb128 0x16
 983 0027 00       		.byte	0
 984 0028 03       		.uleb128 0x3
 985 0029 0E       		.uleb128 0xe
 986 002a 3A       		.uleb128 0x3a
 987 002b 0B       		.uleb128 0xb
 988 002c 3B       		.uleb128 0x3b
 989 002d 0B       		.uleb128 0xb
 990 002e 49       		.uleb128 0x49
 991 002f 13       		.uleb128 0x13
 992 0030 00       		.byte	0
 993 0031 00       		.byte	0
 994 0032 05       		.uleb128 0x5
 995 0033 0F       		.uleb128 0xf
 996 0034 00       		.byte	0
 997 0035 0B       		.uleb128 0xb
 998 0036 0B       		.uleb128 0xb
 999 0037 00       		.byte	0
 1000 0038 00       		.byte	0
 1001 0039 06       		.uleb128 0x6
 1002 003a 13       		.uleb128 0x13
 1003 003b 01       		.byte	0x1
 1004 003c 0B       		.uleb128 0xb
 1005 003d 0B       		.uleb128 0xb
 1006 003e 3A       		.uleb128 0x3a
 1007 003f 0B       		.uleb128 0xb
 1008 0040 3B       		.uleb128 0x3b
 1009 0041 0B       		.uleb128 0xb
 1010 0042 01       		.uleb128 0x1
 1011 0043 13       		.uleb128 0x13
 1012 0044 00       		.byte	0
 1013 0045 00       		.byte	0
 1014 0046 07       		.uleb128 0x7
 1015 0047 0D       		.uleb128 0xd
 1016 0048 00       		.byte	0
 1017 0049 03       		.uleb128 0x3
 1018 004a 0E       		.uleb128 0xe
 1019 004b 3A       		.uleb128 0x3a
 1020 004c 0B       		.uleb128 0xb
 1021 004d 3B       		.uleb128 0x3b
 1022 004e 0B       		.uleb128 0xb
 1023 004f 49       		.uleb128 0x49
 1024 0050 13       		.uleb128 0x13
 1025 0051 38       		.uleb128 0x38
 1026 0052 0B       		.uleb128 0xb
ARM GAS  C:\Users\haske\AppData\Local\Temp\cc9UQB9o.s 			page 19


 1027 0053 00       		.byte	0
 1028 0054 00       		.byte	0
 1029 0055 08       		.uleb128 0x8
 1030 0056 13       		.uleb128 0x13
 1031 0057 01       		.byte	0x1
 1032 0058 0B       		.uleb128 0xb
 1033 0059 0B       		.uleb128 0xb
 1034 005a 3A       		.uleb128 0x3a
 1035 005b 0B       		.uleb128 0xb
 1036 005c 3B       		.uleb128 0x3b
 1037 005d 05       		.uleb128 0x5
 1038 005e 01       		.uleb128 0x1
 1039 005f 13       		.uleb128 0x13
 1040 0060 00       		.byte	0
 1041 0061 00       		.byte	0
 1042 0062 09       		.uleb128 0x9
 1043 0063 0D       		.uleb128 0xd
 1044 0064 00       		.byte	0
 1045 0065 03       		.uleb128 0x3
 1046 0066 0E       		.uleb128 0xe
 1047 0067 3A       		.uleb128 0x3a
 1048 0068 0B       		.uleb128 0xb
 1049 0069 3B       		.uleb128 0x3b
 1050 006a 05       		.uleb128 0x5
 1051 006b 49       		.uleb128 0x49
 1052 006c 13       		.uleb128 0x13
 1053 006d 38       		.uleb128 0x38
 1054 006e 0B       		.uleb128 0xb
 1055 006f 00       		.byte	0
 1056 0070 00       		.byte	0
 1057 0071 0A       		.uleb128 0xa
 1058 0072 16       		.uleb128 0x16
 1059 0073 00       		.byte	0
 1060 0074 03       		.uleb128 0x3
 1061 0075 0E       		.uleb128 0xe
 1062 0076 3A       		.uleb128 0x3a
 1063 0077 0B       		.uleb128 0xb
 1064 0078 3B       		.uleb128 0x3b
 1065 0079 05       		.uleb128 0x5
 1066 007a 49       		.uleb128 0x49
 1067 007b 13       		.uleb128 0x13
 1068 007c 00       		.byte	0
 1069 007d 00       		.byte	0
 1070 007e 0B       		.uleb128 0xb
 1071 007f 04       		.uleb128 0x4
 1072 0080 01       		.byte	0x1
 1073 0081 0B       		.uleb128 0xb
 1074 0082 0B       		.uleb128 0xb
 1075 0083 49       		.uleb128 0x49
 1076 0084 13       		.uleb128 0x13
 1077 0085 3A       		.uleb128 0x3a
 1078 0086 0B       		.uleb128 0xb
 1079 0087 3B       		.uleb128 0x3b
 1080 0088 0B       		.uleb128 0xb
 1081 0089 01       		.uleb128 0x1
 1082 008a 13       		.uleb128 0x13
 1083 008b 00       		.byte	0
ARM GAS  C:\Users\haske\AppData\Local\Temp\cc9UQB9o.s 			page 20


 1084 008c 00       		.byte	0
 1085 008d 0C       		.uleb128 0xc
 1086 008e 28       		.uleb128 0x28
 1087 008f 00       		.byte	0
 1088 0090 03       		.uleb128 0x3
 1089 0091 0E       		.uleb128 0xe
 1090 0092 1C       		.uleb128 0x1c
 1091 0093 0B       		.uleb128 0xb
 1092 0094 00       		.byte	0
 1093 0095 00       		.byte	0
 1094 0096 0D       		.uleb128 0xd
 1095 0097 0F       		.uleb128 0xf
 1096 0098 00       		.byte	0
 1097 0099 0B       		.uleb128 0xb
 1098 009a 0B       		.uleb128 0xb
 1099 009b 49       		.uleb128 0x49
 1100 009c 13       		.uleb128 0x13
 1101 009d 00       		.byte	0
 1102 009e 00       		.byte	0
 1103 009f 0E       		.uleb128 0xe
 1104 00a0 15       		.uleb128 0x15
 1105 00a1 01       		.byte	0x1
 1106 00a2 27       		.uleb128 0x27
 1107 00a3 19       		.uleb128 0x19
 1108 00a4 01       		.uleb128 0x1
 1109 00a5 13       		.uleb128 0x13
 1110 00a6 00       		.byte	0
 1111 00a7 00       		.byte	0
 1112 00a8 0F       		.uleb128 0xf
 1113 00a9 05       		.uleb128 0x5
 1114 00aa 00       		.byte	0
 1115 00ab 49       		.uleb128 0x49
 1116 00ac 13       		.uleb128 0x13
 1117 00ad 00       		.byte	0
 1118 00ae 00       		.byte	0
 1119 00af 10       		.uleb128 0x10
 1120 00b0 26       		.uleb128 0x26
 1121 00b1 00       		.byte	0
 1122 00b2 49       		.uleb128 0x49
 1123 00b3 13       		.uleb128 0x13
 1124 00b4 00       		.byte	0
 1125 00b5 00       		.byte	0
 1126 00b6 11       		.uleb128 0x11
 1127 00b7 01       		.uleb128 0x1
 1128 00b8 01       		.byte	0x1
 1129 00b9 49       		.uleb128 0x49
 1130 00ba 13       		.uleb128 0x13
 1131 00bb 01       		.uleb128 0x1
 1132 00bc 13       		.uleb128 0x13
 1133 00bd 00       		.byte	0
 1134 00be 00       		.byte	0
 1135 00bf 12       		.uleb128 0x12
 1136 00c0 21       		.uleb128 0x21
 1137 00c1 00       		.byte	0
 1138 00c2 49       		.uleb128 0x49
 1139 00c3 13       		.uleb128 0x13
 1140 00c4 2F       		.uleb128 0x2f
ARM GAS  C:\Users\haske\AppData\Local\Temp\cc9UQB9o.s 			page 21


 1141 00c5 0B       		.uleb128 0xb
 1142 00c6 00       		.byte	0
 1143 00c7 00       		.byte	0
 1144 00c8 13       		.uleb128 0x13
 1145 00c9 34       		.uleb128 0x34
 1146 00ca 00       		.byte	0
 1147 00cb 03       		.uleb128 0x3
 1148 00cc 0E       		.uleb128 0xe
 1149 00cd 3A       		.uleb128 0x3a
 1150 00ce 0B       		.uleb128 0xb
 1151 00cf 3B       		.uleb128 0x3b
 1152 00d0 0B       		.uleb128 0xb
 1153 00d1 49       		.uleb128 0x49
 1154 00d2 13       		.uleb128 0x13
 1155 00d3 02       		.uleb128 0x2
 1156 00d4 18       		.uleb128 0x18
 1157 00d5 00       		.byte	0
 1158 00d6 00       		.byte	0
 1159 00d7 14       		.uleb128 0x14
 1160 00d8 34       		.uleb128 0x34
 1161 00d9 00       		.byte	0
 1162 00da 03       		.uleb128 0x3
 1163 00db 0E       		.uleb128 0xe
 1164 00dc 3A       		.uleb128 0x3a
 1165 00dd 0B       		.uleb128 0xb
 1166 00de 3B       		.uleb128 0x3b
 1167 00df 0B       		.uleb128 0xb
 1168 00e0 49       		.uleb128 0x49
 1169 00e1 13       		.uleb128 0x13
 1170 00e2 3F       		.uleb128 0x3f
 1171 00e3 19       		.uleb128 0x19
 1172 00e4 3C       		.uleb128 0x3c
 1173 00e5 19       		.uleb128 0x19
 1174 00e6 00       		.byte	0
 1175 00e7 00       		.byte	0
 1176 00e8 15       		.uleb128 0x15
 1177 00e9 34       		.uleb128 0x34
 1178 00ea 00       		.byte	0
 1179 00eb 03       		.uleb128 0x3
 1180 00ec 0E       		.uleb128 0xe
 1181 00ed 3A       		.uleb128 0x3a
 1182 00ee 0B       		.uleb128 0xb
 1183 00ef 3B       		.uleb128 0x3b
 1184 00f0 05       		.uleb128 0x5
 1185 00f1 49       		.uleb128 0x49
 1186 00f2 13       		.uleb128 0x13
 1187 00f3 3F       		.uleb128 0x3f
 1188 00f4 19       		.uleb128 0x19
 1189 00f5 3C       		.uleb128 0x3c
 1190 00f6 19       		.uleb128 0x19
 1191 00f7 00       		.byte	0
 1192 00f8 00       		.byte	0
 1193 00f9 16       		.uleb128 0x16
 1194 00fa 35       		.uleb128 0x35
 1195 00fb 00       		.byte	0
 1196 00fc 49       		.uleb128 0x49
 1197 00fd 13       		.uleb128 0x13
ARM GAS  C:\Users\haske\AppData\Local\Temp\cc9UQB9o.s 			page 22


 1198 00fe 00       		.byte	0
 1199 00ff 00       		.byte	0
 1200 0100 17       		.uleb128 0x17
 1201 0101 34       		.uleb128 0x34
 1202 0102 00       		.byte	0
 1203 0103 03       		.uleb128 0x3
 1204 0104 0E       		.uleb128 0xe
 1205 0105 3A       		.uleb128 0x3a
 1206 0106 0B       		.uleb128 0xb
 1207 0107 3B       		.uleb128 0x3b
 1208 0108 0B       		.uleb128 0xb
 1209 0109 49       		.uleb128 0x49
 1210 010a 13       		.uleb128 0x13
 1211 010b 3F       		.uleb128 0x3f
 1212 010c 19       		.uleb128 0x19
 1213 010d 02       		.uleb128 0x2
 1214 010e 18       		.uleb128 0x18
 1215 010f 00       		.byte	0
 1216 0110 00       		.byte	0
 1217 0111 00       		.byte	0
 1218              		.section	.debug_aranges,"",%progbits
 1219 0000 14000000 		.4byte	0x14
 1220 0004 0200     		.2byte	0x2
 1221 0006 00000000 		.4byte	.Ldebug_info0
 1222 000a 04       		.byte	0x4
 1223 000b 00       		.byte	0
 1224 000c 0000     		.2byte	0
 1225 000e 0000     		.2byte	0
 1226 0010 00000000 		.4byte	0
 1227 0014 00000000 		.4byte	0
 1228              		.section	.debug_line,"",%progbits
 1229              	.Ldebug_line0:
 1230 0000 45020000 		.section	.debug_str,"MS",%progbits,1
 1230      02003F02 
 1230      00000201 
 1230      FB0E0D00 
 1230      01010101 
 1231              	.LASF57:
 1232 0000 70726F74 		.ascii	"protBusMasterMask\000"
 1232      4275734D 
 1232      61737465 
 1232      724D6173 
 1232      6B00
 1233              	.LASF67:
 1234 0012 666C6173 		.ascii	"flashCtlMainWs3Freq\000"
 1234      6843746C 
 1234      4D61696E 
 1234      57733346 
 1234      72657100 
 1235              	.LASF89:
 1236 0026 6770696F 		.ascii	"gpioPrtCfgInOffset\000"
 1236      50727443 
 1236      6667496E 
 1236      4F666673 
 1236      657400
 1237              	.LASF107:
 1238 0039 6970634C 		.ascii	"ipcLockStatusOffset\000"
ARM GAS  C:\Users\haske\AppData\Local\Temp\cc9UQB9o.s 			page 23


 1238      6F636B53 
 1238      74617475 
 1238      734F6666 
 1238      73657400 
 1239              	.LASF33:
 1240 004d 63727970 		.ascii	"cryptoVersion\000"
 1240      746F5665 
 1240      7273696F 
 1240      6E00
 1241              	.LASF51:
 1242 005b 70657269 		.ascii	"periClockNr\000"
 1242      436C6F63 
 1242      6B4E7200 
 1243              	.LASF29:
 1244 0067 70617373 		.ascii	"passBase\000"
 1244      42617365 
 1244      00
 1245              	.LASF42:
 1246 0070 63707573 		.ascii	"cpussIpcIrqNr\000"
 1246      73497063 
 1246      4972714E 
 1246      7200
 1247              	.LASF5:
 1248 007e 5F5F7569 		.ascii	"__uint8_t\000"
 1248      6E74385F 
 1248      7400
 1249              	.LASF86:
 1250 0088 70657269 		.ascii	"periDiv24_5CtlOffset\000"
 1250      44697632 
 1250      345F3543 
 1250      746C4F66 
 1250      66736574 
 1251              	.LASF113:
 1252 009d 63795F73 		.ascii	"cy_stc_ble_conn_handle_t\000"
 1252      74635F62 
 1252      6C655F63 
 1252      6F6E6E5F 
 1252      68616E64 
 1253              	.LASF22:
 1254 00b6 63707573 		.ascii	"cpussBase\000"
 1254      73426173 
 1254      6500
 1255              	.LASF71:
 1256 00c0 64774368 		.ascii	"dwChCtlPrioPos\000"
 1256      43746C50 
 1256      72696F50 
 1256      6F7300
 1257              	.LASF14:
 1258 00cf 6C6F6E67 		.ascii	"long long unsigned int\000"
 1258      206C6F6E 
 1258      6720756E 
 1258      7369676E 
 1258      65642069 
 1259              	.LASF75:
 1260 00e6 70657269 		.ascii	"periTrCmdOffset\000"
 1260      5472436D 
 1260      644F6666 
ARM GAS  C:\Users\haske\AppData\Local\Temp\cc9UQB9o.s 			page 24


 1260      73657400 
 1261              	.LASF135:
 1262 00f6 63795F73 		.ascii	"cy_stc_ble_bass_t\000"
 1262      74635F62 
 1262      6C655F62 
 1262      6173735F 
 1262      7400
 1263              	.LASF99:
 1264 0108 63707573 		.ascii	"cpussSysTickCtlOffset\000"
 1264      73537973 
 1264      5469636B 
 1264      43746C4F 
 1264      66667365 
 1265              	.LASF140:
 1266 011e 49544D5F 		.ascii	"ITM_RxBuffer\000"
 1266      52784275 
 1266      66666572 
 1266      00
 1267              	.LASF60:
 1268 012b 666C6173 		.ascii	"flashPipeRequired\000"
 1268      68506970 
 1268      65526571 
 1268      75697265 
 1268      6400
 1269              	.LASF64:
 1270 013d 666C6173 		.ascii	"flashCtlMainWs0Freq\000"
 1270      6843746C 
 1270      4D61696E 
 1270      57733046 
 1270      72657100 
 1271              	.LASF18:
 1272 0151 696E7431 		.ascii	"int16_t\000"
 1272      365F7400 
 1273              	.LASF133:
 1274 0159 63706664 		.ascii	"cpfdHandle\000"
 1274      48616E64 
 1274      6C6500
 1275              	.LASF1:
 1276 0164 6C6F6E67 		.ascii	"long long int\000"
 1276      206C6F6E 
 1276      6720696E 
 1276      7400
 1277              	.LASF3:
 1278 0172 7369676E 		.ascii	"signed char\000"
 1278      65642063 
 1278      68617200 
 1279              	.LASF80:
 1280 017e 70657269 		.ascii	"periDivCmdTypeSelPos\000"
 1280      44697643 
 1280      6D645479 
 1280      70655365 
 1280      6C506F73 
 1281              	.LASF26:
 1282 0193 70726F74 		.ascii	"protBase\000"
 1282      42617365 
 1282      00
 1283              	.LASF38:
ARM GAS  C:\Users\haske\AppData\Local\Temp\cc9UQB9o.s 			page 25


 1284 019c 69706356 		.ascii	"ipcVersion\000"
 1284      65727369 
 1284      6F6E00
 1285              	.LASF100:
 1286 01a7 63707573 		.ascii	"cpussCm0NmiCtlOffset\000"
 1286      73436D30 
 1286      4E6D6943 
 1286      746C4F66 
 1286      66736574 
 1287              	.LASF118:
 1288 01bc 43595F42 		.ascii	"CY_BLE_ADV_STATE_STOP_INITIATED\000"
 1288      4C455F41 
 1288      44565F53 
 1288      54415445 
 1288      5F53544F 
 1289              	.LASF27:
 1290 01dc 6873696F 		.ascii	"hsiomBase\000"
 1290      6D426173 
 1290      6500
 1291              	.LASF11:
 1292 01e6 6C6F6E67 		.ascii	"long int\000"
 1292      20696E74 
 1292      00
 1293              	.LASF93:
 1294 01ef 63707573 		.ascii	"cpussCm4ClockCtlOffset\000"
 1294      73436D34 
 1294      436C6F63 
 1294      6B43746C 
 1294      4F666673 
 1295              	.LASF144:
 1296 0206 63795F62 		.ascii	"cy_ble_basConfig\000"
 1296      6C655F62 
 1296      6173436F 
 1296      6E666967 
 1296      00
 1297              	.LASF129:
 1298 0217 63795F62 		.ascii	"cy_ble_callback_t\000"
 1298      6C655F63 
 1298      616C6C62 
 1298      61636B5F 
 1298      7400
 1299              	.LASF58:
 1300 0229 63727970 		.ascii	"cryptoMemSize\000"
 1300      746F4D65 
 1300      6D53697A 
 1300      6500
 1301              	.LASF119:
 1302 0237 63795F65 		.ascii	"cy_en_ble_adv_state_t\000"
 1302      6E5F626C 
 1302      655F6164 
 1302      765F7374 
 1302      6174655F 
 1303              	.LASF24:
 1304 024d 70657269 		.ascii	"periBase\000"
 1304      42617365 
 1304      00
 1305              	.LASF56:
ARM GAS  C:\Users\haske\AppData\Local\Temp\cc9UQB9o.s 			page 26


 1306 0256 73797350 		.ascii	"sysPmSimoPresent\000"
 1306      6D53696D 
 1306      6F507265 
 1306      73656E74 
 1306      00
 1307              	.LASF46:
 1308 0267 63707573 		.ascii	"cpussFmIrq\000"
 1308      73466D49 
 1308      727100
 1309              	.LASF69:
 1310 0272 64774368 		.ascii	"dwChOffset\000"
 1310      4F666673 
 1310      657400
 1311              	.LASF110:
 1312 027d 646F7562 		.ascii	"double\000"
 1312      6C6500
 1313              	.LASF85:
 1314 0284 70657269 		.ascii	"periDiv16_5CtlOffset\000"
 1314      44697631 
 1314      365F3543 
 1314      746C4F66 
 1314      66736574 
 1315              	.LASF49:
 1316 0299 73727373 		.ascii	"srssNumPll\000"
 1316      4E756D50 
 1316      6C6C00
 1317              	.LASF83:
 1318 02a4 70657269 		.ascii	"periDiv8CtlOffset\000"
 1318      44697638 
 1318      43746C4F 
 1318      66667365 
 1318      7400
 1319              	.LASF124:
 1320 02b6 43595F42 		.ascii	"CY_BLE_CONN_STATE_CLIENT_INCL_DISCOVERING\000"
 1320      4C455F43 
 1320      4F4E4E5F 
 1320      53544154 
 1320      455F434C 
 1321              	.LASF90:
 1322 02e0 6770696F 		.ascii	"gpioPrtCfgOutOffset\000"
 1322      50727443 
 1322      66674F75 
 1322      744F6666 
 1322      73657400 
 1323              	.LASF138:
 1324 02f4 63795F73 		.ascii	"cy_stc_ble_bas_config_t\000"
 1324      74635F62 
 1324      6C655F62 
 1324      61735F63 
 1324      6F6E6669 
 1325              	.LASF23:
 1326 030c 666C6173 		.ascii	"flashcBase\000"
 1326      68634261 
 1326      736500
 1327              	.LASF12:
 1328 0317 5F5F7569 		.ascii	"__uint32_t\000"
 1328      6E743332 
ARM GAS  C:\Users\haske\AppData\Local\Temp\cc9UQB9o.s 			page 27


 1328      5F7400
 1329              	.LASF53:
 1330 0322 70617373 		.ascii	"passSarChannels\000"
 1330      53617243 
 1330      68616E6E 
 1330      656C7300 
 1331              	.LASF6:
 1332 0332 5F5F696E 		.ascii	"__int16_t\000"
 1332      7431365F 
 1332      7400
 1333              	.LASF96:
 1334 033c 63707573 		.ascii	"cpussCm4PwrCtlOffset\000"
 1334      73436D34 
 1334      50777243 
 1334      746C4F66 
 1334      66736574 
 1335              	.LASF123:
 1336 0351 43595F42 		.ascii	"CY_BLE_CONN_STATE_CLIENT_SRVC_DISCOVERING\000"
 1336      4C455F43 
 1336      4F4E4E5F 
 1336      53544154 
 1336      455F434C 
 1337              	.LASF91:
 1338 037b 6770696F 		.ascii	"gpioPrtCfgSioOffset\000"
 1338      50727443 
 1338      66675369 
 1338      6F4F6666 
 1338      73657400 
 1339              	.LASF43:
 1340 038f 63707573 		.ascii	"cpussDwChNr\000"
 1340      73447743 
 1340      684E7200 
 1341              	.LASF0:
 1342 039b 756E7369 		.ascii	"unsigned int\000"
 1342      676E6564 
 1342      20696E74 
 1342      00
 1343              	.LASF122:
 1344 03a8 43595F42 		.ascii	"CY_BLE_CONN_STATE_CONNECTED\000"
 1344      4C455F43 
 1344      4F4E4E5F 
 1344      53544154 
 1344      455F434F 
 1345              	.LASF126:
 1346 03c4 43595F42 		.ascii	"CY_BLE_CONN_STATE_CLIENT_DESCR_DISCOVERING\000"
 1346      4C455F43 
 1346      4F4E4E5F 
 1346      53544154 
 1346      455F434C 
 1347              	.LASF19:
 1348 03ef 75696E74 		.ascii	"uint16_t\000"
 1348      31365F74 
 1348      00
 1349              	.LASF134:
 1350 03f8 63636364 		.ascii	"cccdHandle\000"
 1350      48616E64 
 1350      6C6500
ARM GAS  C:\Users\haske\AppData\Local\Temp\cc9UQB9o.s 			page 28


 1351              	.LASF76:
 1352 0403 70657269 		.ascii	"periTrCmdGrSelMsk\000"
 1352      5472436D 
 1352      64477253 
 1352      656C4D73 
 1352      6B00
 1353              	.LASF13:
 1354 0415 6C6F6E67 		.ascii	"long unsigned int\000"
 1354      20756E73 
 1354      69676E65 
 1354      6420696E 
 1354      7400
 1355              	.LASF41:
 1356 0427 63707573 		.ascii	"cpussIpcNr\000"
 1356      73497063 
 1356      4E7200
 1357              	.LASF28:
 1358 0432 6770696F 		.ascii	"gpioBase\000"
 1358      42617365 
 1358      00
 1359              	.LASF66:
 1360 043b 666C6173 		.ascii	"flashCtlMainWs2Freq\000"
 1360      6843746C 
 1360      4D61696E 
 1360      57733246 
 1360      72657100 
 1361              	.LASF77:
 1362 044f 70657269 		.ascii	"periTrGrOffset\000"
 1362      54724772 
 1362      4F666673 
 1362      657400
 1363              	.LASF104:
 1364 045e 63707573 		.ascii	"cpussRam1Ctl0\000"
 1364      7352616D 
 1364      3143746C 
 1364      3000
 1365              	.LASF147:
 1366 046c 433A5C50 		.ascii	"C:\\Projects\\PainDrain\\firmware\\PainDrain\\PainD"
 1366      726F6A65 
 1366      6374735C 
 1366      5061696E 
 1366      44726169 
 1367 049a 7261696E 		.ascii	"rain.cydsn\000"
 1367      2E637964 
 1367      736E00
 1368              	.LASF143:
 1369 04a5 63795F62 		.ascii	"cy_ble_connState\000"
 1369      6C655F63 
 1369      6F6E6E53 
 1369      74617465 
 1369      00
 1370              	.LASF78:
 1371 04b6 70657269 		.ascii	"periTrGrSize\000"
 1371      54724772 
 1371      53697A65 
 1371      00
 1372              	.LASF36:
ARM GAS  C:\Users\haske\AppData\Local\Temp\cc9UQB9o.s 			page 29


 1373 04c3 6770696F 		.ascii	"gpioVersion\000"
 1373      56657273 
 1373      696F6E00 
 1374              	.LASF108:
 1375 04cf 63795F73 		.ascii	"cy_stc_device_t\000"
 1375      74635F64 
 1375      65766963 
 1375      655F7400 
 1376              	.LASF54:
 1377 04df 65704D6F 		.ascii	"epMonitorNr\000"
 1377      6E69746F 
 1377      724E7200 
 1378              	.LASF101:
 1379 04eb 63707573 		.ascii	"cpussCm4NmiCtlOffset\000"
 1379      73436D34 
 1379      4E6D6943 
 1379      746C4F66 
 1379      66736574 
 1380              	.LASF97:
 1381 0500 63707573 		.ascii	"cpussTrimRamCtlOffset\000"
 1381      73547269 
 1381      6D52616D 
 1381      43746C4F 
 1381      66667365 
 1382              	.LASF92:
 1383 0516 63707573 		.ascii	"cpussCm0ClockCtlOffset\000"
 1383      73436D30 
 1383      436C6F63 
 1383      6B43746C 
 1383      4F666673 
 1384              	.LASF112:
 1385 052d 61747449 		.ascii	"attId\000"
 1385      6400
 1386              	.LASF32:
 1387 0533 63707573 		.ascii	"cpussVersion\000"
 1387      73566572 
 1387      73696F6E 
 1387      00
 1388              	.LASF114:
 1389 0540 63795F62 		.ascii	"cy_ble_gatt_db_attr_handle_t\000"
 1389      6C655F67 
 1389      6174745F 
 1389      64625F61 
 1389      7474725F 
 1390              	.LASF39:
 1391 055d 70657269 		.ascii	"periVersion\000"
 1391      56657273 
 1391      696F6E00 
 1392              	.LASF95:
 1393 0569 63707573 		.ascii	"cpussCm0StatusOffset\000"
 1393      73436D30 
 1393      53746174 
 1393      75734F66 
 1393      66736574 
 1394              	.LASF15:
 1395 057e 73697A65 		.ascii	"sizetype\000"
 1395      74797065 
ARM GAS  C:\Users\haske\AppData\Local\Temp\cc9UQB9o.s 			page 30


 1395      00
 1396              	.LASF136:
 1397 0587 62617373 		.ascii	"bass\000"
 1397      00
 1398              	.LASF44:
 1399 058c 63707573 		.ascii	"cpussFlashPaSize\000"
 1399      73466C61 
 1399      73685061 
 1399      53697A65 
 1399      00
 1400              	.LASF116:
 1401 059d 43595F42 		.ascii	"CY_BLE_ADV_STATE_ADV_INITIATED\000"
 1401      4C455F41 
 1401      44565F53 
 1401      54415445 
 1401      5F414456 
 1402              	.LASF82:
 1403 05bc 70657269 		.ascii	"periDivCmdPaTypeSelPos\000"
 1403      44697643 
 1403      6D645061 
 1403      54797065 
 1403      53656C50 
 1404              	.LASF105:
 1405 05d3 63707573 		.ascii	"cpussRam2Ctl0\000"
 1405      7352616D 
 1405      3243746C 
 1405      3000
 1406              	.LASF73:
 1407 05e1 64775374 		.ascii	"dwStatusChIdxPos\000"
 1407      61747573 
 1407      43684964 
 1407      78506F73 
 1407      00
 1408              	.LASF146:
 1409 05f2 47656E65 		.ascii	"Generated_Source\\PSoC6\\BLE_bas_config.c\000"
 1409      72617465 
 1409      645F536F 
 1409      75726365 
 1409      5C50536F 
 1410              	.LASF55:
 1411 061a 75646250 		.ascii	"udbPresent\000"
 1411      72657365 
 1411      6E7400
 1412              	.LASF128:
 1413 0625 63795F65 		.ascii	"cy_en_ble_conn_state_t\000"
 1413      6E5F626C 
 1413      655F636F 
 1413      6E6E5F73 
 1413      74617465 
 1414              	.LASF35:
 1415 063c 666C6173 		.ascii	"flashcVersion\000"
 1415      68635665 
 1415      7273696F 
 1415      6E00
 1416              	.LASF31:
 1417 064a 63727970 		.ascii	"cryptoBase\000"
 1417      746F4261 
ARM GAS  C:\Users\haske\AppData\Local\Temp\cc9UQB9o.s 			page 31


 1417      736500
 1418              	.LASF52:
 1419 0655 736D6966 		.ascii	"smifDeviceNr\000"
 1419      44657669 
 1419      63654E72 
 1419      00
 1420              	.LASF145:
 1421 0662 474E5520 		.ascii	"GNU C11 5.4.1 20160609 (release) [ARM/embedded-5-br"
 1421      43313120 
 1421      352E342E 
 1421      31203230 
 1421      31363036 
 1422 0695 616E6368 		.ascii	"anch revision 237715] -mcpu=cortex-m4 -mfloat-abi=s"
 1422      20726576 
 1422      6973696F 
 1422      6E203233 
 1422      37373135 
 1423 06c8 6F667466 		.ascii	"oftfp -mfpu=fpv4-sp-d16 -mthumb -g -Og -ffunction-s"
 1423      70202D6D 
 1423      6670753D 
 1423      66707634 
 1423      2D73702D 
 1424 06fb 65637469 		.ascii	"ections -ffat-lto-objects\000"
 1424      6F6E7320 
 1424      2D666661 
 1424      742D6C74 
 1424      6F2D6F62 
 1425              	.LASF61:
 1426 0715 666C6173 		.ascii	"flashWriteDelay\000"
 1426      68577269 
 1426      74654465 
 1426      6C617900 
 1427              	.LASF127:
 1428 0725 43595F42 		.ascii	"CY_BLE_CONN_STATE_CLIENT_DISCOVERED\000"
 1428      4C455F43 
 1428      4F4E4E5F 
 1428      53544154 
 1428      455F434C 
 1429              	.LASF109:
 1430 0749 666C6F61 		.ascii	"float\000"
 1430      7400
 1431              	.LASF74:
 1432 074f 64775374 		.ascii	"dwStatusChIdxMsk\000"
 1432      61747573 
 1432      43684964 
 1432      784D736B 
 1432      00
 1433              	.LASF139:
 1434 0760 63795F64 		.ascii	"cy_device\000"
 1434      65766963 
 1434      6500
 1435              	.LASF102:
 1436 076a 63707573 		.ascii	"cpussRomCtl\000"
 1436      73526F6D 
 1436      43746C00 
 1437              	.LASF72:
 1438 0776 64774368 		.ascii	"dwChCtlPreemptablePos\000"
ARM GAS  C:\Users\haske\AppData\Local\Temp\cc9UQB9o.s 			page 32


 1438      43746C50 
 1438      7265656D 
 1438      70746162 
 1438      6C65506F 
 1439              	.LASF25:
 1440 078c 75646242 		.ascii	"udbBase\000"
 1440      61736500 
 1441              	.LASF125:
 1442 0794 43595F42 		.ascii	"CY_BLE_CONN_STATE_CLIENT_CHAR_DISCOVERING\000"
 1442      4C455F43 
 1442      4F4E4E5F 
 1442      53544154 
 1442      455F434C 
 1443              	.LASF137:
 1444 07be 63616C6C 		.ascii	"callbackFunc\000"
 1444      6261636B 
 1444      46756E63 
 1444      00
 1445              	.LASF130:
 1446 07cb 5F426F6F 		.ascii	"_Bool\000"
 1446      6C00
 1447              	.LASF20:
 1448 07d1 696E7433 		.ascii	"int32_t\000"
 1448      325F7400 
 1449              	.LASF4:
 1450 07d9 756E7369 		.ascii	"unsigned char\000"
 1450      676E6564 
 1450      20636861 
 1450      7200
 1451              	.LASF68:
 1452 07e7 666C6173 		.ascii	"flashCtlMainWs4Freq\000"
 1452      6843746C 
 1452      4D61696E 
 1452      57733446 
 1452      72657100 
 1453              	.LASF7:
 1454 07fb 73686F72 		.ascii	"short int\000"
 1454      7420696E 
 1454      7400
 1455              	.LASF79:
 1456 0805 70657269 		.ascii	"periDivCmdDivSelMsk\000"
 1456      44697643 
 1456      6D644469 
 1456      7653656C 
 1456      4D736B00 
 1457              	.LASF50:
 1458 0819 73727373 		.ascii	"srssNumHfroot\000"
 1458      4E756D48 
 1458      66726F6F 
 1458      7400
 1459              	.LASF63:
 1460 0827 666C6173 		.ascii	"flashEraseDelay\000"
 1460      68457261 
 1460      73654465 
 1460      6C617900 
 1461              	.LASF21:
 1462 0837 75696E74 		.ascii	"uint32_t\000"
ARM GAS  C:\Users\haske\AppData\Local\Temp\cc9UQB9o.s 			page 33


 1462      33325F74 
 1462      00
 1463              	.LASF148:
 1464 0840 63795F62 		.ascii	"cy_ble_bass\000"
 1464      6C655F62 
 1464      61737300 
 1465              	.LASF2:
 1466 084c 6C6F6E67 		.ascii	"long double\000"
 1466      20646F75 
 1466      626C6500 
 1467              	.LASF16:
 1468 0858 63686172 		.ascii	"char\000"
 1468      00
 1469              	.LASF40:
 1470 085d 70726F74 		.ascii	"protVersion\000"
 1470      56657273 
 1470      696F6E00 
 1471              	.LASF103:
 1472 0869 63707573 		.ascii	"cpussRam0Ctl0\000"
 1472      7352616D 
 1472      3043746C 
 1472      3000
 1473              	.LASF8:
 1474 0877 5F5F7569 		.ascii	"__uint16_t\000"
 1474      6E743136 
 1474      5F7400
 1475              	.LASF84:
 1476 0882 70657269 		.ascii	"periDiv16CtlOffset\000"
 1476      44697631 
 1476      3643746C 
 1476      4F666673 
 1476      657400
 1477              	.LASF10:
 1478 0895 5F5F696E 		.ascii	"__int32_t\000"
 1478      7433325F 
 1478      7400
 1479              	.LASF141:
 1480 089f 63795F62 		.ascii	"cy_ble_advState\000"
 1480      6C655F61 
 1480      64765374 
 1480      61746500 
 1481              	.LASF37:
 1482 08af 6873696F 		.ascii	"hsiomVersion\000"
 1482      6D566572 
 1482      73696F6E 
 1482      00
 1483              	.LASF65:
 1484 08bc 666C6173 		.ascii	"flashCtlMainWs1Freq\000"
 1484      6843746C 
 1484      4D61696E 
 1484      57733146 
 1484      72657100 
 1485              	.LASF9:
 1486 08d0 73686F72 		.ascii	"short unsigned int\000"
 1486      7420756E 
 1486      7369676E 
 1486      65642069 
ARM GAS  C:\Users\haske\AppData\Local\Temp\cc9UQB9o.s 			page 34


 1486      6E7400
 1487              	.LASF70:
 1488 08e3 64774368 		.ascii	"dwChSize\000"
 1488      53697A65 
 1488      00
 1489              	.LASF106:
 1490 08ec 69706353 		.ascii	"ipcStructSize\000"
 1490      74727563 
 1490      7453697A 
 1490      6500
 1491              	.LASF45:
 1492 08fa 63707573 		.ascii	"cpussIpc0Irq\000"
 1492      73497063 
 1492      30497271 
 1492      00
 1493              	.LASF88:
 1494 0907 6770696F 		.ascii	"gpioPrtCfgOffset\000"
 1494      50727443 
 1494      66674F66 
 1494      66736574 
 1494      00
 1495              	.LASF131:
 1496 0918 73657276 		.ascii	"serviceHandle\000"
 1496      69636548 
 1496      616E646C 
 1496      6500
 1497              	.LASF132:
 1498 0926 62617474 		.ascii	"batteryLevelHandle\000"
 1498      6572794C 
 1498      6576656C 
 1498      48616E64 
 1498      6C6500
 1499              	.LASF120:
 1500 0939 43595F42 		.ascii	"CY_BLE_CONN_STATE_DISCONNECTED\000"
 1500      4C455F43 
 1500      4F4E4E5F 
 1500      53544154 
 1500      455F4449 
 1501              	.LASF142:
 1502 0958 63795F62 		.ascii	"cy_ble_connHandle\000"
 1502      6C655F63 
 1502      6F6E6E48 
 1502      616E646C 
 1502      6500
 1503              	.LASF47:
 1504 096a 63707573 		.ascii	"cpussNotConnectedIrq\000"
 1504      734E6F74 
 1504      436F6E6E 
 1504      65637465 
 1504      64497271 
 1505              	.LASF117:
 1506 097f 43595F42 		.ascii	"CY_BLE_ADV_STATE_ADVERTISING\000"
 1506      4C455F41 
 1506      44565F53 
 1506      54415445 
 1506      5F414456 
 1507              	.LASF115:
ARM GAS  C:\Users\haske\AppData\Local\Temp\cc9UQB9o.s 			page 35


 1508 099c 43595F42 		.ascii	"CY_BLE_ADV_STATE_STOPPED\000"
 1508      4C455F41 
 1508      44565F53 
 1508      54415445 
 1508      5F53544F 
 1509              	.LASF17:
 1510 09b5 75696E74 		.ascii	"uint8_t\000"
 1510      385F7400 
 1511              	.LASF94:
 1512 09bd 63707573 		.ascii	"cpussCm4StatusOffset\000"
 1512      73436D34 
 1512      53746174 
 1512      75734F66 
 1512      66736574 
 1513              	.LASF87:
 1514 09d2 6770696F 		.ascii	"gpioPrtIntrCfgOffset\000"
 1514      50727449 
 1514      6E747243 
 1514      66674F66 
 1514      66736574 
 1515              	.LASF98:
 1516 09e7 63707573 		.ascii	"cpussTrimRomCtlOffset\000"
 1516      73547269 
 1516      6D526F6D 
 1516      43746C4F 
 1516      66667365 
 1517              	.LASF111:
 1518 09fd 62644861 		.ascii	"bdHandle\000"
 1518      6E646C65 
 1518      00
 1519              	.LASF48:
 1520 0a06 73727373 		.ascii	"srssNumClkpath\000"
 1520      4E756D43 
 1520      6C6B7061 
 1520      746800
 1521              	.LASF34:
 1522 0a15 64775665 		.ascii	"dwVersion\000"
 1522      7273696F 
 1522      6E00
 1523              	.LASF30:
 1524 0a1f 69706342 		.ascii	"ipcBase\000"
 1524      61736500 
 1525              	.LASF81:
 1526 0a27 70657269 		.ascii	"periDivCmdPaDivSelPos\000"
 1526      44697643 
 1526      6D645061 
 1526      44697653 
 1526      656C506F 
 1527              	.LASF62:
 1528 0a3d 666C6173 		.ascii	"flashProgramDelay\000"
 1528      6850726F 
 1528      6772616D 
 1528      44656C61 
 1528      7900
 1529              	.LASF121:
 1530 0a4f 43595F42 		.ascii	"CY_BLE_CONN_STATE_CLIENT_DISCONNECTED_DISCOVERED\000"
 1530      4C455F43 
ARM GAS  C:\Users\haske\AppData\Local\Temp\cc9UQB9o.s 			page 36


 1530      4F4E4E5F 
 1530      53544154 
 1530      455F434C 
 1531              	.LASF59:
 1532 0a80 666C6173 		.ascii	"flashRwwRequired\000"
 1532      68527777 
 1532      52657175 
 1532      69726564 
 1532      00
 1533              		.ident	"GCC: (GNU Tools for ARM Embedded Processors) 5.4.1 20160609 (release) [ARM/embedded-5-bran
