ARM GAS  C:\Users\haske\AppData\Local\Temp\cck5bjXU.s 			page 1


   1              		.syntax unified
   2              		.cpu cortex-m4
   3              		.eabi_attribute 27, 1
   4              		.fpu fpv4-sp-d16
   5              		.eabi_attribute 20, 1
   6              		.eabi_attribute 21, 1
   7              		.eabi_attribute 23, 3
   8              		.eabi_attribute 24, 1
   9              		.eabi_attribute 25, 1
  10              		.eabi_attribute 26, 1
  11              		.eabi_attribute 30, 1
  12              		.eabi_attribute 34, 1
  13              		.eabi_attribute 18, 4
  14              		.thumb
  15              		.syntax unified
  16              		.file	"driver_st7789_interface_template.c"
  17              		.text
  18              	.Ltext0:
  19              		.cfi_sections	.debug_frame
  20              		.section	.text.st7789_interface_spi_init,"ax",%progbits
  21              		.align	2
  22              		.global	st7789_interface_spi_init
  23              		.thumb
  24              		.thumb_func
  25              		.type	st7789_interface_spi_init, %function
  26              	st7789_interface_spi_init:
  27              	.LFB1:
  28              		.file 1 "driver_st7789_interface_template.c"
   1:driver_st7789_interface_template.c **** /**
   2:driver_st7789_interface_template.c ****  *Copyright (c) 2015 - present LibDriver All rights reserved
   3:driver_st7789_interface_template.c ****  * 
   4:driver_st7789_interface_template.c ****  * The MIT License (MIT)
   5:driver_st7789_interface_template.c ****  *
   6:driver_st7789_interface_template.c ****  * Permission is hereby granted, free of charge, to any person obtaining a copy
   7:driver_st7789_interface_template.c ****  * of this software and associated documentation files (the "Software"), to deal
   8:driver_st7789_interface_template.c ****  * in the Software without restriction, including without limitation the rights
   9:driver_st7789_interface_template.c ****  * to use, copy, modify, merge, publish, distribute, sublicense, and/or sell
  10:driver_st7789_interface_template.c ****  * copies of the Software, and to permit persons to whom the Software is
  11:driver_st7789_interface_template.c ****  * furnished to do so, subject to the following conditions:
  12:driver_st7789_interface_template.c ****  *
  13:driver_st7789_interface_template.c ****  * The above copyright notice and this permission notice shall be included in all
  14:driver_st7789_interface_template.c ****  * copies or substantial portions of the Software.
  15:driver_st7789_interface_template.c ****  *
  16:driver_st7789_interface_template.c ****  * THE SOFTWARE IS PROVIDED "AS IS", WITHOUT WARRANTY OF ANY KIND, EXPRESS OR
  17:driver_st7789_interface_template.c ****  * IMPLIED, INCLUDING BUT NOT LIMITED TO THE WARRANTIES OF MERCHANTABILITY,
  18:driver_st7789_interface_template.c ****  * FITNESS FOR A PARTICULAR PURPOSE AND NONINFRINGEMENT. IN NO EVENT SHALL THE
  19:driver_st7789_interface_template.c ****  * AUTHORS OR COPYRIGHT HOLDERS BE LIABLE FOR ANY CLAIM, DAMAGES OR OTHER
  20:driver_st7789_interface_template.c ****  * LIABILITY, WHETHER IN AN ACTION OF CONTRACT, TORT OR OTHERWISE, ARISING FROM,
  21:driver_st7789_interface_template.c ****  * OUT OF OR IN CONNECTION WITH THE SOFTWARE OR THE USE OR OTHER DEALINGS IN THE
  22:driver_st7789_interface_template.c ****  * SOFTWARE. 
  23:driver_st7789_interface_template.c ****  *
  24:driver_st7789_interface_template.c ****  * @file      driver_st7789_interface_template.c
  25:driver_st7789_interface_template.c ****  * @brief     driver st7789 interface template source file
  26:driver_st7789_interface_template.c ****  * @version   1.0.0
  27:driver_st7789_interface_template.c ****  * @author    Shifeng Li
  28:driver_st7789_interface_template.c ****  * @date      2023-04-15
  29:driver_st7789_interface_template.c ****  *
ARM GAS  C:\Users\haske\AppData\Local\Temp\cck5bjXU.s 			page 2


  30:driver_st7789_interface_template.c ****  * <h3>history</h3>
  31:driver_st7789_interface_template.c ****  * <table>
  32:driver_st7789_interface_template.c ****  * <tr><th>Date        <th>Version  <th>Author      <th>Description
  33:driver_st7789_interface_template.c ****  * <tr><td>2023/04/15  <td>1.0      <td>Shifeng Li  <td>first upload
  34:driver_st7789_interface_template.c ****  * </table>
  35:driver_st7789_interface_template.c ****  */
  36:driver_st7789_interface_template.c **** 
  37:driver_st7789_interface_template.c **** #include "driver_st7789_interface.h"
  38:driver_st7789_interface_template.c **** 
  39:driver_st7789_interface_template.c **** /**
  40:driver_st7789_interface_template.c ****  * @brief  interface spi bus init
  41:driver_st7789_interface_template.c ****  * @return status code
  42:driver_st7789_interface_template.c ****  *         - 0 success
  43:driver_st7789_interface_template.c ****  *         - 1 spi init failed
  44:driver_st7789_interface_template.c ****  * @note   none
  45:driver_st7789_interface_template.c ****  */
  46:driver_st7789_interface_template.c **** uint8_t st7789_interface_spi_init(void)
  47:driver_st7789_interface_template.c **** {
  29              		.loc 1 47 0
  30              		.cfi_startproc
  31              		@ args = 0, pretend = 0, frame = 0
  32              		@ frame_needed = 0, uses_anonymous_args = 0
  33              		@ link register save eliminated.
  48:driver_st7789_interface_template.c ****     return 0;
  49:driver_st7789_interface_template.c **** }
  34              		.loc 1 49 0
  35 0000 0020     		movs	r0, #0
  36 0002 7047     		bx	lr
  37              		.cfi_endproc
  38              	.LFE1:
  39              		.size	st7789_interface_spi_init, .-st7789_interface_spi_init
  40              		.section	.text.st7789_interface_spi_deinit,"ax",%progbits
  41              		.align	2
  42              		.global	st7789_interface_spi_deinit
  43              		.thumb
  44              		.thumb_func
  45              		.type	st7789_interface_spi_deinit, %function
  46              	st7789_interface_spi_deinit:
  47              	.LFB2:
  50:driver_st7789_interface_template.c **** 
  51:driver_st7789_interface_template.c **** /**
  52:driver_st7789_interface_template.c ****  * @brief  interface spi bus deinit
  53:driver_st7789_interface_template.c ****  * @return status code
  54:driver_st7789_interface_template.c ****  *         - 0 success
  55:driver_st7789_interface_template.c ****  *         - 1 spi deinit failed
  56:driver_st7789_interface_template.c ****  * @note   none
  57:driver_st7789_interface_template.c ****  */
  58:driver_st7789_interface_template.c **** uint8_t st7789_interface_spi_deinit(void)
  59:driver_st7789_interface_template.c **** {
  48              		.loc 1 59 0
  49              		.cfi_startproc
  50              		@ args = 0, pretend = 0, frame = 0
  51              		@ frame_needed = 0, uses_anonymous_args = 0
  52              		@ link register save eliminated.
  60:driver_st7789_interface_template.c ****     return 0;
  61:driver_st7789_interface_template.c **** }
  53              		.loc 1 61 0
ARM GAS  C:\Users\haske\AppData\Local\Temp\cck5bjXU.s 			page 3


  54 0000 0020     		movs	r0, #0
  55 0002 7047     		bx	lr
  56              		.cfi_endproc
  57              	.LFE2:
  58              		.size	st7789_interface_spi_deinit, .-st7789_interface_spi_deinit
  59              		.section	.text.st7789_interface_spi_write_cmd,"ax",%progbits
  60              		.align	2
  61              		.global	st7789_interface_spi_write_cmd
  62              		.thumb
  63              		.thumb_func
  64              		.type	st7789_interface_spi_write_cmd, %function
  65              	st7789_interface_spi_write_cmd:
  66              	.LFB3:
  62:driver_st7789_interface_template.c **** 
  63:driver_st7789_interface_template.c **** /**
  64:driver_st7789_interface_template.c ****  * @brief     interface spi bus write
  65:driver_st7789_interface_template.c ****  * @param[in] *buf points to a data buffer
  66:driver_st7789_interface_template.c ****  * @param[in] len is the length of data buffer
  67:driver_st7789_interface_template.c ****  * @return    status code
  68:driver_st7789_interface_template.c ****  *            - 0 success
  69:driver_st7789_interface_template.c ****  *            - 1 write failed
  70:driver_st7789_interface_template.c ****  * @note      none
  71:driver_st7789_interface_template.c ****  */
  72:driver_st7789_interface_template.c **** uint8_t st7789_interface_spi_write_cmd(uint8_t *buf, uint16_t len)
  73:driver_st7789_interface_template.c **** {
  67              		.loc 1 73 0
  68              		.cfi_startproc
  69              		@ args = 0, pretend = 0, frame = 0
  70              		@ frame_needed = 0, uses_anonymous_args = 0
  71              		@ link register save eliminated.
  72              	.LVL0:
  74:driver_st7789_interface_template.c ****     return 0;
  75:driver_st7789_interface_template.c **** }
  73              		.loc 1 75 0
  74 0000 0020     		movs	r0, #0
  75              	.LVL1:
  76 0002 7047     		bx	lr
  77              		.cfi_endproc
  78              	.LFE3:
  79              		.size	st7789_interface_spi_write_cmd, .-st7789_interface_spi_write_cmd
  80              		.section	.text.st7789_interface_delay_ms,"ax",%progbits
  81              		.align	2
  82              		.global	st7789_interface_delay_ms
  83              		.thumb
  84              		.thumb_func
  85              		.type	st7789_interface_delay_ms, %function
  86              	st7789_interface_delay_ms:
  87              	.LFB4:
  76:driver_st7789_interface_template.c **** 
  77:driver_st7789_interface_template.c **** /**
  78:driver_st7789_interface_template.c ****  * @brief     interface delay ms
  79:driver_st7789_interface_template.c ****  * @param[in] ms
  80:driver_st7789_interface_template.c ****  * @note      none
  81:driver_st7789_interface_template.c ****  */
  82:driver_st7789_interface_template.c **** void st7789_interface_delay_ms(uint32_t ms)
  83:driver_st7789_interface_template.c **** {
  88              		.loc 1 83 0
ARM GAS  C:\Users\haske\AppData\Local\Temp\cck5bjXU.s 			page 4


  89              		.cfi_startproc
  90              		@ args = 0, pretend = 0, frame = 0
  91              		@ frame_needed = 0, uses_anonymous_args = 0
  92              		@ link register save eliminated.
  93              	.LVL2:
  94 0000 7047     		bx	lr
  95              		.cfi_endproc
  96              	.LFE4:
  97              		.size	st7789_interface_delay_ms, .-st7789_interface_delay_ms
  98 0002 00BF     		.section	.text.st7789_interface_debug_print,"ax",%progbits
  99              		.align	2
 100              		.global	st7789_interface_debug_print
 101              		.thumb
 102              		.thumb_func
 103              		.type	st7789_interface_debug_print, %function
 104              	st7789_interface_debug_print:
 105              	.LFB5:
  84:driver_st7789_interface_template.c **** 
  85:driver_st7789_interface_template.c **** }
  86:driver_st7789_interface_template.c **** 
  87:driver_st7789_interface_template.c **** /**
  88:driver_st7789_interface_template.c ****  * @brief     interface print format data
  89:driver_st7789_interface_template.c ****  * @param[in] fmt is the format data
  90:driver_st7789_interface_template.c ****  * @note      none
  91:driver_st7789_interface_template.c ****  */
  92:driver_st7789_interface_template.c **** void st7789_interface_debug_print(const char *const fmt, ...)
  93:driver_st7789_interface_template.c **** {
 106              		.loc 1 93 0
 107              		.cfi_startproc
 108              		@ args = 4, pretend = 16, frame = 0
 109              		@ frame_needed = 0, uses_anonymous_args = 1
 110              		@ link register save eliminated.
 111              	.LVL3:
 112              		.loc 1 93 0
 113 0000 0FB4     		push	{r0, r1, r2, r3}
 114              		.cfi_def_cfa_offset 16
 115              		.cfi_offset 0, -16
 116              		.cfi_offset 1, -12
 117              		.cfi_offset 2, -8
 118              		.cfi_offset 3, -4
  94:driver_st7789_interface_template.c ****     
  95:driver_st7789_interface_template.c **** }
 119              		.loc 1 95 0
 120 0002 04B0     		add	sp, sp, #16
 121              		.cfi_restore 3
 122              		.cfi_restore 2
 123              		.cfi_restore 1
 124              		.cfi_restore 0
 125              		.cfi_def_cfa_offset 0
 126 0004 7047     		bx	lr
 127              		.cfi_endproc
 128              	.LFE5:
 129              		.size	st7789_interface_debug_print, .-st7789_interface_debug_print
 130 0006 00BF     		.section	.text.st7789_interface_cmd_data_gpio_init,"ax",%progbits
 131              		.align	2
 132              		.global	st7789_interface_cmd_data_gpio_init
 133              		.thumb
ARM GAS  C:\Users\haske\AppData\Local\Temp\cck5bjXU.s 			page 5


 134              		.thumb_func
 135              		.type	st7789_interface_cmd_data_gpio_init, %function
 136              	st7789_interface_cmd_data_gpio_init:
 137              	.LFB6:
  96:driver_st7789_interface_template.c **** 
  97:driver_st7789_interface_template.c **** /**
  98:driver_st7789_interface_template.c ****  * @brief  interface command && data gpio init
  99:driver_st7789_interface_template.c ****  * @return status code
 100:driver_st7789_interface_template.c ****  *         - 0 success
 101:driver_st7789_interface_template.c ****  *         - 1 gpio init failed
 102:driver_st7789_interface_template.c ****  * @note   none
 103:driver_st7789_interface_template.c ****  */
 104:driver_st7789_interface_template.c **** uint8_t st7789_interface_cmd_data_gpio_init(void)
 105:driver_st7789_interface_template.c **** {
 138              		.loc 1 105 0
 139              		.cfi_startproc
 140              		@ args = 0, pretend = 0, frame = 0
 141              		@ frame_needed = 0, uses_anonymous_args = 0
 142              		@ link register save eliminated.
 106:driver_st7789_interface_template.c ****     return 0;
 107:driver_st7789_interface_template.c **** }
 143              		.loc 1 107 0
 144 0000 0020     		movs	r0, #0
 145 0002 7047     		bx	lr
 146              		.cfi_endproc
 147              	.LFE6:
 148              		.size	st7789_interface_cmd_data_gpio_init, .-st7789_interface_cmd_data_gpio_init
 149              		.section	.text.st7789_interface_cmd_data_gpio_deinit,"ax",%progbits
 150              		.align	2
 151              		.global	st7789_interface_cmd_data_gpio_deinit
 152              		.thumb
 153              		.thumb_func
 154              		.type	st7789_interface_cmd_data_gpio_deinit, %function
 155              	st7789_interface_cmd_data_gpio_deinit:
 156              	.LFB7:
 108:driver_st7789_interface_template.c **** 
 109:driver_st7789_interface_template.c **** /**
 110:driver_st7789_interface_template.c ****  * @brief  interface command && data gpio deinit
 111:driver_st7789_interface_template.c ****  * @return status code
 112:driver_st7789_interface_template.c ****  *         - 0 success
 113:driver_st7789_interface_template.c ****  *         - 1 gpio deinit failed
 114:driver_st7789_interface_template.c ****  * @note   none
 115:driver_st7789_interface_template.c ****  */
 116:driver_st7789_interface_template.c **** uint8_t st7789_interface_cmd_data_gpio_deinit(void)
 117:driver_st7789_interface_template.c **** {
 157              		.loc 1 117 0
 158              		.cfi_startproc
 159              		@ args = 0, pretend = 0, frame = 0
 160              		@ frame_needed = 0, uses_anonymous_args = 0
 161              		@ link register save eliminated.
 118:driver_st7789_interface_template.c ****     return 0;
 119:driver_st7789_interface_template.c **** }
 162              		.loc 1 119 0
 163 0000 0020     		movs	r0, #0
 164 0002 7047     		bx	lr
 165              		.cfi_endproc
 166              	.LFE7:
ARM GAS  C:\Users\haske\AppData\Local\Temp\cck5bjXU.s 			page 6


 167              		.size	st7789_interface_cmd_data_gpio_deinit, .-st7789_interface_cmd_data_gpio_deinit
 168              		.section	.text.st7789_interface_cmd_data_gpio_write,"ax",%progbits
 169              		.align	2
 170              		.global	st7789_interface_cmd_data_gpio_write
 171              		.thumb
 172              		.thumb_func
 173              		.type	st7789_interface_cmd_data_gpio_write, %function
 174              	st7789_interface_cmd_data_gpio_write:
 175              	.LFB8:
 120:driver_st7789_interface_template.c **** 
 121:driver_st7789_interface_template.c **** /**
 122:driver_st7789_interface_template.c ****  * @brief     interface command && data gpio write
 123:driver_st7789_interface_template.c ****  * @param[in] value is the written value
 124:driver_st7789_interface_template.c ****  * @return    status code
 125:driver_st7789_interface_template.c ****  *            - 0 success
 126:driver_st7789_interface_template.c ****  *            - 1 gpio write failed
 127:driver_st7789_interface_template.c ****  * @note      none
 128:driver_st7789_interface_template.c ****  */
 129:driver_st7789_interface_template.c **** uint8_t st7789_interface_cmd_data_gpio_write(uint8_t value)
 130:driver_st7789_interface_template.c **** {
 176              		.loc 1 130 0
 177              		.cfi_startproc
 178              		@ args = 0, pretend = 0, frame = 0
 179              		@ frame_needed = 0, uses_anonymous_args = 0
 180              		@ link register save eliminated.
 181              	.LVL4:
 131:driver_st7789_interface_template.c ****     return 0;
 132:driver_st7789_interface_template.c **** }
 182              		.loc 1 132 0
 183 0000 0020     		movs	r0, #0
 184              	.LVL5:
 185 0002 7047     		bx	lr
 186              		.cfi_endproc
 187              	.LFE8:
 188              		.size	st7789_interface_cmd_data_gpio_write, .-st7789_interface_cmd_data_gpio_write
 189              		.section	.text.st7789_interface_reset_gpio_init,"ax",%progbits
 190              		.align	2
 191              		.global	st7789_interface_reset_gpio_init
 192              		.thumb
 193              		.thumb_func
 194              		.type	st7789_interface_reset_gpio_init, %function
 195              	st7789_interface_reset_gpio_init:
 196              	.LFB9:
 133:driver_st7789_interface_template.c **** 
 134:driver_st7789_interface_template.c **** /**
 135:driver_st7789_interface_template.c ****  * @brief  interface reset gpio init
 136:driver_st7789_interface_template.c ****  * @return status code
 137:driver_st7789_interface_template.c ****  *         - 0 success
 138:driver_st7789_interface_template.c ****  *         - 1 gpio init failed
 139:driver_st7789_interface_template.c ****  * @note   none
 140:driver_st7789_interface_template.c ****  */
 141:driver_st7789_interface_template.c **** uint8_t st7789_interface_reset_gpio_init(void)
 142:driver_st7789_interface_template.c **** {
 197              		.loc 1 142 0
 198              		.cfi_startproc
 199              		@ args = 0, pretend = 0, frame = 0
 200              		@ frame_needed = 0, uses_anonymous_args = 0
ARM GAS  C:\Users\haske\AppData\Local\Temp\cck5bjXU.s 			page 7


 201              		@ link register save eliminated.
 143:driver_st7789_interface_template.c ****     return 0;
 144:driver_st7789_interface_template.c **** }
 202              		.loc 1 144 0
 203 0000 0020     		movs	r0, #0
 204 0002 7047     		bx	lr
 205              		.cfi_endproc
 206              	.LFE9:
 207              		.size	st7789_interface_reset_gpio_init, .-st7789_interface_reset_gpio_init
 208              		.section	.text.st7789_interface_reset_gpio_deinit,"ax",%progbits
 209              		.align	2
 210              		.global	st7789_interface_reset_gpio_deinit
 211              		.thumb
 212              		.thumb_func
 213              		.type	st7789_interface_reset_gpio_deinit, %function
 214              	st7789_interface_reset_gpio_deinit:
 215              	.LFB10:
 145:driver_st7789_interface_template.c **** 
 146:driver_st7789_interface_template.c **** /**
 147:driver_st7789_interface_template.c ****  * @brief  interface reset gpio deinit
 148:driver_st7789_interface_template.c ****  * @return status code
 149:driver_st7789_interface_template.c ****  *         - 0 success
 150:driver_st7789_interface_template.c ****  *         - 1 gpio deinit failed
 151:driver_st7789_interface_template.c ****  * @note   none
 152:driver_st7789_interface_template.c ****  */
 153:driver_st7789_interface_template.c **** uint8_t st7789_interface_reset_gpio_deinit(void)
 154:driver_st7789_interface_template.c **** {
 216              		.loc 1 154 0
 217              		.cfi_startproc
 218              		@ args = 0, pretend = 0, frame = 0
 219              		@ frame_needed = 0, uses_anonymous_args = 0
 220              		@ link register save eliminated.
 155:driver_st7789_interface_template.c ****     return 0;
 156:driver_st7789_interface_template.c **** }
 221              		.loc 1 156 0
 222 0000 0020     		movs	r0, #0
 223 0002 7047     		bx	lr
 224              		.cfi_endproc
 225              	.LFE10:
 226              		.size	st7789_interface_reset_gpio_deinit, .-st7789_interface_reset_gpio_deinit
 227              		.section	.text.st7789_interface_reset_gpio_write,"ax",%progbits
 228              		.align	2
 229              		.global	st7789_interface_reset_gpio_write
 230              		.thumb
 231              		.thumb_func
 232              		.type	st7789_interface_reset_gpio_write, %function
 233              	st7789_interface_reset_gpio_write:
 234              	.LFB11:
 157:driver_st7789_interface_template.c **** 
 158:driver_st7789_interface_template.c **** /**
 159:driver_st7789_interface_template.c ****  * @brief     interface reset gpio write
 160:driver_st7789_interface_template.c ****  * @param[in] value is the written value
 161:driver_st7789_interface_template.c ****  * @return    status code
 162:driver_st7789_interface_template.c ****  *            - 0 success
 163:driver_st7789_interface_template.c ****  *            - 1 gpio write failed
 164:driver_st7789_interface_template.c ****  * @note      none
 165:driver_st7789_interface_template.c ****  */
ARM GAS  C:\Users\haske\AppData\Local\Temp\cck5bjXU.s 			page 8


 166:driver_st7789_interface_template.c **** uint8_t st7789_interface_reset_gpio_write(uint8_t value)
 167:driver_st7789_interface_template.c **** {
 235              		.loc 1 167 0
 236              		.cfi_startproc
 237              		@ args = 0, pretend = 0, frame = 0
 238              		@ frame_needed = 0, uses_anonymous_args = 0
 239              		@ link register save eliminated.
 240              	.LVL6:
 168:driver_st7789_interface_template.c ****     return 0;
 169:driver_st7789_interface_template.c **** }
 241              		.loc 1 169 0
 242 0000 0020     		movs	r0, #0
 243              	.LVL7:
 244 0002 7047     		bx	lr
 245              		.cfi_endproc
 246              	.LFE11:
 247              		.size	st7789_interface_reset_gpio_write, .-st7789_interface_reset_gpio_write
 248              		.text
 249              	.Letext0:
 250              		.file 2 "c:\\program files (x86)\\cypress\\psoc creator\\4.4\\psoc creator\\import\\gnu\\arm\\5.4.
 251              		.file 3 "c:\\program files (x86)\\cypress\\psoc creator\\4.4\\psoc creator\\import\\gnu\\arm\\5.4.
 252              		.section	.debug_info,"",%progbits
 253              	.Ldebug_info0:
 254 0000 25020000 		.4byte	0x225
 255 0004 0400     		.2byte	0x4
 256 0006 00000000 		.4byte	.Ldebug_abbrev0
 257 000a 04       		.byte	0x4
 258 000b 01       		.uleb128 0x1
 259 000c B7010000 		.4byte	.LASF31
 260 0010 0C       		.byte	0xc
 261 0011 B3000000 		.4byte	.LASF32
 262 0015 A0020000 		.4byte	.LASF33
 263 0019 00000000 		.4byte	.Ldebug_ranges0+0
 264 001d 00000000 		.4byte	0
 265 0021 00000000 		.4byte	.Ldebug_line0
 266 0025 02       		.uleb128 0x2
 267 0026 01       		.byte	0x1
 268 0027 06       		.byte	0x6
 269 0028 48030000 		.4byte	.LASF0
 270 002c 03       		.uleb128 0x3
 271 002d 00000000 		.4byte	.LASF3
 272 0031 02       		.byte	0x2
 273 0032 1D       		.byte	0x1d
 274 0033 37000000 		.4byte	0x37
 275 0037 02       		.uleb128 0x2
 276 0038 01       		.byte	0x1
 277 0039 08       		.byte	0x8
 278 003a D6000000 		.4byte	.LASF1
 279 003e 02       		.uleb128 0x2
 280 003f 02       		.byte	0x2
 281 0040 05       		.byte	0x5
 282 0041 D9020000 		.4byte	.LASF2
 283 0045 03       		.uleb128 0x3
 284 0046 09010000 		.4byte	.LASF4
 285 004a 02       		.byte	0x2
 286 004b 2B       		.byte	0x2b
 287 004c 50000000 		.4byte	0x50
ARM GAS  C:\Users\haske\AppData\Local\Temp\cck5bjXU.s 			page 9


 288 0050 02       		.uleb128 0x2
 289 0051 02       		.byte	0x2
 290 0052 07       		.byte	0x7
 291 0053 F6000000 		.4byte	.LASF5
 292 0057 02       		.uleb128 0x2
 293 0058 04       		.byte	0x4
 294 0059 05       		.byte	0x5
 295 005a 33030000 		.4byte	.LASF6
 296 005e 03       		.uleb128 0x3
 297 005f 14010000 		.4byte	.LASF7
 298 0063 02       		.byte	0x2
 299 0064 41       		.byte	0x41
 300 0065 69000000 		.4byte	0x69
 301 0069 02       		.uleb128 0x2
 302 006a 04       		.byte	0x4
 303 006b 07       		.byte	0x7
 304 006c E4000000 		.4byte	.LASF8
 305 0070 02       		.uleb128 0x2
 306 0071 08       		.byte	0x8
 307 0072 05       		.byte	0x5
 308 0073 73020000 		.4byte	.LASF9
 309 0077 02       		.uleb128 0x2
 310 0078 08       		.byte	0x8
 311 0079 07       		.byte	0x7
 312 007a 76010000 		.4byte	.LASF10
 313 007e 04       		.uleb128 0x4
 314 007f 04       		.byte	0x4
 315 0080 05       		.byte	0x5
 316 0081 696E7400 		.ascii	"int\000"
 317 0085 02       		.uleb128 0x2
 318 0086 04       		.byte	0x4
 319 0087 07       		.byte	0x7
 320 0088 45010000 		.4byte	.LASF11
 321 008c 03       		.uleb128 0x3
 322 008d 8D010000 		.4byte	.LASF12
 323 0091 03       		.byte	0x3
 324 0092 18       		.byte	0x18
 325 0093 2C000000 		.4byte	0x2c
 326 0097 03       		.uleb128 0x3
 327 0098 E3020000 		.4byte	.LASF13
 328 009c 03       		.byte	0x3
 329 009d 24       		.byte	0x24
 330 009e 45000000 		.4byte	0x45
 331 00a2 03       		.uleb128 0x3
 332 00a3 2A030000 		.4byte	.LASF14
 333 00a7 03       		.byte	0x3
 334 00a8 30       		.byte	0x30
 335 00a9 5E000000 		.4byte	0x5e
 336 00ad 02       		.uleb128 0x2
 337 00ae 08       		.byte	0x8
 338 00af 04       		.byte	0x4
 339 00b0 3C030000 		.4byte	.LASF15
 340 00b4 02       		.uleb128 0x2
 341 00b5 04       		.byte	0x4
 342 00b6 07       		.byte	0x7
 343 00b7 6A020000 		.4byte	.LASF16
 344 00bb 02       		.uleb128 0x2
ARM GAS  C:\Users\haske\AppData\Local\Temp\cck5bjXU.s 			page 10


 345 00bc 01       		.byte	0x1
 346 00bd 08       		.byte	0x8
 347 00be 9B020000 		.4byte	.LASF17
 348 00c2 05       		.uleb128 0x5
 349 00c3 04       		.byte	0x4
 350 00c4 C8000000 		.4byte	0xc8
 351 00c8 06       		.uleb128 0x6
 352 00c9 BB000000 		.4byte	0xbb
 353 00cd 05       		.uleb128 0x5
 354 00ce 04       		.byte	0x4
 355 00cf 8C000000 		.4byte	0x8c
 356 00d3 06       		.uleb128 0x6
 357 00d4 C2000000 		.4byte	0xc2
 358 00d8 02       		.uleb128 0x2
 359 00d9 04       		.byte	0x4
 360 00da 04       		.byte	0x4
 361 00db AD000000 		.4byte	.LASF18
 362 00df 07       		.uleb128 0x7
 363 00e0 81020000 		.4byte	.LASF19
 364 00e4 01       		.byte	0x1
 365 00e5 2E       		.byte	0x2e
 366 00e6 8C000000 		.4byte	0x8c
 367 00ea 00000000 		.4byte	.LFB1
 368 00ee 04000000 		.4byte	.LFE1-.LFB1
 369 00f2 01       		.uleb128 0x1
 370 00f3 9C       		.byte	0x9c
 371 00f4 07       		.uleb128 0x7
 372 00f5 91000000 		.4byte	.LASF20
 373 00f9 01       		.byte	0x1
 374 00fa 3A       		.byte	0x3a
 375 00fb 8C000000 		.4byte	0x8c
 376 00ff 00000000 		.4byte	.LFB2
 377 0103 04000000 		.4byte	.LFE2-.LFB2
 378 0107 01       		.uleb128 0x1
 379 0108 9C       		.byte	0x9c
 380 0109 08       		.uleb128 0x8
 381 010a 0A000000 		.4byte	.LASF25
 382 010e 01       		.byte	0x1
 383 010f 48       		.byte	0x48
 384 0110 8C000000 		.4byte	0x8c
 385 0114 00000000 		.4byte	.LFB3
 386 0118 04000000 		.4byte	.LFE3-.LFB3
 387 011c 01       		.uleb128 0x1
 388 011d 9C       		.byte	0x9c
 389 011e 3F010000 		.4byte	0x13f
 390 0122 09       		.uleb128 0x9
 391 0123 62756600 		.ascii	"buf\000"
 392 0127 01       		.byte	0x1
 393 0128 48       		.byte	0x48
 394 0129 CD000000 		.4byte	0xcd
 395 012d 00000000 		.4byte	.LLST0
 396 0131 0A       		.uleb128 0xa
 397 0132 6C656E00 		.ascii	"len\000"
 398 0136 01       		.byte	0x1
 399 0137 48       		.byte	0x48
 400 0138 97000000 		.4byte	0x97
 401 013c 01       		.uleb128 0x1
ARM GAS  C:\Users\haske\AppData\Local\Temp\cck5bjXU.s 			page 11


 402 013d 51       		.byte	0x51
 403 013e 00       		.byte	0
 404 013f 0B       		.uleb128 0xb
 405 0140 77000000 		.4byte	.LASF21
 406 0144 01       		.byte	0x1
 407 0145 52       		.byte	0x52
 408 0146 00000000 		.4byte	.LFB4
 409 014a 02000000 		.4byte	.LFE4-.LFB4
 410 014e 01       		.uleb128 0x1
 411 014f 9C       		.byte	0x9c
 412 0150 61010000 		.4byte	0x161
 413 0154 0A       		.uleb128 0xa
 414 0155 6D7300   		.ascii	"ms\000"
 415 0158 01       		.byte	0x1
 416 0159 52       		.byte	0x52
 417 015a A2000000 		.4byte	0xa2
 418 015e 01       		.uleb128 0x1
 419 015f 50       		.byte	0x50
 420 0160 00       		.byte	0
 421 0161 0B       		.uleb128 0xb
 422 0162 EC020000 		.4byte	.LASF22
 423 0166 01       		.byte	0x1
 424 0167 5C       		.byte	0x5c
 425 0168 00000000 		.4byte	.LFB5
 426 016c 06000000 		.4byte	.LFE5-.LFB5
 427 0170 01       		.uleb128 0x1
 428 0171 9C       		.byte	0x9c
 429 0172 86010000 		.4byte	0x186
 430 0176 0A       		.uleb128 0xa
 431 0177 666D7400 		.ascii	"fmt\000"
 432 017b 01       		.byte	0x1
 433 017c 5C       		.byte	0x5c
 434 017d D3000000 		.4byte	0xd3
 435 0181 02       		.uleb128 0x2
 436 0182 91       		.byte	0x91
 437 0183 70       		.sleb128 -16
 438 0184 0C       		.uleb128 0xc
 439 0185 00       		.byte	0
 440 0186 07       		.uleb128 0x7
 441 0187 52010000 		.4byte	.LASF23
 442 018b 01       		.byte	0x1
 443 018c 68       		.byte	0x68
 444 018d 8C000000 		.4byte	0x8c
 445 0191 00000000 		.4byte	.LFB6
 446 0195 04000000 		.4byte	.LFE6-.LFB6
 447 0199 01       		.uleb128 0x1
 448 019a 9C       		.byte	0x9c
 449 019b 07       		.uleb128 0x7
 450 019c 1F010000 		.4byte	.LASF24
 451 01a0 01       		.byte	0x1
 452 01a1 74       		.byte	0x74
 453 01a2 8C000000 		.4byte	0x8c
 454 01a6 00000000 		.4byte	.LFB7
 455 01aa 04000000 		.4byte	.LFE7-.LFB7
 456 01ae 01       		.uleb128 0x1
 457 01af 9C       		.byte	0x9c
 458 01b0 08       		.uleb128 0x8
ARM GAS  C:\Users\haske\AppData\Local\Temp\cck5bjXU.s 			page 12


 459 01b1 29000000 		.4byte	.LASF26
 460 01b5 01       		.byte	0x1
 461 01b6 81       		.byte	0x81
 462 01b7 8C000000 		.4byte	0x8c
 463 01bb 00000000 		.4byte	.LFB8
 464 01bf 04000000 		.4byte	.LFE8-.LFB8
 465 01c3 01       		.uleb128 0x1
 466 01c4 9C       		.byte	0x9c
 467 01c5 D9010000 		.4byte	0x1d9
 468 01c9 0D       		.uleb128 0xd
 469 01ca 4E000000 		.4byte	.LASF27
 470 01ce 01       		.byte	0x1
 471 01cf 81       		.byte	0x81
 472 01d0 8C000000 		.4byte	0x8c
 473 01d4 21000000 		.4byte	.LLST1
 474 01d8 00       		.byte	0
 475 01d9 07       		.uleb128 0x7
 476 01da 09030000 		.4byte	.LASF28
 477 01de 01       		.byte	0x1
 478 01df 8D       		.byte	0x8d
 479 01e0 8C000000 		.4byte	0x8c
 480 01e4 00000000 		.4byte	.LFB9
 481 01e8 04000000 		.4byte	.LFE9-.LFB9
 482 01ec 01       		.uleb128 0x1
 483 01ed 9C       		.byte	0x9c
 484 01ee 07       		.uleb128 0x7
 485 01ef 54000000 		.4byte	.LASF29
 486 01f3 01       		.byte	0x1
 487 01f4 99       		.byte	0x99
 488 01f5 8C000000 		.4byte	0x8c
 489 01f9 00000000 		.4byte	.LFB10
 490 01fd 04000000 		.4byte	.LFE10-.LFB10
 491 0201 01       		.uleb128 0x1
 492 0202 9C       		.byte	0x9c
 493 0203 0E       		.uleb128 0xe
 494 0204 95010000 		.4byte	.LASF30
 495 0208 01       		.byte	0x1
 496 0209 A6       		.byte	0xa6
 497 020a 8C000000 		.4byte	0x8c
 498 020e 00000000 		.4byte	.LFB11
 499 0212 04000000 		.4byte	.LFE11-.LFB11
 500 0216 01       		.uleb128 0x1
 501 0217 9C       		.byte	0x9c
 502 0218 0D       		.uleb128 0xd
 503 0219 4E000000 		.4byte	.LASF27
 504 021d 01       		.byte	0x1
 505 021e A6       		.byte	0xa6
 506 021f 8C000000 		.4byte	0x8c
 507 0223 42000000 		.4byte	.LLST2
 508 0227 00       		.byte	0
 509 0228 00       		.byte	0
 510              		.section	.debug_abbrev,"",%progbits
 511              	.Ldebug_abbrev0:
 512 0000 01       		.uleb128 0x1
 513 0001 11       		.uleb128 0x11
 514 0002 01       		.byte	0x1
 515 0003 25       		.uleb128 0x25
ARM GAS  C:\Users\haske\AppData\Local\Temp\cck5bjXU.s 			page 13


 516 0004 0E       		.uleb128 0xe
 517 0005 13       		.uleb128 0x13
 518 0006 0B       		.uleb128 0xb
 519 0007 03       		.uleb128 0x3
 520 0008 0E       		.uleb128 0xe
 521 0009 1B       		.uleb128 0x1b
 522 000a 0E       		.uleb128 0xe
 523 000b 55       		.uleb128 0x55
 524 000c 17       		.uleb128 0x17
 525 000d 11       		.uleb128 0x11
 526 000e 01       		.uleb128 0x1
 527 000f 10       		.uleb128 0x10
 528 0010 17       		.uleb128 0x17
 529 0011 00       		.byte	0
 530 0012 00       		.byte	0
 531 0013 02       		.uleb128 0x2
 532 0014 24       		.uleb128 0x24
 533 0015 00       		.byte	0
 534 0016 0B       		.uleb128 0xb
 535 0017 0B       		.uleb128 0xb
 536 0018 3E       		.uleb128 0x3e
 537 0019 0B       		.uleb128 0xb
 538 001a 03       		.uleb128 0x3
 539 001b 0E       		.uleb128 0xe
 540 001c 00       		.byte	0
 541 001d 00       		.byte	0
 542 001e 03       		.uleb128 0x3
 543 001f 16       		.uleb128 0x16
 544 0020 00       		.byte	0
 545 0021 03       		.uleb128 0x3
 546 0022 0E       		.uleb128 0xe
 547 0023 3A       		.uleb128 0x3a
 548 0024 0B       		.uleb128 0xb
 549 0025 3B       		.uleb128 0x3b
 550 0026 0B       		.uleb128 0xb
 551 0027 49       		.uleb128 0x49
 552 0028 13       		.uleb128 0x13
 553 0029 00       		.byte	0
 554 002a 00       		.byte	0
 555 002b 04       		.uleb128 0x4
 556 002c 24       		.uleb128 0x24
 557 002d 00       		.byte	0
 558 002e 0B       		.uleb128 0xb
 559 002f 0B       		.uleb128 0xb
 560 0030 3E       		.uleb128 0x3e
 561 0031 0B       		.uleb128 0xb
 562 0032 03       		.uleb128 0x3
 563 0033 08       		.uleb128 0x8
 564 0034 00       		.byte	0
 565 0035 00       		.byte	0
 566 0036 05       		.uleb128 0x5
 567 0037 0F       		.uleb128 0xf
 568 0038 00       		.byte	0
 569 0039 0B       		.uleb128 0xb
 570 003a 0B       		.uleb128 0xb
 571 003b 49       		.uleb128 0x49
 572 003c 13       		.uleb128 0x13
ARM GAS  C:\Users\haske\AppData\Local\Temp\cck5bjXU.s 			page 14


 573 003d 00       		.byte	0
 574 003e 00       		.byte	0
 575 003f 06       		.uleb128 0x6
 576 0040 26       		.uleb128 0x26
 577 0041 00       		.byte	0
 578 0042 49       		.uleb128 0x49
 579 0043 13       		.uleb128 0x13
 580 0044 00       		.byte	0
 581 0045 00       		.byte	0
 582 0046 07       		.uleb128 0x7
 583 0047 2E       		.uleb128 0x2e
 584 0048 00       		.byte	0
 585 0049 3F       		.uleb128 0x3f
 586 004a 19       		.uleb128 0x19
 587 004b 03       		.uleb128 0x3
 588 004c 0E       		.uleb128 0xe
 589 004d 3A       		.uleb128 0x3a
 590 004e 0B       		.uleb128 0xb
 591 004f 3B       		.uleb128 0x3b
 592 0050 0B       		.uleb128 0xb
 593 0051 27       		.uleb128 0x27
 594 0052 19       		.uleb128 0x19
 595 0053 49       		.uleb128 0x49
 596 0054 13       		.uleb128 0x13
 597 0055 11       		.uleb128 0x11
 598 0056 01       		.uleb128 0x1
 599 0057 12       		.uleb128 0x12
 600 0058 06       		.uleb128 0x6
 601 0059 40       		.uleb128 0x40
 602 005a 18       		.uleb128 0x18
 603 005b 9742     		.uleb128 0x2117
 604 005d 19       		.uleb128 0x19
 605 005e 00       		.byte	0
 606 005f 00       		.byte	0
 607 0060 08       		.uleb128 0x8
 608 0061 2E       		.uleb128 0x2e
 609 0062 01       		.byte	0x1
 610 0063 3F       		.uleb128 0x3f
 611 0064 19       		.uleb128 0x19
 612 0065 03       		.uleb128 0x3
 613 0066 0E       		.uleb128 0xe
 614 0067 3A       		.uleb128 0x3a
 615 0068 0B       		.uleb128 0xb
 616 0069 3B       		.uleb128 0x3b
 617 006a 0B       		.uleb128 0xb
 618 006b 27       		.uleb128 0x27
 619 006c 19       		.uleb128 0x19
 620 006d 49       		.uleb128 0x49
 621 006e 13       		.uleb128 0x13
 622 006f 11       		.uleb128 0x11
 623 0070 01       		.uleb128 0x1
 624 0071 12       		.uleb128 0x12
 625 0072 06       		.uleb128 0x6
 626 0073 40       		.uleb128 0x40
 627 0074 18       		.uleb128 0x18
 628 0075 9742     		.uleb128 0x2117
 629 0077 19       		.uleb128 0x19
ARM GAS  C:\Users\haske\AppData\Local\Temp\cck5bjXU.s 			page 15


 630 0078 01       		.uleb128 0x1
 631 0079 13       		.uleb128 0x13
 632 007a 00       		.byte	0
 633 007b 00       		.byte	0
 634 007c 09       		.uleb128 0x9
 635 007d 05       		.uleb128 0x5
 636 007e 00       		.byte	0
 637 007f 03       		.uleb128 0x3
 638 0080 08       		.uleb128 0x8
 639 0081 3A       		.uleb128 0x3a
 640 0082 0B       		.uleb128 0xb
 641 0083 3B       		.uleb128 0x3b
 642 0084 0B       		.uleb128 0xb
 643 0085 49       		.uleb128 0x49
 644 0086 13       		.uleb128 0x13
 645 0087 02       		.uleb128 0x2
 646 0088 17       		.uleb128 0x17
 647 0089 00       		.byte	0
 648 008a 00       		.byte	0
 649 008b 0A       		.uleb128 0xa
 650 008c 05       		.uleb128 0x5
 651 008d 00       		.byte	0
 652 008e 03       		.uleb128 0x3
 653 008f 08       		.uleb128 0x8
 654 0090 3A       		.uleb128 0x3a
 655 0091 0B       		.uleb128 0xb
 656 0092 3B       		.uleb128 0x3b
 657 0093 0B       		.uleb128 0xb
 658 0094 49       		.uleb128 0x49
 659 0095 13       		.uleb128 0x13
 660 0096 02       		.uleb128 0x2
 661 0097 18       		.uleb128 0x18
 662 0098 00       		.byte	0
 663 0099 00       		.byte	0
 664 009a 0B       		.uleb128 0xb
 665 009b 2E       		.uleb128 0x2e
 666 009c 01       		.byte	0x1
 667 009d 3F       		.uleb128 0x3f
 668 009e 19       		.uleb128 0x19
 669 009f 03       		.uleb128 0x3
 670 00a0 0E       		.uleb128 0xe
 671 00a1 3A       		.uleb128 0x3a
 672 00a2 0B       		.uleb128 0xb
 673 00a3 3B       		.uleb128 0x3b
 674 00a4 0B       		.uleb128 0xb
 675 00a5 27       		.uleb128 0x27
 676 00a6 19       		.uleb128 0x19
 677 00a7 11       		.uleb128 0x11
 678 00a8 01       		.uleb128 0x1
 679 00a9 12       		.uleb128 0x12
 680 00aa 06       		.uleb128 0x6
 681 00ab 40       		.uleb128 0x40
 682 00ac 18       		.uleb128 0x18
 683 00ad 9742     		.uleb128 0x2117
 684 00af 19       		.uleb128 0x19
 685 00b0 01       		.uleb128 0x1
 686 00b1 13       		.uleb128 0x13
ARM GAS  C:\Users\haske\AppData\Local\Temp\cck5bjXU.s 			page 16


 687 00b2 00       		.byte	0
 688 00b3 00       		.byte	0
 689 00b4 0C       		.uleb128 0xc
 690 00b5 18       		.uleb128 0x18
 691 00b6 00       		.byte	0
 692 00b7 00       		.byte	0
 693 00b8 00       		.byte	0
 694 00b9 0D       		.uleb128 0xd
 695 00ba 05       		.uleb128 0x5
 696 00bb 00       		.byte	0
 697 00bc 03       		.uleb128 0x3
 698 00bd 0E       		.uleb128 0xe
 699 00be 3A       		.uleb128 0x3a
 700 00bf 0B       		.uleb128 0xb
 701 00c0 3B       		.uleb128 0x3b
 702 00c1 0B       		.uleb128 0xb
 703 00c2 49       		.uleb128 0x49
 704 00c3 13       		.uleb128 0x13
 705 00c4 02       		.uleb128 0x2
 706 00c5 17       		.uleb128 0x17
 707 00c6 00       		.byte	0
 708 00c7 00       		.byte	0
 709 00c8 0E       		.uleb128 0xe
 710 00c9 2E       		.uleb128 0x2e
 711 00ca 01       		.byte	0x1
 712 00cb 3F       		.uleb128 0x3f
 713 00cc 19       		.uleb128 0x19
 714 00cd 03       		.uleb128 0x3
 715 00ce 0E       		.uleb128 0xe
 716 00cf 3A       		.uleb128 0x3a
 717 00d0 0B       		.uleb128 0xb
 718 00d1 3B       		.uleb128 0x3b
 719 00d2 0B       		.uleb128 0xb
 720 00d3 27       		.uleb128 0x27
 721 00d4 19       		.uleb128 0x19
 722 00d5 49       		.uleb128 0x49
 723 00d6 13       		.uleb128 0x13
 724 00d7 11       		.uleb128 0x11
 725 00d8 01       		.uleb128 0x1
 726 00d9 12       		.uleb128 0x12
 727 00da 06       		.uleb128 0x6
 728 00db 40       		.uleb128 0x40
 729 00dc 18       		.uleb128 0x18
 730 00dd 9742     		.uleb128 0x2117
 731 00df 19       		.uleb128 0x19
 732 00e0 00       		.byte	0
 733 00e1 00       		.byte	0
 734 00e2 00       		.byte	0
 735              		.section	.debug_loc,"",%progbits
 736              	.Ldebug_loc0:
 737              	.LLST0:
 738 0000 00000000 		.4byte	.LVL0
 739 0004 02000000 		.4byte	.LVL1
 740 0008 0100     		.2byte	0x1
 741 000a 50       		.byte	0x50
 742 000b 02000000 		.4byte	.LVL1
 743 000f 04000000 		.4byte	.LFE3
ARM GAS  C:\Users\haske\AppData\Local\Temp\cck5bjXU.s 			page 17


 744 0013 0400     		.2byte	0x4
 745 0015 F3       		.byte	0xf3
 746 0016 01       		.uleb128 0x1
 747 0017 50       		.byte	0x50
 748 0018 9F       		.byte	0x9f
 749 0019 00000000 		.4byte	0
 750 001d 00000000 		.4byte	0
 751              	.LLST1:
 752 0021 00000000 		.4byte	.LVL4
 753 0025 02000000 		.4byte	.LVL5
 754 0029 0100     		.2byte	0x1
 755 002b 50       		.byte	0x50
 756 002c 02000000 		.4byte	.LVL5
 757 0030 04000000 		.4byte	.LFE8
 758 0034 0400     		.2byte	0x4
 759 0036 F3       		.byte	0xf3
 760 0037 01       		.uleb128 0x1
 761 0038 50       		.byte	0x50
 762 0039 9F       		.byte	0x9f
 763 003a 00000000 		.4byte	0
 764 003e 00000000 		.4byte	0
 765              	.LLST2:
 766 0042 00000000 		.4byte	.LVL6
 767 0046 02000000 		.4byte	.LVL7
 768 004a 0100     		.2byte	0x1
 769 004c 50       		.byte	0x50
 770 004d 02000000 		.4byte	.LVL7
 771 0051 04000000 		.4byte	.LFE11
 772 0055 0400     		.2byte	0x4
 773 0057 F3       		.byte	0xf3
 774 0058 01       		.uleb128 0x1
 775 0059 50       		.byte	0x50
 776 005a 9F       		.byte	0x9f
 777 005b 00000000 		.4byte	0
 778 005f 00000000 		.4byte	0
 779              		.section	.debug_aranges,"",%progbits
 780 0000 6C000000 		.4byte	0x6c
 781 0004 0200     		.2byte	0x2
 782 0006 00000000 		.4byte	.Ldebug_info0
 783 000a 04       		.byte	0x4
 784 000b 00       		.byte	0
 785 000c 0000     		.2byte	0
 786 000e 0000     		.2byte	0
 787 0010 00000000 		.4byte	.LFB1
 788 0014 04000000 		.4byte	.LFE1-.LFB1
 789 0018 00000000 		.4byte	.LFB2
 790 001c 04000000 		.4byte	.LFE2-.LFB2
 791 0020 00000000 		.4byte	.LFB3
 792 0024 04000000 		.4byte	.LFE3-.LFB3
 793 0028 00000000 		.4byte	.LFB4
 794 002c 02000000 		.4byte	.LFE4-.LFB4
 795 0030 00000000 		.4byte	.LFB5
 796 0034 06000000 		.4byte	.LFE5-.LFB5
 797 0038 00000000 		.4byte	.LFB6
 798 003c 04000000 		.4byte	.LFE6-.LFB6
 799 0040 00000000 		.4byte	.LFB7
 800 0044 04000000 		.4byte	.LFE7-.LFB7
ARM GAS  C:\Users\haske\AppData\Local\Temp\cck5bjXU.s 			page 18


 801 0048 00000000 		.4byte	.LFB8
 802 004c 04000000 		.4byte	.LFE8-.LFB8
 803 0050 00000000 		.4byte	.LFB9
 804 0054 04000000 		.4byte	.LFE9-.LFB9
 805 0058 00000000 		.4byte	.LFB10
 806 005c 04000000 		.4byte	.LFE10-.LFB10
 807 0060 00000000 		.4byte	.LFB11
 808 0064 04000000 		.4byte	.LFE11-.LFB11
 809 0068 00000000 		.4byte	0
 810 006c 00000000 		.4byte	0
 811              		.section	.debug_ranges,"",%progbits
 812              	.Ldebug_ranges0:
 813 0000 00000000 		.4byte	.LFB1
 814 0004 04000000 		.4byte	.LFE1
 815 0008 00000000 		.4byte	.LFB2
 816 000c 04000000 		.4byte	.LFE2
 817 0010 00000000 		.4byte	.LFB3
 818 0014 04000000 		.4byte	.LFE3
 819 0018 00000000 		.4byte	.LFB4
 820 001c 02000000 		.4byte	.LFE4
 821 0020 00000000 		.4byte	.LFB5
 822 0024 06000000 		.4byte	.LFE5
 823 0028 00000000 		.4byte	.LFB6
 824 002c 04000000 		.4byte	.LFE6
 825 0030 00000000 		.4byte	.LFB7
 826 0034 04000000 		.4byte	.LFE7
 827 0038 00000000 		.4byte	.LFB8
 828 003c 04000000 		.4byte	.LFE8
 829 0040 00000000 		.4byte	.LFB9
 830 0044 04000000 		.4byte	.LFE9
 831 0048 00000000 		.4byte	.LFB10
 832 004c 04000000 		.4byte	.LFE10
 833 0050 00000000 		.4byte	.LFB11
 834 0054 04000000 		.4byte	.LFE11
 835 0058 00000000 		.4byte	0
 836 005c 00000000 		.4byte	0
 837              		.section	.debug_line,"",%progbits
 838              	.Ldebug_line0:
 839 0000 F5010000 		.section	.debug_str,"MS",%progbits,1
 839      02003601 
 839      00000201 
 839      FB0E0D00 
 839      01010101 
 840              	.LASF3:
 841 0000 5F5F7569 		.ascii	"__uint8_t\000"
 841      6E74385F 
 841      7400
 842              	.LASF25:
 843 000a 73743737 		.ascii	"st7789_interface_spi_write_cmd\000"
 843      38395F69 
 843      6E746572 
 843      66616365 
 843      5F737069 
 844              	.LASF26:
 845 0029 73743737 		.ascii	"st7789_interface_cmd_data_gpio_write\000"
 845      38395F69 
 845      6E746572 
ARM GAS  C:\Users\haske\AppData\Local\Temp\cck5bjXU.s 			page 19


 845      66616365 
 845      5F636D64 
 846              	.LASF27:
 847 004e 76616C75 		.ascii	"value\000"
 847      6500
 848              	.LASF29:
 849 0054 73743737 		.ascii	"st7789_interface_reset_gpio_deinit\000"
 849      38395F69 
 849      6E746572 
 849      66616365 
 849      5F726573 
 850              	.LASF21:
 851 0077 73743737 		.ascii	"st7789_interface_delay_ms\000"
 851      38395F69 
 851      6E746572 
 851      66616365 
 851      5F64656C 
 852              	.LASF20:
 853 0091 73743737 		.ascii	"st7789_interface_spi_deinit\000"
 853      38395F69 
 853      6E746572 
 853      66616365 
 853      5F737069 
 854              	.LASF18:
 855 00ad 666C6F61 		.ascii	"float\000"
 855      7400
 856              	.LASF32:
 857 00b3 64726976 		.ascii	"driver_st7789_interface_template.c\000"
 857      65725F73 
 857      74373738 
 857      395F696E 
 857      74657266 
 858              	.LASF1:
 859 00d6 756E7369 		.ascii	"unsigned char\000"
 859      676E6564 
 859      20636861 
 859      7200
 860              	.LASF8:
 861 00e4 6C6F6E67 		.ascii	"long unsigned int\000"
 861      20756E73 
 861      69676E65 
 861      6420696E 
 861      7400
 862              	.LASF5:
 863 00f6 73686F72 		.ascii	"short unsigned int\000"
 863      7420756E 
 863      7369676E 
 863      65642069 
 863      6E7400
 864              	.LASF4:
 865 0109 5F5F7569 		.ascii	"__uint16_t\000"
 865      6E743136 
 865      5F7400
 866              	.LASF7:
 867 0114 5F5F7569 		.ascii	"__uint32_t\000"
 867      6E743332 
 867      5F7400
ARM GAS  C:\Users\haske\AppData\Local\Temp\cck5bjXU.s 			page 20


 868              	.LASF24:
 869 011f 73743737 		.ascii	"st7789_interface_cmd_data_gpio_deinit\000"
 869      38395F69 
 869      6E746572 
 869      66616365 
 869      5F636D64 
 870              	.LASF11:
 871 0145 756E7369 		.ascii	"unsigned int\000"
 871      676E6564 
 871      20696E74 
 871      00
 872              	.LASF23:
 873 0152 73743737 		.ascii	"st7789_interface_cmd_data_gpio_init\000"
 873      38395F69 
 873      6E746572 
 873      66616365 
 873      5F636D64 
 874              	.LASF10:
 875 0176 6C6F6E67 		.ascii	"long long unsigned int\000"
 875      206C6F6E 
 875      6720756E 
 875      7369676E 
 875      65642069 
 876              	.LASF12:
 877 018d 75696E74 		.ascii	"uint8_t\000"
 877      385F7400 
 878              	.LASF30:
 879 0195 73743737 		.ascii	"st7789_interface_reset_gpio_write\000"
 879      38395F69 
 879      6E746572 
 879      66616365 
 879      5F726573 
 880              	.LASF31:
 881 01b7 474E5520 		.ascii	"GNU C11 5.4.1 20160609 (release) [ARM/embedded-5-br"
 881      43313120 
 881      352E342E 
 881      31203230 
 881      31363036 
 882 01ea 616E6368 		.ascii	"anch revision 237715] -mcpu=cortex-m4 -mfloat-abi=s"
 882      20726576 
 882      6973696F 
 882      6E203233 
 882      37373135 
 883 021d 6F667466 		.ascii	"oftfp -mfpu=fpv4-sp-d16 -mthumb -g -Og -ffunction-s"
 883      70202D6D 
 883      6670753D 
 883      66707634 
 883      2D73702D 
 884 0250 65637469 		.ascii	"ections -ffat-lto-objects\000"
 884      6F6E7320 
 884      2D666661 
 884      742D6C74 
 884      6F2D6F62 
 885              	.LASF16:
 886 026a 73697A65 		.ascii	"sizetype\000"
 886      74797065 
 886      00
ARM GAS  C:\Users\haske\AppData\Local\Temp\cck5bjXU.s 			page 21


 887              	.LASF9:
 888 0273 6C6F6E67 		.ascii	"long long int\000"
 888      206C6F6E 
 888      6720696E 
 888      7400
 889              	.LASF19:
 890 0281 73743737 		.ascii	"st7789_interface_spi_init\000"
 890      38395F69 
 890      6E746572 
 890      66616365 
 890      5F737069 
 891              	.LASF17:
 892 029b 63686172 		.ascii	"char\000"
 892      00
 893              	.LASF33:
 894 02a0 433A5C50 		.ascii	"C:\\Projects\\PainDrain\\firmware\\PainDrain\\PainD"
 894      726F6A65 
 894      6374735C 
 894      5061696E 
 894      44726169 
 895 02ce 7261696E 		.ascii	"rain.cydsn\000"
 895      2E637964 
 895      736E00
 896              	.LASF2:
 897 02d9 73686F72 		.ascii	"short int\000"
 897      7420696E 
 897      7400
 898              	.LASF13:
 899 02e3 75696E74 		.ascii	"uint16_t\000"
 899      31365F74 
 899      00
 900              	.LASF22:
 901 02ec 73743737 		.ascii	"st7789_interface_debug_print\000"
 901      38395F69 
 901      6E746572 
 901      66616365 
 901      5F646562 
 902              	.LASF28:
 903 0309 73743737 		.ascii	"st7789_interface_reset_gpio_init\000"
 903      38395F69 
 903      6E746572 
 903      66616365 
 903      5F726573 
 904              	.LASF14:
 905 032a 75696E74 		.ascii	"uint32_t\000"
 905      33325F74 
 905      00
 906              	.LASF6:
 907 0333 6C6F6E67 		.ascii	"long int\000"
 907      20696E74 
 907      00
 908              	.LASF15:
 909 033c 6C6F6E67 		.ascii	"long double\000"
 909      20646F75 
 909      626C6500 
 910              	.LASF0:
 911 0348 7369676E 		.ascii	"signed char\000"
ARM GAS  C:\Users\haske\AppData\Local\Temp\cck5bjXU.s 			page 22


 911      65642063 
 911      68617200 
 912              		.ident	"GCC: (GNU Tools for ARM Embedded Processors) 5.4.1 20160609 (release) [ARM/embedded-5-bran
