ARM GAS  C:\Users\haske\AppData\Local\Temp\cc0MVYHq.s 			page 1


   1              		.syntax unified
   2              		.cpu cortex-m4
   3              		.eabi_attribute 27, 1
   4              		.fpu fpv4-sp-d16
   5              		.eabi_attribute 20, 1
   6              		.eabi_attribute 21, 1
   7              		.eabi_attribute 23, 3
   8              		.eabi_attribute 24, 1
   9              		.eabi_attribute 25, 1
  10              		.eabi_attribute 26, 1
  11              		.eabi_attribute 30, 1
  12              		.eabi_attribute 34, 1
  13              		.eabi_attribute 18, 4
  14              		.thumb
  15              		.syntax unified
  16              		.file	"lv_draw_vglite_arc.c"
  17              		.text
  18              	.Ltext0:
  19              		.cfi_sections	.debug_frame
  20              	.Letext0:
  21              		.section	.debug_info,"",%progbits
  22              	.Ldebug_info0:
  23 0000 60000000 		.4byte	0x60
  24 0004 0400     		.2byte	0x4
  25 0006 00000000 		.4byte	.Ldebug_abbrev0
  26 000a 04       		.byte	0x4
  27 000b 01       		.uleb128 0x1
  28 000c 98000000 		.4byte	.LASF9
  29 0010 0C       		.byte	0xc
  30 0011 62010000 		.4byte	.LASF10
  31 0015 1F000000 		.4byte	.LASF11
  32 0019 00000000 		.4byte	.Ldebug_line0
  33 001d 02       		.uleb128 0x2
  34 001e 01       		.byte	0x1
  35 001f 06       		.byte	0x6
  36 0020 58000000 		.4byte	.LASF0
  37 0024 02       		.uleb128 0x2
  38 0025 01       		.byte	0x1
  39 0026 08       		.byte	0x8
  40 0027 4B010000 		.4byte	.LASF1
  41 002b 02       		.uleb128 0x2
  42 002c 02       		.byte	0x2
  43 002d 05       		.byte	0x5
  44 002e 77000000 		.4byte	.LASF2
  45 0032 02       		.uleb128 0x2
  46 0033 02       		.byte	0x2
  47 0034 07       		.byte	0x7
  48 0035 64000000 		.4byte	.LASF3
  49 0039 02       		.uleb128 0x2
  50 003a 04       		.byte	0x4
  51 003b 05       		.byte	0x5
  52 003c 59010000 		.4byte	.LASF4
  53 0040 02       		.uleb128 0x2
  54 0041 04       		.byte	0x4
  55 0042 07       		.byte	0x7
  56 0043 0D000000 		.4byte	.LASF5
  57 0047 02       		.uleb128 0x2
ARM GAS  C:\Users\haske\AppData\Local\Temp\cc0MVYHq.s 			page 2


  58 0048 08       		.byte	0x8
  59 0049 05       		.byte	0x5
  60 004a BE010000 		.4byte	.LASF6
  61 004e 02       		.uleb128 0x2
  62 004f 08       		.byte	0x8
  63 0050 07       		.byte	0x7
  64 0051 81000000 		.4byte	.LASF7
  65 0055 03       		.uleb128 0x3
  66 0056 04       		.byte	0x4
  67 0057 05       		.byte	0x5
  68 0058 696E7400 		.ascii	"int\000"
  69 005c 02       		.uleb128 0x2
  70 005d 04       		.byte	0x4
  71 005e 07       		.byte	0x7
  72 005f 00000000 		.4byte	.LASF8
  73 0063 00       		.byte	0
  74              		.section	.debug_abbrev,"",%progbits
  75              	.Ldebug_abbrev0:
  76 0000 01       		.uleb128 0x1
  77 0001 11       		.uleb128 0x11
  78 0002 01       		.byte	0x1
  79 0003 25       		.uleb128 0x25
  80 0004 0E       		.uleb128 0xe
  81 0005 13       		.uleb128 0x13
  82 0006 0B       		.uleb128 0xb
  83 0007 03       		.uleb128 0x3
  84 0008 0E       		.uleb128 0xe
  85 0009 1B       		.uleb128 0x1b
  86 000a 0E       		.uleb128 0xe
  87 000b 10       		.uleb128 0x10
  88 000c 17       		.uleb128 0x17
  89 000d 00       		.byte	0
  90 000e 00       		.byte	0
  91 000f 02       		.uleb128 0x2
  92 0010 24       		.uleb128 0x24
  93 0011 00       		.byte	0
  94 0012 0B       		.uleb128 0xb
  95 0013 0B       		.uleb128 0xb
  96 0014 3E       		.uleb128 0x3e
  97 0015 0B       		.uleb128 0xb
  98 0016 03       		.uleb128 0x3
  99 0017 0E       		.uleb128 0xe
 100 0018 00       		.byte	0
 101 0019 00       		.byte	0
 102 001a 03       		.uleb128 0x3
 103 001b 24       		.uleb128 0x24
 104 001c 00       		.byte	0
 105 001d 0B       		.uleb128 0xb
 106 001e 0B       		.uleb128 0xb
 107 001f 3E       		.uleb128 0x3e
 108 0020 0B       		.uleb128 0xb
 109 0021 03       		.uleb128 0x3
 110 0022 08       		.uleb128 0x8
 111 0023 00       		.byte	0
 112 0024 00       		.byte	0
 113 0025 00       		.byte	0
 114              		.section	.debug_aranges,"",%progbits
ARM GAS  C:\Users\haske\AppData\Local\Temp\cc0MVYHq.s 			page 3


 115 0000 14000000 		.4byte	0x14
 116 0004 0200     		.2byte	0x2
 117 0006 00000000 		.4byte	.Ldebug_info0
 118 000a 04       		.byte	0x4
 119 000b 00       		.byte	0
 120 000c 0000     		.2byte	0
 121 000e 0000     		.2byte	0
 122 0010 00000000 		.4byte	0
 123 0014 00000000 		.4byte	0
 124              		.section	.debug_line,"",%progbits
 125              	.Ldebug_line0:
 126 0000 19000000 		.section	.debug_str,"MS",%progbits,1
 126      02001300 
 126      00000201 
 126      FB0E0D00 
 126      01010101 
 127              	.LASF8:
 128 0000 756E7369 		.ascii	"unsigned int\000"
 128      676E6564 
 128      20696E74 
 128      00
 129              	.LASF5:
 130 000d 6C6F6E67 		.ascii	"long unsigned int\000"
 130      20756E73 
 130      69676E65 
 130      6420696E 
 130      7400
 131              	.LASF11:
 132 001f 433A5C50 		.ascii	"C:\\Projects\\PainDrain\\firmware\\PainDrain\\PainD"
 132      726F6A65 
 132      6374735C 
 132      5061696E 
 132      44726169 
 133 004d 7261696E 		.ascii	"rain.cydsn\000"
 133      2E637964 
 133      736E00
 134              	.LASF0:
 135 0058 7369676E 		.ascii	"signed char\000"
 135      65642063 
 135      68617200 
 136              	.LASF3:
 137 0064 73686F72 		.ascii	"short unsigned int\000"
 137      7420756E 
 137      7369676E 
 137      65642069 
 137      6E7400
 138              	.LASF2:
 139 0077 73686F72 		.ascii	"short int\000"
 139      7420696E 
 139      7400
 140              	.LASF7:
 141 0081 6C6F6E67 		.ascii	"long long unsigned int\000"
 141      206C6F6E 
 141      6720756E 
 141      7369676E 
 141      65642069 
 142              	.LASF9:
ARM GAS  C:\Users\haske\AppData\Local\Temp\cc0MVYHq.s 			page 4


 143 0098 474E5520 		.ascii	"GNU C11 5.4.1 20160609 (release) [ARM/embedded-5-br"
 143      43313120 
 143      352E342E 
 143      31203230 
 143      31363036 
 144 00cb 616E6368 		.ascii	"anch revision 237715] -mcpu=cortex-m4 -mfloat-abi=s"
 144      20726576 
 144      6973696F 
 144      6E203233 
 144      37373135 
 145 00fe 6F667466 		.ascii	"oftfp -mfpu=fpv4-sp-d16 -mthumb -g -Og -ffunction-s"
 145      70202D6D 
 145      6670753D 
 145      66707634 
 145      2D73702D 
 146 0131 65637469 		.ascii	"ections -ffat-lto-objects\000"
 146      6F6E7320 
 146      2D666661 
 146      742D6C74 
 146      6F2D6F62 
 147              	.LASF1:
 148 014b 756E7369 		.ascii	"unsigned char\000"
 148      676E6564 
 148      20636861 
 148      7200
 149              	.LASF4:
 150 0159 6C6F6E67 		.ascii	"long int\000"
 150      20696E74 
 150      00
 151              	.LASF10:
 152 0162 2E2E5C2E 		.ascii	"..\\..\\..\\arduinoLCD\\test\\Pain Drain\\libraries"
 152      2E5C2E2E 
 152      5C617264 
 152      75696E6F 
 152      4C43445C 
 153 018f 5C6C7667 		.ascii	"\\lvgl\\src\\draw\\nxp\\vglite\\lv_draw_vglite_arc."
 153      6C5C7372 
 153      635C6472 
 153      61775C6E 
 153      78705C76 
 154 01bc 6300     		.ascii	"c\000"
 155              	.LASF6:
 156 01be 6C6F6E67 		.ascii	"long long int\000"
 156      206C6F6E 
 156      6720696E 
 156      7400
 157              		.ident	"GCC: (GNU Tools for ARM Embedded Processors) 5.4.1 20160609 (release) [ARM/embedded-5-bran
