ARM GAS  C:\Users\haske\AppData\Local\Temp\ccGN35Hn.s 			page 1


   1              		.syntax unified
   2              		.cpu cortex-m4
   3              		.eabi_attribute 27, 1
   4              		.fpu fpv4-sp-d16
   5              		.eabi_attribute 20, 1
   6              		.eabi_attribute 21, 1
   7              		.eabi_attribute 23, 3
   8              		.eabi_attribute 24, 1
   9              		.eabi_attribute 25, 1
  10              		.eabi_attribute 26, 1
  11              		.eabi_attribute 30, 1
  12              		.eabi_attribute 34, 1
  13              		.eabi_attribute 18, 4
  14              		.thumb
  15              		.syntax unified
  16              		.file	"lv_draw_sw_dither.c"
  17              		.text
  18              	.Ltext0:
  19              		.cfi_sections	.debug_frame
  20              	.Letext0:
  21              		.file 1 "c:\\program files (x86)\\cypress\\psoc creator\\4.4\\psoc creator\\import\\gnu\\arm\\5.4.
  22              		.file 2 "c:\\program files (x86)\\cypress\\psoc creator\\4.4\\psoc creator\\import\\gnu\\arm\\5.4.
  23              		.file 3 "c:\\projects\\paindrain\\arduinolcd\\test\\pain drain\\libraries\\lvgl\\src\\misc\\lv_are
  24              		.file 4 "c:\\projects\\paindrain\\arduinolcd\\test\\pain drain\\libraries\\lvgl\\src\\font\\lv_fon
  25              		.section	.debug_info,"",%progbits
  26              	.Ldebug_info0:
  27 0000 75020000 		.4byte	0x275
  28 0004 0400     		.2byte	0x4
  29 0006 00000000 		.4byte	.Ldebug_abbrev0
  30 000a 04       		.byte	0x4
  31 000b 01       		.uleb128 0x1
  32 000c B9010000 		.4byte	.LASF42
  33 0010 0C       		.byte	0xc
  34 0011 B3000000 		.4byte	.LASF43
  35 0015 97020000 		.4byte	.LASF44
  36 0019 00000000 		.4byte	.Ldebug_line0
  37 001d 02       		.uleb128 0x2
  38 001e 0B000000 		.4byte	.LASF0
  39 0022 01       		.byte	0x1
  40 0023 1B       		.byte	0x1b
  41 0024 28000000 		.4byte	0x28
  42 0028 03       		.uleb128 0x3
  43 0029 01       		.byte	0x1
  44 002a 06       		.byte	0x6
  45 002b 16030000 		.4byte	.LASF2
  46 002f 02       		.uleb128 0x2
  47 0030 14000000 		.4byte	.LASF1
  48 0034 01       		.byte	0x1
  49 0035 1D       		.byte	0x1d
  50 0036 3A000000 		.4byte	0x3a
  51 003a 03       		.uleb128 0x3
  52 003b 01       		.byte	0x1
  53 003c 08       		.byte	0x8
  54 003d A5000000 		.4byte	.LASF3
  55 0041 02       		.uleb128 0x2
  56 0042 1E000000 		.4byte	.LASF4
  57 0046 01       		.byte	0x1
ARM GAS  C:\Users\haske\AppData\Local\Temp\ccGN35Hn.s 			page 2


  58 0047 29       		.byte	0x29
  59 0048 4C000000 		.4byte	0x4c
  60 004c 03       		.uleb128 0x3
  61 004d 02       		.byte	0x2
  62 004e 05       		.byte	0x5
  63 004f DA020000 		.4byte	.LASF5
  64 0053 02       		.uleb128 0x2
  65 0054 56010000 		.4byte	.LASF6
  66 0058 01       		.byte	0x1
  67 0059 2B       		.byte	0x2b
  68 005a 5E000000 		.4byte	0x5e
  69 005e 03       		.uleb128 0x3
  70 005f 02       		.byte	0x2
  71 0060 07       		.byte	0x7
  72 0061 18010000 		.4byte	.LASF7
  73 0065 03       		.uleb128 0x3
  74 0066 04       		.byte	0x4
  75 0067 05       		.byte	0x5
  76 0068 4B000000 		.4byte	.LASF8
  77 006c 02       		.uleb128 0x2
  78 006d 6F010000 		.4byte	.LASF9
  79 0071 01       		.byte	0x1
  80 0072 41       		.byte	0x41
  81 0073 77000000 		.4byte	0x77
  82 0077 03       		.uleb128 0x3
  83 0078 04       		.byte	0x4
  84 0079 07       		.byte	0x7
  85 007a 06010000 		.4byte	.LASF10
  86 007e 03       		.uleb128 0x3
  87 007f 08       		.byte	0x8
  88 0080 05       		.byte	0x5
  89 0081 84020000 		.4byte	.LASF11
  90 0085 03       		.uleb128 0x3
  91 0086 08       		.byte	0x8
  92 0087 07       		.byte	0x7
  93 0088 86010000 		.4byte	.LASF12
  94 008c 04       		.uleb128 0x4
  95 008d 04       		.byte	0x4
  96 008e 05       		.byte	0x5
  97 008f 696E7400 		.ascii	"int\000"
  98 0093 03       		.uleb128 0x3
  99 0094 04       		.byte	0x4
 100 0095 07       		.byte	0x7
 101 0096 67000000 		.4byte	.LASF13
 102 009a 02       		.uleb128 0x2
 103 009b 80000000 		.4byte	.LASF14
 104 009f 02       		.byte	0x2
 105 00a0 14       		.byte	0x14
 106 00a1 1D000000 		.4byte	0x1d
 107 00a5 02       		.uleb128 0x2
 108 00a6 9D010000 		.4byte	.LASF15
 109 00aa 02       		.byte	0x2
 110 00ab 18       		.byte	0x18
 111 00ac 2F000000 		.4byte	0x2f
 112 00b0 02       		.uleb128 0x2
 113 00b1 B1010000 		.4byte	.LASF16
 114 00b5 02       		.byte	0x2
ARM GAS  C:\Users\haske\AppData\Local\Temp\ccGN35Hn.s 			page 3


 115 00b6 20       		.byte	0x20
 116 00b7 41000000 		.4byte	0x41
 117 00bb 02       		.uleb128 0x2
 118 00bc E4020000 		.4byte	.LASF17
 119 00c0 02       		.byte	0x2
 120 00c1 24       		.byte	0x24
 121 00c2 53000000 		.4byte	0x53
 122 00c6 02       		.uleb128 0x2
 123 00c7 ED020000 		.4byte	.LASF18
 124 00cb 02       		.byte	0x2
 125 00cc 30       		.byte	0x30
 126 00cd 6C000000 		.4byte	0x6c
 127 00d1 02       		.uleb128 0x2
 128 00d2 00000000 		.4byte	.LASF19
 129 00d6 03       		.byte	0x3
 130 00d7 1B       		.byte	0x1b
 131 00d8 B0000000 		.4byte	0xb0
 132 00dc 05       		.uleb128 0x5
 133 00dd 04       		.byte	0x4
 134 00de 03       		.uleb128 0x3
 135 00df 08       		.byte	0x8
 136 00e0 04       		.byte	0x4
 137 00e1 0A030000 		.4byte	.LASF20
 138 00e5 03       		.uleb128 0x3
 139 00e6 04       		.byte	0x4
 140 00e7 07       		.byte	0x7
 141 00e8 72020000 		.4byte	.LASF21
 142 00ec 03       		.uleb128 0x3
 143 00ed 01       		.byte	0x1
 144 00ee 08       		.byte	0x8
 145 00ef 92020000 		.4byte	.LASF22
 146 00f3 06       		.uleb128 0x6
 147 00f4 10       		.byte	0x10
 148 00f5 04       		.byte	0x4
 149 00f6 29       		.byte	0x29
 150 00f7 62010000 		.4byte	0x162
 151 00fb 07       		.uleb128 0x7
 152 00fc 32000000 		.4byte	.LASF23
 153 0100 04       		.byte	0x4
 154 0101 2B       		.byte	0x2b
 155 0102 EA010000 		.4byte	0x1ea
 156 0106 00       		.byte	0
 157 0107 07       		.uleb128 0x7
 158 0108 74000000 		.4byte	.LASF24
 159 010c 04       		.byte	0x4
 160 010d 2C       		.byte	0x2c
 161 010e BB000000 		.4byte	0xbb
 162 0112 04       		.byte	0x4
 163 0113 07       		.uleb128 0x7
 164 0114 50010000 		.4byte	.LASF25
 165 0118 04       		.byte	0x4
 166 0119 2D       		.byte	0x2d
 167 011a BB000000 		.4byte	0xbb
 168 011e 06       		.byte	0x6
 169 011f 07       		.uleb128 0x7
 170 0120 7A000000 		.4byte	.LASF26
 171 0124 04       		.byte	0x4
ARM GAS  C:\Users\haske\AppData\Local\Temp\ccGN35Hn.s 			page 4


 172 0125 2E       		.byte	0x2e
 173 0126 BB000000 		.4byte	0xbb
 174 012a 08       		.byte	0x8
 175 012b 07       		.uleb128 0x7
 176 012c 7A010000 		.4byte	.LASF27
 177 0130 04       		.byte	0x4
 178 0131 2F       		.byte	0x2f
 179 0132 B0000000 		.4byte	0xb0
 180 0136 0A       		.byte	0xa
 181 0137 07       		.uleb128 0x7
 182 0138 80010000 		.4byte	.LASF28
 183 013c 04       		.byte	0x4
 184 013d 30       		.byte	0x30
 185 013e B0000000 		.4byte	0xb0
 186 0142 0C       		.byte	0xc
 187 0143 08       		.uleb128 0x8
 188 0144 62707000 		.ascii	"bpp\000"
 189 0148 04       		.byte	0x4
 190 0149 31       		.byte	0x31
 191 014a A5000000 		.4byte	0xa5
 192 014e 01       		.byte	0x1
 193 014f 04       		.byte	0x4
 194 0150 04       		.byte	0x4
 195 0151 0E       		.byte	0xe
 196 0152 09       		.uleb128 0x9
 197 0153 41010000 		.4byte	.LASF29
 198 0157 04       		.byte	0x4
 199 0158 32       		.byte	0x32
 200 0159 A5000000 		.4byte	0xa5
 201 015d 01       		.byte	0x1
 202 015e 01       		.byte	0x1
 203 015f 03       		.byte	0x3
 204 0160 0E       		.byte	0xe
 205 0161 00       		.byte	0
 206 0162 0A       		.uleb128 0xa
 207 0163 40000000 		.4byte	.LASF45
 208 0167 1C       		.byte	0x1c
 209 0168 04       		.byte	0x4
 210 0169 40       		.byte	0x40
 211 016a EA010000 		.4byte	0x1ea
 212 016e 07       		.uleb128 0x7
 213 016f 61010000 		.4byte	.LASF30
 214 0173 04       		.byte	0x4
 215 0174 42       		.byte	0x42
 216 0175 2B020000 		.4byte	0x22b
 217 0179 00       		.byte	0
 218 017a 07       		.uleb128 0x7
 219 017b 22030000 		.4byte	.LASF31
 220 017f 04       		.byte	0x4
 221 0180 45       		.byte	0x45
 222 0181 50020000 		.4byte	0x250
 223 0185 04       		.byte	0x4
 224 0186 07       		.uleb128 0x7
 225 0187 A5010000 		.4byte	.LASF32
 226 018b 04       		.byte	0x4
 227 018c 48       		.byte	0x48
 228 018d D1000000 		.4byte	0xd1
ARM GAS  C:\Users\haske\AppData\Local\Temp\ccGN35Hn.s 			page 5


 229 0191 08       		.byte	0x8
 230 0192 07       		.uleb128 0x7
 231 0193 D0020000 		.4byte	.LASF33
 232 0197 04       		.byte	0x4
 233 0198 49       		.byte	0x49
 234 0199 D1000000 		.4byte	0xd1
 235 019d 0A       		.byte	0xa
 236 019e 09       		.uleb128 0x9
 237 019f 6C020000 		.4byte	.LASF34
 238 01a3 04       		.byte	0x4
 239 01a4 4A       		.byte	0x4a
 240 01a5 A5000000 		.4byte	0xa5
 241 01a9 01       		.byte	0x1
 242 01aa 02       		.byte	0x2
 243 01ab 06       		.byte	0x6
 244 01ac 0C       		.byte	0xc
 245 01ad 07       		.uleb128 0x7
 246 01ae 54000000 		.4byte	.LASF35
 247 01b2 04       		.byte	0x4
 248 01b3 4C       		.byte	0x4c
 249 01b4 9A000000 		.4byte	0x9a
 250 01b8 0D       		.byte	0xd
 251 01b9 07       		.uleb128 0x7
 252 01ba 87000000 		.4byte	.LASF36
 253 01be 04       		.byte	0x4
 254 01bf 4D       		.byte	0x4d
 255 01c0 9A000000 		.4byte	0x9a
 256 01c4 0E       		.byte	0xe
 257 01c5 0B       		.uleb128 0xb
 258 01c6 64736300 		.ascii	"dsc\000"
 259 01ca 04       		.byte	0x4
 260 01cb 4F       		.byte	0x4f
 261 01cc 56020000 		.4byte	0x256
 262 01d0 10       		.byte	0x10
 263 01d1 07       		.uleb128 0x7
 264 01d2 7B020000 		.4byte	.LASF37
 265 01d6 04       		.byte	0x4
 266 01d7 50       		.byte	0x50
 267 01d8 EA010000 		.4byte	0x1ea
 268 01dc 14       		.byte	0x14
 269 01dd 07       		.uleb128 0x7
 270 01de 9B000000 		.4byte	.LASF38
 271 01e2 04       		.byte	0x4
 272 01e3 52       		.byte	0x52
 273 01e4 DC000000 		.4byte	0xdc
 274 01e8 18       		.byte	0x18
 275 01e9 00       		.byte	0
 276 01ea 0C       		.uleb128 0xc
 277 01eb 04       		.byte	0x4
 278 01ec F0010000 		.4byte	0x1f0
 279 01f0 0D       		.uleb128 0xd
 280 01f1 62010000 		.4byte	0x162
 281 01f5 02       		.uleb128 0x2
 282 01f6 F6020000 		.4byte	.LASF39
 283 01fa 04       		.byte	0x4
 284 01fb 33       		.byte	0x33
 285 01fc F3000000 		.4byte	0xf3
ARM GAS  C:\Users\haske\AppData\Local\Temp\ccGN35Hn.s 			page 6


 286 0200 0E       		.uleb128 0xe
 287 0201 1E020000 		.4byte	0x21e
 288 0205 1E020000 		.4byte	0x21e
 289 0209 0F       		.uleb128 0xf
 290 020a EA010000 		.4byte	0x1ea
 291 020e 0F       		.uleb128 0xf
 292 020f 25020000 		.4byte	0x225
 293 0213 0F       		.uleb128 0xf
 294 0214 C6000000 		.4byte	0xc6
 295 0218 0F       		.uleb128 0xf
 296 0219 C6000000 		.4byte	0xc6
 297 021d 00       		.byte	0
 298 021e 03       		.uleb128 0x3
 299 021f 01       		.byte	0x1
 300 0220 02       		.byte	0x2
 301 0221 33030000 		.4byte	.LASF40
 302 0225 0C       		.uleb128 0xc
 303 0226 04       		.byte	0x4
 304 0227 F5010000 		.4byte	0x1f5
 305 022b 0C       		.uleb128 0xc
 306 022c 04       		.byte	0x4
 307 022d 00020000 		.4byte	0x200
 308 0231 0E       		.uleb128 0xe
 309 0232 45020000 		.4byte	0x245
 310 0236 45020000 		.4byte	0x245
 311 023a 0F       		.uleb128 0xf
 312 023b EA010000 		.4byte	0x1ea
 313 023f 0F       		.uleb128 0xf
 314 0240 C6000000 		.4byte	0xc6
 315 0244 00       		.byte	0
 316 0245 0C       		.uleb128 0xc
 317 0246 04       		.byte	0x4
 318 0247 4B020000 		.4byte	0x24b
 319 024b 0D       		.uleb128 0xd
 320 024c A5000000 		.4byte	0xa5
 321 0250 0C       		.uleb128 0xc
 322 0251 04       		.byte	0x4
 323 0252 31020000 		.4byte	0x231
 324 0256 0C       		.uleb128 0xc
 325 0257 04       		.byte	0x4
 326 0258 5C020000 		.4byte	0x25c
 327 025c 10       		.uleb128 0x10
 328 025d 02       		.uleb128 0x2
 329 025e 28000000 		.4byte	.LASF41
 330 0262 04       		.byte	0x4
 331 0263 54       		.byte	0x54
 332 0264 62010000 		.4byte	0x162
 333 0268 11       		.uleb128 0x11
 334 0269 2B010000 		.4byte	.LASF46
 335 026d 04       		.byte	0x4
 336 026e 94       		.byte	0x94
 337 026f 73020000 		.4byte	0x273
 338 0273 0D       		.uleb128 0xd
 339 0274 5D020000 		.4byte	0x25d
 340 0278 00       		.byte	0
 341              		.section	.debug_abbrev,"",%progbits
 342              	.Ldebug_abbrev0:
ARM GAS  C:\Users\haske\AppData\Local\Temp\ccGN35Hn.s 			page 7


 343 0000 01       		.uleb128 0x1
 344 0001 11       		.uleb128 0x11
 345 0002 01       		.byte	0x1
 346 0003 25       		.uleb128 0x25
 347 0004 0E       		.uleb128 0xe
 348 0005 13       		.uleb128 0x13
 349 0006 0B       		.uleb128 0xb
 350 0007 03       		.uleb128 0x3
 351 0008 0E       		.uleb128 0xe
 352 0009 1B       		.uleb128 0x1b
 353 000a 0E       		.uleb128 0xe
 354 000b 10       		.uleb128 0x10
 355 000c 17       		.uleb128 0x17
 356 000d 00       		.byte	0
 357 000e 00       		.byte	0
 358 000f 02       		.uleb128 0x2
 359 0010 16       		.uleb128 0x16
 360 0011 00       		.byte	0
 361 0012 03       		.uleb128 0x3
 362 0013 0E       		.uleb128 0xe
 363 0014 3A       		.uleb128 0x3a
 364 0015 0B       		.uleb128 0xb
 365 0016 3B       		.uleb128 0x3b
 366 0017 0B       		.uleb128 0xb
 367 0018 49       		.uleb128 0x49
 368 0019 13       		.uleb128 0x13
 369 001a 00       		.byte	0
 370 001b 00       		.byte	0
 371 001c 03       		.uleb128 0x3
 372 001d 24       		.uleb128 0x24
 373 001e 00       		.byte	0
 374 001f 0B       		.uleb128 0xb
 375 0020 0B       		.uleb128 0xb
 376 0021 3E       		.uleb128 0x3e
 377 0022 0B       		.uleb128 0xb
 378 0023 03       		.uleb128 0x3
 379 0024 0E       		.uleb128 0xe
 380 0025 00       		.byte	0
 381 0026 00       		.byte	0
 382 0027 04       		.uleb128 0x4
 383 0028 24       		.uleb128 0x24
 384 0029 00       		.byte	0
 385 002a 0B       		.uleb128 0xb
 386 002b 0B       		.uleb128 0xb
 387 002c 3E       		.uleb128 0x3e
 388 002d 0B       		.uleb128 0xb
 389 002e 03       		.uleb128 0x3
 390 002f 08       		.uleb128 0x8
 391 0030 00       		.byte	0
 392 0031 00       		.byte	0
 393 0032 05       		.uleb128 0x5
 394 0033 0F       		.uleb128 0xf
 395 0034 00       		.byte	0
 396 0035 0B       		.uleb128 0xb
 397 0036 0B       		.uleb128 0xb
 398 0037 00       		.byte	0
 399 0038 00       		.byte	0
ARM GAS  C:\Users\haske\AppData\Local\Temp\ccGN35Hn.s 			page 8


 400 0039 06       		.uleb128 0x6
 401 003a 13       		.uleb128 0x13
 402 003b 01       		.byte	0x1
 403 003c 0B       		.uleb128 0xb
 404 003d 0B       		.uleb128 0xb
 405 003e 3A       		.uleb128 0x3a
 406 003f 0B       		.uleb128 0xb
 407 0040 3B       		.uleb128 0x3b
 408 0041 0B       		.uleb128 0xb
 409 0042 01       		.uleb128 0x1
 410 0043 13       		.uleb128 0x13
 411 0044 00       		.byte	0
 412 0045 00       		.byte	0
 413 0046 07       		.uleb128 0x7
 414 0047 0D       		.uleb128 0xd
 415 0048 00       		.byte	0
 416 0049 03       		.uleb128 0x3
 417 004a 0E       		.uleb128 0xe
 418 004b 3A       		.uleb128 0x3a
 419 004c 0B       		.uleb128 0xb
 420 004d 3B       		.uleb128 0x3b
 421 004e 0B       		.uleb128 0xb
 422 004f 49       		.uleb128 0x49
 423 0050 13       		.uleb128 0x13
 424 0051 38       		.uleb128 0x38
 425 0052 0B       		.uleb128 0xb
 426 0053 00       		.byte	0
 427 0054 00       		.byte	0
 428 0055 08       		.uleb128 0x8
 429 0056 0D       		.uleb128 0xd
 430 0057 00       		.byte	0
 431 0058 03       		.uleb128 0x3
 432 0059 08       		.uleb128 0x8
 433 005a 3A       		.uleb128 0x3a
 434 005b 0B       		.uleb128 0xb
 435 005c 3B       		.uleb128 0x3b
 436 005d 0B       		.uleb128 0xb
 437 005e 49       		.uleb128 0x49
 438 005f 13       		.uleb128 0x13
 439 0060 0B       		.uleb128 0xb
 440 0061 0B       		.uleb128 0xb
 441 0062 0D       		.uleb128 0xd
 442 0063 0B       		.uleb128 0xb
 443 0064 0C       		.uleb128 0xc
 444 0065 0B       		.uleb128 0xb
 445 0066 38       		.uleb128 0x38
 446 0067 0B       		.uleb128 0xb
 447 0068 00       		.byte	0
 448 0069 00       		.byte	0
 449 006a 09       		.uleb128 0x9
 450 006b 0D       		.uleb128 0xd
 451 006c 00       		.byte	0
 452 006d 03       		.uleb128 0x3
 453 006e 0E       		.uleb128 0xe
 454 006f 3A       		.uleb128 0x3a
 455 0070 0B       		.uleb128 0xb
 456 0071 3B       		.uleb128 0x3b
ARM GAS  C:\Users\haske\AppData\Local\Temp\ccGN35Hn.s 			page 9


 457 0072 0B       		.uleb128 0xb
 458 0073 49       		.uleb128 0x49
 459 0074 13       		.uleb128 0x13
 460 0075 0B       		.uleb128 0xb
 461 0076 0B       		.uleb128 0xb
 462 0077 0D       		.uleb128 0xd
 463 0078 0B       		.uleb128 0xb
 464 0079 0C       		.uleb128 0xc
 465 007a 0B       		.uleb128 0xb
 466 007b 38       		.uleb128 0x38
 467 007c 0B       		.uleb128 0xb
 468 007d 00       		.byte	0
 469 007e 00       		.byte	0
 470 007f 0A       		.uleb128 0xa
 471 0080 13       		.uleb128 0x13
 472 0081 01       		.byte	0x1
 473 0082 03       		.uleb128 0x3
 474 0083 0E       		.uleb128 0xe
 475 0084 0B       		.uleb128 0xb
 476 0085 0B       		.uleb128 0xb
 477 0086 3A       		.uleb128 0x3a
 478 0087 0B       		.uleb128 0xb
 479 0088 3B       		.uleb128 0x3b
 480 0089 0B       		.uleb128 0xb
 481 008a 01       		.uleb128 0x1
 482 008b 13       		.uleb128 0x13
 483 008c 00       		.byte	0
 484 008d 00       		.byte	0
 485 008e 0B       		.uleb128 0xb
 486 008f 0D       		.uleb128 0xd
 487 0090 00       		.byte	0
 488 0091 03       		.uleb128 0x3
 489 0092 08       		.uleb128 0x8
 490 0093 3A       		.uleb128 0x3a
 491 0094 0B       		.uleb128 0xb
 492 0095 3B       		.uleb128 0x3b
 493 0096 0B       		.uleb128 0xb
 494 0097 49       		.uleb128 0x49
 495 0098 13       		.uleb128 0x13
 496 0099 38       		.uleb128 0x38
 497 009a 0B       		.uleb128 0xb
 498 009b 00       		.byte	0
 499 009c 00       		.byte	0
 500 009d 0C       		.uleb128 0xc
 501 009e 0F       		.uleb128 0xf
 502 009f 00       		.byte	0
 503 00a0 0B       		.uleb128 0xb
 504 00a1 0B       		.uleb128 0xb
 505 00a2 49       		.uleb128 0x49
 506 00a3 13       		.uleb128 0x13
 507 00a4 00       		.byte	0
 508 00a5 00       		.byte	0
 509 00a6 0D       		.uleb128 0xd
 510 00a7 26       		.uleb128 0x26
 511 00a8 00       		.byte	0
 512 00a9 49       		.uleb128 0x49
 513 00aa 13       		.uleb128 0x13
ARM GAS  C:\Users\haske\AppData\Local\Temp\ccGN35Hn.s 			page 10


 514 00ab 00       		.byte	0
 515 00ac 00       		.byte	0
 516 00ad 0E       		.uleb128 0xe
 517 00ae 15       		.uleb128 0x15
 518 00af 01       		.byte	0x1
 519 00b0 27       		.uleb128 0x27
 520 00b1 19       		.uleb128 0x19
 521 00b2 49       		.uleb128 0x49
 522 00b3 13       		.uleb128 0x13
 523 00b4 01       		.uleb128 0x1
 524 00b5 13       		.uleb128 0x13
 525 00b6 00       		.byte	0
 526 00b7 00       		.byte	0
 527 00b8 0F       		.uleb128 0xf
 528 00b9 05       		.uleb128 0x5
 529 00ba 00       		.byte	0
 530 00bb 49       		.uleb128 0x49
 531 00bc 13       		.uleb128 0x13
 532 00bd 00       		.byte	0
 533 00be 00       		.byte	0
 534 00bf 10       		.uleb128 0x10
 535 00c0 26       		.uleb128 0x26
 536 00c1 00       		.byte	0
 537 00c2 00       		.byte	0
 538 00c3 00       		.byte	0
 539 00c4 11       		.uleb128 0x11
 540 00c5 34       		.uleb128 0x34
 541 00c6 00       		.byte	0
 542 00c7 03       		.uleb128 0x3
 543 00c8 0E       		.uleb128 0xe
 544 00c9 3A       		.uleb128 0x3a
 545 00ca 0B       		.uleb128 0xb
 546 00cb 3B       		.uleb128 0x3b
 547 00cc 0B       		.uleb128 0xb
 548 00cd 49       		.uleb128 0x49
 549 00ce 13       		.uleb128 0x13
 550 00cf 3F       		.uleb128 0x3f
 551 00d0 19       		.uleb128 0x19
 552 00d1 3C       		.uleb128 0x3c
 553 00d2 19       		.uleb128 0x19
 554 00d3 00       		.byte	0
 555 00d4 00       		.byte	0
 556 00d5 00       		.byte	0
 557              		.section	.debug_aranges,"",%progbits
 558 0000 14000000 		.4byte	0x14
 559 0004 0200     		.2byte	0x2
 560 0006 00000000 		.4byte	.Ldebug_info0
 561 000a 04       		.byte	0x4
 562 000b 00       		.byte	0
 563 000c 0000     		.2byte	0
 564 000e 0000     		.2byte	0
 565 0010 00000000 		.4byte	0
 566 0014 00000000 		.4byte	0
 567              		.section	.debug_line,"",%progbits
 568              	.Ldebug_line0:
 569 0000 C2010000 		.section	.debug_str,"MS",%progbits,1
 569      0200BC01 
ARM GAS  C:\Users\haske\AppData\Local\Temp\ccGN35Hn.s 			page 11


 569      00000201 
 569      FB0E0D00 
 569      01010101 
 570              	.LASF19:
 571 0000 6C765F63 		.ascii	"lv_coord_t\000"
 571      6F6F7264 
 571      5F7400
 572              	.LASF0:
 573 000b 5F5F696E 		.ascii	"__int8_t\000"
 573      74385F74 
 573      00
 574              	.LASF1:
 575 0014 5F5F7569 		.ascii	"__uint8_t\000"
 575      6E74385F 
 575      7400
 576              	.LASF4:
 577 001e 5F5F696E 		.ascii	"__int16_t\000"
 577      7431365F 
 577      7400
 578              	.LASF41:
 579 0028 6C765F66 		.ascii	"lv_font_t\000"
 579      6F6E745F 
 579      7400
 580              	.LASF23:
 581 0032 7265736F 		.ascii	"resolved_font\000"
 581      6C766564 
 581      5F666F6E 
 581      7400
 582              	.LASF45:
 583 0040 5F6C765F 		.ascii	"_lv_font_t\000"
 583      666F6E74 
 583      5F7400
 584              	.LASF8:
 585 004b 6C6F6E67 		.ascii	"long int\000"
 585      20696E74 
 585      00
 586              	.LASF35:
 587 0054 756E6465 		.ascii	"underline_position\000"
 587      726C696E 
 587      655F706F 
 587      73697469 
 587      6F6E00
 588              	.LASF13:
 589 0067 756E7369 		.ascii	"unsigned int\000"
 589      676E6564 
 589      20696E74 
 589      00
 590              	.LASF24:
 591 0074 6164765F 		.ascii	"adv_w\000"
 591      7700
 592              	.LASF26:
 593 007a 626F785F 		.ascii	"box_h\000"
 593      6800
 594              	.LASF14:
 595 0080 696E7438 		.ascii	"int8_t\000"
 595      5F7400
 596              	.LASF36:
ARM GAS  C:\Users\haske\AppData\Local\Temp\ccGN35Hn.s 			page 12


 597 0087 756E6465 		.ascii	"underline_thickness\000"
 597      726C696E 
 597      655F7468 
 597      69636B6E 
 597      65737300 
 598              	.LASF38:
 599 009b 75736572 		.ascii	"user_data\000"
 599      5F646174 
 599      6100
 600              	.LASF3:
 601 00a5 756E7369 		.ascii	"unsigned char\000"
 601      676E6564 
 601      20636861 
 601      7200
 602              	.LASF43:
 603 00b3 2E2E5C2E 		.ascii	"..\\..\\..\\arduinoLCD\\test\\Pain Drain\\libraries"
 603      2E5C2E2E 
 603      5C617264 
 603      75696E6F 
 603      4C43445C 
 604 00e0 5C6C7667 		.ascii	"\\lvgl\\src\\draw\\sw\\lv_draw_sw_dither.c\000"
 604      6C5C7372 
 604      635C6472 
 604      61775C73 
 604      775C6C76 
 605              	.LASF10:
 606 0106 6C6F6E67 		.ascii	"long unsigned int\000"
 606      20756E73 
 606      69676E65 
 606      6420696E 
 606      7400
 607              	.LASF7:
 608 0118 73686F72 		.ascii	"short unsigned int\000"
 608      7420756E 
 608      7369676E 
 608      65642069 
 608      6E7400
 609              	.LASF46:
 610 012b 6C765F66 		.ascii	"lv_font_montserrat_14\000"
 610      6F6E745F 
 610      6D6F6E74 
 610      73657272 
 610      61745F31 
 611              	.LASF29:
 612 0141 69735F70 		.ascii	"is_placeholder\000"
 612      6C616365 
 612      686F6C64 
 612      657200
 613              	.LASF25:
 614 0150 626F785F 		.ascii	"box_w\000"
 614      7700
 615              	.LASF6:
 616 0156 5F5F7569 		.ascii	"__uint16_t\000"
 616      6E743136 
 616      5F7400
 617              	.LASF30:
 618 0161 6765745F 		.ascii	"get_glyph_dsc\000"
ARM GAS  C:\Users\haske\AppData\Local\Temp\ccGN35Hn.s 			page 13


 618      676C7970 
 618      685F6473 
 618      6300
 619              	.LASF9:
 620 016f 5F5F7569 		.ascii	"__uint32_t\000"
 620      6E743332 
 620      5F7400
 621              	.LASF27:
 622 017a 6F66735F 		.ascii	"ofs_x\000"
 622      7800
 623              	.LASF28:
 624 0180 6F66735F 		.ascii	"ofs_y\000"
 624      7900
 625              	.LASF12:
 626 0186 6C6F6E67 		.ascii	"long long unsigned int\000"
 626      206C6F6E 
 626      6720756E 
 626      7369676E 
 626      65642069 
 627              	.LASF15:
 628 019d 75696E74 		.ascii	"uint8_t\000"
 628      385F7400 
 629              	.LASF32:
 630 01a5 6C696E65 		.ascii	"line_height\000"
 630      5F686569 
 630      67687400 
 631              	.LASF16:
 632 01b1 696E7431 		.ascii	"int16_t\000"
 632      365F7400 
 633              	.LASF42:
 634 01b9 474E5520 		.ascii	"GNU C11 5.4.1 20160609 (release) [ARM/embedded-5-br"
 634      43313120 
 634      352E342E 
 634      31203230 
 634      31363036 
 635 01ec 616E6368 		.ascii	"anch revision 237715] -mcpu=cortex-m4 -mfloat-abi=s"
 635      20726576 
 635      6973696F 
 635      6E203233 
 635      37373135 
 636 021f 6F667466 		.ascii	"oftfp -mfpu=fpv4-sp-d16 -mthumb -g -Og -ffunction-s"
 636      70202D6D 
 636      6670753D 
 636      66707634 
 636      2D73702D 
 637 0252 65637469 		.ascii	"ections -ffat-lto-objects\000"
 637      6F6E7320 
 637      2D666661 
 637      742D6C74 
 637      6F2D6F62 
 638              	.LASF34:
 639 026c 73756270 		.ascii	"subpx\000"
 639      7800
 640              	.LASF21:
 641 0272 73697A65 		.ascii	"sizetype\000"
 641      74797065 
 641      00
ARM GAS  C:\Users\haske\AppData\Local\Temp\ccGN35Hn.s 			page 14


 642              	.LASF37:
 643 027b 66616C6C 		.ascii	"fallback\000"
 643      6261636B 
 643      00
 644              	.LASF11:
 645 0284 6C6F6E67 		.ascii	"long long int\000"
 645      206C6F6E 
 645      6720696E 
 645      7400
 646              	.LASF22:
 647 0292 63686172 		.ascii	"char\000"
 647      00
 648              	.LASF44:
 649 0297 433A5C50 		.ascii	"C:\\Projects\\PainDrain\\firmware\\PainDrain\\PainD"
 649      726F6A65 
 649      6374735C 
 649      5061696E 
 649      44726169 
 650 02c5 7261696E 		.ascii	"rain.cydsn\000"
 650      2E637964 
 650      736E00
 651              	.LASF33:
 652 02d0 62617365 		.ascii	"base_line\000"
 652      5F6C696E 
 652      6500
 653              	.LASF5:
 654 02da 73686F72 		.ascii	"short int\000"
 654      7420696E 
 654      7400
 655              	.LASF17:
 656 02e4 75696E74 		.ascii	"uint16_t\000"
 656      31365F74 
 656      00
 657              	.LASF18:
 658 02ed 75696E74 		.ascii	"uint32_t\000"
 658      33325F74 
 658      00
 659              	.LASF39:
 660 02f6 6C765F66 		.ascii	"lv_font_glyph_dsc_t\000"
 660      6F6E745F 
 660      676C7970 
 660      685F6473 
 660      635F7400 
 661              	.LASF20:
 662 030a 6C6F6E67 		.ascii	"long double\000"
 662      20646F75 
 662      626C6500 
 663              	.LASF2:
 664 0316 7369676E 		.ascii	"signed char\000"
 664      65642063 
 664      68617200 
 665              	.LASF31:
 666 0322 6765745F 		.ascii	"get_glyph_bitmap\000"
 666      676C7970 
 666      685F6269 
 666      746D6170 
 666      00
ARM GAS  C:\Users\haske\AppData\Local\Temp\ccGN35Hn.s 			page 15


 667              	.LASF40:
 668 0333 5F426F6F 		.ascii	"_Bool\000"
 668      6C00
 669              		.ident	"GCC: (GNU Tools for ARM Embedded Processors) 5.4.1 20160609 (release) [ARM/embedded-5-bran
