ARM GAS  C:\Users\haske\AppData\Local\Temp\ccyYSjcw.s 			page 1


   1              		.syntax unified
   2              		.cpu cortex-m4
   3              		.eabi_attribute 27, 1
   4              		.fpu fpv4-sp-d16
   5              		.eabi_attribute 20, 1
   6              		.eabi_attribute 21, 1
   7              		.eabi_attribute 23, 3
   8              		.eabi_attribute 24, 1
   9              		.eabi_attribute 25, 1
  10              		.eabi_attribute 26, 1
  11              		.eabi_attribute 30, 1
  12              		.eabi_attribute 34, 1
  13              		.eabi_attribute 18, 4
  14              		.thumb
  15              		.syntax unified
  16              		.file	"lv_draw_vglite_blend.c"
  17              		.text
  18              	.Ltext0:
  19              		.cfi_sections	.debug_frame
  20              	.Letext0:
  21              		.section	.debug_info,"",%progbits
  22              	.Ldebug_info0:
  23 0000 60000000 		.4byte	0x60
  24 0004 0400     		.2byte	0x4
  25 0006 00000000 		.4byte	.Ldebug_abbrev0
  26 000a 04       		.byte	0x4
  27 000b 01       		.uleb128 0x1
  28 000c F6000000 		.4byte	.LASF9
  29 0010 0C       		.byte	0xc
  30 0011 00000000 		.4byte	.LASF10
  31 0015 7D000000 		.4byte	.LASF11
  32 0019 00000000 		.4byte	.Ldebug_line0
  33 001d 02       		.uleb128 0x2
  34 001e 01       		.byte	0x1
  35 001f 06       		.byte	0x6
  36 0020 B6000000 		.4byte	.LASF0
  37 0024 02       		.uleb128 0x2
  38 0025 01       		.byte	0x1
  39 0026 08       		.byte	0x8
  40 0027 A9010000 		.4byte	.LASF1
  41 002b 02       		.uleb128 0x2
  42 002c 02       		.byte	0x2
  43 002d 05       		.byte	0x5
  44 002e D5000000 		.4byte	.LASF2
  45 0032 02       		.uleb128 0x2
  46 0033 02       		.byte	0x2
  47 0034 07       		.byte	0x7
  48 0035 C2000000 		.4byte	.LASF3
  49 0039 02       		.uleb128 0x2
  50 003a 04       		.byte	0x4
  51 003b 05       		.byte	0x5
  52 003c B7010000 		.4byte	.LASF4
  53 0040 02       		.uleb128 0x2
  54 0041 04       		.byte	0x4
  55 0042 07       		.byte	0x7
  56 0043 6B000000 		.4byte	.LASF5
  57 0047 02       		.uleb128 0x2
ARM GAS  C:\Users\haske\AppData\Local\Temp\ccyYSjcw.s 			page 2


  58 0048 08       		.byte	0x8
  59 0049 05       		.byte	0x5
  60 004a C0010000 		.4byte	.LASF6
  61 004e 02       		.uleb128 0x2
  62 004f 08       		.byte	0x8
  63 0050 07       		.byte	0x7
  64 0051 DF000000 		.4byte	.LASF7
  65 0055 03       		.uleb128 0x3
  66 0056 04       		.byte	0x4
  67 0057 05       		.byte	0x5
  68 0058 696E7400 		.ascii	"int\000"
  69 005c 02       		.uleb128 0x2
  70 005d 04       		.byte	0x4
  71 005e 07       		.byte	0x7
  72 005f 5E000000 		.4byte	.LASF8
  73 0063 00       		.byte	0
  74              		.section	.debug_abbrev,"",%progbits
  75              	.Ldebug_abbrev0:
  76 0000 01       		.uleb128 0x1
  77 0001 11       		.uleb128 0x11
  78 0002 01       		.byte	0x1
  79 0003 25       		.uleb128 0x25
  80 0004 0E       		.uleb128 0xe
  81 0005 13       		.uleb128 0x13
  82 0006 0B       		.uleb128 0xb
  83 0007 03       		.uleb128 0x3
  84 0008 0E       		.uleb128 0xe
  85 0009 1B       		.uleb128 0x1b
  86 000a 0E       		.uleb128 0xe
  87 000b 10       		.uleb128 0x10
  88 000c 17       		.uleb128 0x17
  89 000d 00       		.byte	0
  90 000e 00       		.byte	0
  91 000f 02       		.uleb128 0x2
  92 0010 24       		.uleb128 0x24
  93 0011 00       		.byte	0
  94 0012 0B       		.uleb128 0xb
  95 0013 0B       		.uleb128 0xb
  96 0014 3E       		.uleb128 0x3e
  97 0015 0B       		.uleb128 0xb
  98 0016 03       		.uleb128 0x3
  99 0017 0E       		.uleb128 0xe
 100 0018 00       		.byte	0
 101 0019 00       		.byte	0
 102 001a 03       		.uleb128 0x3
 103 001b 24       		.uleb128 0x24
 104 001c 00       		.byte	0
 105 001d 0B       		.uleb128 0xb
 106 001e 0B       		.uleb128 0xb
 107 001f 3E       		.uleb128 0x3e
 108 0020 0B       		.uleb128 0xb
 109 0021 03       		.uleb128 0x3
 110 0022 08       		.uleb128 0x8
 111 0023 00       		.byte	0
 112 0024 00       		.byte	0
 113 0025 00       		.byte	0
 114              		.section	.debug_aranges,"",%progbits
ARM GAS  C:\Users\haske\AppData\Local\Temp\ccyYSjcw.s 			page 3


 115 0000 14000000 		.4byte	0x14
 116 0004 0200     		.2byte	0x2
 117 0006 00000000 		.4byte	.Ldebug_info0
 118 000a 04       		.byte	0x4
 119 000b 00       		.byte	0
 120 000c 0000     		.2byte	0
 121 000e 0000     		.2byte	0
 122 0010 00000000 		.4byte	0
 123 0014 00000000 		.4byte	0
 124              		.section	.debug_line,"",%progbits
 125              	.Ldebug_line0:
 126 0000 19000000 		.section	.debug_str,"MS",%progbits,1
 126      02001300 
 126      00000201 
 126      FB0E0D00 
 126      01010101 
 127              	.LASF10:
 128 0000 2E2E5C2E 		.ascii	"..\\..\\..\\arduinoLCD\\test\\Pain Drain\\libraries"
 128      2E5C2E2E 
 128      5C617264 
 128      75696E6F 
 128      4C43445C 
 129 002d 5C6C7667 		.ascii	"\\lvgl\\src\\draw\\nxp\\vglite\\lv_draw_vglite_blen"
 129      6C5C7372 
 129      635C6472 
 129      61775C6E 
 129      78705C76 
 130 005a 642E6300 		.ascii	"d.c\000"
 131              	.LASF8:
 132 005e 756E7369 		.ascii	"unsigned int\000"
 132      676E6564 
 132      20696E74 
 132      00
 133              	.LASF5:
 134 006b 6C6F6E67 		.ascii	"long unsigned int\000"
 134      20756E73 
 134      69676E65 
 134      6420696E 
 134      7400
 135              	.LASF11:
 136 007d 433A5C50 		.ascii	"C:\\Projects\\PainDrain\\firmware\\PainDrain\\PainD"
 136      726F6A65 
 136      6374735C 
 136      5061696E 
 136      44726169 
 137 00ab 7261696E 		.ascii	"rain.cydsn\000"
 137      2E637964 
 137      736E00
 138              	.LASF0:
 139 00b6 7369676E 		.ascii	"signed char\000"
 139      65642063 
 139      68617200 
 140              	.LASF3:
 141 00c2 73686F72 		.ascii	"short unsigned int\000"
 141      7420756E 
 141      7369676E 
 141      65642069 
ARM GAS  C:\Users\haske\AppData\Local\Temp\ccyYSjcw.s 			page 4


 141      6E7400
 142              	.LASF2:
 143 00d5 73686F72 		.ascii	"short int\000"
 143      7420696E 
 143      7400
 144              	.LASF7:
 145 00df 6C6F6E67 		.ascii	"long long unsigned int\000"
 145      206C6F6E 
 145      6720756E 
 145      7369676E 
 145      65642069 
 146              	.LASF9:
 147 00f6 474E5520 		.ascii	"GNU C11 5.4.1 20160609 (release) [ARM/embedded-5-br"
 147      43313120 
 147      352E342E 
 147      31203230 
 147      31363036 
 148 0129 616E6368 		.ascii	"anch revision 237715] -mcpu=cortex-m4 -mfloat-abi=s"
 148      20726576 
 148      6973696F 
 148      6E203233 
 148      37373135 
 149 015c 6F667466 		.ascii	"oftfp -mfpu=fpv4-sp-d16 -mthumb -g -Og -ffunction-s"
 149      70202D6D 
 149      6670753D 
 149      66707634 
 149      2D73702D 
 150 018f 65637469 		.ascii	"ections -ffat-lto-objects\000"
 150      6F6E7320 
 150      2D666661 
 150      742D6C74 
 150      6F2D6F62 
 151              	.LASF1:
 152 01a9 756E7369 		.ascii	"unsigned char\000"
 152      676E6564 
 152      20636861 
 152      7200
 153              	.LASF4:
 154 01b7 6C6F6E67 		.ascii	"long int\000"
 154      20696E74 
 154      00
 155              	.LASF6:
 156 01c0 6C6F6E67 		.ascii	"long long int\000"
 156      206C6F6E 
 156      6720696E 
 156      7400
 157              		.ident	"GCC: (GNU Tools for ARM Embedded Processors) 5.4.1 20160609 (release) [ARM/embedded-5-bran
