ARM GAS  C:\Users\haske\AppData\Local\Temp\cc77bmNc.s 			page 1


   1              		.syntax unified
   2              		.cpu cortex-m4
   3              		.eabi_attribute 27, 1
   4              		.fpu fpv4-sp-d16
   5              		.eabi_attribute 20, 1
   6              		.eabi_attribute 21, 1
   7              		.eabi_attribute 23, 3
   8              		.eabi_attribute 24, 1
   9              		.eabi_attribute 25, 1
  10              		.eabi_attribute 26, 1
  11              		.eabi_attribute 30, 1
  12              		.eabi_attribute 34, 1
  13              		.eabi_attribute 18, 4
  14              		.thumb
  15              		.syntax unified
  16              		.file	"lv_extra.c"
  17              		.text
  18              	.Ltext0:
  19              		.cfi_sections	.debug_frame
  20              		.section	.text.lv_extra_init,"ax",%progbits
  21              		.align	2
  22              		.global	lv_extra_init
  23              		.thumb
  24              		.thumb_func
  25              		.type	lv_extra_init, %function
  26              	lv_extra_init:
  27              	.LFB202:
  28              		.file 1 "..\\..\\..\\arduinoLCD\\test\\Pain Drain\\libraries\\lvgl\\src\\extra\\lv_extra.c"
   1:..\..\..\arduinoLCD\test\Pain Drain\libraries\lvgl\src\extra/lv_extra.c **** /**
   2:..\..\..\arduinoLCD\test\Pain Drain\libraries\lvgl\src\extra/lv_extra.c ****  * @file lv_extra.c
   3:..\..\..\arduinoLCD\test\Pain Drain\libraries\lvgl\src\extra/lv_extra.c ****  *
   4:..\..\..\arduinoLCD\test\Pain Drain\libraries\lvgl\src\extra/lv_extra.c ****  */
   5:..\..\..\arduinoLCD\test\Pain Drain\libraries\lvgl\src\extra/lv_extra.c **** 
   6:..\..\..\arduinoLCD\test\Pain Drain\libraries\lvgl\src\extra/lv_extra.c **** /*********************
   7:..\..\..\arduinoLCD\test\Pain Drain\libraries\lvgl\src\extra/lv_extra.c ****  *      INCLUDES
   8:..\..\..\arduinoLCD\test\Pain Drain\libraries\lvgl\src\extra/lv_extra.c ****  *********************/
   9:..\..\..\arduinoLCD\test\Pain Drain\libraries\lvgl\src\extra/lv_extra.c **** #include "../lvgl.h"
  10:..\..\..\arduinoLCD\test\Pain Drain\libraries\lvgl\src\extra/lv_extra.c **** 
  11:..\..\..\arduinoLCD\test\Pain Drain\libraries\lvgl\src\extra/lv_extra.c **** /*********************
  12:..\..\..\arduinoLCD\test\Pain Drain\libraries\lvgl\src\extra/lv_extra.c ****  *      DEFINES
  13:..\..\..\arduinoLCD\test\Pain Drain\libraries\lvgl\src\extra/lv_extra.c ****  *********************/
  14:..\..\..\arduinoLCD\test\Pain Drain\libraries\lvgl\src\extra/lv_extra.c **** 
  15:..\..\..\arduinoLCD\test\Pain Drain\libraries\lvgl\src\extra/lv_extra.c **** /**********************
  16:..\..\..\arduinoLCD\test\Pain Drain\libraries\lvgl\src\extra/lv_extra.c ****  *      TYPEDEFS
  17:..\..\..\arduinoLCD\test\Pain Drain\libraries\lvgl\src\extra/lv_extra.c ****  **********************/
  18:..\..\..\arduinoLCD\test\Pain Drain\libraries\lvgl\src\extra/lv_extra.c **** 
  19:..\..\..\arduinoLCD\test\Pain Drain\libraries\lvgl\src\extra/lv_extra.c **** /**********************
  20:..\..\..\arduinoLCD\test\Pain Drain\libraries\lvgl\src\extra/lv_extra.c ****  *  STATIC PROTOTYPES
  21:..\..\..\arduinoLCD\test\Pain Drain\libraries\lvgl\src\extra/lv_extra.c ****  **********************/
  22:..\..\..\arduinoLCD\test\Pain Drain\libraries\lvgl\src\extra/lv_extra.c **** 
  23:..\..\..\arduinoLCD\test\Pain Drain\libraries\lvgl\src\extra/lv_extra.c **** /**********************
  24:..\..\..\arduinoLCD\test\Pain Drain\libraries\lvgl\src\extra/lv_extra.c ****  *  STATIC VARIABLES
  25:..\..\..\arduinoLCD\test\Pain Drain\libraries\lvgl\src\extra/lv_extra.c ****  **********************/
  26:..\..\..\arduinoLCD\test\Pain Drain\libraries\lvgl\src\extra/lv_extra.c **** 
  27:..\..\..\arduinoLCD\test\Pain Drain\libraries\lvgl\src\extra/lv_extra.c **** /**********************
  28:..\..\..\arduinoLCD\test\Pain Drain\libraries\lvgl\src\extra/lv_extra.c ****  *      MACROS
  29:..\..\..\arduinoLCD\test\Pain Drain\libraries\lvgl\src\extra/lv_extra.c ****  **********************/
ARM GAS  C:\Users\haske\AppData\Local\Temp\cc77bmNc.s 			page 2


  30:..\..\..\arduinoLCD\test\Pain Drain\libraries\lvgl\src\extra/lv_extra.c **** 
  31:..\..\..\arduinoLCD\test\Pain Drain\libraries\lvgl\src\extra/lv_extra.c **** /**********************
  32:..\..\..\arduinoLCD\test\Pain Drain\libraries\lvgl\src\extra/lv_extra.c ****  *   GLOBAL FUNCTIONS
  33:..\..\..\arduinoLCD\test\Pain Drain\libraries\lvgl\src\extra/lv_extra.c ****  **********************/
  34:..\..\..\arduinoLCD\test\Pain Drain\libraries\lvgl\src\extra/lv_extra.c **** 
  35:..\..\..\arduinoLCD\test\Pain Drain\libraries\lvgl\src\extra/lv_extra.c **** void lv_extra_init(void)
  36:..\..\..\arduinoLCD\test\Pain Drain\libraries\lvgl\src\extra/lv_extra.c **** {
  29              		.loc 1 36 0
  30              		.cfi_startproc
  31              		@ args = 0, pretend = 0, frame = 0
  32              		@ frame_needed = 0, uses_anonymous_args = 0
  33 0000 08B5     		push	{r3, lr}
  34              		.cfi_def_cfa_offset 8
  35              		.cfi_offset 3, -8
  36              		.cfi_offset 14, -4
  37:..\..\..\arduinoLCD\test\Pain Drain\libraries\lvgl\src\extra/lv_extra.c **** #if LV_USE_FLEX
  38:..\..\..\arduinoLCD\test\Pain Drain\libraries\lvgl\src\extra/lv_extra.c ****     lv_flex_init();
  37              		.loc 1 38 0
  38 0002 FFF7FEFF 		bl	lv_flex_init
  39              	.LVL0:
  39:..\..\..\arduinoLCD\test\Pain Drain\libraries\lvgl\src\extra/lv_extra.c **** #endif
  40:..\..\..\arduinoLCD\test\Pain Drain\libraries\lvgl\src\extra/lv_extra.c **** 
  41:..\..\..\arduinoLCD\test\Pain Drain\libraries\lvgl\src\extra/lv_extra.c **** #if LV_USE_GRID
  42:..\..\..\arduinoLCD\test\Pain Drain\libraries\lvgl\src\extra/lv_extra.c ****     lv_grid_init();
  40              		.loc 1 42 0
  41 0006 FFF7FEFF 		bl	lv_grid_init
  42              	.LVL1:
  43 000a 08BD     		pop	{r3, pc}
  44              		.cfi_endproc
  45              	.LFE202:
  46              		.size	lv_extra_init, .-lv_extra_init
  47              		.text
  48              	.Letext0:
  49              		.file 2 "c:\\program files (x86)\\cypress\\psoc creator\\4.4\\psoc creator\\import\\gnu\\arm\\5.4.
  50              		.file 3 "c:\\program files (x86)\\cypress\\psoc creator\\4.4\\psoc creator\\import\\gnu\\arm\\5.4.
  51              		.file 4 "c:\\projects\\paindrain\\arduinolcd\\test\\pain drain\\libraries\\lvgl\\src\\misc\\lv_are
  52              		.file 5 "c:\\projects\\paindrain\\arduinolcd\\test\\pain drain\\libraries\\lvgl\\src\\font\\lv_fon
  53              		.file 6 "c:\\projects\\paindrain\\arduinolcd\\test\\pain drain\\libraries\\lvgl\\src\\misc\\lv_sty
  54              		.file 7 "c:\\projects\\paindrain\\arduinolcd\\test\\pain drain\\libraries\\lvgl\\src/extra/layouts
  55              		.file 8 "c:\\projects\\paindrain\\arduinolcd\\test\\pain drain\\libraries\\lvgl\\src/extra/layouts
  56              		.section	.debug_info,"",%progbits
  57              	.Ldebug_info0:
  58 0000 91050000 		.4byte	0x591
  59 0004 0400     		.2byte	0x4
  60 0006 00000000 		.4byte	.Ldebug_abbrev0
  61 000a 04       		.byte	0x4
  62 000b 01       		.uleb128 0x1
  63 000c FF060000 		.4byte	.LASF150
  64 0010 0C       		.byte	0xc
  65 0011 92050000 		.4byte	.LASF151
  66 0015 A6040000 		.4byte	.LASF152
  67 0019 00000000 		.4byte	.Ldebug_ranges0+0
  68 001d 00000000 		.4byte	0
  69 0021 00000000 		.4byte	.Ldebug_line0
  70 0025 02       		.uleb128 0x2
  71 0026 DF000000 		.4byte	.LASF0
  72 002a 02       		.byte	0x2
ARM GAS  C:\Users\haske\AppData\Local\Temp\cc77bmNc.s 			page 3


  73 002b 1B       		.byte	0x1b
  74 002c 30000000 		.4byte	0x30
  75 0030 03       		.uleb128 0x3
  76 0031 01       		.byte	0x1
  77 0032 06       		.byte	0x6
  78 0033 67010000 		.4byte	.LASF2
  79 0037 02       		.uleb128 0x2
  80 0038 58000000 		.4byte	.LASF1
  81 003c 02       		.byte	0x2
  82 003d 1D       		.byte	0x1d
  83 003e 42000000 		.4byte	0x42
  84 0042 03       		.uleb128 0x3
  85 0043 01       		.byte	0x1
  86 0044 08       		.byte	0x8
  87 0045 60080000 		.4byte	.LASF3
  88 0049 02       		.uleb128 0x2
  89 004a 84030000 		.4byte	.LASF4
  90 004e 02       		.byte	0x2
  91 004f 29       		.byte	0x29
  92 0050 54000000 		.4byte	0x54
  93 0054 03       		.uleb128 0x3
  94 0055 02       		.byte	0x2
  95 0056 05       		.byte	0x5
  96 0057 6E080000 		.4byte	.LASF5
  97 005b 02       		.uleb128 0x2
  98 005c C8090000 		.4byte	.LASF6
  99 0060 02       		.byte	0x2
 100 0061 2B       		.byte	0x2b
 101 0062 66000000 		.4byte	0x66
 102 0066 03       		.uleb128 0x3
 103 0067 02       		.byte	0x2
 104 0068 07       		.byte	0x7
 105 0069 74040000 		.4byte	.LASF7
 106 006d 03       		.uleb128 0x3
 107 006e 04       		.byte	0x4
 108 006f 05       		.byte	0x5
 109 0070 37020000 		.4byte	.LASF8
 110 0074 02       		.uleb128 0x2
 111 0075 63030000 		.4byte	.LASF9
 112 0079 02       		.byte	0x2
 113 007a 41       		.byte	0x41
 114 007b 7F000000 		.4byte	0x7f
 115 007f 03       		.uleb128 0x3
 116 0080 04       		.byte	0x4
 117 0081 07       		.byte	0x7
 118 0082 27040000 		.4byte	.LASF10
 119 0086 03       		.uleb128 0x3
 120 0087 08       		.byte	0x8
 121 0088 05       		.byte	0x5
 122 0089 59010000 		.4byte	.LASF11
 123 008d 03       		.uleb128 0x3
 124 008e 08       		.byte	0x8
 125 008f 07       		.byte	0x7
 126 0090 A8000000 		.4byte	.LASF12
 127 0094 04       		.uleb128 0x4
 128 0095 04       		.byte	0x4
 129 0096 05       		.byte	0x5
ARM GAS  C:\Users\haske\AppData\Local\Temp\cc77bmNc.s 			page 4


 130 0097 696E7400 		.ascii	"int\000"
 131 009b 03       		.uleb128 0x3
 132 009c 04       		.byte	0x4
 133 009d 07       		.byte	0x7
 134 009e F1030000 		.4byte	.LASF13
 135 00a2 02       		.uleb128 0x2
 136 00a3 730A0000 		.4byte	.LASF14
 137 00a7 03       		.byte	0x3
 138 00a8 14       		.byte	0x14
 139 00a9 25000000 		.4byte	0x25
 140 00ad 02       		.uleb128 0x2
 141 00ae 4D0B0000 		.4byte	.LASF15
 142 00b2 03       		.byte	0x3
 143 00b3 18       		.byte	0x18
 144 00b4 37000000 		.4byte	0x37
 145 00b8 02       		.uleb128 0x2
 146 00b9 51010000 		.4byte	.LASF16
 147 00bd 03       		.byte	0x3
 148 00be 20       		.byte	0x20
 149 00bf 49000000 		.4byte	0x49
 150 00c3 02       		.uleb128 0x2
 151 00c4 A2020000 		.4byte	.LASF17
 152 00c8 03       		.byte	0x3
 153 00c9 24       		.byte	0x24
 154 00ca 5B000000 		.4byte	0x5b
 155 00ce 02       		.uleb128 0x2
 156 00cf C70A0000 		.4byte	.LASF18
 157 00d3 03       		.byte	0x3
 158 00d4 30       		.byte	0x30
 159 00d5 74000000 		.4byte	0x74
 160 00d9 05       		.uleb128 0x5
 161 00da 04       		.byte	0x4
 162 00db 03       		.uleb128 0x3
 163 00dc 08       		.byte	0x8
 164 00dd 04       		.byte	0x4
 165 00de 82090000 		.4byte	.LASF19
 166 00e2 03       		.uleb128 0x3
 167 00e3 04       		.byte	0x4
 168 00e4 07       		.byte	0x7
 169 00e5 4C060000 		.4byte	.LASF20
 170 00e9 03       		.uleb128 0x3
 171 00ea 01       		.byte	0x1
 172 00eb 08       		.byte	0x8
 173 00ec A9090000 		.4byte	.LASF21
 174 00f0 02       		.uleb128 0x2
 175 00f1 15010000 		.4byte	.LASF22
 176 00f5 04       		.byte	0x4
 177 00f6 1B       		.byte	0x1b
 178 00f7 B8000000 		.4byte	0xb8
 179 00fb 06       		.uleb128 0x6
 180 00fc 10       		.byte	0x10
 181 00fd 05       		.byte	0x5
 182 00fe 29       		.byte	0x29
 183 00ff 6A010000 		.4byte	0x16a
 184 0103 07       		.uleb128 0x7
 185 0104 8E030000 		.4byte	.LASF23
 186 0108 05       		.byte	0x5
ARM GAS  C:\Users\haske\AppData\Local\Temp\cc77bmNc.s 			page 5


 187 0109 2B       		.byte	0x2b
 188 010a F2010000 		.4byte	0x1f2
 189 010e 00       		.byte	0
 190 010f 07       		.uleb128 0x7
 191 0110 970B0000 		.4byte	.LASF24
 192 0114 05       		.byte	0x5
 193 0115 2C       		.byte	0x2c
 194 0116 C3000000 		.4byte	0xc3
 195 011a 04       		.byte	0x4
 196 011b 07       		.uleb128 0x7
 197 011c D00A0000 		.4byte	.LASF25
 198 0120 05       		.byte	0x5
 199 0121 2D       		.byte	0x2d
 200 0122 C3000000 		.4byte	0xc3
 201 0126 06       		.byte	0x6
 202 0127 07       		.uleb128 0x7
 203 0128 5B0A0000 		.4byte	.LASF26
 204 012c 05       		.byte	0x5
 205 012d 2E       		.byte	0x2e
 206 012e C3000000 		.4byte	0xc3
 207 0132 08       		.byte	0x8
 208 0133 07       		.uleb128 0x7
 209 0134 9D0B0000 		.4byte	.LASF27
 210 0138 05       		.byte	0x5
 211 0139 2F       		.byte	0x2f
 212 013a B8000000 		.4byte	0xb8
 213 013e 0A       		.byte	0xa
 214 013f 07       		.uleb128 0x7
 215 0140 A30B0000 		.4byte	.LASF28
 216 0144 05       		.byte	0x5
 217 0145 30       		.byte	0x30
 218 0146 B8000000 		.4byte	0xb8
 219 014a 0C       		.byte	0xc
 220 014b 08       		.uleb128 0x8
 221 014c 62707000 		.ascii	"bpp\000"
 222 0150 05       		.byte	0x5
 223 0151 31       		.byte	0x31
 224 0152 AD000000 		.4byte	0xad
 225 0156 01       		.byte	0x1
 226 0157 04       		.byte	0x4
 227 0158 04       		.byte	0x4
 228 0159 0E       		.byte	0xe
 229 015a 09       		.uleb128 0x9
 230 015b BB030000 		.4byte	.LASF29
 231 015f 05       		.byte	0x5
 232 0160 32       		.byte	0x32
 233 0161 AD000000 		.4byte	0xad
 234 0165 01       		.byte	0x1
 235 0166 01       		.byte	0x1
 236 0167 03       		.byte	0x3
 237 0168 0E       		.byte	0xe
 238 0169 00       		.byte	0
 239 016a 0A       		.uleb128 0xa
 240 016b E6030000 		.4byte	.LASF153
 241 016f 1C       		.byte	0x1c
 242 0170 05       		.byte	0x5
 243 0171 40       		.byte	0x40
ARM GAS  C:\Users\haske\AppData\Local\Temp\cc77bmNc.s 			page 6


 244 0172 F2010000 		.4byte	0x1f2
 245 0176 07       		.uleb128 0x7
 246 0177 9C030000 		.4byte	.LASF30
 247 017b 05       		.byte	0x5
 248 017c 42       		.byte	0x42
 249 017d 33020000 		.4byte	0x233
 250 0181 00       		.byte	0
 251 0182 07       		.uleb128 0x7
 252 0183 0A000000 		.4byte	.LASF31
 253 0187 05       		.byte	0x5
 254 0188 45       		.byte	0x45
 255 0189 58020000 		.4byte	0x258
 256 018d 04       		.byte	0x4
 257 018e 07       		.uleb128 0x7
 258 018f 9A040000 		.4byte	.LASF32
 259 0193 05       		.byte	0x5
 260 0194 48       		.byte	0x48
 261 0195 F0000000 		.4byte	0xf0
 262 0199 08       		.byte	0x8
 263 019a 07       		.uleb128 0x7
 264 019b 50050000 		.4byte	.LASF33
 265 019f 05       		.byte	0x5
 266 01a0 49       		.byte	0x49
 267 01a1 F0000000 		.4byte	0xf0
 268 01a5 0A       		.byte	0xa
 269 01a6 09       		.uleb128 0x9
 270 01a7 02050000 		.4byte	.LASF34
 271 01ab 05       		.byte	0x5
 272 01ac 4A       		.byte	0x4a
 273 01ad AD000000 		.4byte	0xad
 274 01b1 01       		.byte	0x1
 275 01b2 02       		.byte	0x2
 276 01b3 06       		.byte	0x6
 277 01b4 0C       		.byte	0xc
 278 01b5 07       		.uleb128 0x7
 279 01b6 8D010000 		.4byte	.LASF35
 280 01ba 05       		.byte	0x5
 281 01bb 4C       		.byte	0x4c
 282 01bc A2000000 		.4byte	0xa2
 283 01c0 0D       		.byte	0xd
 284 01c1 07       		.uleb128 0x7
 285 01c2 B7080000 		.4byte	.LASF36
 286 01c6 05       		.byte	0x5
 287 01c7 4D       		.byte	0x4d
 288 01c8 A2000000 		.4byte	0xa2
 289 01cc 0E       		.byte	0xe
 290 01cd 0B       		.uleb128 0xb
 291 01ce 64736300 		.ascii	"dsc\000"
 292 01d2 05       		.byte	0x5
 293 01d3 4F       		.byte	0x4f
 294 01d4 5E020000 		.4byte	0x25e
 295 01d8 10       		.byte	0x10
 296 01d9 07       		.uleb128 0x7
 297 01da 520A0000 		.4byte	.LASF37
 298 01de 05       		.byte	0x5
 299 01df 50       		.byte	0x50
 300 01e0 F2010000 		.4byte	0x1f2
ARM GAS  C:\Users\haske\AppData\Local\Temp\cc77bmNc.s 			page 7


 301 01e4 14       		.byte	0x14
 302 01e5 07       		.uleb128 0x7
 303 01e6 00000000 		.4byte	.LASF38
 304 01ea 05       		.byte	0x5
 305 01eb 52       		.byte	0x52
 306 01ec D9000000 		.4byte	0xd9
 307 01f0 18       		.byte	0x18
 308 01f1 00       		.byte	0
 309 01f2 0C       		.uleb128 0xc
 310 01f3 04       		.byte	0x4
 311 01f4 F8010000 		.4byte	0x1f8
 312 01f8 0D       		.uleb128 0xd
 313 01f9 6A010000 		.4byte	0x16a
 314 01fd 02       		.uleb128 0x2
 315 01fe 7E050000 		.4byte	.LASF39
 316 0202 05       		.byte	0x5
 317 0203 33       		.byte	0x33
 318 0204 FB000000 		.4byte	0xfb
 319 0208 0E       		.uleb128 0xe
 320 0209 26020000 		.4byte	0x226
 321 020d 26020000 		.4byte	0x226
 322 0211 0F       		.uleb128 0xf
 323 0212 F2010000 		.4byte	0x1f2
 324 0216 0F       		.uleb128 0xf
 325 0217 2D020000 		.4byte	0x22d
 326 021b 0F       		.uleb128 0xf
 327 021c CE000000 		.4byte	0xce
 328 0220 0F       		.uleb128 0xf
 329 0221 CE000000 		.4byte	0xce
 330 0225 00       		.byte	0
 331 0226 03       		.uleb128 0x3
 332 0227 01       		.byte	0x1
 333 0228 02       		.byte	0x2
 334 0229 5A080000 		.4byte	.LASF40
 335 022d 0C       		.uleb128 0xc
 336 022e 04       		.byte	0x4
 337 022f FD010000 		.4byte	0x1fd
 338 0233 0C       		.uleb128 0xc
 339 0234 04       		.byte	0x4
 340 0235 08020000 		.4byte	0x208
 341 0239 0E       		.uleb128 0xe
 342 023a 4D020000 		.4byte	0x24d
 343 023e 4D020000 		.4byte	0x24d
 344 0242 0F       		.uleb128 0xf
 345 0243 F2010000 		.4byte	0x1f2
 346 0247 0F       		.uleb128 0xf
 347 0248 CE000000 		.4byte	0xce
 348 024c 00       		.byte	0
 349 024d 0C       		.uleb128 0xc
 350 024e 04       		.byte	0x4
 351 024f 53020000 		.4byte	0x253
 352 0253 0D       		.uleb128 0xd
 353 0254 AD000000 		.4byte	0xad
 354 0258 0C       		.uleb128 0xc
 355 0259 04       		.byte	0x4
 356 025a 39020000 		.4byte	0x239
 357 025e 0C       		.uleb128 0xc
ARM GAS  C:\Users\haske\AppData\Local\Temp\cc77bmNc.s 			page 8


 358 025f 04       		.byte	0x4
 359 0260 64020000 		.4byte	0x264
 360 0264 10       		.uleb128 0x10
 361 0265 02       		.uleb128 0x2
 362 0266 BF000000 		.4byte	.LASF41
 363 026a 05       		.byte	0x5
 364 026b 54       		.byte	0x54
 365 026c 6A010000 		.4byte	0x16a
 366 0270 11       		.uleb128 0x11
 367 0271 02       		.byte	0x2
 368 0272 66000000 		.4byte	0x66
 369 0276 06       		.byte	0x6
 370 0277 B2       		.byte	0xb2
 371 0278 95040000 		.4byte	0x495
 372 027c 12       		.uleb128 0x12
 373 027d BB020000 		.4byte	.LASF42
 374 0281 00       		.byte	0
 375 0282 12       		.uleb128 0x12
 376 0283 D4010000 		.4byte	.LASF43
 377 0287 01       		.byte	0x1
 378 0288 12       		.uleb128 0x12
 379 0289 87040000 		.4byte	.LASF44
 380 028d 02       		.byte	0x2
 381 028e 12       		.uleb128 0x12
 382 028f D50B0000 		.4byte	.LASF45
 383 0293 03       		.byte	0x3
 384 0294 12       		.uleb128 0x12
 385 0295 5A050000 		.4byte	.LASF46
 386 0299 04       		.byte	0x4
 387 029a 12       		.uleb128 0x12
 388 029b EE040000 		.4byte	.LASF47
 389 029f 05       		.byte	0x5
 390 02a0 12       		.uleb128 0x12
 391 02a1 38060000 		.4byte	.LASF48
 392 02a5 06       		.byte	0x6
 393 02a6 12       		.uleb128 0x12
 394 02a7 F3050000 		.4byte	.LASF49
 395 02ab 07       		.byte	0x7
 396 02ac 12       		.uleb128 0x12
 397 02ad FE050000 		.4byte	.LASF50
 398 02b1 08       		.byte	0x8
 399 02b2 12       		.uleb128 0x12
 400 02b3 DF040000 		.4byte	.LASF51
 401 02b7 09       		.byte	0x9
 402 02b8 12       		.uleb128 0x12
 403 02b9 AB020000 		.4byte	.LASF52
 404 02bd 0A       		.byte	0xa
 405 02be 12       		.uleb128 0x12
 406 02bf E80B0000 		.4byte	.LASF53
 407 02c3 0B       		.byte	0xb
 408 02c4 12       		.uleb128 0x12
 409 02c5 63040000 		.4byte	.LASF54
 410 02c9 10       		.byte	0x10
 411 02ca 12       		.uleb128 0x12
 412 02cb F5020000 		.4byte	.LASF55
 413 02cf 11       		.byte	0x11
 414 02d0 12       		.uleb128 0x12
ARM GAS  C:\Users\haske\AppData\Local\Temp\cc77bmNc.s 			page 9


 415 02d1 03010000 		.4byte	.LASF56
 416 02d5 12       		.byte	0x12
 417 02d6 12       		.uleb128 0x12
 418 02d7 1F030000 		.4byte	.LASF57
 419 02db 13       		.byte	0x13
 420 02dc 12       		.uleb128 0x12
 421 02dd 59090000 		.4byte	.LASF58
 422 02e1 14       		.byte	0x14
 423 02e2 12       		.uleb128 0x12
 424 02e3 3E0A0000 		.4byte	.LASF59
 425 02e7 15       		.byte	0x15
 426 02e8 12       		.uleb128 0x12
 427 02e9 11080000 		.4byte	.LASF60
 428 02ed 16       		.byte	0x16
 429 02ee 12       		.uleb128 0x12
 430 02ef 39040000 		.4byte	.LASF61
 431 02f3 17       		.byte	0x17
 432 02f4 12       		.uleb128 0x12
 433 02f5 610A0000 		.4byte	.LASF62
 434 02f9 20       		.byte	0x20
 435 02fa 12       		.uleb128 0x12
 436 02fb 99060000 		.4byte	.LASF63
 437 02ff 21       		.byte	0x21
 438 0300 12       		.uleb128 0x12
 439 0301 55060000 		.4byte	.LASF64
 440 0305 22       		.byte	0x22
 441 0306 12       		.uleb128 0x12
 442 0307 2C000000 		.4byte	.LASF65
 443 030b 23       		.byte	0x23
 444 030c 12       		.uleb128 0x12
 445 030d BF0B0000 		.4byte	.LASF66
 446 0311 24       		.byte	0x24
 447 0312 12       		.uleb128 0x12
 448 0313 6E030000 		.4byte	.LASF67
 449 0317 25       		.byte	0x25
 450 0318 12       		.uleb128 0x12
 451 0319 0E0B0000 		.4byte	.LASF68
 452 031d 26       		.byte	0x26
 453 031e 12       		.uleb128 0x12
 454 031f 20060000 		.4byte	.LASF69
 455 0323 27       		.byte	0x27
 456 0324 12       		.uleb128 0x12
 457 0325 79000000 		.4byte	.LASF70
 458 0329 28       		.byte	0x28
 459 032a 12       		.uleb128 0x12
 460 032b 85060000 		.4byte	.LASF71
 461 032f 29       		.byte	0x29
 462 0330 12       		.uleb128 0x12
 463 0331 D2060000 		.4byte	.LASF72
 464 0335 2A       		.byte	0x2a
 465 0336 12       		.uleb128 0x12
 466 0337 35010000 		.4byte	.LASF73
 467 033b 2B       		.byte	0x2b
 468 033c 12       		.uleb128 0x12
 469 033d 550B0000 		.4byte	.LASF74
 470 0341 2C       		.byte	0x2c
 471 0342 12       		.uleb128 0x12
ARM GAS  C:\Users\haske\AppData\Local\Temp\cc77bmNc.s 			page 10


 472 0343 A90B0000 		.4byte	.LASF75
 473 0347 30       		.byte	0x30
 474 0348 12       		.uleb128 0x12
 475 0349 78080000 		.4byte	.LASF76
 476 034d 31       		.byte	0x31
 477 034e 12       		.uleb128 0x12
 478 034f 32030000 		.4byte	.LASF77
 479 0353 32       		.byte	0x32
 480 0354 12       		.uleb128 0x12
 481 0355 12040000 		.4byte	.LASF78
 482 0359 33       		.byte	0x33
 483 035a 12       		.uleb128 0x12
 484 035b B2070000 		.4byte	.LASF79
 485 035f 34       		.byte	0x34
 486 0360 12       		.uleb128 0x12
 487 0361 09060000 		.4byte	.LASF80
 488 0365 35       		.byte	0x35
 489 0366 12       		.uleb128 0x12
 490 0367 62000000 		.4byte	.LASF81
 491 036b 36       		.byte	0x36
 492 036c 12       		.uleb128 0x12
 493 036d 4E040000 		.4byte	.LASF82
 494 0371 37       		.byte	0x37
 495 0372 12       		.uleb128 0x12
 496 0373 56020000 		.4byte	.LASF83
 497 0377 38       		.byte	0x38
 498 0378 12       		.uleb128 0x12
 499 0379 8C020000 		.4byte	.LASF84
 500 037d 40       		.byte	0x40
 501 037e 12       		.uleb128 0x12
 502 037f C9000000 		.4byte	.LASF85
 503 0383 41       		.byte	0x41
 504 0384 12       		.uleb128 0x12
 505 0385 40020000 		.4byte	.LASF86
 506 0389 42       		.byte	0x42
 507 038a 12       		.uleb128 0x12
 508 038b C7070000 		.4byte	.LASF87
 509 038f 43       		.byte	0x43
 510 0390 12       		.uleb128 0x12
 511 0391 6B0B0000 		.4byte	.LASF88
 512 0395 44       		.byte	0x44
 513 0396 12       		.uleb128 0x12
 514 0397 FE030000 		.4byte	.LASF89
 515 039b 45       		.byte	0x45
 516 039c 12       		.uleb128 0x12
 517 039d 1B000000 		.4byte	.LASF90
 518 03a1 46       		.byte	0x46
 519 03a2 12       		.uleb128 0x12
 520 03a3 20010000 		.4byte	.LASF91
 521 03a7 47       		.byte	0x47
 522 03a8 12       		.uleb128 0x12
 523 03a9 DA050000 		.4byte	.LASF92
 524 03ad 48       		.byte	0x48
 525 03ae 12       		.uleb128 0x12
 526 03af E1020000 		.4byte	.LASF93
 527 03b3 49       		.byte	0x49
 528 03b4 12       		.uleb128 0x12
ARM GAS  C:\Users\haske\AppData\Local\Temp\cc77bmNc.s 			page 11


 529 03b5 930A0000 		.4byte	.LASF94
 530 03b9 4A       		.byte	0x4a
 531 03ba 12       		.uleb128 0x12
 532 03bb 41000000 		.4byte	.LASF95
 533 03bf 4B       		.byte	0x4b
 534 03c0 12       		.uleb128 0x12
 535 03c1 09030000 		.4byte	.LASF96
 536 03c5 4C       		.byte	0x4c
 537 03c6 12       		.uleb128 0x12
 538 03c7 2A090000 		.4byte	.LASF97
 539 03cb 4D       		.byte	0x4d
 540 03cc 12       		.uleb128 0x12
 541 03cd FF070000 		.4byte	.LASF98
 542 03d1 4E       		.byte	0x4e
 543 03d2 12       		.uleb128 0x12
 544 03d3 79020000 		.4byte	.LASF99
 545 03d7 50       		.byte	0x50
 546 03d8 12       		.uleb128 0x12
 547 03d9 01090000 		.4byte	.LASF100
 548 03dd 51       		.byte	0x51
 549 03de 12       		.uleb128 0x12
 550 03df 3A0B0000 		.4byte	.LASF101
 551 03e3 52       		.byte	0x52
 552 03e4 12       		.uleb128 0x12
 553 03e5 AA030000 		.4byte	.LASF102
 554 03e9 53       		.byte	0x53
 555 03ea 12       		.uleb128 0x12
 556 03eb BD060000 		.4byte	.LASF103
 557 03ef 54       		.byte	0x54
 558 03f0 12       		.uleb128 0x12
 559 03f1 C0010000 		.4byte	.LASF104
 560 03f5 55       		.byte	0x55
 561 03f6 12       		.uleb128 0x12
 562 03f7 0B0C0000 		.4byte	.LASF105
 563 03fb 56       		.byte	0x56
 564 03fc 12       		.uleb128 0x12
 565 03fd A0010000 		.4byte	.LASF106
 566 0401 57       		.byte	0x57
 567 0402 12       		.uleb128 0x12
 568 0403 8D000000 		.4byte	.LASF107
 569 0407 58       		.byte	0x58
 570 0408 12       		.uleb128 0x12
 571 0409 7A0A0000 		.4byte	.LASF108
 572 040d 59       		.byte	0x59
 573 040e 12       		.uleb128 0x12
 574 040f A9060000 		.4byte	.LASF109
 575 0413 5A       		.byte	0x5a
 576 0414 12       		.uleb128 0x12
 577 0415 16090000 		.4byte	.LASF110
 578 0419 5B       		.byte	0x5b
 579 041a 12       		.uleb128 0x12
 580 041b 33080000 		.4byte	.LASF111
 581 041f 60       		.byte	0x60
 582 0420 12       		.uleb128 0x12
 583 0421 73010000 		.4byte	.LASF112
 584 0425 61       		.byte	0x61
 585 0426 12       		.uleb128 0x12
ARM GAS  C:\Users\haske\AppData\Local\Temp\cc77bmNc.s 			page 12


 586 0427 AE090000 		.4byte	.LASF113
 587 042b 62       		.byte	0x62
 588 042c 12       		.uleb128 0x12
 589 042d 6B020000 		.4byte	.LASF114
 590 0431 63       		.byte	0x63
 591 0432 12       		.uleb128 0x12
 592 0433 2B0A0000 		.4byte	.LASF115
 593 0437 64       		.byte	0x64
 594 0438 12       		.uleb128 0x12
 595 0439 CD020000 		.4byte	.LASF116
 596 043d 65       		.byte	0x65
 597 043e 12       		.uleb128 0x12
 598 043f 6A050000 		.4byte	.LASF117
 599 0443 66       		.byte	0x66
 600 0444 12       		.uleb128 0x12
 601 0445 DE070000 		.4byte	.LASF118
 602 0449 67       		.byte	0x67
 603 044a 12       		.uleb128 0x12
 604 044b 9E080000 		.4byte	.LASF119
 605 044f 68       		.byte	0x68
 606 0450 12       		.uleb128 0x12
 607 0451 D60A0000 		.4byte	.LASF120
 608 0455 69       		.byte	0x69
 609 0456 12       		.uleb128 0x12
 610 0457 E3010000 		.4byte	.LASF121
 611 045b 6A       		.byte	0x6a
 612 045c 12       		.uleb128 0x12
 613 045d F8010000 		.4byte	.LASF122
 614 0461 6B       		.byte	0x6b
 615 0462 12       		.uleb128 0x12
 616 0463 6A090000 		.4byte	.LASF123
 617 0467 6C       		.byte	0x6c
 618 0468 12       		.uleb128 0x12
 619 0469 E8080000 		.4byte	.LASF124
 620 046d 6D       		.byte	0x6d
 621 046e 12       		.uleb128 0x12
 622 046f AC0A0000 		.4byte	.LASF125
 623 0473 6E       		.byte	0x6e
 624 0474 12       		.uleb128 0x12
 625 0475 3E090000 		.4byte	.LASF126
 626 0479 6F       		.byte	0x6f
 627 047a 12       		.uleb128 0x12
 628 047b CB080000 		.4byte	.LASF127
 629 047f 6F       		.byte	0x6f
 630 0480 12       		.uleb128 0x12
 631 0481 20050000 		.4byte	.LASF128
 632 0485 70       		.byte	0x70
 633 0486 13       		.uleb128 0x13
 634 0487 8C080000 		.4byte	.LASF129
 635 048b FFFF     		.2byte	0xffff
 636 048d 13       		.uleb128 0x13
 637 048e EA060000 		.4byte	.LASF130
 638 0492 FFFF     		.2byte	0xffff
 639 0494 00       		.byte	0
 640 0495 14       		.uleb128 0x14
 641 0496 23080000 		.4byte	.LASF131
 642 049a 06       		.byte	0x6
ARM GAS  C:\Users\haske\AppData\Local\Temp\cc77bmNc.s 			page 13


 643 049b 1C01     		.2byte	0x11c
 644 049d 70020000 		.4byte	0x270
 645 04a1 0D       		.uleb128 0xd
 646 04a2 65020000 		.4byte	0x265
 647 04a6 15       		.uleb128 0x15
 648 04a7 29020000 		.4byte	.LASF154
 649 04ab 01       		.byte	0x1
 650 04ac 23       		.byte	0x23
 651 04ad 00000000 		.4byte	.LFB202
 652 04b1 0C000000 		.4byte	.LFE202-.LFB202
 653 04b5 01       		.uleb128 0x1
 654 04b6 9C       		.byte	0x9c
 655 04b7 CE040000 		.4byte	0x4ce
 656 04bb 16       		.uleb128 0x16
 657 04bc 06000000 		.4byte	.LVL0
 658 04c0 7E050000 		.4byte	0x57e
 659 04c4 16       		.uleb128 0x16
 660 04c5 0A000000 		.4byte	.LVL1
 661 04c9 89050000 		.4byte	0x589
 662 04cd 00       		.byte	0
 663 04ce 17       		.uleb128 0x17
 664 04cf 810B0000 		.4byte	.LASF132
 665 04d3 05       		.byte	0x5
 666 04d4 94       		.byte	0x94
 667 04d5 A1040000 		.4byte	0x4a1
 668 04d9 17       		.uleb128 0x17
 669 04da F80B0000 		.4byte	.LASF133
 670 04de 07       		.byte	0x7
 671 04df 3D       		.byte	0x3d
 672 04e0 95040000 		.4byte	0x495
 673 04e4 17       		.uleb128 0x17
 674 04e5 6C060000 		.4byte	.LASF134
 675 04e9 07       		.byte	0x7
 676 04ea 3E       		.byte	0x3e
 677 04eb 95040000 		.4byte	0x495
 678 04ef 17       		.uleb128 0x17
 679 04f0 40080000 		.4byte	.LASF135
 680 04f4 07       		.byte	0x7
 681 04f5 3F       		.byte	0x3f
 682 04f6 95040000 		.4byte	0x495
 683 04fa 17       		.uleb128 0x17
 684 04fb D3090000 		.4byte	.LASF136
 685 04ff 07       		.byte	0x7
 686 0500 40       		.byte	0x40
 687 0501 95040000 		.4byte	0x495
 688 0505 17       		.uleb128 0x17
 689 0506 3D050000 		.4byte	.LASF137
 690 050a 07       		.byte	0x7
 691 050b 41       		.byte	0x41
 692 050c 95040000 		.4byte	0x495
 693 0510 17       		.uleb128 0x17
 694 0511 ED090000 		.4byte	.LASF138
 695 0515 08       		.byte	0x8
 696 0516 39       		.byte	0x39
 697 0517 95040000 		.4byte	0x495
 698 051b 17       		.uleb128 0x17
 699 051c 1F0B0000 		.4byte	.LASF139
ARM GAS  C:\Users\haske\AppData\Local\Temp\cc77bmNc.s 			page 14


 700 0520 08       		.byte	0x8
 701 0521 3A       		.byte	0x3a
 702 0522 95040000 		.4byte	0x495
 703 0526 17       		.uleb128 0x17
 704 0527 0D020000 		.4byte	.LASF140
 705 052b 08       		.byte	0x8
 706 052c 3B       		.byte	0x3b
 707 052d 95040000 		.4byte	0x495
 708 0531 17       		.uleb128 0x17
 709 0532 08050000 		.4byte	.LASF141
 710 0536 08       		.byte	0x8
 711 0537 3C       		.byte	0x3c
 712 0538 95040000 		.4byte	0x495
 713 053c 17       		.uleb128 0x17
 714 053d F00A0000 		.4byte	.LASF142
 715 0541 08       		.byte	0x8
 716 0542 3D       		.byte	0x3d
 717 0543 95040000 		.4byte	0x495
 718 0547 17       		.uleb128 0x17
 719 0548 0C0A0000 		.4byte	.LASF143
 720 054c 08       		.byte	0x8
 721 054d 3E       		.byte	0x3e
 722 054e 95040000 		.4byte	0x495
 723 0552 17       		.uleb128 0x17
 724 0553 8E090000 		.4byte	.LASF144
 725 0557 08       		.byte	0x8
 726 0558 3F       		.byte	0x3f
 727 0559 95040000 		.4byte	0x495
 728 055d 17       		.uleb128 0x17
 729 055e E8000000 		.4byte	.LASF145
 730 0562 08       		.byte	0x8
 731 0563 40       		.byte	0x40
 732 0564 95040000 		.4byte	0x495
 733 0568 17       		.uleb128 0x17
 734 0569 CA030000 		.4byte	.LASF146
 735 056d 08       		.byte	0x8
 736 056e 41       		.byte	0x41
 737 056f 95040000 		.4byte	0x495
 738 0573 17       		.uleb128 0x17
 739 0574 48030000 		.4byte	.LASF147
 740 0578 08       		.byte	0x8
 741 0579 42       		.byte	0x42
 742 057a 95040000 		.4byte	0x495
 743 057e 18       		.uleb128 0x18
 744 057f B3010000 		.4byte	.LASF148
 745 0583 B3010000 		.4byte	.LASF148
 746 0587 07       		.byte	0x7
 747 0588 4B       		.byte	0x4b
 748 0589 18       		.uleb128 0x18
 749 058a F2070000 		.4byte	.LASF149
 750 058e F2070000 		.4byte	.LASF149
 751 0592 08       		.byte	0x8
 752 0593 48       		.byte	0x48
 753 0594 00       		.byte	0
 754              		.section	.debug_abbrev,"",%progbits
 755              	.Ldebug_abbrev0:
 756 0000 01       		.uleb128 0x1
ARM GAS  C:\Users\haske\AppData\Local\Temp\cc77bmNc.s 			page 15


 757 0001 11       		.uleb128 0x11
 758 0002 01       		.byte	0x1
 759 0003 25       		.uleb128 0x25
 760 0004 0E       		.uleb128 0xe
 761 0005 13       		.uleb128 0x13
 762 0006 0B       		.uleb128 0xb
 763 0007 03       		.uleb128 0x3
 764 0008 0E       		.uleb128 0xe
 765 0009 1B       		.uleb128 0x1b
 766 000a 0E       		.uleb128 0xe
 767 000b 55       		.uleb128 0x55
 768 000c 17       		.uleb128 0x17
 769 000d 11       		.uleb128 0x11
 770 000e 01       		.uleb128 0x1
 771 000f 10       		.uleb128 0x10
 772 0010 17       		.uleb128 0x17
 773 0011 00       		.byte	0
 774 0012 00       		.byte	0
 775 0013 02       		.uleb128 0x2
 776 0014 16       		.uleb128 0x16
 777 0015 00       		.byte	0
 778 0016 03       		.uleb128 0x3
 779 0017 0E       		.uleb128 0xe
 780 0018 3A       		.uleb128 0x3a
 781 0019 0B       		.uleb128 0xb
 782 001a 3B       		.uleb128 0x3b
 783 001b 0B       		.uleb128 0xb
 784 001c 49       		.uleb128 0x49
 785 001d 13       		.uleb128 0x13
 786 001e 00       		.byte	0
 787 001f 00       		.byte	0
 788 0020 03       		.uleb128 0x3
 789 0021 24       		.uleb128 0x24
 790 0022 00       		.byte	0
 791 0023 0B       		.uleb128 0xb
 792 0024 0B       		.uleb128 0xb
 793 0025 3E       		.uleb128 0x3e
 794 0026 0B       		.uleb128 0xb
 795 0027 03       		.uleb128 0x3
 796 0028 0E       		.uleb128 0xe
 797 0029 00       		.byte	0
 798 002a 00       		.byte	0
 799 002b 04       		.uleb128 0x4
 800 002c 24       		.uleb128 0x24
 801 002d 00       		.byte	0
 802 002e 0B       		.uleb128 0xb
 803 002f 0B       		.uleb128 0xb
 804 0030 3E       		.uleb128 0x3e
 805 0031 0B       		.uleb128 0xb
 806 0032 03       		.uleb128 0x3
 807 0033 08       		.uleb128 0x8
 808 0034 00       		.byte	0
 809 0035 00       		.byte	0
 810 0036 05       		.uleb128 0x5
 811 0037 0F       		.uleb128 0xf
 812 0038 00       		.byte	0
 813 0039 0B       		.uleb128 0xb
ARM GAS  C:\Users\haske\AppData\Local\Temp\cc77bmNc.s 			page 16


 814 003a 0B       		.uleb128 0xb
 815 003b 00       		.byte	0
 816 003c 00       		.byte	0
 817 003d 06       		.uleb128 0x6
 818 003e 13       		.uleb128 0x13
 819 003f 01       		.byte	0x1
 820 0040 0B       		.uleb128 0xb
 821 0041 0B       		.uleb128 0xb
 822 0042 3A       		.uleb128 0x3a
 823 0043 0B       		.uleb128 0xb
 824 0044 3B       		.uleb128 0x3b
 825 0045 0B       		.uleb128 0xb
 826 0046 01       		.uleb128 0x1
 827 0047 13       		.uleb128 0x13
 828 0048 00       		.byte	0
 829 0049 00       		.byte	0
 830 004a 07       		.uleb128 0x7
 831 004b 0D       		.uleb128 0xd
 832 004c 00       		.byte	0
 833 004d 03       		.uleb128 0x3
 834 004e 0E       		.uleb128 0xe
 835 004f 3A       		.uleb128 0x3a
 836 0050 0B       		.uleb128 0xb
 837 0051 3B       		.uleb128 0x3b
 838 0052 0B       		.uleb128 0xb
 839 0053 49       		.uleb128 0x49
 840 0054 13       		.uleb128 0x13
 841 0055 38       		.uleb128 0x38
 842 0056 0B       		.uleb128 0xb
 843 0057 00       		.byte	0
 844 0058 00       		.byte	0
 845 0059 08       		.uleb128 0x8
 846 005a 0D       		.uleb128 0xd
 847 005b 00       		.byte	0
 848 005c 03       		.uleb128 0x3
 849 005d 08       		.uleb128 0x8
 850 005e 3A       		.uleb128 0x3a
 851 005f 0B       		.uleb128 0xb
 852 0060 3B       		.uleb128 0x3b
 853 0061 0B       		.uleb128 0xb
 854 0062 49       		.uleb128 0x49
 855 0063 13       		.uleb128 0x13
 856 0064 0B       		.uleb128 0xb
 857 0065 0B       		.uleb128 0xb
 858 0066 0D       		.uleb128 0xd
 859 0067 0B       		.uleb128 0xb
 860 0068 0C       		.uleb128 0xc
 861 0069 0B       		.uleb128 0xb
 862 006a 38       		.uleb128 0x38
 863 006b 0B       		.uleb128 0xb
 864 006c 00       		.byte	0
 865 006d 00       		.byte	0
 866 006e 09       		.uleb128 0x9
 867 006f 0D       		.uleb128 0xd
 868 0070 00       		.byte	0
 869 0071 03       		.uleb128 0x3
 870 0072 0E       		.uleb128 0xe
ARM GAS  C:\Users\haske\AppData\Local\Temp\cc77bmNc.s 			page 17


 871 0073 3A       		.uleb128 0x3a
 872 0074 0B       		.uleb128 0xb
 873 0075 3B       		.uleb128 0x3b
 874 0076 0B       		.uleb128 0xb
 875 0077 49       		.uleb128 0x49
 876 0078 13       		.uleb128 0x13
 877 0079 0B       		.uleb128 0xb
 878 007a 0B       		.uleb128 0xb
 879 007b 0D       		.uleb128 0xd
 880 007c 0B       		.uleb128 0xb
 881 007d 0C       		.uleb128 0xc
 882 007e 0B       		.uleb128 0xb
 883 007f 38       		.uleb128 0x38
 884 0080 0B       		.uleb128 0xb
 885 0081 00       		.byte	0
 886 0082 00       		.byte	0
 887 0083 0A       		.uleb128 0xa
 888 0084 13       		.uleb128 0x13
 889 0085 01       		.byte	0x1
 890 0086 03       		.uleb128 0x3
 891 0087 0E       		.uleb128 0xe
 892 0088 0B       		.uleb128 0xb
 893 0089 0B       		.uleb128 0xb
 894 008a 3A       		.uleb128 0x3a
 895 008b 0B       		.uleb128 0xb
 896 008c 3B       		.uleb128 0x3b
 897 008d 0B       		.uleb128 0xb
 898 008e 01       		.uleb128 0x1
 899 008f 13       		.uleb128 0x13
 900 0090 00       		.byte	0
 901 0091 00       		.byte	0
 902 0092 0B       		.uleb128 0xb
 903 0093 0D       		.uleb128 0xd
 904 0094 00       		.byte	0
 905 0095 03       		.uleb128 0x3
 906 0096 08       		.uleb128 0x8
 907 0097 3A       		.uleb128 0x3a
 908 0098 0B       		.uleb128 0xb
 909 0099 3B       		.uleb128 0x3b
 910 009a 0B       		.uleb128 0xb
 911 009b 49       		.uleb128 0x49
 912 009c 13       		.uleb128 0x13
 913 009d 38       		.uleb128 0x38
 914 009e 0B       		.uleb128 0xb
 915 009f 00       		.byte	0
 916 00a0 00       		.byte	0
 917 00a1 0C       		.uleb128 0xc
 918 00a2 0F       		.uleb128 0xf
 919 00a3 00       		.byte	0
 920 00a4 0B       		.uleb128 0xb
 921 00a5 0B       		.uleb128 0xb
 922 00a6 49       		.uleb128 0x49
 923 00a7 13       		.uleb128 0x13
 924 00a8 00       		.byte	0
 925 00a9 00       		.byte	0
 926 00aa 0D       		.uleb128 0xd
 927 00ab 26       		.uleb128 0x26
ARM GAS  C:\Users\haske\AppData\Local\Temp\cc77bmNc.s 			page 18


 928 00ac 00       		.byte	0
 929 00ad 49       		.uleb128 0x49
 930 00ae 13       		.uleb128 0x13
 931 00af 00       		.byte	0
 932 00b0 00       		.byte	0
 933 00b1 0E       		.uleb128 0xe
 934 00b2 15       		.uleb128 0x15
 935 00b3 01       		.byte	0x1
 936 00b4 27       		.uleb128 0x27
 937 00b5 19       		.uleb128 0x19
 938 00b6 49       		.uleb128 0x49
 939 00b7 13       		.uleb128 0x13
 940 00b8 01       		.uleb128 0x1
 941 00b9 13       		.uleb128 0x13
 942 00ba 00       		.byte	0
 943 00bb 00       		.byte	0
 944 00bc 0F       		.uleb128 0xf
 945 00bd 05       		.uleb128 0x5
 946 00be 00       		.byte	0
 947 00bf 49       		.uleb128 0x49
 948 00c0 13       		.uleb128 0x13
 949 00c1 00       		.byte	0
 950 00c2 00       		.byte	0
 951 00c3 10       		.uleb128 0x10
 952 00c4 26       		.uleb128 0x26
 953 00c5 00       		.byte	0
 954 00c6 00       		.byte	0
 955 00c7 00       		.byte	0
 956 00c8 11       		.uleb128 0x11
 957 00c9 04       		.uleb128 0x4
 958 00ca 01       		.byte	0x1
 959 00cb 0B       		.uleb128 0xb
 960 00cc 0B       		.uleb128 0xb
 961 00cd 49       		.uleb128 0x49
 962 00ce 13       		.uleb128 0x13
 963 00cf 3A       		.uleb128 0x3a
 964 00d0 0B       		.uleb128 0xb
 965 00d1 3B       		.uleb128 0x3b
 966 00d2 0B       		.uleb128 0xb
 967 00d3 01       		.uleb128 0x1
 968 00d4 13       		.uleb128 0x13
 969 00d5 00       		.byte	0
 970 00d6 00       		.byte	0
 971 00d7 12       		.uleb128 0x12
 972 00d8 28       		.uleb128 0x28
 973 00d9 00       		.byte	0
 974 00da 03       		.uleb128 0x3
 975 00db 0E       		.uleb128 0xe
 976 00dc 1C       		.uleb128 0x1c
 977 00dd 0B       		.uleb128 0xb
 978 00de 00       		.byte	0
 979 00df 00       		.byte	0
 980 00e0 13       		.uleb128 0x13
 981 00e1 28       		.uleb128 0x28
 982 00e2 00       		.byte	0
 983 00e3 03       		.uleb128 0x3
 984 00e4 0E       		.uleb128 0xe
ARM GAS  C:\Users\haske\AppData\Local\Temp\cc77bmNc.s 			page 19


 985 00e5 1C       		.uleb128 0x1c
 986 00e6 05       		.uleb128 0x5
 987 00e7 00       		.byte	0
 988 00e8 00       		.byte	0
 989 00e9 14       		.uleb128 0x14
 990 00ea 16       		.uleb128 0x16
 991 00eb 00       		.byte	0
 992 00ec 03       		.uleb128 0x3
 993 00ed 0E       		.uleb128 0xe
 994 00ee 3A       		.uleb128 0x3a
 995 00ef 0B       		.uleb128 0xb
 996 00f0 3B       		.uleb128 0x3b
 997 00f1 05       		.uleb128 0x5
 998 00f2 49       		.uleb128 0x49
 999 00f3 13       		.uleb128 0x13
 1000 00f4 00       		.byte	0
 1001 00f5 00       		.byte	0
 1002 00f6 15       		.uleb128 0x15
 1003 00f7 2E       		.uleb128 0x2e
 1004 00f8 01       		.byte	0x1
 1005 00f9 3F       		.uleb128 0x3f
 1006 00fa 19       		.uleb128 0x19
 1007 00fb 03       		.uleb128 0x3
 1008 00fc 0E       		.uleb128 0xe
 1009 00fd 3A       		.uleb128 0x3a
 1010 00fe 0B       		.uleb128 0xb
 1011 00ff 3B       		.uleb128 0x3b
 1012 0100 0B       		.uleb128 0xb
 1013 0101 27       		.uleb128 0x27
 1014 0102 19       		.uleb128 0x19
 1015 0103 11       		.uleb128 0x11
 1016 0104 01       		.uleb128 0x1
 1017 0105 12       		.uleb128 0x12
 1018 0106 06       		.uleb128 0x6
 1019 0107 40       		.uleb128 0x40
 1020 0108 18       		.uleb128 0x18
 1021 0109 9742     		.uleb128 0x2117
 1022 010b 19       		.uleb128 0x19
 1023 010c 01       		.uleb128 0x1
 1024 010d 13       		.uleb128 0x13
 1025 010e 00       		.byte	0
 1026 010f 00       		.byte	0
 1027 0110 16       		.uleb128 0x16
 1028 0111 898201   		.uleb128 0x4109
 1029 0114 00       		.byte	0
 1030 0115 11       		.uleb128 0x11
 1031 0116 01       		.uleb128 0x1
 1032 0117 31       		.uleb128 0x31
 1033 0118 13       		.uleb128 0x13
 1034 0119 00       		.byte	0
 1035 011a 00       		.byte	0
 1036 011b 17       		.uleb128 0x17
 1037 011c 34       		.uleb128 0x34
 1038 011d 00       		.byte	0
 1039 011e 03       		.uleb128 0x3
 1040 011f 0E       		.uleb128 0xe
 1041 0120 3A       		.uleb128 0x3a
ARM GAS  C:\Users\haske\AppData\Local\Temp\cc77bmNc.s 			page 20


 1042 0121 0B       		.uleb128 0xb
 1043 0122 3B       		.uleb128 0x3b
 1044 0123 0B       		.uleb128 0xb
 1045 0124 49       		.uleb128 0x49
 1046 0125 13       		.uleb128 0x13
 1047 0126 3F       		.uleb128 0x3f
 1048 0127 19       		.uleb128 0x19
 1049 0128 3C       		.uleb128 0x3c
 1050 0129 19       		.uleb128 0x19
 1051 012a 00       		.byte	0
 1052 012b 00       		.byte	0
 1053 012c 18       		.uleb128 0x18
 1054 012d 2E       		.uleb128 0x2e
 1055 012e 00       		.byte	0
 1056 012f 3F       		.uleb128 0x3f
 1057 0130 19       		.uleb128 0x19
 1058 0131 3C       		.uleb128 0x3c
 1059 0132 19       		.uleb128 0x19
 1060 0133 6E       		.uleb128 0x6e
 1061 0134 0E       		.uleb128 0xe
 1062 0135 03       		.uleb128 0x3
 1063 0136 0E       		.uleb128 0xe
 1064 0137 3A       		.uleb128 0x3a
 1065 0138 0B       		.uleb128 0xb
 1066 0139 3B       		.uleb128 0x3b
 1067 013a 0B       		.uleb128 0xb
 1068 013b 00       		.byte	0
 1069 013c 00       		.byte	0
 1070 013d 00       		.byte	0
 1071              		.section	.debug_aranges,"",%progbits
 1072 0000 1C000000 		.4byte	0x1c
 1073 0004 0200     		.2byte	0x2
 1074 0006 00000000 		.4byte	.Ldebug_info0
 1075 000a 04       		.byte	0x4
 1076 000b 00       		.byte	0
 1077 000c 0000     		.2byte	0
 1078 000e 0000     		.2byte	0
 1079 0010 00000000 		.4byte	.LFB202
 1080 0014 0C000000 		.4byte	.LFE202-.LFB202
 1081 0018 00000000 		.4byte	0
 1082 001c 00000000 		.4byte	0
 1083              		.section	.debug_ranges,"",%progbits
 1084              	.Ldebug_ranges0:
 1085 0000 00000000 		.4byte	.LFB202
 1086 0004 0C000000 		.4byte	.LFE202
 1087 0008 00000000 		.4byte	0
 1088 000c 00000000 		.4byte	0
 1089              		.section	.debug_line,"",%progbits
 1090              	.Ldebug_line0:
 1091 0000 F4020000 		.section	.debug_str,"MS",%progbits,1
 1091      0200DD02 
 1091      00000201 
 1091      FB0E0D00 
 1091      01010101 
 1092              	.LASF38:
 1093 0000 75736572 		.ascii	"user_data\000"
 1093      5F646174 
ARM GAS  C:\Users\haske\AppData\Local\Temp\cc77bmNc.s 			page 21


 1093      6100
 1094              	.LASF31:
 1095 000a 6765745F 		.ascii	"get_glyph_bitmap\000"
 1095      676C7970 
 1095      685F6269 
 1095      746D6170 
 1095      00
 1096              	.LASF90:
 1097 001b 4C565F53 		.ascii	"LV_STYLE_IMG_OPA\000"
 1097      54594C45 
 1097      5F494D47 
 1097      5F4F5041 
 1097      00
 1098              	.LASF65:
 1099 002c 4C565F53 		.ascii	"LV_STYLE_BG_GRAD_DIR\000"
 1099      54594C45 
 1099      5F42475F 
 1099      47524144 
 1099      5F444952 
 1100              	.LASF95:
 1101 0041 4C565F53 		.ascii	"LV_STYLE_LINE_DASH_GAP\000"
 1101      54594C45 
 1101      5F4C494E 
 1101      455F4441 
 1101      53485F47 
 1102              	.LASF1:
 1103 0058 5F5F7569 		.ascii	"__uint8_t\000"
 1103      6E74385F 
 1103      7400
 1104              	.LASF81:
 1105 0062 4C565F53 		.ascii	"LV_STYLE_OUTLINE_COLOR\000"
 1105      54594C45 
 1105      5F4F5554 
 1105      4C494E45 
 1105      5F434F4C 
 1106              	.LASF70:
 1107 0079 4C565F53 		.ascii	"LV_STYLE_BG_IMG_SRC\000"
 1107      54594C45 
 1107      5F42475F 
 1107      494D475F 
 1107      53524300 
 1108              	.LASF107:
 1109 008d 4C565F53 		.ascii	"LV_STYLE_TEXT_LETTER_SPACE\000"
 1109      54594C45 
 1109      5F544558 
 1109      545F4C45 
 1109      54544552 
 1110              	.LASF12:
 1111 00a8 6C6F6E67 		.ascii	"long long unsigned int\000"
 1111      206C6F6E 
 1111      6720756E 
 1111      7369676E 
 1111      65642069 
 1112              	.LASF41:
 1113 00bf 6C765F66 		.ascii	"lv_font_t\000"
 1113      6F6E745F 
 1113      7400
ARM GAS  C:\Users\haske\AppData\Local\Temp\cc77bmNc.s 			page 22


 1114              	.LASF85:
 1115 00c9 4C565F53 		.ascii	"LV_STYLE_SHADOW_OFS_X\000"
 1115      54594C45 
 1115      5F534841 
 1115      444F575F 
 1115      4F46535F 
 1116              	.LASF0:
 1117 00df 5F5F696E 		.ascii	"__int8_t\000"
 1117      74385F74 
 1117      00
 1118              	.LASF145:
 1119 00e8 4C565F53 		.ascii	"LV_STYLE_GRID_CELL_ROW_POS\000"
 1119      54594C45 
 1119      5F475249 
 1119      445F4345 
 1119      4C4C5F52 
 1120              	.LASF56:
 1121 0103 4C565F53 		.ascii	"LV_STYLE_PAD_LEFT\000"
 1121      54594C45 
 1121      5F504144 
 1121      5F4C4546 
 1121      5400
 1122              	.LASF22:
 1123 0115 6C765F63 		.ascii	"lv_coord_t\000"
 1123      6F6F7264 
 1123      5F7400
 1124              	.LASF91:
 1125 0120 4C565F53 		.ascii	"LV_STYLE_IMG_RECOLOR\000"
 1125      54594C45 
 1125      5F494D47 
 1125      5F524543 
 1125      4F4C4F52 
 1126              	.LASF73:
 1127 0135 4C565F53 		.ascii	"LV_STYLE_BG_IMG_RECOLOR_OPA\000"
 1127      54594C45 
 1127      5F42475F 
 1127      494D475F 
 1127      5245434F 
 1128              	.LASF16:
 1129 0151 696E7431 		.ascii	"int16_t\000"
 1129      365F7400 
 1130              	.LASF11:
 1131 0159 6C6F6E67 		.ascii	"long long int\000"
 1131      206C6F6E 
 1131      6720696E 
 1131      7400
 1132              	.LASF2:
 1133 0167 7369676E 		.ascii	"signed char\000"
 1133      65642063 
 1133      68617200 
 1134              	.LASF112:
 1135 0173 4C565F53 		.ascii	"LV_STYLE_COLOR_FILTER_DSC\000"
 1135      54594C45 
 1135      5F434F4C 
 1135      4F525F46 
 1135      494C5445 
 1136              	.LASF35:
ARM GAS  C:\Users\haske\AppData\Local\Temp\cc77bmNc.s 			page 23


 1137 018d 756E6465 		.ascii	"underline_position\000"
 1137      726C696E 
 1137      655F706F 
 1137      73697469 
 1137      6F6E00
 1138              	.LASF106:
 1139 01a0 4C565F53 		.ascii	"LV_STYLE_TEXT_FONT\000"
 1139      54594C45 
 1139      5F544558 
 1139      545F464F 
 1139      4E5400
 1140              	.LASF148:
 1141 01b3 6C765F66 		.ascii	"lv_flex_init\000"
 1141      6C65785F 
 1141      696E6974 
 1141      00
 1142              	.LASF104:
 1143 01c0 4C565F53 		.ascii	"LV_STYLE_TEXT_COLOR\000"
 1143      54594C45 
 1143      5F544558 
 1143      545F434F 
 1143      4C4F5200 
 1144              	.LASF43:
 1145 01d4 4C565F53 		.ascii	"LV_STYLE_WIDTH\000"
 1145      54594C45 
 1145      5F574944 
 1145      544800
 1146              	.LASF121:
 1147 01e3 4C565F53 		.ascii	"LV_STYLE_TRANSLATE_X\000"
 1147      54594C45 
 1147      5F545241 
 1147      4E534C41 
 1147      54455F58 
 1148              	.LASF122:
 1149 01f8 4C565F53 		.ascii	"LV_STYLE_TRANSLATE_Y\000"
 1149      54594C45 
 1149      5F545241 
 1149      4E534C41 
 1149      54455F59 
 1150              	.LASF140:
 1151 020d 4C565F53 		.ascii	"LV_STYLE_GRID_ROW_DSC_ARRAY\000"
 1151      54594C45 
 1151      5F475249 
 1151      445F524F 
 1151      575F4453 
 1152              	.LASF154:
 1153 0229 6C765F65 		.ascii	"lv_extra_init\000"
 1153      78747261 
 1153      5F696E69 
 1153      7400
 1154              	.LASF8:
 1155 0237 6C6F6E67 		.ascii	"long int\000"
 1155      20696E74 
 1155      00
 1156              	.LASF86:
 1157 0240 4C565F53 		.ascii	"LV_STYLE_SHADOW_OFS_Y\000"
 1157      54594C45 
ARM GAS  C:\Users\haske\AppData\Local\Temp\cc77bmNc.s 			page 24


 1157      5F534841 
 1157      444F575F 
 1157      4F46535F 
 1158              	.LASF83:
 1159 0256 4C565F53 		.ascii	"LV_STYLE_OUTLINE_PAD\000"
 1159      54594C45 
 1159      5F4F5554 
 1159      4C494E45 
 1159      5F504144 
 1160              	.LASF114:
 1161 026b 4C565F53 		.ascii	"LV_STYLE_ANIM\000"
 1161      54594C45 
 1161      5F414E49 
 1161      4D00
 1162              	.LASF99:
 1163 0279 4C565F53 		.ascii	"LV_STYLE_ARC_WIDTH\000"
 1163      54594C45 
 1163      5F415243 
 1163      5F574944 
 1163      544800
 1164              	.LASF84:
 1165 028c 4C565F53 		.ascii	"LV_STYLE_SHADOW_WIDTH\000"
 1165      54594C45 
 1165      5F534841 
 1165      444F575F 
 1165      57494454 
 1166              	.LASF17:
 1167 02a2 75696E74 		.ascii	"uint16_t\000"
 1167      31365F74 
 1167      00
 1168              	.LASF52:
 1169 02ab 4C565F53 		.ascii	"LV_STYLE_LAYOUT\000"
 1169      54594C45 
 1169      5F4C4159 
 1169      4F555400 
 1170              	.LASF42:
 1171 02bb 4C565F53 		.ascii	"LV_STYLE_PROP_INV\000"
 1171      54594C45 
 1171      5F50524F 
 1171      505F494E 
 1171      5600
 1172              	.LASF116:
 1173 02cd 4C565F53 		.ascii	"LV_STYLE_ANIM_SPEED\000"
 1173      54594C45 
 1173      5F414E49 
 1173      4D5F5350 
 1173      45454400 
 1174              	.LASF93:
 1175 02e1 4C565F53 		.ascii	"LV_STYLE_LINE_WIDTH\000"
 1175      54594C45 
 1175      5F4C494E 
 1175      455F5749 
 1175      44544800 
 1176              	.LASF55:
 1177 02f5 4C565F53 		.ascii	"LV_STYLE_PAD_BOTTOM\000"
 1177      54594C45 
 1177      5F504144 
ARM GAS  C:\Users\haske\AppData\Local\Temp\cc77bmNc.s 			page 25


 1177      5F424F54 
 1177      544F4D00 
 1178              	.LASF96:
 1179 0309 4C565F53 		.ascii	"LV_STYLE_LINE_ROUNDED\000"
 1179      54594C45 
 1179      5F4C494E 
 1179      455F524F 
 1179      554E4445 
 1180              	.LASF57:
 1181 031f 4C565F53 		.ascii	"LV_STYLE_PAD_RIGHT\000"
 1181      54594C45 
 1181      5F504144 
 1181      5F524947 
 1181      485400
 1182              	.LASF77:
 1183 0332 4C565F53 		.ascii	"LV_STYLE_BORDER_WIDTH\000"
 1183      54594C45 
 1183      5F424F52 
 1183      4445525F 
 1183      57494454 
 1184              	.LASF147:
 1185 0348 4C565F53 		.ascii	"LV_STYLE_GRID_CELL_Y_ALIGN\000"
 1185      54594C45 
 1185      5F475249 
 1185      445F4345 
 1185      4C4C5F59 
 1186              	.LASF9:
 1187 0363 5F5F7569 		.ascii	"__uint32_t\000"
 1187      6E743332 
 1187      5F7400
 1188              	.LASF67:
 1189 036e 4C565F53 		.ascii	"LV_STYLE_BG_GRAD_STOP\000"
 1189      54594C45 
 1189      5F42475F 
 1189      47524144 
 1189      5F53544F 
 1190              	.LASF4:
 1191 0384 5F5F696E 		.ascii	"__int16_t\000"
 1191      7431365F 
 1191      7400
 1192              	.LASF23:
 1193 038e 7265736F 		.ascii	"resolved_font\000"
 1193      6C766564 
 1193      5F666F6E 
 1193      7400
 1194              	.LASF30:
 1195 039c 6765745F 		.ascii	"get_glyph_dsc\000"
 1195      676C7970 
 1195      685F6473 
 1195      6300
 1196              	.LASF102:
 1197 03aa 4C565F53 		.ascii	"LV_STYLE_ARC_OPA\000"
 1197      54594C45 
 1197      5F415243 
 1197      5F4F5041 
 1197      00
 1198              	.LASF29:
ARM GAS  C:\Users\haske\AppData\Local\Temp\cc77bmNc.s 			page 26


 1199 03bb 69735F70 		.ascii	"is_placeholder\000"
 1199      6C616365 
 1199      686F6C64 
 1199      657200
 1200              	.LASF146:
 1201 03ca 4C565F53 		.ascii	"LV_STYLE_GRID_CELL_ROW_SPAN\000"
 1201      54594C45 
 1201      5F475249 
 1201      445F4345 
 1201      4C4C5F52 
 1202              	.LASF153:
 1203 03e6 5F6C765F 		.ascii	"_lv_font_t\000"
 1203      666F6E74 
 1203      5F7400
 1204              	.LASF13:
 1205 03f1 756E7369 		.ascii	"unsigned int\000"
 1205      676E6564 
 1205      20696E74 
 1205      00
 1206              	.LASF89:
 1207 03fe 4C565F53 		.ascii	"LV_STYLE_SHADOW_OPA\000"
 1207      54594C45 
 1207      5F534841 
 1207      444F575F 
 1207      4F504100 
 1208              	.LASF78:
 1209 0412 4C565F53 		.ascii	"LV_STYLE_BORDER_SIDE\000"
 1209      54594C45 
 1209      5F424F52 
 1209      4445525F 
 1209      53494445 
 1210              	.LASF10:
 1211 0427 6C6F6E67 		.ascii	"long unsigned int\000"
 1211      20756E73 
 1211      69676E65 
 1211      6420696E 
 1211      7400
 1212              	.LASF61:
 1213 0439 4C565F53 		.ascii	"LV_STYLE_CLIP_CORNER\000"
 1213      54594C45 
 1213      5F434C49 
 1213      505F434F 
 1213      524E4552 
 1214              	.LASF82:
 1215 044e 4C565F53 		.ascii	"LV_STYLE_OUTLINE_OPA\000"
 1215      54594C45 
 1215      5F4F5554 
 1215      4C494E45 
 1215      5F4F5041 
 1216              	.LASF54:
 1217 0463 4C565F53 		.ascii	"LV_STYLE_PAD_TOP\000"
 1217      54594C45 
 1217      5F504144 
 1217      5F544F50 
 1217      00
 1218              	.LASF7:
 1219 0474 73686F72 		.ascii	"short unsigned int\000"
ARM GAS  C:\Users\haske\AppData\Local\Temp\cc77bmNc.s 			page 27


 1219      7420756E 
 1219      7369676E 
 1219      65642069 
 1219      6E7400
 1220              	.LASF44:
 1221 0487 4C565F53 		.ascii	"LV_STYLE_MIN_WIDTH\000"
 1221      54594C45 
 1221      5F4D494E 
 1221      5F574944 
 1221      544800
 1222              	.LASF32:
 1223 049a 6C696E65 		.ascii	"line_height\000"
 1223      5F686569 
 1223      67687400 
 1224              	.LASF152:
 1225 04a6 433A5C50 		.ascii	"C:\\Projects\\PainDrain\\firmware\\PainDrain\\PainD"
 1225      726F6A65 
 1225      6374735C 
 1225      5061696E 
 1225      44726169 
 1226 04d4 7261696E 		.ascii	"rain.cydsn\000"
 1226      2E637964 
 1226      736E00
 1227              	.LASF51:
 1228 04df 4C565F53 		.ascii	"LV_STYLE_ALIGN\000"
 1228      54594C45 
 1228      5F414C49 
 1228      474E00
 1229              	.LASF47:
 1230 04ee 4C565F53 		.ascii	"LV_STYLE_MIN_HEIGHT\000"
 1230      54594C45 
 1230      5F4D494E 
 1230      5F484549 
 1230      47485400 
 1231              	.LASF34:
 1232 0502 73756270 		.ascii	"subpx\000"
 1232      7800
 1233              	.LASF141:
 1234 0508 4C565F53 		.ascii	"LV_STYLE_GRID_ROW_ALIGN\000"
 1234      54594C45 
 1234      5F475249 
 1234      445F524F 
 1234      575F414C 
 1235              	.LASF128:
 1236 0520 5F4C565F 		.ascii	"_LV_STYLE_NUM_BUILT_IN_PROPS\000"
 1236      5354594C 
 1236      455F4E55 
 1236      4D5F4255 
 1236      494C545F 
 1237              	.LASF137:
 1238 053d 4C565F53 		.ascii	"LV_STYLE_FLEX_GROW\000"
 1238      54594C45 
 1238      5F464C45 
 1238      585F4752 
 1238      4F5700
 1239              	.LASF33:
 1240 0550 62617365 		.ascii	"base_line\000"
ARM GAS  C:\Users\haske\AppData\Local\Temp\cc77bmNc.s 			page 28


 1240      5F6C696E 
 1240      6500
 1241              	.LASF46:
 1242 055a 4C565F53 		.ascii	"LV_STYLE_HEIGHT\000"
 1242      54594C45 
 1242      5F484549 
 1242      47485400 
 1243              	.LASF117:
 1244 056a 4C565F53 		.ascii	"LV_STYLE_TRANSITION\000"
 1244      54594C45 
 1244      5F545241 
 1244      4E534954 
 1244      494F4E00 
 1245              	.LASF39:
 1246 057e 6C765F66 		.ascii	"lv_font_glyph_dsc_t\000"
 1246      6F6E745F 
 1246      676C7970 
 1246      685F6473 
 1246      635F7400 
 1247              	.LASF151:
 1248 0592 2E2E5C2E 		.ascii	"..\\..\\..\\arduinoLCD\\test\\Pain Drain\\libraries"
 1248      2E5C2E2E 
 1248      5C617264 
 1248      75696E6F 
 1248      4C43445C 
 1249 05bf 5C6C7667 		.ascii	"\\lvgl\\src\\extra\\lv_extra.c\000"
 1249      6C5C7372 
 1249      635C6578 
 1249      7472615C 
 1249      6C765F65 
 1250              	.LASF92:
 1251 05da 4C565F53 		.ascii	"LV_STYLE_IMG_RECOLOR_OPA\000"
 1251      54594C45 
 1251      5F494D47 
 1251      5F524543 
 1251      4F4C4F52 
 1252              	.LASF49:
 1253 05f3 4C565F53 		.ascii	"LV_STYLE_X\000"
 1253      54594C45 
 1253      5F5800
 1254              	.LASF50:
 1255 05fe 4C565F53 		.ascii	"LV_STYLE_Y\000"
 1255      54594C45 
 1255      5F5900
 1256              	.LASF80:
 1257 0609 4C565F53 		.ascii	"LV_STYLE_OUTLINE_WIDTH\000"
 1257      54594C45 
 1257      5F4F5554 
 1257      4C494E45 
 1257      5F574944 
 1258              	.LASF69:
 1259 0620 4C565F53 		.ascii	"LV_STYLE_BG_DITHER_MODE\000"
 1259      54594C45 
 1259      5F42475F 
 1259      44495448 
 1259      45525F4D 
 1260              	.LASF48:
ARM GAS  C:\Users\haske\AppData\Local\Temp\cc77bmNc.s 			page 29


 1261 0638 4C565F53 		.ascii	"LV_STYLE_MAX_HEIGHT\000"
 1261      54594C45 
 1261      5F4D4158 
 1261      5F484549 
 1261      47485400 
 1262              	.LASF20:
 1263 064c 73697A65 		.ascii	"sizetype\000"
 1263      74797065 
 1263      00
 1264              	.LASF64:
 1265 0655 4C565F53 		.ascii	"LV_STYLE_BG_GRAD_COLOR\000"
 1265      54594C45 
 1265      5F42475F 
 1265      47524144 
 1265      5F434F4C 
 1266              	.LASF134:
 1267 066c 4C565F53 		.ascii	"LV_STYLE_FLEX_MAIN_PLACE\000"
 1267      54594C45 
 1267      5F464C45 
 1267      585F4D41 
 1267      494E5F50 
 1268              	.LASF71:
 1269 0685 4C565F53 		.ascii	"LV_STYLE_BG_IMG_OPA\000"
 1269      54594C45 
 1269      5F42475F 
 1269      494D475F 
 1269      4F504100 
 1270              	.LASF63:
 1271 0699 4C565F53 		.ascii	"LV_STYLE_BG_OPA\000"
 1271      54594C45 
 1271      5F42475F 
 1271      4F504100 
 1272              	.LASF109:
 1273 06a9 4C565F53 		.ascii	"LV_STYLE_TEXT_DECOR\000"
 1273      54594C45 
 1273      5F544558 
 1273      545F4445 
 1273      434F5200 
 1274              	.LASF103:
 1275 06bd 4C565F53 		.ascii	"LV_STYLE_ARC_IMG_SRC\000"
 1275      54594C45 
 1275      5F415243 
 1275      5F494D47 
 1275      5F535243 
 1276              	.LASF72:
 1277 06d2 4C565F53 		.ascii	"LV_STYLE_BG_IMG_RECOLOR\000"
 1277      54594C45 
 1277      5F42475F 
 1277      494D475F 
 1277      5245434F 
 1278              	.LASF130:
 1279 06ea 5F4C565F 		.ascii	"_LV_STYLE_PROP_CONST\000"
 1279      5354594C 
 1279      455F5052 
 1279      4F505F43 
 1279      4F4E5354 
 1280              	.LASF150:
ARM GAS  C:\Users\haske\AppData\Local\Temp\cc77bmNc.s 			page 30


 1281 06ff 474E5520 		.ascii	"GNU C11 5.4.1 20160609 (release) [ARM/embedded-5-br"
 1281      43313120 
 1281      352E342E 
 1281      31203230 
 1281      31363036 
 1282 0732 616E6368 		.ascii	"anch revision 237715] -mcpu=cortex-m4 -mfloat-abi=s"
 1282      20726576 
 1282      6973696F 
 1282      6E203233 
 1282      37373135 
 1283 0765 6F667466 		.ascii	"oftfp -mfpu=fpv4-sp-d16 -mthumb -g -Og -ffunction-s"
 1283      70202D6D 
 1283      6670753D 
 1283      66707634 
 1283      2D73702D 
 1284 0798 65637469 		.ascii	"ections -ffat-lto-objects\000"
 1284      6F6E7320 
 1284      2D666661 
 1284      742D6C74 
 1284      6F2D6F62 
 1285              	.LASF79:
 1286 07b2 4C565F53 		.ascii	"LV_STYLE_BORDER_POST\000"
 1286      54594C45 
 1286      5F424F52 
 1286      4445525F 
 1286      504F5354 
 1287              	.LASF87:
 1288 07c7 4C565F53 		.ascii	"LV_STYLE_SHADOW_SPREAD\000"
 1288      54594C45 
 1288      5F534841 
 1288      444F575F 
 1288      53505245 
 1289              	.LASF118:
 1290 07de 4C565F53 		.ascii	"LV_STYLE_BLEND_MODE\000"
 1290      54594C45 
 1290      5F424C45 
 1290      4E445F4D 
 1290      4F444500 
 1291              	.LASF149:
 1292 07f2 6C765F67 		.ascii	"lv_grid_init\000"
 1292      7269645F 
 1292      696E6974 
 1292      00
 1293              	.LASF98:
 1294 07ff 4C565F53 		.ascii	"LV_STYLE_LINE_OPA\000"
 1294      54594C45 
 1294      5F4C494E 
 1294      455F4F50 
 1294      4100
 1295              	.LASF60:
 1296 0811 4C565F53 		.ascii	"LV_STYLE_BASE_DIR\000"
 1296      54594C45 
 1296      5F424153 
 1296      455F4449 
 1296      5200
 1297              	.LASF131:
 1298 0823 6C765F73 		.ascii	"lv_style_prop_t\000"
ARM GAS  C:\Users\haske\AppData\Local\Temp\cc77bmNc.s 			page 31


 1298      74796C65 
 1298      5F70726F 
 1298      705F7400 
 1299              	.LASF111:
 1300 0833 4C565F53 		.ascii	"LV_STYLE_OPA\000"
 1300      54594C45 
 1300      5F4F5041 
 1300      00
 1301              	.LASF135:
 1302 0840 4C565F53 		.ascii	"LV_STYLE_FLEX_CROSS_PLACE\000"
 1302      54594C45 
 1302      5F464C45 
 1302      585F4352 
 1302      4F53535F 
 1303              	.LASF40:
 1304 085a 5F426F6F 		.ascii	"_Bool\000"
 1304      6C00
 1305              	.LASF3:
 1306 0860 756E7369 		.ascii	"unsigned char\000"
 1306      676E6564 
 1306      20636861 
 1306      7200
 1307              	.LASF5:
 1308 086e 73686F72 		.ascii	"short int\000"
 1308      7420696E 
 1308      7400
 1309              	.LASF76:
 1310 0878 4C565F53 		.ascii	"LV_STYLE_BORDER_OPA\000"
 1310      54594C45 
 1310      5F424F52 
 1310      4445525F 
 1310      4F504100 
 1311              	.LASF129:
 1312 088c 4C565F53 		.ascii	"LV_STYLE_PROP_ANY\000"
 1312      54594C45 
 1312      5F50524F 
 1312      505F414E 
 1312      5900
 1313              	.LASF119:
 1314 089e 4C565F53 		.ascii	"LV_STYLE_TRANSFORM_WIDTH\000"
 1314      54594C45 
 1314      5F545241 
 1314      4E53464F 
 1314      524D5F57 
 1315              	.LASF36:
 1316 08b7 756E6465 		.ascii	"underline_thickness\000"
 1316      726C696E 
 1316      655F7468 
 1316      69636B6E 
 1316      65737300 
 1317              	.LASF127:
 1318 08cb 5F4C565F 		.ascii	"_LV_STYLE_LAST_BUILT_IN_PROP\000"
 1318      5354594C 
 1318      455F4C41 
 1318      53545F42 
 1318      55494C54 
 1319              	.LASF124:
ARM GAS  C:\Users\haske\AppData\Local\Temp\cc77bmNc.s 			page 32


 1320 08e8 4C565F53 		.ascii	"LV_STYLE_TRANSFORM_ANGLE\000"
 1320      54594C45 
 1320      5F545241 
 1320      4E53464F 
 1320      524D5F41 
 1321              	.LASF100:
 1322 0901 4C565F53 		.ascii	"LV_STYLE_ARC_ROUNDED\000"
 1322      54594C45 
 1322      5F415243 
 1322      5F524F55 
 1322      4E444544 
 1323              	.LASF110:
 1324 0916 4C565F53 		.ascii	"LV_STYLE_TEXT_ALIGN\000"
 1324      54594C45 
 1324      5F544558 
 1324      545F414C 
 1324      49474E00 
 1325              	.LASF97:
 1326 092a 4C565F53 		.ascii	"LV_STYLE_LINE_COLOR\000"
 1326      54594C45 
 1326      5F4C494E 
 1326      455F434F 
 1326      4C4F5200 
 1327              	.LASF126:
 1328 093e 4C565F53 		.ascii	"LV_STYLE_TRANSFORM_PIVOT_Y\000"
 1328      54594C45 
 1328      5F545241 
 1328      4E53464F 
 1328      524D5F50 
 1329              	.LASF58:
 1330 0959 4C565F53 		.ascii	"LV_STYLE_PAD_ROW\000"
 1330      54594C45 
 1330      5F504144 
 1330      5F524F57 
 1330      00
 1331              	.LASF123:
 1332 096a 4C565F53 		.ascii	"LV_STYLE_TRANSFORM_ZOOM\000"
 1332      54594C45 
 1332      5F545241 
 1332      4E53464F 
 1332      524D5F5A 
 1333              	.LASF19:
 1334 0982 6C6F6E67 		.ascii	"long double\000"
 1334      20646F75 
 1334      626C6500 
 1335              	.LASF144:
 1336 098e 4C565F53 		.ascii	"LV_STYLE_GRID_CELL_X_ALIGN\000"
 1336      54594C45 
 1336      5F475249 
 1336      445F4345 
 1336      4C4C5F58 
 1337              	.LASF21:
 1338 09a9 63686172 		.ascii	"char\000"
 1338      00
 1339              	.LASF113:
 1340 09ae 4C565F53 		.ascii	"LV_STYLE_COLOR_FILTER_OPA\000"
 1340      54594C45 
ARM GAS  C:\Users\haske\AppData\Local\Temp\cc77bmNc.s 			page 33


 1340      5F434F4C 
 1340      4F525F46 
 1340      494C5445 
 1341              	.LASF6:
 1342 09c8 5F5F7569 		.ascii	"__uint16_t\000"
 1342      6E743136 
 1342      5F7400
 1343              	.LASF136:
 1344 09d3 4C565F53 		.ascii	"LV_STYLE_FLEX_TRACK_PLACE\000"
 1344      54594C45 
 1344      5F464C45 
 1344      585F5452 
 1344      41434B5F 
 1345              	.LASF138:
 1346 09ed 4C565F53 		.ascii	"LV_STYLE_GRID_COLUMN_DSC_ARRAY\000"
 1346      54594C45 
 1346      5F475249 
 1346      445F434F 
 1346      4C554D4E 
 1347              	.LASF143:
 1348 0a0c 4C565F53 		.ascii	"LV_STYLE_GRID_CELL_COLUMN_SPAN\000"
 1348      54594C45 
 1348      5F475249 
 1348      445F4345 
 1348      4C4C5F43 
 1349              	.LASF115:
 1350 0a2b 4C565F53 		.ascii	"LV_STYLE_ANIM_TIME\000"
 1350      54594C45 
 1350      5F414E49 
 1350      4D5F5449 
 1350      4D4500
 1351              	.LASF59:
 1352 0a3e 4C565F53 		.ascii	"LV_STYLE_PAD_COLUMN\000"
 1352      54594C45 
 1352      5F504144 
 1352      5F434F4C 
 1352      554D4E00 
 1353              	.LASF37:
 1354 0a52 66616C6C 		.ascii	"fallback\000"
 1354      6261636B 
 1354      00
 1355              	.LASF26:
 1356 0a5b 626F785F 		.ascii	"box_h\000"
 1356      6800
 1357              	.LASF62:
 1358 0a61 4C565F53 		.ascii	"LV_STYLE_BG_COLOR\000"
 1358      54594C45 
 1358      5F42475F 
 1358      434F4C4F 
 1358      5200
 1359              	.LASF14:
 1360 0a73 696E7438 		.ascii	"int8_t\000"
 1360      5F7400
 1361              	.LASF108:
 1362 0a7a 4C565F53 		.ascii	"LV_STYLE_TEXT_LINE_SPACE\000"
 1362      54594C45 
 1362      5F544558 
ARM GAS  C:\Users\haske\AppData\Local\Temp\cc77bmNc.s 			page 34


 1362      545F4C49 
 1362      4E455F53 
 1363              	.LASF94:
 1364 0a93 4C565F53 		.ascii	"LV_STYLE_LINE_DASH_WIDTH\000"
 1364      54594C45 
 1364      5F4C494E 
 1364      455F4441 
 1364      53485F57 
 1365              	.LASF125:
 1366 0aac 4C565F53 		.ascii	"LV_STYLE_TRANSFORM_PIVOT_X\000"
 1366      54594C45 
 1366      5F545241 
 1366      4E53464F 
 1366      524D5F50 
 1367              	.LASF18:
 1368 0ac7 75696E74 		.ascii	"uint32_t\000"
 1368      33325F74 
 1368      00
 1369              	.LASF25:
 1370 0ad0 626F785F 		.ascii	"box_w\000"
 1370      7700
 1371              	.LASF120:
 1372 0ad6 4C565F53 		.ascii	"LV_STYLE_TRANSFORM_HEIGHT\000"
 1372      54594C45 
 1372      5F545241 
 1372      4E53464F 
 1372      524D5F48 
 1373              	.LASF142:
 1374 0af0 4C565F53 		.ascii	"LV_STYLE_GRID_CELL_COLUMN_POS\000"
 1374      54594C45 
 1374      5F475249 
 1374      445F4345 
 1374      4C4C5F43 
 1375              	.LASF68:
 1376 0b0e 4C565F53 		.ascii	"LV_STYLE_BG_GRAD\000"
 1376      54594C45 
 1376      5F42475F 
 1376      47524144 
 1376      00
 1377              	.LASF139:
 1378 0b1f 4C565F53 		.ascii	"LV_STYLE_GRID_COLUMN_ALIGN\000"
 1378      54594C45 
 1378      5F475249 
 1378      445F434F 
 1378      4C554D4E 
 1379              	.LASF101:
 1380 0b3a 4C565F53 		.ascii	"LV_STYLE_ARC_COLOR\000"
 1380      54594C45 
 1380      5F415243 
 1380      5F434F4C 
 1380      4F5200
 1381              	.LASF15:
 1382 0b4d 75696E74 		.ascii	"uint8_t\000"
 1382      385F7400 
 1383              	.LASF74:
 1384 0b55 4C565F53 		.ascii	"LV_STYLE_BG_IMG_TILED\000"
 1384      54594C45 
ARM GAS  C:\Users\haske\AppData\Local\Temp\cc77bmNc.s 			page 35


 1384      5F42475F 
 1384      494D475F 
 1384      54494C45 
 1385              	.LASF88:
 1386 0b6b 4C565F53 		.ascii	"LV_STYLE_SHADOW_COLOR\000"
 1386      54594C45 
 1386      5F534841 
 1386      444F575F 
 1386      434F4C4F 
 1387              	.LASF132:
 1388 0b81 6C765F66 		.ascii	"lv_font_montserrat_14\000"
 1388      6F6E745F 
 1388      6D6F6E74 
 1388      73657272 
 1388      61745F31 
 1389              	.LASF24:
 1390 0b97 6164765F 		.ascii	"adv_w\000"
 1390      7700
 1391              	.LASF27:
 1392 0b9d 6F66735F 		.ascii	"ofs_x\000"
 1392      7800
 1393              	.LASF28:
 1394 0ba3 6F66735F 		.ascii	"ofs_y\000"
 1394      7900
 1395              	.LASF75:
 1396 0ba9 4C565F53 		.ascii	"LV_STYLE_BORDER_COLOR\000"
 1396      54594C45 
 1396      5F424F52 
 1396      4445525F 
 1396      434F4C4F 
 1397              	.LASF66:
 1398 0bbf 4C565F53 		.ascii	"LV_STYLE_BG_MAIN_STOP\000"
 1398      54594C45 
 1398      5F42475F 
 1398      4D41494E 
 1398      5F53544F 
 1399              	.LASF45:
 1400 0bd5 4C565F53 		.ascii	"LV_STYLE_MAX_WIDTH\000"
 1400      54594C45 
 1400      5F4D4158 
 1400      5F574944 
 1400      544800
 1401              	.LASF53:
 1402 0be8 4C565F53 		.ascii	"LV_STYLE_RADIUS\000"
 1402      54594C45 
 1402      5F524144 
 1402      49555300 
 1403              	.LASF133:
 1404 0bf8 4C565F53 		.ascii	"LV_STYLE_FLEX_FLOW\000"
 1404      54594C45 
 1404      5F464C45 
 1404      585F464C 
 1404      4F5700
 1405              	.LASF105:
 1406 0c0b 4C565F53 		.ascii	"LV_STYLE_TEXT_OPA\000"
 1406      54594C45 
 1406      5F544558 
ARM GAS  C:\Users\haske\AppData\Local\Temp\cc77bmNc.s 			page 36


 1406      545F4F50 
 1406      4100
 1407              		.ident	"GCC: (GNU Tools for ARM Embedded Processors) 5.4.1 20160609 (release) [ARM/embedded-5-bran
