ARM GAS  C:\Users\haske\AppData\Local\Temp\ccvnGH55.s 			page 1


   1              		.syntax unified
   2              		.cpu cortex-m4
   3              		.eabi_attribute 27, 1
   4              		.fpu fpv4-sp-d16
   5              		.eabi_attribute 20, 1
   6              		.eabi_attribute 21, 1
   7              		.eabi_attribute 23, 3
   8              		.eabi_attribute 24, 1
   9              		.eabi_attribute 25, 1
  10              		.eabi_attribute 26, 1
  11              		.eabi_attribute 30, 1
  12              		.eabi_attribute 34, 1
  13              		.eabi_attribute 18, 4
  14              		.thumb
  15              		.syntax unified
  16              		.file	"lv_gpu_swm341_dma2d.c"
  17              		.text
  18              	.Ltext0:
  19              		.cfi_sections	.debug_frame
  20              	.Letext0:
  21              		.file 1 "c:\\program files (x86)\\cypress\\psoc creator\\4.4\\psoc creator\\import\\gnu\\arm\\5.4.
  22              		.file 2 "c:\\program files (x86)\\cypress\\psoc creator\\4.4\\psoc creator\\import\\gnu\\arm\\5.4.
  23              		.file 3 "c:\\projects\\paindrain\\arduinolcd\\test\\pain drain\\libraries\\lvgl\\src\\misc\\lv_are
  24              		.file 4 "c:\\projects\\paindrain\\arduinolcd\\test\\pain drain\\libraries\\lvgl\\src\\font\\lv_fon
  25              		.section	.debug_info,"",%progbits
  26              	.Ldebug_info0:
  27 0000 75020000 		.4byte	0x275
  28 0004 0400     		.2byte	0x4
  29 0006 00000000 		.4byte	.Ldebug_abbrev0
  30 000a 04       		.byte	0x4
  31 000b 01       		.uleb128 0x1
  32 000c CF010000 		.4byte	.LASF42
  33 0010 0C       		.byte	0xc
  34 0011 2A010000 		.4byte	.LASF43
  35 0015 AE020000 		.4byte	.LASF44
  36 0019 00000000 		.4byte	.Ldebug_line0
  37 001d 02       		.uleb128 0x2
  38 001e 06000000 		.4byte	.LASF0
  39 0022 01       		.byte	0x1
  40 0023 1B       		.byte	0x1b
  41 0024 28000000 		.4byte	0x28
  42 0028 03       		.uleb128 0x3
  43 0029 01       		.byte	0x1
  44 002a 06       		.byte	0x6
  45 002b 22030000 		.4byte	.LASF2
  46 002f 02       		.uleb128 0x2
  47 0030 0F000000 		.4byte	.LASF1
  48 0034 01       		.byte	0x1
  49 0035 1D       		.byte	0x1d
  50 0036 3A000000 		.4byte	0x3a
  51 003a 03       		.uleb128 0x3
  52 003b 01       		.byte	0x1
  53 003c 08       		.byte	0x8
  54 003d C7000000 		.4byte	.LASF3
  55 0041 02       		.uleb128 0x2
  56 0042 2D000000 		.4byte	.LASF4
  57 0046 01       		.byte	0x1
ARM GAS  C:\Users\haske\AppData\Local\Temp\ccvnGH55.s 			page 2


  58 0047 29       		.byte	0x29
  59 0048 4C000000 		.4byte	0x4c
  60 004c 03       		.uleb128 0x3
  61 004d 02       		.byte	0x2
  62 004e 05       		.byte	0x5
  63 004f F1020000 		.4byte	.LASF5
  64 0053 02       		.uleb128 0x2
  65 0054 1F010000 		.4byte	.LASF6
  66 0058 01       		.byte	0x1
  67 0059 2B       		.byte	0x2b
  68 005a 5E000000 		.4byte	0x5e
  69 005e 03       		.uleb128 0x3
  70 005f 02       		.byte	0x2
  71 0060 07       		.byte	0x7
  72 0061 E7000000 		.4byte	.LASF7
  73 0065 03       		.uleb128 0x3
  74 0066 04       		.byte	0x4
  75 0067 05       		.byte	0x5
  76 0068 0D030000 		.4byte	.LASF8
  77 006c 02       		.uleb128 0x2
  78 006d 97010000 		.4byte	.LASF9
  79 0071 01       		.byte	0x1
  80 0072 41       		.byte	0x41
  81 0073 77000000 		.4byte	0x77
  82 0077 03       		.uleb128 0x3
  83 0078 04       		.byte	0x4
  84 0079 07       		.byte	0x7
  85 007a D5000000 		.4byte	.LASF10
  86 007e 03       		.uleb128 0x3
  87 007f 08       		.byte	0x8
  88 0080 05       		.byte	0x5
  89 0081 9A020000 		.4byte	.LASF11
  90 0085 03       		.uleb128 0x3
  91 0086 08       		.byte	0x8
  92 0087 07       		.byte	0x7
  93 0088 A6000000 		.4byte	.LASF12
  94 008c 04       		.uleb128 0x4
  95 008d 04       		.byte	0x4
  96 008e 05       		.byte	0x5
  97 008f 696E7400 		.ascii	"int\000"
  98 0093 03       		.uleb128 0x3
  99 0094 04       		.byte	0x4
 100 0095 07       		.byte	0x7
 101 0096 6D000000 		.4byte	.LASF13
 102 009a 02       		.uleb128 0x2
 103 009b 80000000 		.4byte	.LASF14
 104 009f 02       		.byte	0x2
 105 00a0 14       		.byte	0x14
 106 00a1 1D000000 		.4byte	0x1d
 107 00a5 02       		.uleb128 0x2
 108 00a6 B3010000 		.4byte	.LASF15
 109 00aa 02       		.byte	0x2
 110 00ab 18       		.byte	0x18
 111 00ac 2F000000 		.4byte	0x2f
 112 00b0 02       		.uleb128 0x2
 113 00b1 C7010000 		.4byte	.LASF16
 114 00b5 02       		.byte	0x2
ARM GAS  C:\Users\haske\AppData\Local\Temp\ccvnGH55.s 			page 3


 115 00b6 20       		.byte	0x20
 116 00b7 41000000 		.4byte	0x41
 117 00bb 02       		.uleb128 0x2
 118 00bc FB020000 		.4byte	.LASF17
 119 00c0 02       		.byte	0x2
 120 00c1 24       		.byte	0x24
 121 00c2 53000000 		.4byte	0x53
 122 00c6 02       		.uleb128 0x2
 123 00c7 04030000 		.4byte	.LASF18
 124 00cb 02       		.byte	0x2
 125 00cc 30       		.byte	0x30
 126 00cd 6C000000 		.4byte	0x6c
 127 00d1 03       		.uleb128 0x3
 128 00d2 08       		.byte	0x8
 129 00d3 04       		.byte	0x4
 130 00d4 16030000 		.4byte	.LASF19
 131 00d8 03       		.uleb128 0x3
 132 00d9 04       		.byte	0x4
 133 00da 07       		.byte	0x7
 134 00db 88020000 		.4byte	.LASF20
 135 00df 05       		.uleb128 0x5
 136 00e0 04       		.byte	0x4
 137 00e1 03       		.uleb128 0x3
 138 00e2 01       		.byte	0x1
 139 00e3 08       		.byte	0x8
 140 00e4 AE010000 		.4byte	.LASF21
 141 00e8 02       		.uleb128 0x2
 142 00e9 9B000000 		.4byte	.LASF22
 143 00ed 03       		.byte	0x3
 144 00ee 1B       		.byte	0x1b
 145 00ef B0000000 		.4byte	0xb0
 146 00f3 03       		.uleb128 0x3
 147 00f4 01       		.byte	0x1
 148 00f5 02       		.byte	0x2
 149 00f6 3F030000 		.4byte	.LASF23
 150 00fa 06       		.uleb128 0x6
 151 00fb 10       		.byte	0x10
 152 00fc 04       		.byte	0x4
 153 00fd 29       		.byte	0x29
 154 00fe 69010000 		.4byte	0x169
 155 0102 07       		.uleb128 0x7
 156 0103 41000000 		.4byte	.LASF24
 157 0107 04       		.byte	0x4
 158 0108 2B       		.byte	0x2b
 159 0109 F1010000 		.4byte	0x1f1
 160 010d 00       		.byte	0
 161 010e 07       		.uleb128 0x7
 162 010f A8020000 		.4byte	.LASF25
 163 0113 04       		.byte	0x4
 164 0114 2C       		.byte	0x2c
 165 0115 BB000000 		.4byte	0xbb
 166 0119 04       		.byte	0x4
 167 011a 07       		.uleb128 0x7
 168 011b 00000000 		.4byte	.LASF26
 169 011f 04       		.byte	0x4
 170 0120 2D       		.byte	0x2d
 171 0121 BB000000 		.4byte	0xbb
ARM GAS  C:\Users\haske\AppData\Local\Temp\ccvnGH55.s 			page 4


 172 0125 06       		.byte	0x6
 173 0126 07       		.uleb128 0x7
 174 0127 7A000000 		.4byte	.LASF27
 175 012b 04       		.byte	0x4
 176 012c 2E       		.byte	0x2e
 177 012d BB000000 		.4byte	0xbb
 178 0131 08       		.byte	0x8
 179 0132 07       		.uleb128 0x7
 180 0133 A2010000 		.4byte	.LASF28
 181 0137 04       		.byte	0x4
 182 0138 2F       		.byte	0x2f
 183 0139 B0000000 		.4byte	0xb0
 184 013d 0A       		.byte	0xa
 185 013e 07       		.uleb128 0x7
 186 013f A8010000 		.4byte	.LASF29
 187 0143 04       		.byte	0x4
 188 0144 30       		.byte	0x30
 189 0145 B0000000 		.4byte	0xb0
 190 0149 0C       		.byte	0xc
 191 014a 08       		.uleb128 0x8
 192 014b 62707000 		.ascii	"bpp\000"
 193 014f 04       		.byte	0x4
 194 0150 31       		.byte	0x31
 195 0151 A5000000 		.4byte	0xa5
 196 0155 01       		.byte	0x1
 197 0156 04       		.byte	0x4
 198 0157 04       		.byte	0x4
 199 0158 0E       		.byte	0xe
 200 0159 09       		.uleb128 0x9
 201 015a 10010000 		.4byte	.LASF30
 202 015e 04       		.byte	0x4
 203 015f 32       		.byte	0x32
 204 0160 A5000000 		.4byte	0xa5
 205 0164 01       		.byte	0x1
 206 0165 01       		.byte	0x1
 207 0166 03       		.byte	0x3
 208 0167 0E       		.byte	0xe
 209 0168 00       		.byte	0
 210 0169 0A       		.uleb128 0xa
 211 016a 4F000000 		.4byte	.LASF45
 212 016e 1C       		.byte	0x1c
 213 016f 04       		.byte	0x4
 214 0170 40       		.byte	0x40
 215 0171 F1010000 		.4byte	0x1f1
 216 0175 07       		.uleb128 0x7
 217 0176 89010000 		.4byte	.LASF31
 218 017a 04       		.byte	0x4
 219 017b 42       		.byte	0x42
 220 017c 2B020000 		.4byte	0x22b
 221 0180 00       		.byte	0
 222 0181 07       		.uleb128 0x7
 223 0182 2E030000 		.4byte	.LASF32
 224 0186 04       		.byte	0x4
 225 0187 45       		.byte	0x45
 226 0188 50020000 		.4byte	0x250
 227 018c 04       		.byte	0x4
 228 018d 07       		.uleb128 0x7
ARM GAS  C:\Users\haske\AppData\Local\Temp\ccvnGH55.s 			page 5


 229 018e BB010000 		.4byte	.LASF33
 230 0192 04       		.byte	0x4
 231 0193 48       		.byte	0x48
 232 0194 E8000000 		.4byte	0xe8
 233 0198 08       		.byte	0x8
 234 0199 07       		.uleb128 0x7
 235 019a E7020000 		.4byte	.LASF34
 236 019e 04       		.byte	0x4
 237 019f 49       		.byte	0x49
 238 01a0 E8000000 		.4byte	0xe8
 239 01a4 0A       		.byte	0xa
 240 01a5 09       		.uleb128 0x9
 241 01a6 82020000 		.4byte	.LASF35
 242 01aa 04       		.byte	0x4
 243 01ab 4A       		.byte	0x4a
 244 01ac A5000000 		.4byte	0xa5
 245 01b0 01       		.byte	0x1
 246 01b1 02       		.byte	0x2
 247 01b2 06       		.byte	0x6
 248 01b3 0C       		.byte	0xc
 249 01b4 07       		.uleb128 0x7
 250 01b5 5A000000 		.4byte	.LASF36
 251 01b9 04       		.byte	0x4
 252 01ba 4C       		.byte	0x4c
 253 01bb 9A000000 		.4byte	0x9a
 254 01bf 0D       		.byte	0xd
 255 01c0 07       		.uleb128 0x7
 256 01c1 87000000 		.4byte	.LASF37
 257 01c5 04       		.byte	0x4
 258 01c6 4D       		.byte	0x4d
 259 01c7 9A000000 		.4byte	0x9a
 260 01cb 0E       		.byte	0xe
 261 01cc 0B       		.uleb128 0xb
 262 01cd 64736300 		.ascii	"dsc\000"
 263 01d1 04       		.byte	0x4
 264 01d2 4F       		.byte	0x4f
 265 01d3 56020000 		.4byte	0x256
 266 01d7 10       		.byte	0x10
 267 01d8 07       		.uleb128 0x7
 268 01d9 91020000 		.4byte	.LASF38
 269 01dd 04       		.byte	0x4
 270 01de 50       		.byte	0x50
 271 01df F1010000 		.4byte	0x1f1
 272 01e3 14       		.byte	0x14
 273 01e4 07       		.uleb128 0x7
 274 01e5 BD000000 		.4byte	.LASF39
 275 01e9 04       		.byte	0x4
 276 01ea 52       		.byte	0x52
 277 01eb DF000000 		.4byte	0xdf
 278 01ef 18       		.byte	0x18
 279 01f0 00       		.byte	0
 280 01f1 0C       		.uleb128 0xc
 281 01f2 04       		.byte	0x4
 282 01f3 F7010000 		.4byte	0x1f7
 283 01f7 0D       		.uleb128 0xd
 284 01f8 69010000 		.4byte	0x169
 285 01fc 02       		.uleb128 0x2
ARM GAS  C:\Users\haske\AppData\Local\Temp\ccvnGH55.s 			page 6


 286 01fd 19000000 		.4byte	.LASF40
 287 0201 04       		.byte	0x4
 288 0202 33       		.byte	0x33
 289 0203 FA000000 		.4byte	0xfa
 290 0207 0E       		.uleb128 0xe
 291 0208 F3000000 		.4byte	0xf3
 292 020c 25020000 		.4byte	0x225
 293 0210 0F       		.uleb128 0xf
 294 0211 F1010000 		.4byte	0x1f1
 295 0215 0F       		.uleb128 0xf
 296 0216 25020000 		.4byte	0x225
 297 021a 0F       		.uleb128 0xf
 298 021b C6000000 		.4byte	0xc6
 299 021f 0F       		.uleb128 0xf
 300 0220 C6000000 		.4byte	0xc6
 301 0224 00       		.byte	0
 302 0225 0C       		.uleb128 0xc
 303 0226 04       		.byte	0x4
 304 0227 FC010000 		.4byte	0x1fc
 305 022b 0C       		.uleb128 0xc
 306 022c 04       		.byte	0x4
 307 022d 07020000 		.4byte	0x207
 308 0231 0E       		.uleb128 0xe
 309 0232 45020000 		.4byte	0x245
 310 0236 45020000 		.4byte	0x245
 311 023a 0F       		.uleb128 0xf
 312 023b F1010000 		.4byte	0x1f1
 313 023f 0F       		.uleb128 0xf
 314 0240 C6000000 		.4byte	0xc6
 315 0244 00       		.byte	0
 316 0245 0C       		.uleb128 0xc
 317 0246 04       		.byte	0x4
 318 0247 4B020000 		.4byte	0x24b
 319 024b 0D       		.uleb128 0xd
 320 024c A5000000 		.4byte	0xa5
 321 0250 0C       		.uleb128 0xc
 322 0251 04       		.byte	0x4
 323 0252 31020000 		.4byte	0x231
 324 0256 0C       		.uleb128 0xc
 325 0257 04       		.byte	0x4
 326 0258 5C020000 		.4byte	0x25c
 327 025c 10       		.uleb128 0x10
 328 025d 02       		.uleb128 0x2
 329 025e 37000000 		.4byte	.LASF41
 330 0262 04       		.byte	0x4
 331 0263 54       		.byte	0x54
 332 0264 69010000 		.4byte	0x169
 333 0268 0D       		.uleb128 0xd
 334 0269 5D020000 		.4byte	0x25d
 335 026d 11       		.uleb128 0x11
 336 026e FA000000 		.4byte	.LASF46
 337 0272 04       		.byte	0x4
 338 0273 94       		.byte	0x94
 339 0274 68020000 		.4byte	0x268
 340 0278 00       		.byte	0
 341              		.section	.debug_abbrev,"",%progbits
 342              	.Ldebug_abbrev0:
ARM GAS  C:\Users\haske\AppData\Local\Temp\ccvnGH55.s 			page 7


 343 0000 01       		.uleb128 0x1
 344 0001 11       		.uleb128 0x11
 345 0002 01       		.byte	0x1
 346 0003 25       		.uleb128 0x25
 347 0004 0E       		.uleb128 0xe
 348 0005 13       		.uleb128 0x13
 349 0006 0B       		.uleb128 0xb
 350 0007 03       		.uleb128 0x3
 351 0008 0E       		.uleb128 0xe
 352 0009 1B       		.uleb128 0x1b
 353 000a 0E       		.uleb128 0xe
 354 000b 10       		.uleb128 0x10
 355 000c 17       		.uleb128 0x17
 356 000d 00       		.byte	0
 357 000e 00       		.byte	0
 358 000f 02       		.uleb128 0x2
 359 0010 16       		.uleb128 0x16
 360 0011 00       		.byte	0
 361 0012 03       		.uleb128 0x3
 362 0013 0E       		.uleb128 0xe
 363 0014 3A       		.uleb128 0x3a
 364 0015 0B       		.uleb128 0xb
 365 0016 3B       		.uleb128 0x3b
 366 0017 0B       		.uleb128 0xb
 367 0018 49       		.uleb128 0x49
 368 0019 13       		.uleb128 0x13
 369 001a 00       		.byte	0
 370 001b 00       		.byte	0
 371 001c 03       		.uleb128 0x3
 372 001d 24       		.uleb128 0x24
 373 001e 00       		.byte	0
 374 001f 0B       		.uleb128 0xb
 375 0020 0B       		.uleb128 0xb
 376 0021 3E       		.uleb128 0x3e
 377 0022 0B       		.uleb128 0xb
 378 0023 03       		.uleb128 0x3
 379 0024 0E       		.uleb128 0xe
 380 0025 00       		.byte	0
 381 0026 00       		.byte	0
 382 0027 04       		.uleb128 0x4
 383 0028 24       		.uleb128 0x24
 384 0029 00       		.byte	0
 385 002a 0B       		.uleb128 0xb
 386 002b 0B       		.uleb128 0xb
 387 002c 3E       		.uleb128 0x3e
 388 002d 0B       		.uleb128 0xb
 389 002e 03       		.uleb128 0x3
 390 002f 08       		.uleb128 0x8
 391 0030 00       		.byte	0
 392 0031 00       		.byte	0
 393 0032 05       		.uleb128 0x5
 394 0033 0F       		.uleb128 0xf
 395 0034 00       		.byte	0
 396 0035 0B       		.uleb128 0xb
 397 0036 0B       		.uleb128 0xb
 398 0037 00       		.byte	0
 399 0038 00       		.byte	0
ARM GAS  C:\Users\haske\AppData\Local\Temp\ccvnGH55.s 			page 8


 400 0039 06       		.uleb128 0x6
 401 003a 13       		.uleb128 0x13
 402 003b 01       		.byte	0x1
 403 003c 0B       		.uleb128 0xb
 404 003d 0B       		.uleb128 0xb
 405 003e 3A       		.uleb128 0x3a
 406 003f 0B       		.uleb128 0xb
 407 0040 3B       		.uleb128 0x3b
 408 0041 0B       		.uleb128 0xb
 409 0042 01       		.uleb128 0x1
 410 0043 13       		.uleb128 0x13
 411 0044 00       		.byte	0
 412 0045 00       		.byte	0
 413 0046 07       		.uleb128 0x7
 414 0047 0D       		.uleb128 0xd
 415 0048 00       		.byte	0
 416 0049 03       		.uleb128 0x3
 417 004a 0E       		.uleb128 0xe
 418 004b 3A       		.uleb128 0x3a
 419 004c 0B       		.uleb128 0xb
 420 004d 3B       		.uleb128 0x3b
 421 004e 0B       		.uleb128 0xb
 422 004f 49       		.uleb128 0x49
 423 0050 13       		.uleb128 0x13
 424 0051 38       		.uleb128 0x38
 425 0052 0B       		.uleb128 0xb
 426 0053 00       		.byte	0
 427 0054 00       		.byte	0
 428 0055 08       		.uleb128 0x8
 429 0056 0D       		.uleb128 0xd
 430 0057 00       		.byte	0
 431 0058 03       		.uleb128 0x3
 432 0059 08       		.uleb128 0x8
 433 005a 3A       		.uleb128 0x3a
 434 005b 0B       		.uleb128 0xb
 435 005c 3B       		.uleb128 0x3b
 436 005d 0B       		.uleb128 0xb
 437 005e 49       		.uleb128 0x49
 438 005f 13       		.uleb128 0x13
 439 0060 0B       		.uleb128 0xb
 440 0061 0B       		.uleb128 0xb
 441 0062 0D       		.uleb128 0xd
 442 0063 0B       		.uleb128 0xb
 443 0064 0C       		.uleb128 0xc
 444 0065 0B       		.uleb128 0xb
 445 0066 38       		.uleb128 0x38
 446 0067 0B       		.uleb128 0xb
 447 0068 00       		.byte	0
 448 0069 00       		.byte	0
 449 006a 09       		.uleb128 0x9
 450 006b 0D       		.uleb128 0xd
 451 006c 00       		.byte	0
 452 006d 03       		.uleb128 0x3
 453 006e 0E       		.uleb128 0xe
 454 006f 3A       		.uleb128 0x3a
 455 0070 0B       		.uleb128 0xb
 456 0071 3B       		.uleb128 0x3b
ARM GAS  C:\Users\haske\AppData\Local\Temp\ccvnGH55.s 			page 9


 457 0072 0B       		.uleb128 0xb
 458 0073 49       		.uleb128 0x49
 459 0074 13       		.uleb128 0x13
 460 0075 0B       		.uleb128 0xb
 461 0076 0B       		.uleb128 0xb
 462 0077 0D       		.uleb128 0xd
 463 0078 0B       		.uleb128 0xb
 464 0079 0C       		.uleb128 0xc
 465 007a 0B       		.uleb128 0xb
 466 007b 38       		.uleb128 0x38
 467 007c 0B       		.uleb128 0xb
 468 007d 00       		.byte	0
 469 007e 00       		.byte	0
 470 007f 0A       		.uleb128 0xa
 471 0080 13       		.uleb128 0x13
 472 0081 01       		.byte	0x1
 473 0082 03       		.uleb128 0x3
 474 0083 0E       		.uleb128 0xe
 475 0084 0B       		.uleb128 0xb
 476 0085 0B       		.uleb128 0xb
 477 0086 3A       		.uleb128 0x3a
 478 0087 0B       		.uleb128 0xb
 479 0088 3B       		.uleb128 0x3b
 480 0089 0B       		.uleb128 0xb
 481 008a 01       		.uleb128 0x1
 482 008b 13       		.uleb128 0x13
 483 008c 00       		.byte	0
 484 008d 00       		.byte	0
 485 008e 0B       		.uleb128 0xb
 486 008f 0D       		.uleb128 0xd
 487 0090 00       		.byte	0
 488 0091 03       		.uleb128 0x3
 489 0092 08       		.uleb128 0x8
 490 0093 3A       		.uleb128 0x3a
 491 0094 0B       		.uleb128 0xb
 492 0095 3B       		.uleb128 0x3b
 493 0096 0B       		.uleb128 0xb
 494 0097 49       		.uleb128 0x49
 495 0098 13       		.uleb128 0x13
 496 0099 38       		.uleb128 0x38
 497 009a 0B       		.uleb128 0xb
 498 009b 00       		.byte	0
 499 009c 00       		.byte	0
 500 009d 0C       		.uleb128 0xc
 501 009e 0F       		.uleb128 0xf
 502 009f 00       		.byte	0
 503 00a0 0B       		.uleb128 0xb
 504 00a1 0B       		.uleb128 0xb
 505 00a2 49       		.uleb128 0x49
 506 00a3 13       		.uleb128 0x13
 507 00a4 00       		.byte	0
 508 00a5 00       		.byte	0
 509 00a6 0D       		.uleb128 0xd
 510 00a7 26       		.uleb128 0x26
 511 00a8 00       		.byte	0
 512 00a9 49       		.uleb128 0x49
 513 00aa 13       		.uleb128 0x13
ARM GAS  C:\Users\haske\AppData\Local\Temp\ccvnGH55.s 			page 10


 514 00ab 00       		.byte	0
 515 00ac 00       		.byte	0
 516 00ad 0E       		.uleb128 0xe
 517 00ae 15       		.uleb128 0x15
 518 00af 01       		.byte	0x1
 519 00b0 27       		.uleb128 0x27
 520 00b1 19       		.uleb128 0x19
 521 00b2 49       		.uleb128 0x49
 522 00b3 13       		.uleb128 0x13
 523 00b4 01       		.uleb128 0x1
 524 00b5 13       		.uleb128 0x13
 525 00b6 00       		.byte	0
 526 00b7 00       		.byte	0
 527 00b8 0F       		.uleb128 0xf
 528 00b9 05       		.uleb128 0x5
 529 00ba 00       		.byte	0
 530 00bb 49       		.uleb128 0x49
 531 00bc 13       		.uleb128 0x13
 532 00bd 00       		.byte	0
 533 00be 00       		.byte	0
 534 00bf 10       		.uleb128 0x10
 535 00c0 26       		.uleb128 0x26
 536 00c1 00       		.byte	0
 537 00c2 00       		.byte	0
 538 00c3 00       		.byte	0
 539 00c4 11       		.uleb128 0x11
 540 00c5 34       		.uleb128 0x34
 541 00c6 00       		.byte	0
 542 00c7 03       		.uleb128 0x3
 543 00c8 0E       		.uleb128 0xe
 544 00c9 3A       		.uleb128 0x3a
 545 00ca 0B       		.uleb128 0xb
 546 00cb 3B       		.uleb128 0x3b
 547 00cc 0B       		.uleb128 0xb
 548 00cd 49       		.uleb128 0x49
 549 00ce 13       		.uleb128 0x13
 550 00cf 3F       		.uleb128 0x3f
 551 00d0 19       		.uleb128 0x19
 552 00d1 3C       		.uleb128 0x3c
 553 00d2 19       		.uleb128 0x19
 554 00d3 00       		.byte	0
 555 00d4 00       		.byte	0
 556 00d5 00       		.byte	0
 557              		.section	.debug_aranges,"",%progbits
 558 0000 14000000 		.4byte	0x14
 559 0004 0200     		.2byte	0x2
 560 0006 00000000 		.4byte	.Ldebug_info0
 561 000a 04       		.byte	0x4
 562 000b 00       		.byte	0
 563 000c 0000     		.2byte	0
 564 000e 0000     		.2byte	0
 565 0010 00000000 		.4byte	0
 566 0014 00000000 		.4byte	0
 567              		.section	.debug_line,"",%progbits
 568              	.Ldebug_line0:
 569 0000 C2010000 		.section	.debug_str,"MS",%progbits,1
 569      0200BC01 
ARM GAS  C:\Users\haske\AppData\Local\Temp\ccvnGH55.s 			page 11


 569      00000201 
 569      FB0E0D00 
 569      01010101 
 570              	.LASF26:
 571 0000 626F785F 		.ascii	"box_w\000"
 571      7700
 572              	.LASF0:
 573 0006 5F5F696E 		.ascii	"__int8_t\000"
 573      74385F74 
 573      00
 574              	.LASF1:
 575 000f 5F5F7569 		.ascii	"__uint8_t\000"
 575      6E74385F 
 575      7400
 576              	.LASF40:
 577 0019 6C765F66 		.ascii	"lv_font_glyph_dsc_t\000"
 577      6F6E745F 
 577      676C7970 
 577      685F6473 
 577      635F7400 
 578              	.LASF4:
 579 002d 5F5F696E 		.ascii	"__int16_t\000"
 579      7431365F 
 579      7400
 580              	.LASF41:
 581 0037 6C765F66 		.ascii	"lv_font_t\000"
 581      6F6E745F 
 581      7400
 582              	.LASF24:
 583 0041 7265736F 		.ascii	"resolved_font\000"
 583      6C766564 
 583      5F666F6E 
 583      7400
 584              	.LASF45:
 585 004f 5F6C765F 		.ascii	"_lv_font_t\000"
 585      666F6E74 
 585      5F7400
 586              	.LASF36:
 587 005a 756E6465 		.ascii	"underline_position\000"
 587      726C696E 
 587      655F706F 
 587      73697469 
 587      6F6E00
 588              	.LASF13:
 589 006d 756E7369 		.ascii	"unsigned int\000"
 589      676E6564 
 589      20696E74 
 589      00
 590              	.LASF27:
 591 007a 626F785F 		.ascii	"box_h\000"
 591      6800
 592              	.LASF14:
 593 0080 696E7438 		.ascii	"int8_t\000"
 593      5F7400
 594              	.LASF37:
 595 0087 756E6465 		.ascii	"underline_thickness\000"
 595      726C696E 
ARM GAS  C:\Users\haske\AppData\Local\Temp\ccvnGH55.s 			page 12


 595      655F7468 
 595      69636B6E 
 595      65737300 
 596              	.LASF22:
 597 009b 6C765F63 		.ascii	"lv_coord_t\000"
 597      6F6F7264 
 597      5F7400
 598              	.LASF12:
 599 00a6 6C6F6E67 		.ascii	"long long unsigned int\000"
 599      206C6F6E 
 599      6720756E 
 599      7369676E 
 599      65642069 
 600              	.LASF39:
 601 00bd 75736572 		.ascii	"user_data\000"
 601      5F646174 
 601      6100
 602              	.LASF3:
 603 00c7 756E7369 		.ascii	"unsigned char\000"
 603      676E6564 
 603      20636861 
 603      7200
 604              	.LASF10:
 605 00d5 6C6F6E67 		.ascii	"long unsigned int\000"
 605      20756E73 
 605      69676E65 
 605      6420696E 
 605      7400
 606              	.LASF7:
 607 00e7 73686F72 		.ascii	"short unsigned int\000"
 607      7420756E 
 607      7369676E 
 607      65642069 
 607      6E7400
 608              	.LASF46:
 609 00fa 6C765F66 		.ascii	"lv_font_montserrat_14\000"
 609      6F6E745F 
 609      6D6F6E74 
 609      73657272 
 609      61745F31 
 610              	.LASF30:
 611 0110 69735F70 		.ascii	"is_placeholder\000"
 611      6C616365 
 611      686F6C64 
 611      657200
 612              	.LASF6:
 613 011f 5F5F7569 		.ascii	"__uint16_t\000"
 613      6E743136 
 613      5F7400
 614              	.LASF43:
 615 012a 2E2E5C2E 		.ascii	"..\\..\\..\\arduinoLCD\\test\\Pain Drain\\libraries"
 615      2E5C2E2E 
 615      5C617264 
 615      75696E6F 
 615      4C43445C 
 616 0157 5C6C7667 		.ascii	"\\lvgl\\src\\draw\\swm341_dma2d\\lv_gpu_swm341_dma2"
 616      6C5C7372 
ARM GAS  C:\Users\haske\AppData\Local\Temp\ccvnGH55.s 			page 13


 616      635C6472 
 616      61775C73 
 616      776D3334 
 617 0185 642E6300 		.ascii	"d.c\000"
 618              	.LASF31:
 619 0189 6765745F 		.ascii	"get_glyph_dsc\000"
 619      676C7970 
 619      685F6473 
 619      6300
 620              	.LASF9:
 621 0197 5F5F7569 		.ascii	"__uint32_t\000"
 621      6E743332 
 621      5F7400
 622              	.LASF28:
 623 01a2 6F66735F 		.ascii	"ofs_x\000"
 623      7800
 624              	.LASF29:
 625 01a8 6F66735F 		.ascii	"ofs_y\000"
 625      7900
 626              	.LASF21:
 627 01ae 63686172 		.ascii	"char\000"
 627      00
 628              	.LASF15:
 629 01b3 75696E74 		.ascii	"uint8_t\000"
 629      385F7400 
 630              	.LASF33:
 631 01bb 6C696E65 		.ascii	"line_height\000"
 631      5F686569 
 631      67687400 
 632              	.LASF16:
 633 01c7 696E7431 		.ascii	"int16_t\000"
 633      365F7400 
 634              	.LASF42:
 635 01cf 474E5520 		.ascii	"GNU C11 5.4.1 20160609 (release) [ARM/embedded-5-br"
 635      43313120 
 635      352E342E 
 635      31203230 
 635      31363036 
 636 0202 616E6368 		.ascii	"anch revision 237715] -mcpu=cortex-m4 -mfloat-abi=s"
 636      20726576 
 636      6973696F 
 636      6E203233 
 636      37373135 
 637 0235 6F667466 		.ascii	"oftfp -mfpu=fpv4-sp-d16 -mthumb -g -Og -ffunction-s"
 637      70202D6D 
 637      6670753D 
 637      66707634 
 637      2D73702D 
 638 0268 65637469 		.ascii	"ections -ffat-lto-objects\000"
 638      6F6E7320 
 638      2D666661 
 638      742D6C74 
 638      6F2D6F62 
 639              	.LASF35:
 640 0282 73756270 		.ascii	"subpx\000"
 640      7800
 641              	.LASF20:
ARM GAS  C:\Users\haske\AppData\Local\Temp\ccvnGH55.s 			page 14


 642 0288 73697A65 		.ascii	"sizetype\000"
 642      74797065 
 642      00
 643              	.LASF38:
 644 0291 66616C6C 		.ascii	"fallback\000"
 644      6261636B 
 644      00
 645              	.LASF11:
 646 029a 6C6F6E67 		.ascii	"long long int\000"
 646      206C6F6E 
 646      6720696E 
 646      7400
 647              	.LASF25:
 648 02a8 6164765F 		.ascii	"adv_w\000"
 648      7700
 649              	.LASF44:
 650 02ae 433A5C50 		.ascii	"C:\\Projects\\PainDrain\\firmware\\PainDrain\\PainD"
 650      726F6A65 
 650      6374735C 
 650      5061696E 
 650      44726169 
 651 02dc 7261696E 		.ascii	"rain.cydsn\000"
 651      2E637964 
 651      736E00
 652              	.LASF34:
 653 02e7 62617365 		.ascii	"base_line\000"
 653      5F6C696E 
 653      6500
 654              	.LASF5:
 655 02f1 73686F72 		.ascii	"short int\000"
 655      7420696E 
 655      7400
 656              	.LASF17:
 657 02fb 75696E74 		.ascii	"uint16_t\000"
 657      31365F74 
 657      00
 658              	.LASF18:
 659 0304 75696E74 		.ascii	"uint32_t\000"
 659      33325F74 
 659      00
 660              	.LASF8:
 661 030d 6C6F6E67 		.ascii	"long int\000"
 661      20696E74 
 661      00
 662              	.LASF19:
 663 0316 6C6F6E67 		.ascii	"long double\000"
 663      20646F75 
 663      626C6500 
 664              	.LASF2:
 665 0322 7369676E 		.ascii	"signed char\000"
 665      65642063 
 665      68617200 
 666              	.LASF32:
 667 032e 6765745F 		.ascii	"get_glyph_bitmap\000"
 667      676C7970 
 667      685F6269 
 667      746D6170 
ARM GAS  C:\Users\haske\AppData\Local\Temp\ccvnGH55.s 			page 15


 667      00
 668              	.LASF23:
 669 033f 5F426F6F 		.ascii	"_Bool\000"
 669      6C00
 670              		.ident	"GCC: (GNU Tools for ARM Embedded Processors) 5.4.1 20160609 (release) [ARM/embedded-5-bran
