ARM GAS  C:\Users\haske\AppData\Local\Temp\ccd7mszS.s 			page 1


   1              		.syntax unified
   2              		.cpu cortex-m4
   3              		.eabi_attribute 27, 1
   4              		.fpu fpv4-sp-d16
   5              		.eabi_attribute 20, 1
   6              		.eabi_attribute 21, 1
   7              		.eabi_attribute 23, 3
   8              		.eabi_attribute 24, 1
   9              		.eabi_attribute 25, 1
  10              		.eabi_attribute 26, 1
  11              		.eabi_attribute 30, 1
  12              		.eabi_attribute 34, 1
  13              		.eabi_attribute 18, 4
  14              		.thumb
  15              		.syntax unified
  16              		.file	"lv_img_cache.c"
  17              		.text
  18              	.Ltext0:
  19              		.cfi_sections	.debug_frame
  20              		.section	.text._lv_img_cache_open,"ax",%progbits
  21              		.align	2
  22              		.global	_lv_img_cache_open
  23              		.thumb
  24              		.thumb_func
  25              		.type	_lv_img_cache_open, %function
  26              	_lv_img_cache_open:
  27              	.LFB56:
  28              		.file 1 "..\\..\\..\\arduinoLCD\\test\\Pain Drain\\libraries\\lvgl\\src\\draw\\lv_img_cache.c"
   1:..\..\..\arduinoLCD\test\Pain Drain\libraries\lvgl\src\draw/lv_img_cache.c **** /**
   2:..\..\..\arduinoLCD\test\Pain Drain\libraries\lvgl\src\draw/lv_img_cache.c ****  * @file lv_img_cache.c
   3:..\..\..\arduinoLCD\test\Pain Drain\libraries\lvgl\src\draw/lv_img_cache.c ****  *
   4:..\..\..\arduinoLCD\test\Pain Drain\libraries\lvgl\src\draw/lv_img_cache.c ****  */
   5:..\..\..\arduinoLCD\test\Pain Drain\libraries\lvgl\src\draw/lv_img_cache.c **** 
   6:..\..\..\arduinoLCD\test\Pain Drain\libraries\lvgl\src\draw/lv_img_cache.c **** /*********************
   7:..\..\..\arduinoLCD\test\Pain Drain\libraries\lvgl\src\draw/lv_img_cache.c ****  *      INCLUDES
   8:..\..\..\arduinoLCD\test\Pain Drain\libraries\lvgl\src\draw/lv_img_cache.c ****  *********************/
   9:..\..\..\arduinoLCD\test\Pain Drain\libraries\lvgl\src\draw/lv_img_cache.c **** #include "../misc/lv_assert.h"
  10:..\..\..\arduinoLCD\test\Pain Drain\libraries\lvgl\src\draw/lv_img_cache.c **** #include "lv_img_cache.h"
  11:..\..\..\arduinoLCD\test\Pain Drain\libraries\lvgl\src\draw/lv_img_cache.c **** #include "lv_img_decoder.h"
  12:..\..\..\arduinoLCD\test\Pain Drain\libraries\lvgl\src\draw/lv_img_cache.c **** #include "lv_draw_img.h"
  13:..\..\..\arduinoLCD\test\Pain Drain\libraries\lvgl\src\draw/lv_img_cache.c **** #include "../hal/lv_hal_tick.h"
  14:..\..\..\arduinoLCD\test\Pain Drain\libraries\lvgl\src\draw/lv_img_cache.c **** #include "../misc/lv_gc.h"
  15:..\..\..\arduinoLCD\test\Pain Drain\libraries\lvgl\src\draw/lv_img_cache.c **** 
  16:..\..\..\arduinoLCD\test\Pain Drain\libraries\lvgl\src\draw/lv_img_cache.c **** /*********************
  17:..\..\..\arduinoLCD\test\Pain Drain\libraries\lvgl\src\draw/lv_img_cache.c ****  *      DEFINES
  18:..\..\..\arduinoLCD\test\Pain Drain\libraries\lvgl\src\draw/lv_img_cache.c ****  *********************/
  19:..\..\..\arduinoLCD\test\Pain Drain\libraries\lvgl\src\draw/lv_img_cache.c **** /*Decrement life with this value on every open*/
  20:..\..\..\arduinoLCD\test\Pain Drain\libraries\lvgl\src\draw/lv_img_cache.c **** #define LV_IMG_CACHE_AGING 1
  21:..\..\..\arduinoLCD\test\Pain Drain\libraries\lvgl\src\draw/lv_img_cache.c **** 
  22:..\..\..\arduinoLCD\test\Pain Drain\libraries\lvgl\src\draw/lv_img_cache.c **** /*Boost life by this factor (multiply time_to_open with this value)*/
  23:..\..\..\arduinoLCD\test\Pain Drain\libraries\lvgl\src\draw/lv_img_cache.c **** #define LV_IMG_CACHE_LIFE_GAIN 1
  24:..\..\..\arduinoLCD\test\Pain Drain\libraries\lvgl\src\draw/lv_img_cache.c **** 
  25:..\..\..\arduinoLCD\test\Pain Drain\libraries\lvgl\src\draw/lv_img_cache.c **** /*Don't let life to be greater than this limit because it would require a lot of time to
  26:..\..\..\arduinoLCD\test\Pain Drain\libraries\lvgl\src\draw/lv_img_cache.c ****  * "die" from very high values*/
  27:..\..\..\arduinoLCD\test\Pain Drain\libraries\lvgl\src\draw/lv_img_cache.c **** #define LV_IMG_CACHE_LIFE_LIMIT 1000
  28:..\..\..\arduinoLCD\test\Pain Drain\libraries\lvgl\src\draw/lv_img_cache.c **** 
  29:..\..\..\arduinoLCD\test\Pain Drain\libraries\lvgl\src\draw/lv_img_cache.c **** /**********************
ARM GAS  C:\Users\haske\AppData\Local\Temp\ccd7mszS.s 			page 2


  30:..\..\..\arduinoLCD\test\Pain Drain\libraries\lvgl\src\draw/lv_img_cache.c ****  *      TYPEDEFS
  31:..\..\..\arduinoLCD\test\Pain Drain\libraries\lvgl\src\draw/lv_img_cache.c ****  **********************/
  32:..\..\..\arduinoLCD\test\Pain Drain\libraries\lvgl\src\draw/lv_img_cache.c **** 
  33:..\..\..\arduinoLCD\test\Pain Drain\libraries\lvgl\src\draw/lv_img_cache.c **** /**********************
  34:..\..\..\arduinoLCD\test\Pain Drain\libraries\lvgl\src\draw/lv_img_cache.c ****  *  STATIC PROTOTYPES
  35:..\..\..\arduinoLCD\test\Pain Drain\libraries\lvgl\src\draw/lv_img_cache.c ****  **********************/
  36:..\..\..\arduinoLCD\test\Pain Drain\libraries\lvgl\src\draw/lv_img_cache.c **** #if LV_IMG_CACHE_DEF_SIZE
  37:..\..\..\arduinoLCD\test\Pain Drain\libraries\lvgl\src\draw/lv_img_cache.c ****     static bool lv_img_cache_match(const void * src1, const void * src2);
  38:..\..\..\arduinoLCD\test\Pain Drain\libraries\lvgl\src\draw/lv_img_cache.c **** #endif
  39:..\..\..\arduinoLCD\test\Pain Drain\libraries\lvgl\src\draw/lv_img_cache.c **** 
  40:..\..\..\arduinoLCD\test\Pain Drain\libraries\lvgl\src\draw/lv_img_cache.c **** /**********************
  41:..\..\..\arduinoLCD\test\Pain Drain\libraries\lvgl\src\draw/lv_img_cache.c ****  *  STATIC VARIABLES
  42:..\..\..\arduinoLCD\test\Pain Drain\libraries\lvgl\src\draw/lv_img_cache.c ****  **********************/
  43:..\..\..\arduinoLCD\test\Pain Drain\libraries\lvgl\src\draw/lv_img_cache.c **** #if LV_IMG_CACHE_DEF_SIZE
  44:..\..\..\arduinoLCD\test\Pain Drain\libraries\lvgl\src\draw/lv_img_cache.c ****     static uint16_t entry_cnt;
  45:..\..\..\arduinoLCD\test\Pain Drain\libraries\lvgl\src\draw/lv_img_cache.c **** #endif
  46:..\..\..\arduinoLCD\test\Pain Drain\libraries\lvgl\src\draw/lv_img_cache.c **** 
  47:..\..\..\arduinoLCD\test\Pain Drain\libraries\lvgl\src\draw/lv_img_cache.c **** /**********************
  48:..\..\..\arduinoLCD\test\Pain Drain\libraries\lvgl\src\draw/lv_img_cache.c ****  *      MACROS
  49:..\..\..\arduinoLCD\test\Pain Drain\libraries\lvgl\src\draw/lv_img_cache.c ****  **********************/
  50:..\..\..\arduinoLCD\test\Pain Drain\libraries\lvgl\src\draw/lv_img_cache.c **** 
  51:..\..\..\arduinoLCD\test\Pain Drain\libraries\lvgl\src\draw/lv_img_cache.c **** /**********************
  52:..\..\..\arduinoLCD\test\Pain Drain\libraries\lvgl\src\draw/lv_img_cache.c ****  *   GLOBAL FUNCTIONS
  53:..\..\..\arduinoLCD\test\Pain Drain\libraries\lvgl\src\draw/lv_img_cache.c ****  **********************/
  54:..\..\..\arduinoLCD\test\Pain Drain\libraries\lvgl\src\draw/lv_img_cache.c **** 
  55:..\..\..\arduinoLCD\test\Pain Drain\libraries\lvgl\src\draw/lv_img_cache.c **** /**
  56:..\..\..\arduinoLCD\test\Pain Drain\libraries\lvgl\src\draw/lv_img_cache.c ****  * Open an image using the image decoder interface and cache it.
  57:..\..\..\arduinoLCD\test\Pain Drain\libraries\lvgl\src\draw/lv_img_cache.c ****  * The image will be left open meaning if the image decoder open callback allocated memory then it 
  58:..\..\..\arduinoLCD\test\Pain Drain\libraries\lvgl\src\draw/lv_img_cache.c ****  * The image is closed if a new image is opened and the new image takes its place in the cache.
  59:..\..\..\arduinoLCD\test\Pain Drain\libraries\lvgl\src\draw/lv_img_cache.c ****  * @param src source of the image. Path to file or pointer to an `lv_img_dsc_t` variable
  60:..\..\..\arduinoLCD\test\Pain Drain\libraries\lvgl\src\draw/lv_img_cache.c ****  * @param color color The color of the image with `LV_IMG_CF_ALPHA_...`
  61:..\..\..\arduinoLCD\test\Pain Drain\libraries\lvgl\src\draw/lv_img_cache.c ****  * @return pointer to the cache entry or NULL if can open the image
  62:..\..\..\arduinoLCD\test\Pain Drain\libraries\lvgl\src\draw/lv_img_cache.c ****  */
  63:..\..\..\arduinoLCD\test\Pain Drain\libraries\lvgl\src\draw/lv_img_cache.c **** _lv_img_cache_entry_t * _lv_img_cache_open(const void * src, lv_color_t color, int32_t frame_id)
  64:..\..\..\arduinoLCD\test\Pain Drain\libraries\lvgl\src\draw/lv_img_cache.c **** {
  29              		.loc 1 64 0
  30              		.cfi_startproc
  31              		@ args = 0, pretend = 0, frame = 0
  32              		@ frame_needed = 0, uses_anonymous_args = 0
  33              	.LVL0:
  34 0000 F8B5     		push	{r3, r4, r5, r6, r7, lr}
  35              		.cfi_def_cfa_offset 24
  36              		.cfi_offset 3, -24
  37              		.cfi_offset 4, -20
  38              		.cfi_offset 5, -16
  39              		.cfi_offset 6, -12
  40              		.cfi_offset 7, -8
  41              		.cfi_offset 14, -4
  42 0002 0446     		mov	r4, r0
  43 0004 0D46     		mov	r5, r1	@ movhi
  44 0006 1646     		mov	r6, r2
  45              	.LVL1:
  65:..\..\..\arduinoLCD\test\Pain Drain\libraries\lvgl\src\draw/lv_img_cache.c ****     /*Is the image cached?*/
  66:..\..\..\arduinoLCD\test\Pain Drain\libraries\lvgl\src\draw/lv_img_cache.c ****     _lv_img_cache_entry_t * cached_src = NULL;
  67:..\..\..\arduinoLCD\test\Pain Drain\libraries\lvgl\src\draw/lv_img_cache.c **** 
  68:..\..\..\arduinoLCD\test\Pain Drain\libraries\lvgl\src\draw/lv_img_cache.c **** #if LV_IMG_CACHE_DEF_SIZE
  69:..\..\..\arduinoLCD\test\Pain Drain\libraries\lvgl\src\draw/lv_img_cache.c ****     if(entry_cnt == 0) {
ARM GAS  C:\Users\haske\AppData\Local\Temp\ccd7mszS.s 			page 3


  70:..\..\..\arduinoLCD\test\Pain Drain\libraries\lvgl\src\draw/lv_img_cache.c ****         LV_LOG_WARN("lv_img_cache_open: the cache size is 0");
  71:..\..\..\arduinoLCD\test\Pain Drain\libraries\lvgl\src\draw/lv_img_cache.c ****         return NULL;
  72:..\..\..\arduinoLCD\test\Pain Drain\libraries\lvgl\src\draw/lv_img_cache.c ****     }
  73:..\..\..\arduinoLCD\test\Pain Drain\libraries\lvgl\src\draw/lv_img_cache.c **** 
  74:..\..\..\arduinoLCD\test\Pain Drain\libraries\lvgl\src\draw/lv_img_cache.c ****     _lv_img_cache_entry_t * cache = LV_GC_ROOT(_lv_img_cache_array);
  75:..\..\..\arduinoLCD\test\Pain Drain\libraries\lvgl\src\draw/lv_img_cache.c **** 
  76:..\..\..\arduinoLCD\test\Pain Drain\libraries\lvgl\src\draw/lv_img_cache.c ****     /*Decrement all lifes. Make the entries older*/
  77:..\..\..\arduinoLCD\test\Pain Drain\libraries\lvgl\src\draw/lv_img_cache.c ****     uint16_t i;
  78:..\..\..\arduinoLCD\test\Pain Drain\libraries\lvgl\src\draw/lv_img_cache.c ****     for(i = 0; i < entry_cnt; i++) {
  79:..\..\..\arduinoLCD\test\Pain Drain\libraries\lvgl\src\draw/lv_img_cache.c ****         if(cache[i].life > INT32_MIN + LV_IMG_CACHE_AGING) {
  80:..\..\..\arduinoLCD\test\Pain Drain\libraries\lvgl\src\draw/lv_img_cache.c ****             cache[i].life -= LV_IMG_CACHE_AGING;
  81:..\..\..\arduinoLCD\test\Pain Drain\libraries\lvgl\src\draw/lv_img_cache.c ****         }
  82:..\..\..\arduinoLCD\test\Pain Drain\libraries\lvgl\src\draw/lv_img_cache.c ****     }
  83:..\..\..\arduinoLCD\test\Pain Drain\libraries\lvgl\src\draw/lv_img_cache.c **** 
  84:..\..\..\arduinoLCD\test\Pain Drain\libraries\lvgl\src\draw/lv_img_cache.c ****     for(i = 0; i < entry_cnt; i++) {
  85:..\..\..\arduinoLCD\test\Pain Drain\libraries\lvgl\src\draw/lv_img_cache.c ****         if(color.full == cache[i].dec_dsc.color.full &&
  86:..\..\..\arduinoLCD\test\Pain Drain\libraries\lvgl\src\draw/lv_img_cache.c ****            frame_id == cache[i].dec_dsc.frame_id &&
  87:..\..\..\arduinoLCD\test\Pain Drain\libraries\lvgl\src\draw/lv_img_cache.c ****            lv_img_cache_match(src, cache[i].dec_dsc.src)) {
  88:..\..\..\arduinoLCD\test\Pain Drain\libraries\lvgl\src\draw/lv_img_cache.c ****             /*If opened increment its life.
  89:..\..\..\arduinoLCD\test\Pain Drain\libraries\lvgl\src\draw/lv_img_cache.c ****              *Image difficult to open should live longer to keep avoid frequent their recaching.
  90:..\..\..\arduinoLCD\test\Pain Drain\libraries\lvgl\src\draw/lv_img_cache.c ****              *Therefore increase `life` with `time_to_open`*/
  91:..\..\..\arduinoLCD\test\Pain Drain\libraries\lvgl\src\draw/lv_img_cache.c ****             cached_src = &cache[i];
  92:..\..\..\arduinoLCD\test\Pain Drain\libraries\lvgl\src\draw/lv_img_cache.c ****             cached_src->life += cached_src->dec_dsc.time_to_open * LV_IMG_CACHE_LIFE_GAIN;
  93:..\..\..\arduinoLCD\test\Pain Drain\libraries\lvgl\src\draw/lv_img_cache.c ****             if(cached_src->life > LV_IMG_CACHE_LIFE_LIMIT) cached_src->life = LV_IMG_CACHE_LIFE_LIM
  94:..\..\..\arduinoLCD\test\Pain Drain\libraries\lvgl\src\draw/lv_img_cache.c ****             LV_LOG_TRACE("image source found in the cache");
  95:..\..\..\arduinoLCD\test\Pain Drain\libraries\lvgl\src\draw/lv_img_cache.c ****             break;
  96:..\..\..\arduinoLCD\test\Pain Drain\libraries\lvgl\src\draw/lv_img_cache.c ****         }
  97:..\..\..\arduinoLCD\test\Pain Drain\libraries\lvgl\src\draw/lv_img_cache.c ****     }
  98:..\..\..\arduinoLCD\test\Pain Drain\libraries\lvgl\src\draw/lv_img_cache.c **** 
  99:..\..\..\arduinoLCD\test\Pain Drain\libraries\lvgl\src\draw/lv_img_cache.c ****     /*The image is not cached then cache it now*/
 100:..\..\..\arduinoLCD\test\Pain Drain\libraries\lvgl\src\draw/lv_img_cache.c ****     if(cached_src) return cached_src;
 101:..\..\..\arduinoLCD\test\Pain Drain\libraries\lvgl\src\draw/lv_img_cache.c **** 
 102:..\..\..\arduinoLCD\test\Pain Drain\libraries\lvgl\src\draw/lv_img_cache.c ****     /*Find an entry to reuse. Select the entry with the least life*/
 103:..\..\..\arduinoLCD\test\Pain Drain\libraries\lvgl\src\draw/lv_img_cache.c ****     cached_src = &cache[0];
 104:..\..\..\arduinoLCD\test\Pain Drain\libraries\lvgl\src\draw/lv_img_cache.c ****     for(i = 1; i < entry_cnt; i++) {
 105:..\..\..\arduinoLCD\test\Pain Drain\libraries\lvgl\src\draw/lv_img_cache.c ****         if(cache[i].life < cached_src->life) {
 106:..\..\..\arduinoLCD\test\Pain Drain\libraries\lvgl\src\draw/lv_img_cache.c ****             cached_src = &cache[i];
 107:..\..\..\arduinoLCD\test\Pain Drain\libraries\lvgl\src\draw/lv_img_cache.c ****         }
 108:..\..\..\arduinoLCD\test\Pain Drain\libraries\lvgl\src\draw/lv_img_cache.c ****     }
 109:..\..\..\arduinoLCD\test\Pain Drain\libraries\lvgl\src\draw/lv_img_cache.c **** 
 110:..\..\..\arduinoLCD\test\Pain Drain\libraries\lvgl\src\draw/lv_img_cache.c ****     /*Close the decoder to reuse if it was opened (has a valid source)*/
 111:..\..\..\arduinoLCD\test\Pain Drain\libraries\lvgl\src\draw/lv_img_cache.c ****     if(cached_src->dec_dsc.src) {
 112:..\..\..\arduinoLCD\test\Pain Drain\libraries\lvgl\src\draw/lv_img_cache.c ****         lv_img_decoder_close(&cached_src->dec_dsc);
 113:..\..\..\arduinoLCD\test\Pain Drain\libraries\lvgl\src\draw/lv_img_cache.c ****         LV_LOG_INFO("image draw: cache miss, close and reuse an entry");
 114:..\..\..\arduinoLCD\test\Pain Drain\libraries\lvgl\src\draw/lv_img_cache.c ****     }
 115:..\..\..\arduinoLCD\test\Pain Drain\libraries\lvgl\src\draw/lv_img_cache.c ****     else {
 116:..\..\..\arduinoLCD\test\Pain Drain\libraries\lvgl\src\draw/lv_img_cache.c ****         LV_LOG_INFO("image draw: cache miss, cached to an empty entry");
 117:..\..\..\arduinoLCD\test\Pain Drain\libraries\lvgl\src\draw/lv_img_cache.c ****     }
 118:..\..\..\arduinoLCD\test\Pain Drain\libraries\lvgl\src\draw/lv_img_cache.c **** #else
 119:..\..\..\arduinoLCD\test\Pain Drain\libraries\lvgl\src\draw/lv_img_cache.c ****     cached_src = &LV_GC_ROOT(_lv_img_cache_single);
 120:..\..\..\arduinoLCD\test\Pain Drain\libraries\lvgl\src\draw/lv_img_cache.c **** #endif
 121:..\..\..\arduinoLCD\test\Pain Drain\libraries\lvgl\src\draw/lv_img_cache.c ****     /*Open the image and measure the time to open*/
 122:..\..\..\arduinoLCD\test\Pain Drain\libraries\lvgl\src\draw/lv_img_cache.c ****     uint32_t t_start  = lv_tick_get();
  46              		.loc 1 122 0
  47 0008 FFF7FEFF 		bl	lv_tick_get
  48              	.LVL2:
  49 000c 0746     		mov	r7, r0
ARM GAS  C:\Users\haske\AppData\Local\Temp\ccd7mszS.s 			page 4


  50              	.LVL3:
 123:..\..\..\arduinoLCD\test\Pain Drain\libraries\lvgl\src\draw/lv_img_cache.c ****     lv_res_t open_res = lv_img_decoder_open(&cached_src->dec_dsc, src, color, frame_id);
  51              		.loc 1 123 0
  52 000e 3346     		mov	r3, r6
  53              	.LVL4:
  54 0010 2A46     		mov	r2, r5	@ movhi
  55 0012 2146     		mov	r1, r4
  56 0014 1048     		ldr	r0, .L7
  57              	.LVL5:
  58 0016 FFF7FEFF 		bl	lv_img_decoder_open
  59              	.LVL6:
 124:..\..\..\arduinoLCD\test\Pain Drain\libraries\lvgl\src\draw/lv_img_cache.c ****     if(open_res == LV_RES_INV) {
  60              		.loc 1 124 0
  61 001a 48B9     		cbnz	r0, .L2
 125:..\..\..\arduinoLCD\test\Pain Drain\libraries\lvgl\src\draw/lv_img_cache.c ****         LV_LOG_WARN("Image draw cannot open the image resource");
 126:..\..\..\arduinoLCD\test\Pain Drain\libraries\lvgl\src\draw/lv_img_cache.c ****         lv_memset_00(cached_src, sizeof(_lv_img_cache_entry_t));
  62              		.loc 1 126 0
  63 001c 0E4C     		ldr	r4, .L7
  64              	.LVL7:
  65 001e 2C21     		movs	r1, #44
  66 0020 2046     		mov	r0, r4
  67              	.LVL8:
  68 0022 FFF7FEFF 		bl	lv_memset_00
  69              	.LVL9:
 127:..\..\..\arduinoLCD\test\Pain Drain\libraries\lvgl\src\draw/lv_img_cache.c ****         cached_src->life = INT32_MIN; /*Make the empty entry very "weak" to force its us*/
  70              		.loc 1 127 0
  71 0026 4FF00043 		mov	r3, #-2147483648
  72 002a A362     		str	r3, [r4, #40]
 128:..\..\..\arduinoLCD\test\Pain Drain\libraries\lvgl\src\draw/lv_img_cache.c ****         return NULL;
  73              		.loc 1 128 0
  74 002c 0020     		movs	r0, #0
  75 002e F8BD     		pop	{r3, r4, r5, r6, r7, pc}
  76              	.LVL10:
  77              	.L2:
 129:..\..\..\arduinoLCD\test\Pain Drain\libraries\lvgl\src\draw/lv_img_cache.c ****     }
 130:..\..\..\arduinoLCD\test\Pain Drain\libraries\lvgl\src\draw/lv_img_cache.c **** 
 131:..\..\..\arduinoLCD\test\Pain Drain\libraries\lvgl\src\draw/lv_img_cache.c ****     cached_src->life = 0;
  78              		.loc 1 131 0
  79 0030 094B     		ldr	r3, .L7
  80 0032 0022     		movs	r2, #0
  81 0034 9A62     		str	r2, [r3, #40]
 132:..\..\..\arduinoLCD\test\Pain Drain\libraries\lvgl\src\draw/lv_img_cache.c **** 
 133:..\..\..\arduinoLCD\test\Pain Drain\libraries\lvgl\src\draw/lv_img_cache.c ****     /*If `time_to_open` was not set in the open function set it here*/
 134:..\..\..\arduinoLCD\test\Pain Drain\libraries\lvgl\src\draw/lv_img_cache.c ****     if(cached_src->dec_dsc.time_to_open == 0) {
  82              		.loc 1 134 0
  83 0036 DB69     		ldr	r3, [r3, #28]
  84 0038 23B9     		cbnz	r3, .L4
 135:..\..\..\arduinoLCD\test\Pain Drain\libraries\lvgl\src\draw/lv_img_cache.c ****         cached_src->dec_dsc.time_to_open = lv_tick_elaps(t_start);
  85              		.loc 1 135 0
  86 003a 3846     		mov	r0, r7
  87              	.LVL11:
  88 003c FFF7FEFF 		bl	lv_tick_elaps
  89              	.LVL12:
  90 0040 054B     		ldr	r3, .L7
  91 0042 D861     		str	r0, [r3, #28]
  92              	.L4:
 136:..\..\..\arduinoLCD\test\Pain Drain\libraries\lvgl\src\draw/lv_img_cache.c ****     }
ARM GAS  C:\Users\haske\AppData\Local\Temp\ccd7mszS.s 			page 5


 137:..\..\..\arduinoLCD\test\Pain Drain\libraries\lvgl\src\draw/lv_img_cache.c **** 
 138:..\..\..\arduinoLCD\test\Pain Drain\libraries\lvgl\src\draw/lv_img_cache.c ****     if(cached_src->dec_dsc.time_to_open == 0) cached_src->dec_dsc.time_to_open = 1;
  93              		.loc 1 138 0
  94 0044 044B     		ldr	r3, .L7
  95 0046 DB69     		ldr	r3, [r3, #28]
  96 0048 1BB9     		cbnz	r3, .L5
  97              		.loc 1 138 0 is_stmt 0 discriminator 1
  98 004a 0348     		ldr	r0, .L7
  99 004c 0123     		movs	r3, #1
 100 004e C361     		str	r3, [r0, #28]
 101 0050 F8BD     		pop	{r3, r4, r5, r6, r7, pc}
 102              	.LVL13:
 103              	.L5:
 139:..\..\..\arduinoLCD\test\Pain Drain\libraries\lvgl\src\draw/lv_img_cache.c **** 
 140:..\..\..\arduinoLCD\test\Pain Drain\libraries\lvgl\src\draw/lv_img_cache.c ****     return cached_src;
 104              		.loc 1 140 0 is_stmt 1
 105 0052 0148     		ldr	r0, .L7
 141:..\..\..\arduinoLCD\test\Pain Drain\libraries\lvgl\src\draw/lv_img_cache.c **** }
 106              		.loc 1 141 0
 107 0054 F8BD     		pop	{r3, r4, r5, r6, r7, pc}
 108              	.LVL14:
 109              	.L8:
 110 0056 00BF     		.align	2
 111              	.L7:
 112 0058 00000000 		.word	_lv_img_cache_single
 113              		.cfi_endproc
 114              	.LFE56:
 115              		.size	_lv_img_cache_open, .-_lv_img_cache_open
 116              		.section	.text.lv_img_cache_set_size,"ax",%progbits
 117              		.align	2
 118              		.global	lv_img_cache_set_size
 119              		.thumb
 120              		.thumb_func
 121              		.type	lv_img_cache_set_size, %function
 122              	lv_img_cache_set_size:
 123              	.LFB57:
 142:..\..\..\arduinoLCD\test\Pain Drain\libraries\lvgl\src\draw/lv_img_cache.c **** 
 143:..\..\..\arduinoLCD\test\Pain Drain\libraries\lvgl\src\draw/lv_img_cache.c **** /**
 144:..\..\..\arduinoLCD\test\Pain Drain\libraries\lvgl\src\draw/lv_img_cache.c ****  * Set the number of images to be cached.
 145:..\..\..\arduinoLCD\test\Pain Drain\libraries\lvgl\src\draw/lv_img_cache.c ****  * More cached images mean more opened image at same time which might mean more memory usage.
 146:..\..\..\arduinoLCD\test\Pain Drain\libraries\lvgl\src\draw/lv_img_cache.c ****  * E.g. if 20 PNG or JPG images are open in the RAM they consume memory while opened in the cache.
 147:..\..\..\arduinoLCD\test\Pain Drain\libraries\lvgl\src\draw/lv_img_cache.c ****  * @param new_entry_cnt number of image to cache
 148:..\..\..\arduinoLCD\test\Pain Drain\libraries\lvgl\src\draw/lv_img_cache.c ****  */
 149:..\..\..\arduinoLCD\test\Pain Drain\libraries\lvgl\src\draw/lv_img_cache.c **** void lv_img_cache_set_size(uint16_t new_entry_cnt)
 150:..\..\..\arduinoLCD\test\Pain Drain\libraries\lvgl\src\draw/lv_img_cache.c **** {
 124              		.loc 1 150 0
 125              		.cfi_startproc
 126              		@ args = 0, pretend = 0, frame = 0
 127              		@ frame_needed = 0, uses_anonymous_args = 0
 128              		@ link register save eliminated.
 129              	.LVL15:
 130 0000 7047     		bx	lr
 131              		.cfi_endproc
 132              	.LFE57:
 133              		.size	lv_img_cache_set_size, .-lv_img_cache_set_size
 134 0002 00BF     		.section	.text.lv_img_cache_invalidate_src,"ax",%progbits
 135              		.align	2
ARM GAS  C:\Users\haske\AppData\Local\Temp\ccd7mszS.s 			page 6


 136              		.global	lv_img_cache_invalidate_src
 137              		.thumb
 138              		.thumb_func
 139              		.type	lv_img_cache_invalidate_src, %function
 140              	lv_img_cache_invalidate_src:
 141              	.LFB58:
 151:..\..\..\arduinoLCD\test\Pain Drain\libraries\lvgl\src\draw/lv_img_cache.c **** #if LV_IMG_CACHE_DEF_SIZE == 0
 152:..\..\..\arduinoLCD\test\Pain Drain\libraries\lvgl\src\draw/lv_img_cache.c ****     LV_UNUSED(new_entry_cnt);
 153:..\..\..\arduinoLCD\test\Pain Drain\libraries\lvgl\src\draw/lv_img_cache.c ****     LV_LOG_WARN("Can't change cache size because it's disabled by LV_IMG_CACHE_DEF_SIZE = 0");
 154:..\..\..\arduinoLCD\test\Pain Drain\libraries\lvgl\src\draw/lv_img_cache.c **** #else
 155:..\..\..\arduinoLCD\test\Pain Drain\libraries\lvgl\src\draw/lv_img_cache.c ****     if(LV_GC_ROOT(_lv_img_cache_array) != NULL) {
 156:..\..\..\arduinoLCD\test\Pain Drain\libraries\lvgl\src\draw/lv_img_cache.c ****         /*Clean the cache before free it*/
 157:..\..\..\arduinoLCD\test\Pain Drain\libraries\lvgl\src\draw/lv_img_cache.c ****         lv_img_cache_invalidate_src(NULL);
 158:..\..\..\arduinoLCD\test\Pain Drain\libraries\lvgl\src\draw/lv_img_cache.c ****         lv_mem_free(LV_GC_ROOT(_lv_img_cache_array));
 159:..\..\..\arduinoLCD\test\Pain Drain\libraries\lvgl\src\draw/lv_img_cache.c ****     }
 160:..\..\..\arduinoLCD\test\Pain Drain\libraries\lvgl\src\draw/lv_img_cache.c **** 
 161:..\..\..\arduinoLCD\test\Pain Drain\libraries\lvgl\src\draw/lv_img_cache.c ****     /*Reallocate the cache*/
 162:..\..\..\arduinoLCD\test\Pain Drain\libraries\lvgl\src\draw/lv_img_cache.c ****     LV_GC_ROOT(_lv_img_cache_array) = lv_mem_alloc(sizeof(_lv_img_cache_entry_t) * new_entry_cnt);
 163:..\..\..\arduinoLCD\test\Pain Drain\libraries\lvgl\src\draw/lv_img_cache.c ****     LV_ASSERT_MALLOC(LV_GC_ROOT(_lv_img_cache_array));
 164:..\..\..\arduinoLCD\test\Pain Drain\libraries\lvgl\src\draw/lv_img_cache.c ****     if(LV_GC_ROOT(_lv_img_cache_array) == NULL) {
 165:..\..\..\arduinoLCD\test\Pain Drain\libraries\lvgl\src\draw/lv_img_cache.c ****         entry_cnt = 0;
 166:..\..\..\arduinoLCD\test\Pain Drain\libraries\lvgl\src\draw/lv_img_cache.c ****         return;
 167:..\..\..\arduinoLCD\test\Pain Drain\libraries\lvgl\src\draw/lv_img_cache.c ****     }
 168:..\..\..\arduinoLCD\test\Pain Drain\libraries\lvgl\src\draw/lv_img_cache.c ****     entry_cnt = new_entry_cnt;
 169:..\..\..\arduinoLCD\test\Pain Drain\libraries\lvgl\src\draw/lv_img_cache.c **** 
 170:..\..\..\arduinoLCD\test\Pain Drain\libraries\lvgl\src\draw/lv_img_cache.c ****     /*Clean the cache*/
 171:..\..\..\arduinoLCD\test\Pain Drain\libraries\lvgl\src\draw/lv_img_cache.c ****     lv_memset_00(LV_GC_ROOT(_lv_img_cache_array), entry_cnt * sizeof(_lv_img_cache_entry_t));
 172:..\..\..\arduinoLCD\test\Pain Drain\libraries\lvgl\src\draw/lv_img_cache.c **** #endif
 173:..\..\..\arduinoLCD\test\Pain Drain\libraries\lvgl\src\draw/lv_img_cache.c **** }
 174:..\..\..\arduinoLCD\test\Pain Drain\libraries\lvgl\src\draw/lv_img_cache.c **** 
 175:..\..\..\arduinoLCD\test\Pain Drain\libraries\lvgl\src\draw/lv_img_cache.c **** /**
 176:..\..\..\arduinoLCD\test\Pain Drain\libraries\lvgl\src\draw/lv_img_cache.c ****  * Invalidate an image source in the cache.
 177:..\..\..\arduinoLCD\test\Pain Drain\libraries\lvgl\src\draw/lv_img_cache.c ****  * Useful if the image source is updated therefore it needs to be cached again.
 178:..\..\..\arduinoLCD\test\Pain Drain\libraries\lvgl\src\draw/lv_img_cache.c ****  * @param src an image source path to a file or pointer to an `lv_img_dsc_t` variable.
 179:..\..\..\arduinoLCD\test\Pain Drain\libraries\lvgl\src\draw/lv_img_cache.c ****  */
 180:..\..\..\arduinoLCD\test\Pain Drain\libraries\lvgl\src\draw/lv_img_cache.c **** void lv_img_cache_invalidate_src(const void * src)
 181:..\..\..\arduinoLCD\test\Pain Drain\libraries\lvgl\src\draw/lv_img_cache.c **** {
 142              		.loc 1 181 0
 143              		.cfi_startproc
 144              		@ args = 0, pretend = 0, frame = 0
 145              		@ frame_needed = 0, uses_anonymous_args = 0
 146              		@ link register save eliminated.
 147              	.LVL16:
 148 0000 7047     		bx	lr
 149              		.cfi_endproc
 150              	.LFE58:
 151              		.size	lv_img_cache_invalidate_src, .-lv_img_cache_invalidate_src
 152 0002 00BF     		.text
 153              	.Letext0:
 154              		.file 2 "c:\\program files (x86)\\cypress\\psoc creator\\4.4\\psoc creator\\import\\gnu\\arm\\5.4.
 155              		.file 3 "c:\\program files (x86)\\cypress\\psoc creator\\4.4\\psoc creator\\import\\gnu\\arm\\5.4.
 156              		.file 4 "..\\..\\..\\arduinoLCD\\test\\Pain Drain\\libraries\\lvgl\\src\\draw\\../misc/lv_types.h"
 157              		.file 5 "..\\..\\..\\arduinoLCD\\test\\Pain Drain\\libraries\\lvgl\\src\\draw\\../misc/lv_color.h"
 158              		.file 6 "..\\..\\..\\arduinoLCD\\test\\Pain Drain\\libraries\\lvgl\\src\\draw\\../misc/lv_area.h"
 159              		.file 7 "..\\..\\..\\arduinoLCD\\test\\Pain Drain\\libraries\\lvgl\\src\\draw\\lv_img_buf.h"
 160              		.file 8 "..\\..\\..\\arduinoLCD\\test\\Pain Drain\\libraries\\lvgl\\src\\draw\\lv_img_decoder.h"
 161              		.file 9 "..\\..\\..\\arduinoLCD\\test\\Pain Drain\\libraries\\lvgl\\src\\draw\\lv_img_cache.h"
ARM GAS  C:\Users\haske\AppData\Local\Temp\ccd7mszS.s 			page 7


 162              		.file 10 "c:\\projects\\paindrain\\arduinolcd\\test\\pain drain\\libraries\\lvgl\\src\\font\\lv_fo
 163              		.file 11 "..\\..\\..\\arduinoLCD\\test\\Pain Drain\\libraries\\lvgl\\src\\draw\\../misc/lv_gc.h"
 164              		.file 12 "..\\..\\..\\arduinoLCD\\test\\Pain Drain\\libraries\\lvgl\\src\\draw\\../hal/lv_hal_tick
 165              		.file 13 "..\\..\\..\\arduinoLCD\\test\\Pain Drain\\libraries\\lvgl\\src\\draw\\../misc/lv_mem.h"
 166              		.section	.debug_info,"",%progbits
 167              	.Ldebug_info0:
 168 0000 AE060000 		.4byte	0x6ae
 169 0004 0400     		.2byte	0x4
 170 0006 00000000 		.4byte	.Ldebug_abbrev0
 171 000a 04       		.byte	0x4
 172 000b 01       		.uleb128 0x1
 173 000c B9000000 		.4byte	.LASF91
 174 0010 0C       		.byte	0xc
 175 0011 B3040000 		.4byte	.LASF92
 176 0015 FE040000 		.4byte	.LASF93
 177 0019 00000000 		.4byte	.Ldebug_ranges0+0
 178 001d 00000000 		.4byte	0
 179 0021 00000000 		.4byte	.Ldebug_line0
 180 0025 02       		.uleb128 0x2
 181 0026 D6030000 		.4byte	.LASF0
 182 002a 02       		.byte	0x2
 183 002b 1B       		.byte	0x1b
 184 002c 30000000 		.4byte	0x30
 185 0030 03       		.uleb128 0x3
 186 0031 01       		.byte	0x1
 187 0032 06       		.byte	0x6
 188 0033 5C030000 		.4byte	.LASF2
 189 0037 02       		.uleb128 0x2
 190 0038 B4050000 		.4byte	.LASF1
 191 003c 02       		.byte	0x2
 192 003d 1D       		.byte	0x1d
 193 003e 42000000 		.4byte	0x42
 194 0042 03       		.uleb128 0x3
 195 0043 01       		.byte	0x1
 196 0044 08       		.byte	0x8
 197 0045 44030000 		.4byte	.LASF3
 198 0049 02       		.uleb128 0x2
 199 004a A9040000 		.4byte	.LASF4
 200 004e 02       		.byte	0x2
 201 004f 29       		.byte	0x29
 202 0050 54000000 		.4byte	0x54
 203 0054 03       		.uleb128 0x3
 204 0055 02       		.byte	0x2
 205 0056 05       		.byte	0x5
 206 0057 73000000 		.4byte	.LASF5
 207 005b 02       		.uleb128 0x2
 208 005c 7D010000 		.4byte	.LASF6
 209 0060 02       		.byte	0x2
 210 0061 2B       		.byte	0x2b
 211 0062 66000000 		.4byte	0x66
 212 0066 03       		.uleb128 0x3
 213 0067 02       		.byte	0x2
 214 0068 07       		.byte	0x7
 215 0069 03040000 		.4byte	.LASF7
 216 006d 02       		.uleb128 0x2
 217 006e 52030000 		.4byte	.LASF8
 218 0072 02       		.byte	0x2
ARM GAS  C:\Users\haske\AppData\Local\Temp\ccd7mszS.s 			page 8


 219 0073 3F       		.byte	0x3f
 220 0074 78000000 		.4byte	0x78
 221 0078 03       		.uleb128 0x3
 222 0079 04       		.byte	0x4
 223 007a 05       		.byte	0x5
 224 007b D3020000 		.4byte	.LASF9
 225 007f 02       		.uleb128 0x2
 226 0080 72010000 		.4byte	.LASF10
 227 0084 02       		.byte	0x2
 228 0085 41       		.byte	0x41
 229 0086 8A000000 		.4byte	0x8a
 230 008a 03       		.uleb128 0x3
 231 008b 04       		.byte	0x4
 232 008c 07       		.byte	0x7
 233 008d 71040000 		.4byte	.LASF11
 234 0091 03       		.uleb128 0x3
 235 0092 08       		.byte	0x8
 236 0093 05       		.byte	0x5
 237 0094 7D020000 		.4byte	.LASF12
 238 0098 03       		.uleb128 0x3
 239 0099 08       		.byte	0x8
 240 009a 07       		.byte	0x7
 241 009b 68030000 		.4byte	.LASF13
 242 009f 04       		.uleb128 0x4
 243 00a0 04       		.byte	0x4
 244 00a1 05       		.byte	0x5
 245 00a2 696E7400 		.ascii	"int\000"
 246 00a6 03       		.uleb128 0x3
 247 00a7 04       		.byte	0x4
 248 00a8 07       		.byte	0x7
 249 00a9 64020000 		.4byte	.LASF14
 250 00ad 02       		.uleb128 0x2
 251 00ae 4F000000 		.4byte	.LASF15
 252 00b2 03       		.byte	0x3
 253 00b3 14       		.byte	0x14
 254 00b4 25000000 		.4byte	0x25
 255 00b8 02       		.uleb128 0x2
 256 00b9 DE010000 		.4byte	.LASF16
 257 00bd 03       		.byte	0x3
 258 00be 18       		.byte	0x18
 259 00bf 37000000 		.4byte	0x37
 260 00c3 02       		.uleb128 0x2
 261 00c4 16040000 		.4byte	.LASF17
 262 00c8 03       		.byte	0x3
 263 00c9 20       		.byte	0x20
 264 00ca 49000000 		.4byte	0x49
 265 00ce 02       		.uleb128 0x2
 266 00cf 9C030000 		.4byte	.LASF18
 267 00d3 03       		.byte	0x3
 268 00d4 24       		.byte	0x24
 269 00d5 5B000000 		.4byte	0x5b
 270 00d9 02       		.uleb128 0x2
 271 00da E4030000 		.4byte	.LASF19
 272 00de 03       		.byte	0x3
 273 00df 2C       		.byte	0x2c
 274 00e0 6D000000 		.4byte	0x6d
 275 00e4 02       		.uleb128 0x2
ARM GAS  C:\Users\haske\AppData\Local\Temp\ccd7mszS.s 			page 9


 276 00e5 7F030000 		.4byte	.LASF20
 277 00e9 03       		.byte	0x3
 278 00ea 30       		.byte	0x30
 279 00eb 7F000000 		.4byte	0x7f
 280 00ef 05       		.uleb128 0x5
 281 00f0 01       		.byte	0x1
 282 00f1 42000000 		.4byte	0x42
 283 00f5 04       		.byte	0x4
 284 00f6 2A       		.byte	0x2a
 285 00f7 08010000 		.4byte	0x108
 286 00fb 06       		.uleb128 0x6
 287 00fc A9050000 		.4byte	.LASF21
 288 0100 00       		.byte	0
 289 0101 06       		.uleb128 0x6
 290 0102 45040000 		.4byte	.LASF22
 291 0106 01       		.byte	0x1
 292 0107 00       		.byte	0
 293 0108 02       		.uleb128 0x2
 294 0109 8B020000 		.4byte	.LASF23
 295 010d 04       		.byte	0x4
 296 010e 2F       		.byte	0x2f
 297 010f B8000000 		.4byte	0xb8
 298 0113 03       		.uleb128 0x3
 299 0114 08       		.byte	0x8
 300 0115 04       		.byte	0x4
 301 0116 38030000 		.4byte	.LASF24
 302 011a 03       		.uleb128 0x3
 303 011b 04       		.byte	0x4
 304 011c 07       		.byte	0x7
 305 011d 7D000000 		.4byte	.LASF25
 306 0121 07       		.uleb128 0x7
 307 0122 04       		.byte	0x4
 308 0123 03       		.uleb128 0x3
 309 0124 01       		.byte	0x1
 310 0125 08       		.byte	0x8
 311 0126 DF030000 		.4byte	.LASF26
 312 012a 08       		.uleb128 0x8
 313 012b 04       		.byte	0x4
 314 012c 30010000 		.4byte	0x130
 315 0130 09       		.uleb128 0x9
 316 0131 23010000 		.4byte	0x123
 317 0135 0A       		.uleb128 0xa
 318 0136 02       		.byte	0x2
 319 0137 05       		.byte	0x5
 320 0138 D1       		.byte	0xd1
 321 0139 6B010000 		.4byte	0x16b
 322 013d 0B       		.uleb128 0xb
 323 013e B6010000 		.4byte	.LASF27
 324 0142 05       		.byte	0x5
 325 0143 D3       		.byte	0xd3
 326 0144 CE000000 		.4byte	0xce
 327 0148 02       		.byte	0x2
 328 0149 05       		.byte	0x5
 329 014a 0B       		.byte	0xb
 330 014b 00       		.byte	0
 331 014c 0B       		.uleb128 0xb
 332 014d E4020000 		.4byte	.LASF28
ARM GAS  C:\Users\haske\AppData\Local\Temp\ccd7mszS.s 			page 10


 333 0151 05       		.byte	0x5
 334 0152 D4       		.byte	0xd4
 335 0153 CE000000 		.4byte	0xce
 336 0157 02       		.byte	0x2
 337 0158 06       		.byte	0x6
 338 0159 05       		.byte	0x5
 339 015a 00       		.byte	0
 340 015b 0C       		.uleb128 0xc
 341 015c 72656400 		.ascii	"red\000"
 342 0160 05       		.byte	0x5
 343 0161 D5       		.byte	0xd5
 344 0162 CE000000 		.4byte	0xce
 345 0166 02       		.byte	0x2
 346 0167 05       		.byte	0x5
 347 0168 00       		.byte	0
 348 0169 00       		.byte	0
 349 016a 00       		.byte	0
 350 016b 0D       		.uleb128 0xd
 351 016c 02       		.byte	0x2
 352 016d 05       		.byte	0x5
 353 016e D0       		.byte	0xd0
 354 016f 89010000 		.4byte	0x189
 355 0173 0E       		.uleb128 0xe
 356 0174 636800   		.ascii	"ch\000"
 357 0177 05       		.byte	0x5
 358 0178 DC       		.byte	0xdc
 359 0179 35010000 		.4byte	0x135
 360 017d 0F       		.uleb128 0xf
 361 017e A4040000 		.4byte	.LASF29
 362 0182 05       		.byte	0x5
 363 0183 DD       		.byte	0xdd
 364 0184 CE000000 		.4byte	0xce
 365 0188 00       		.byte	0
 366 0189 02       		.uleb128 0x2
 367 018a 31020000 		.4byte	.LASF30
 368 018e 05       		.byte	0x5
 369 018f DE       		.byte	0xde
 370 0190 6B010000 		.4byte	0x16b
 371 0194 02       		.uleb128 0x2
 372 0195 91030000 		.4byte	.LASF31
 373 0199 05       		.byte	0x5
 374 019a EB       		.byte	0xeb
 375 019b 89010000 		.4byte	0x189
 376 019f 02       		.uleb128 0x2
 377 01a0 35000000 		.4byte	.LASF32
 378 01a4 06       		.byte	0x6
 379 01a5 1B       		.byte	0x1b
 380 01a6 C3000000 		.4byte	0xc3
 381 01aa 0A       		.uleb128 0xa
 382 01ab 04       		.byte	0x4
 383 01ac 07       		.byte	0x7
 384 01ad 7E       		.byte	0x7e
 385 01ae F9010000 		.4byte	0x1f9
 386 01b2 0C       		.uleb128 0xc
 387 01b3 636600   		.ascii	"cf\000"
 388 01b6 07       		.byte	0x7
 389 01b7 80       		.byte	0x80
ARM GAS  C:\Users\haske\AppData\Local\Temp\ccd7mszS.s 			page 11


 390 01b8 E4000000 		.4byte	0xe4
 391 01bc 04       		.byte	0x4
 392 01bd 05       		.byte	0x5
 393 01be 1B       		.byte	0x1b
 394 01bf 00       		.byte	0
 395 01c0 0B       		.uleb128 0xb
 396 01c1 83040000 		.4byte	.LASF33
 397 01c5 07       		.byte	0x7
 398 01c6 81       		.byte	0x81
 399 01c7 E4000000 		.4byte	0xe4
 400 01cb 04       		.byte	0x4
 401 01cc 03       		.byte	0x3
 402 01cd 18       		.byte	0x18
 403 01ce 00       		.byte	0
 404 01cf 0B       		.uleb128 0xb
 405 01d0 8F040000 		.4byte	.LASF34
 406 01d4 07       		.byte	0x7
 407 01d5 84       		.byte	0x84
 408 01d6 E4000000 		.4byte	0xe4
 409 01da 04       		.byte	0x4
 410 01db 02       		.byte	0x2
 411 01dc 16       		.byte	0x16
 412 01dd 00       		.byte	0
 413 01de 0C       		.uleb128 0xc
 414 01df 7700     		.ascii	"w\000"
 415 01e1 07       		.byte	0x7
 416 01e2 86       		.byte	0x86
 417 01e3 E4000000 		.4byte	0xe4
 418 01e7 04       		.byte	0x4
 419 01e8 0B       		.byte	0xb
 420 01e9 0B       		.byte	0xb
 421 01ea 00       		.byte	0
 422 01eb 0C       		.uleb128 0xc
 423 01ec 6800     		.ascii	"h\000"
 424 01ee 07       		.byte	0x7
 425 01ef 87       		.byte	0x87
 426 01f0 E4000000 		.4byte	0xe4
 427 01f4 04       		.byte	0x4
 428 01f5 0B       		.byte	0xb
 429 01f6 00       		.byte	0
 430 01f7 00       		.byte	0
 431 01f8 00       		.byte	0
 432 01f9 02       		.uleb128 0x2
 433 01fa B2030000 		.4byte	.LASF35
 434 01fe 07       		.byte	0x7
 435 01ff 88       		.byte	0x88
 436 0200 AA010000 		.4byte	0x1aa
 437 0204 08       		.uleb128 0x8
 438 0205 04       		.byte	0x4
 439 0206 0A020000 		.4byte	0x20a
 440 020a 09       		.uleb128 0x9
 441 020b B8000000 		.4byte	0xb8
 442 020f 03       		.uleb128 0x3
 443 0210 01       		.byte	0x1
 444 0211 02       		.byte	0x2
 445 0212 1E040000 		.4byte	.LASF36
 446 0216 08       		.uleb128 0x8
ARM GAS  C:\Users\haske\AppData\Local\Temp\ccd7mszS.s 			page 12


 447 0217 04       		.byte	0x4
 448 0218 1C020000 		.4byte	0x21c
 449 021c 10       		.uleb128 0x10
 450 021d 02       		.uleb128 0x2
 451 021e 14030000 		.4byte	.LASF37
 452 0222 08       		.byte	0x8
 453 0223 29       		.byte	0x29
 454 0224 B8000000 		.4byte	0xb8
 455 0228 02       		.uleb128 0x2
 456 0229 9E010000 		.4byte	.LASF38
 457 022d 08       		.byte	0x8
 458 022e 36       		.byte	0x36
 459 022f 33020000 		.4byte	0x233
 460 0233 08       		.uleb128 0x8
 461 0234 04       		.byte	0x4
 462 0235 39020000 		.4byte	0x239
 463 0239 11       		.uleb128 0x11
 464 023a 08010000 		.4byte	0x108
 465 023e 52020000 		.4byte	0x252
 466 0242 12       		.uleb128 0x12
 467 0243 52020000 		.4byte	0x252
 468 0247 12       		.uleb128 0x12
 469 0248 16020000 		.4byte	0x216
 470 024c 12       		.uleb128 0x12
 471 024d A1020000 		.4byte	0x2a1
 472 0251 00       		.byte	0
 473 0252 08       		.uleb128 0x8
 474 0253 04       		.byte	0x4
 475 0254 58020000 		.4byte	0x258
 476 0258 13       		.uleb128 0x13
 477 0259 E6010000 		.4byte	.LASF45
 478 025d 14       		.byte	0x14
 479 025e 08       		.byte	0x8
 480 025f 56       		.byte	0x56
 481 0260 A1020000 		.4byte	0x2a1
 482 0264 14       		.uleb128 0x14
 483 0265 6B000000 		.4byte	.LASF39
 484 0269 08       		.byte	0x8
 485 026a 57       		.byte	0x57
 486 026b 28020000 		.4byte	0x228
 487 026f 00       		.byte	0
 488 0270 14       		.uleb128 0x14
 489 0271 BB010000 		.4byte	.LASF40
 490 0275 08       		.byte	0x8
 491 0276 58       		.byte	0x58
 492 0277 A7020000 		.4byte	0x2a7
 493 027b 04       		.byte	0x4
 494 027c 14       		.uleb128 0x14
 495 027d A5030000 		.4byte	.LASF41
 496 0281 08       		.byte	0x8
 497 0282 59       		.byte	0x59
 498 0283 57030000 		.4byte	0x357
 499 0287 08       		.byte	0x8
 500 0288 14       		.uleb128 0x14
 501 0289 37050000 		.4byte	.LASF42
 502 028d 08       		.byte	0x8
 503 028e 5A       		.byte	0x5a
ARM GAS  C:\Users\haske\AppData\Local\Temp\ccd7mszS.s 			page 13


 504 028f 96030000 		.4byte	0x396
 505 0293 0C       		.byte	0xc
 506 0294 14       		.uleb128 0x14
 507 0295 3E020000 		.4byte	.LASF43
 508 0299 08       		.byte	0x8
 509 029a 5D       		.byte	0x5d
 510 029b 21010000 		.4byte	0x121
 511 029f 10       		.byte	0x10
 512 02a0 00       		.byte	0
 513 02a1 08       		.uleb128 0x8
 514 02a2 04       		.byte	0x4
 515 02a3 F9010000 		.4byte	0x1f9
 516 02a7 02       		.uleb128 0x2
 517 02a8 16000000 		.4byte	.LASF44
 518 02ac 08       		.byte	0x8
 519 02ad 3E       		.byte	0x3e
 520 02ae B2020000 		.4byte	0x2b2
 521 02b2 08       		.uleb128 0x8
 522 02b3 04       		.byte	0x4
 523 02b4 B8020000 		.4byte	0x2b8
 524 02b8 11       		.uleb128 0x11
 525 02b9 08010000 		.4byte	0x108
 526 02bd CC020000 		.4byte	0x2cc
 527 02c1 12       		.uleb128 0x12
 528 02c2 52020000 		.4byte	0x252
 529 02c6 12       		.uleb128 0x12
 530 02c7 CC020000 		.4byte	0x2cc
 531 02cb 00       		.byte	0
 532 02cc 08       		.uleb128 0x8
 533 02cd 04       		.byte	0x4
 534 02ce D2020000 		.4byte	0x2d2
 535 02d2 13       		.uleb128 0x13
 536 02d3 00000000 		.4byte	.LASF46
 537 02d7 28       		.byte	0x28
 538 02d8 08       		.byte	0x8
 539 02d9 63       		.byte	0x63
 540 02da 57030000 		.4byte	0x357
 541 02de 14       		.uleb128 0x14
 542 02df DC020000 		.4byte	.LASF47
 543 02e3 08       		.byte	0x8
 544 02e4 65       		.byte	0x65
 545 02e5 C2030000 		.4byte	0x3c2
 546 02e9 00       		.byte	0
 547 02ea 15       		.uleb128 0x15
 548 02eb 73726300 		.ascii	"src\000"
 549 02ef 08       		.byte	0x8
 550 02f0 68       		.byte	0x68
 551 02f1 16020000 		.4byte	0x216
 552 02f5 04       		.byte	0x4
 553 02f6 14       		.uleb128 0x14
 554 02f7 21030000 		.4byte	.LASF48
 555 02fb 08       		.byte	0x8
 556 02fc 6B       		.byte	0x6b
 557 02fd 94010000 		.4byte	0x194
 558 0301 08       		.byte	0x8
 559 0302 14       		.uleb128 0x14
 560 0303 68040000 		.4byte	.LASF49
ARM GAS  C:\Users\haske\AppData\Local\Temp\ccd7mszS.s 			page 14


 561 0307 08       		.byte	0x8
 562 0308 6E       		.byte	0x6e
 563 0309 D9000000 		.4byte	0xd9
 564 030d 0C       		.byte	0xc
 565 030e 14       		.uleb128 0x14
 566 030f 40000000 		.4byte	.LASF50
 567 0313 08       		.byte	0x8
 568 0314 71       		.byte	0x71
 569 0315 1D020000 		.4byte	0x21d
 570 0319 10       		.byte	0x10
 571 031a 14       		.uleb128 0x14
 572 031b 2E000000 		.4byte	.LASF51
 573 031f 08       		.byte	0x8
 574 0320 74       		.byte	0x74
 575 0321 F9010000 		.4byte	0x1f9
 576 0325 14       		.byte	0x14
 577 0326 14       		.uleb128 0x14
 578 0327 88030000 		.4byte	.LASF52
 579 032b 08       		.byte	0x8
 580 032c 78       		.byte	0x78
 581 032d 04020000 		.4byte	0x204
 582 0331 18       		.byte	0x18
 583 0332 14       		.uleb128 0x14
 584 0333 AD020000 		.4byte	.LASF53
 585 0337 08       		.byte	0x8
 586 0338 7C       		.byte	0x7c
 587 0339 E4000000 		.4byte	0xe4
 588 033d 1C       		.byte	0x1c
 589 033e 14       		.uleb128 0x14
 590 033f CC030000 		.4byte	.LASF54
 591 0343 08       		.byte	0x8
 592 0344 80       		.byte	0x80
 593 0345 2A010000 		.4byte	0x12a
 594 0349 20       		.byte	0x20
 595 034a 14       		.uleb128 0x14
 596 034b 3E020000 		.4byte	.LASF43
 597 034f 08       		.byte	0x8
 598 0350 83       		.byte	0x83
 599 0351 21010000 		.4byte	0x121
 600 0355 24       		.byte	0x24
 601 0356 00       		.byte	0
 602 0357 02       		.uleb128 0x2
 603 0358 F8010000 		.4byte	.LASF55
 604 035c 08       		.byte	0x8
 605 035d 4B       		.byte	0x4b
 606 035e 62030000 		.4byte	0x362
 607 0362 08       		.uleb128 0x8
 608 0363 04       		.byte	0x4
 609 0364 68030000 		.4byte	0x368
 610 0368 11       		.uleb128 0x11
 611 0369 08010000 		.4byte	0x108
 612 036d 90030000 		.4byte	0x390
 613 0371 12       		.uleb128 0x12
 614 0372 52020000 		.4byte	0x252
 615 0376 12       		.uleb128 0x12
 616 0377 CC020000 		.4byte	0x2cc
 617 037b 12       		.uleb128 0x12
ARM GAS  C:\Users\haske\AppData\Local\Temp\ccd7mszS.s 			page 15


 618 037c 9F010000 		.4byte	0x19f
 619 0380 12       		.uleb128 0x12
 620 0381 9F010000 		.4byte	0x19f
 621 0385 12       		.uleb128 0x12
 622 0386 9F010000 		.4byte	0x19f
 623 038a 12       		.uleb128 0x12
 624 038b 90030000 		.4byte	0x390
 625 038f 00       		.byte	0
 626 0390 08       		.uleb128 0x8
 627 0391 04       		.byte	0x4
 628 0392 B8000000 		.4byte	0xb8
 629 0396 02       		.uleb128 0x2
 630 0397 BA020000 		.4byte	.LASF56
 631 039b 08       		.byte	0x8
 632 039c 53       		.byte	0x53
 633 039d A1030000 		.4byte	0x3a1
 634 03a1 08       		.uleb128 0x8
 635 03a2 04       		.byte	0x4
 636 03a3 A7030000 		.4byte	0x3a7
 637 03a7 16       		.uleb128 0x16
 638 03a8 B7030000 		.4byte	0x3b7
 639 03ac 12       		.uleb128 0x12
 640 03ad 52020000 		.4byte	0x252
 641 03b1 12       		.uleb128 0x12
 642 03b2 CC020000 		.4byte	0x2cc
 643 03b6 00       		.byte	0
 644 03b7 02       		.uleb128 0x2
 645 03b8 94020000 		.4byte	.LASF57
 646 03bc 08       		.byte	0x8
 647 03bd 5F       		.byte	0x5f
 648 03be 58020000 		.4byte	0x258
 649 03c2 08       		.uleb128 0x8
 650 03c3 04       		.byte	0x4
 651 03c4 B7030000 		.4byte	0x3b7
 652 03c8 02       		.uleb128 0x2
 653 03c9 C3010000 		.4byte	.LASF58
 654 03cd 08       		.byte	0x8
 655 03ce 84       		.byte	0x84
 656 03cf D2020000 		.4byte	0x2d2
 657 03d3 0A       		.uleb128 0xa
 658 03d4 2C       		.byte	0x2c
 659 03d5 09       		.byte	0x9
 660 03d6 1F       		.byte	0x1f
 661 03d7 F4030000 		.4byte	0x3f4
 662 03db 14       		.uleb128 0x14
 663 03dc 40050000 		.4byte	.LASF59
 664 03e0 09       		.byte	0x9
 665 03e1 20       		.byte	0x20
 666 03e2 C8030000 		.4byte	0x3c8
 667 03e6 00       		.byte	0
 668 03e7 14       		.uleb128 0x14
 669 03e8 A5000000 		.4byte	.LASF60
 670 03ec 09       		.byte	0x9
 671 03ed 25       		.byte	0x25
 672 03ee D9000000 		.4byte	0xd9
 673 03f2 28       		.byte	0x28
 674 03f3 00       		.byte	0
ARM GAS  C:\Users\haske\AppData\Local\Temp\ccd7mszS.s 			page 16


 675 03f4 02       		.uleb128 0x2
 676 03f5 EA020000 		.4byte	.LASF61
 677 03f9 09       		.byte	0x9
 678 03fa 26       		.byte	0x26
 679 03fb D3030000 		.4byte	0x3d3
 680 03ff 0A       		.uleb128 0xa
 681 0400 10       		.byte	0x10
 682 0401 0A       		.byte	0xa
 683 0402 29       		.byte	0x29
 684 0403 6E040000 		.4byte	0x46e
 685 0407 14       		.uleb128 0x14
 686 0408 48050000 		.4byte	.LASF62
 687 040c 0A       		.byte	0xa
 688 040d 2B       		.byte	0x2b
 689 040e F6040000 		.4byte	0x4f6
 690 0412 00       		.byte	0
 691 0413 14       		.uleb128 0x14
 692 0414 6C010000 		.4byte	.LASF63
 693 0418 0A       		.byte	0xa
 694 0419 2C       		.byte	0x2c
 695 041a CE000000 		.4byte	0xce
 696 041e 04       		.byte	0x4
 697 041f 14       		.uleb128 0x14
 698 0420 91000000 		.4byte	.LASF64
 699 0424 0A       		.byte	0xa
 700 0425 2D       		.byte	0x2d
 701 0426 CE000000 		.4byte	0xce
 702 042a 06       		.byte	0x6
 703 042b 14       		.uleb128 0x14
 704 042c 49000000 		.4byte	.LASF65
 705 0430 0A       		.byte	0xa
 706 0431 2E       		.byte	0x2e
 707 0432 CE000000 		.4byte	0xce
 708 0436 08       		.byte	0x8
 709 0437 14       		.uleb128 0x14
 710 0438 89050000 		.4byte	.LASF66
 711 043c 0A       		.byte	0xa
 712 043d 2F       		.byte	0x2f
 713 043e C3000000 		.4byte	0xc3
 714 0442 0A       		.byte	0xa
 715 0443 14       		.uleb128 0x14
 716 0444 8F050000 		.4byte	.LASF67
 717 0448 0A       		.byte	0xa
 718 0449 30       		.byte	0x30
 719 044a C3000000 		.4byte	0xc3
 720 044e 0C       		.byte	0xc
 721 044f 0C       		.uleb128 0xc
 722 0450 62707000 		.ascii	"bpp\000"
 723 0454 0A       		.byte	0xa
 724 0455 31       		.byte	0x31
 725 0456 B8000000 		.4byte	0xb8
 726 045a 01       		.byte	0x1
 727 045b 04       		.byte	0x4
 728 045c 04       		.byte	0x4
 729 045d 0E       		.byte	0xe
 730 045e 0B       		.uleb128 0xb
 731 045f AA000000 		.4byte	.LASF68
ARM GAS  C:\Users\haske\AppData\Local\Temp\ccd7mszS.s 			page 17


 732 0463 0A       		.byte	0xa
 733 0464 32       		.byte	0x32
 734 0465 B8000000 		.4byte	0xb8
 735 0469 01       		.byte	0x1
 736 046a 01       		.byte	0x1
 737 046b 03       		.byte	0x3
 738 046c 0E       		.byte	0xe
 739 046d 00       		.byte	0
 740 046e 13       		.uleb128 0x13
 741 046f 4F040000 		.4byte	.LASF69
 742 0473 1C       		.byte	0x1c
 743 0474 0A       		.byte	0xa
 744 0475 40       		.byte	0x40
 745 0476 F6040000 		.4byte	0x4f6
 746 047a 14       		.uleb128 0x14
 747 047b 5A040000 		.4byte	.LASF70
 748 047f 0A       		.byte	0xa
 749 0480 42       		.byte	0x42
 750 0481 30050000 		.4byte	0x530
 751 0485 00       		.byte	0
 752 0486 14       		.uleb128 0x14
 753 0487 27030000 		.4byte	.LASF71
 754 048b 0A       		.byte	0xa
 755 048c 45       		.byte	0x45
 756 048d 4A050000 		.4byte	0x54a
 757 0491 04       		.byte	0x4
 758 0492 14       		.uleb128 0x14
 759 0493 98040000 		.4byte	.LASF72
 760 0497 0A       		.byte	0xa
 761 0498 48       		.byte	0x48
 762 0499 9F010000 		.4byte	0x19f
 763 049d 08       		.byte	0x8
 764 049e 14       		.uleb128 0x14
 765 049f C2030000 		.4byte	.LASF73
 766 04a3 0A       		.byte	0xa
 767 04a4 49       		.byte	0x49
 768 04a5 9F010000 		.4byte	0x19f
 769 04a9 0A       		.byte	0xa
 770 04aa 0B       		.uleb128 0xb
 771 04ab D8010000 		.4byte	.LASF74
 772 04af 0A       		.byte	0xa
 773 04b0 4A       		.byte	0x4a
 774 04b1 B8000000 		.4byte	0xb8
 775 04b5 01       		.byte	0x1
 776 04b6 02       		.byte	0x2
 777 04b7 06       		.byte	0x6
 778 04b8 0C       		.byte	0xc
 779 04b9 14       		.uleb128 0x14
 780 04ba 56050000 		.4byte	.LASF75
 781 04be 0A       		.byte	0xa
 782 04bf 4C       		.byte	0x4c
 783 04c0 AD000000 		.4byte	0xad
 784 04c4 0D       		.byte	0xd
 785 04c5 14       		.uleb128 0x14
 786 04c6 00030000 		.4byte	.LASF76
 787 04ca 0A       		.byte	0xa
 788 04cb 4D       		.byte	0x4d
ARM GAS  C:\Users\haske\AppData\Local\Temp\ccd7mszS.s 			page 18


 789 04cc AD000000 		.4byte	0xad
 790 04d0 0E       		.byte	0xe
 791 04d1 15       		.uleb128 0x15
 792 04d2 64736300 		.ascii	"dsc\000"
 793 04d6 0A       		.byte	0xa
 794 04d7 4F       		.byte	0x4f
 795 04d8 16020000 		.4byte	0x216
 796 04dc 10       		.byte	0x10
 797 04dd 14       		.uleb128 0x14
 798 04de FA030000 		.4byte	.LASF77
 799 04e2 0A       		.byte	0xa
 800 04e3 50       		.byte	0x50
 801 04e4 F6040000 		.4byte	0x4f6
 802 04e8 14       		.byte	0x14
 803 04e9 14       		.uleb128 0x14
 804 04ea 3E020000 		.4byte	.LASF43
 805 04ee 0A       		.byte	0xa
 806 04ef 52       		.byte	0x52
 807 04f0 21010000 		.4byte	0x121
 808 04f4 18       		.byte	0x18
 809 04f5 00       		.byte	0
 810 04f6 08       		.uleb128 0x8
 811 04f7 04       		.byte	0x4
 812 04f8 FC040000 		.4byte	0x4fc
 813 04fc 09       		.uleb128 0x9
 814 04fd 6E040000 		.4byte	0x46e
 815 0501 02       		.uleb128 0x2
 816 0502 95050000 		.4byte	.LASF78
 817 0506 0A       		.byte	0xa
 818 0507 33       		.byte	0x33
 819 0508 FF030000 		.4byte	0x3ff
 820 050c 11       		.uleb128 0x11
 821 050d 0F020000 		.4byte	0x20f
 822 0511 2A050000 		.4byte	0x52a
 823 0515 12       		.uleb128 0x12
 824 0516 F6040000 		.4byte	0x4f6
 825 051a 12       		.uleb128 0x12
 826 051b 2A050000 		.4byte	0x52a
 827 051f 12       		.uleb128 0x12
 828 0520 E4000000 		.4byte	0xe4
 829 0524 12       		.uleb128 0x12
 830 0525 E4000000 		.4byte	0xe4
 831 0529 00       		.byte	0
 832 052a 08       		.uleb128 0x8
 833 052b 04       		.byte	0x4
 834 052c 01050000 		.4byte	0x501
 835 0530 08       		.uleb128 0x8
 836 0531 04       		.byte	0x4
 837 0532 0C050000 		.4byte	0x50c
 838 0536 11       		.uleb128 0x11
 839 0537 04020000 		.4byte	0x204
 840 053b 4A050000 		.4byte	0x54a
 841 053f 12       		.uleb128 0x12
 842 0540 F6040000 		.4byte	0x4f6
 843 0544 12       		.uleb128 0x12
 844 0545 E4000000 		.4byte	0xe4
 845 0549 00       		.byte	0
ARM GAS  C:\Users\haske\AppData\Local\Temp\ccd7mszS.s 			page 19


 846 054a 08       		.uleb128 0x8
 847 054b 04       		.byte	0x4
 848 054c 36050000 		.4byte	0x536
 849 0550 02       		.uleb128 0x2
 850 0551 69050000 		.4byte	.LASF79
 851 0555 0A       		.byte	0xa
 852 0556 54       		.byte	0x54
 853 0557 6E040000 		.4byte	0x46e
 854 055b 17       		.uleb128 0x17
 855 055c 48020000 		.4byte	.LASF94
 856 0560 01       		.byte	0x1
 857 0561 3F       		.byte	0x3f
 858 0562 1E060000 		.4byte	0x61e
 859 0566 00000000 		.4byte	.LFB56
 860 056a 5C000000 		.4byte	.LFE56-.LFB56
 861 056e 01       		.uleb128 0x1
 862 056f 9C       		.byte	0x9c
 863 0570 1E060000 		.4byte	0x61e
 864 0574 18       		.uleb128 0x18
 865 0575 73726300 		.ascii	"src\000"
 866 0579 01       		.byte	0x1
 867 057a 3F       		.byte	0x3f
 868 057b 16020000 		.4byte	0x216
 869 057f 00000000 		.4byte	.LLST0
 870 0583 19       		.uleb128 0x19
 871 0584 21030000 		.4byte	.LASF48
 872 0588 01       		.byte	0x1
 873 0589 3F       		.byte	0x3f
 874 058a 94010000 		.4byte	0x194
 875 058e 45000000 		.4byte	.LLST1
 876 0592 19       		.uleb128 0x19
 877 0593 68040000 		.4byte	.LASF49
 878 0597 01       		.byte	0x1
 879 0598 3F       		.byte	0x3f
 880 0599 D9000000 		.4byte	0xd9
 881 059d 63000000 		.4byte	.LLST2
 882 05a1 1A       		.uleb128 0x1a
 883 05a2 86000000 		.4byte	.LASF95
 884 05a6 01       		.byte	0x1
 885 05a7 42       		.byte	0x42
 886 05a8 1E060000 		.4byte	0x61e
 887 05ac 1B       		.uleb128 0x1b
 888 05ad A5020000 		.4byte	.LASF80
 889 05b1 01       		.byte	0x1
 890 05b2 7A       		.byte	0x7a
 891 05b3 E4000000 		.4byte	0xe4
 892 05b7 8F000000 		.4byte	.LLST3
 893 05bb 1B       		.uleb128 0x1b
 894 05bc 5B020000 		.4byte	.LASF81
 895 05c0 01       		.byte	0x1
 896 05c1 7B       		.byte	0x7b
 897 05c2 08010000 		.4byte	0x108
 898 05c6 AD000000 		.4byte	.LLST4
 899 05ca 1C       		.uleb128 0x1c
 900 05cb 0C000000 		.4byte	.LVL2
 901 05cf 85060000 		.4byte	0x685
 902 05d3 1D       		.uleb128 0x1d
ARM GAS  C:\Users\haske\AppData\Local\Temp\ccd7mszS.s 			page 20


 903 05d4 1A000000 		.4byte	.LVL6
 904 05d8 90060000 		.4byte	0x690
 905 05dc F3050000 		.4byte	0x5f3
 906 05e0 1E       		.uleb128 0x1e
 907 05e1 01       		.uleb128 0x1
 908 05e2 51       		.byte	0x51
 909 05e3 02       		.uleb128 0x2
 910 05e4 74       		.byte	0x74
 911 05e5 00       		.sleb128 0
 912 05e6 1E       		.uleb128 0x1e
 913 05e7 01       		.uleb128 0x1
 914 05e8 52       		.byte	0x52
 915 05e9 02       		.uleb128 0x2
 916 05ea 75       		.byte	0x75
 917 05eb 00       		.sleb128 0
 918 05ec 1E       		.uleb128 0x1e
 919 05ed 01       		.uleb128 0x1
 920 05ee 53       		.byte	0x53
 921 05ef 02       		.uleb128 0x2
 922 05f0 76       		.byte	0x76
 923 05f1 00       		.sleb128 0
 924 05f2 00       		.byte	0
 925 05f3 1D       		.uleb128 0x1d
 926 05f4 26000000 		.4byte	.LVL9
 927 05f8 9B060000 		.4byte	0x69b
 928 05fc 0D060000 		.4byte	0x60d
 929 0600 1E       		.uleb128 0x1e
 930 0601 01       		.uleb128 0x1
 931 0602 50       		.byte	0x50
 932 0603 02       		.uleb128 0x2
 933 0604 74       		.byte	0x74
 934 0605 00       		.sleb128 0
 935 0606 1E       		.uleb128 0x1e
 936 0607 01       		.uleb128 0x1
 937 0608 51       		.byte	0x51
 938 0609 02       		.uleb128 0x2
 939 060a 08       		.byte	0x8
 940 060b 2C       		.byte	0x2c
 941 060c 00       		.byte	0
 942 060d 1F       		.uleb128 0x1f
 943 060e 40000000 		.4byte	.LVL12
 944 0612 A6060000 		.4byte	0x6a6
 945 0616 1E       		.uleb128 0x1e
 946 0617 01       		.uleb128 0x1
 947 0618 50       		.byte	0x50
 948 0619 02       		.uleb128 0x2
 949 061a 77       		.byte	0x77
 950 061b 00       		.sleb128 0
 951 061c 00       		.byte	0
 952 061d 00       		.byte	0
 953 061e 08       		.uleb128 0x8
 954 061f 04       		.byte	0x4
 955 0620 F4030000 		.4byte	0x3f4
 956 0624 20       		.uleb128 0x20
 957 0625 73050000 		.4byte	.LASF83
 958 0629 01       		.byte	0x1
 959 062a 95       		.byte	0x95
ARM GAS  C:\Users\haske\AppData\Local\Temp\ccd7mszS.s 			page 21


 960 062b 00000000 		.4byte	.LFB57
 961 062f 02000000 		.4byte	.LFE57-.LFB57
 962 0633 01       		.uleb128 0x1
 963 0634 9C       		.byte	0x9c
 964 0635 47060000 		.4byte	0x647
 965 0639 21       		.uleb128 0x21
 966 063a EC030000 		.4byte	.LASF82
 967 063e 01       		.byte	0x1
 968 063f 95       		.byte	0x95
 969 0640 CE000000 		.4byte	0xce
 970 0644 01       		.uleb128 0x1
 971 0645 50       		.byte	0x50
 972 0646 00       		.byte	0
 973 0647 20       		.uleb128 0x20
 974 0648 15020000 		.4byte	.LASF84
 975 064c 01       		.byte	0x1
 976 064d B4       		.byte	0xb4
 977 064e 00000000 		.4byte	.LFB58
 978 0652 02000000 		.4byte	.LFE58-.LFB58
 979 0656 01       		.uleb128 0x1
 980 0657 9C       		.byte	0x9c
 981 0658 6A060000 		.4byte	0x66a
 982 065c 22       		.uleb128 0x22
 983 065d 73726300 		.ascii	"src\000"
 984 0661 01       		.byte	0x1
 985 0662 B4       		.byte	0xb4
 986 0663 16020000 		.4byte	0x216
 987 0667 01       		.uleb128 0x1
 988 0668 50       		.byte	0x50
 989 0669 00       		.byte	0
 990 066a 23       		.uleb128 0x23
 991 066b 88010000 		.4byte	.LASF85
 992 066f 0A       		.byte	0xa
 993 0670 94       		.byte	0x94
 994 0671 75060000 		.4byte	0x675
 995 0675 09       		.uleb128 0x9
 996 0676 50050000 		.4byte	0x550
 997 067a 23       		.uleb128 0x23
 998 067b 56000000 		.4byte	.LASF86
 999 067f 0B       		.byte	0xb
 1000 0680 4C       		.byte	0x4c
 1001 0681 F4030000 		.4byte	0x3f4
 1002 0685 24       		.uleb128 0x24
 1003 0686 71020000 		.4byte	.LASF87
 1004 068a 71020000 		.4byte	.LASF87
 1005 068e 0C       		.byte	0xc
 1006 068f 34       		.byte	0x34
 1007 0690 24       		.uleb128 0x24
 1008 0691 24040000 		.4byte	.LASF88
 1009 0695 24040000 		.4byte	.LASF88
 1010 0699 08       		.byte	0x8
 1011 069a A8       		.byte	0xa8
 1012 069b 24       		.uleb128 0x24
 1013 069c 38040000 		.4byte	.LASF89
 1014 06a0 38040000 		.4byte	.LASF89
 1015 06a4 0D       		.byte	0xd
 1016 06a5 DE       		.byte	0xde
ARM GAS  C:\Users\haske\AppData\Local\Temp\ccd7mszS.s 			page 22


 1017 06a6 24       		.uleb128 0x24
 1018 06a7 97000000 		.4byte	.LASF90
 1019 06ab 97000000 		.4byte	.LASF90
 1020 06af 0C       		.byte	0xc
 1021 06b0 3B       		.byte	0x3b
 1022 06b1 00       		.byte	0
 1023              		.section	.debug_abbrev,"",%progbits
 1024              	.Ldebug_abbrev0:
 1025 0000 01       		.uleb128 0x1
 1026 0001 11       		.uleb128 0x11
 1027 0002 01       		.byte	0x1
 1028 0003 25       		.uleb128 0x25
 1029 0004 0E       		.uleb128 0xe
 1030 0005 13       		.uleb128 0x13
 1031 0006 0B       		.uleb128 0xb
 1032 0007 03       		.uleb128 0x3
 1033 0008 0E       		.uleb128 0xe
 1034 0009 1B       		.uleb128 0x1b
 1035 000a 0E       		.uleb128 0xe
 1036 000b 55       		.uleb128 0x55
 1037 000c 17       		.uleb128 0x17
 1038 000d 11       		.uleb128 0x11
 1039 000e 01       		.uleb128 0x1
 1040 000f 10       		.uleb128 0x10
 1041 0010 17       		.uleb128 0x17
 1042 0011 00       		.byte	0
 1043 0012 00       		.byte	0
 1044 0013 02       		.uleb128 0x2
 1045 0014 16       		.uleb128 0x16
 1046 0015 00       		.byte	0
 1047 0016 03       		.uleb128 0x3
 1048 0017 0E       		.uleb128 0xe
 1049 0018 3A       		.uleb128 0x3a
 1050 0019 0B       		.uleb128 0xb
 1051 001a 3B       		.uleb128 0x3b
 1052 001b 0B       		.uleb128 0xb
 1053 001c 49       		.uleb128 0x49
 1054 001d 13       		.uleb128 0x13
 1055 001e 00       		.byte	0
 1056 001f 00       		.byte	0
 1057 0020 03       		.uleb128 0x3
 1058 0021 24       		.uleb128 0x24
 1059 0022 00       		.byte	0
 1060 0023 0B       		.uleb128 0xb
 1061 0024 0B       		.uleb128 0xb
 1062 0025 3E       		.uleb128 0x3e
 1063 0026 0B       		.uleb128 0xb
 1064 0027 03       		.uleb128 0x3
 1065 0028 0E       		.uleb128 0xe
 1066 0029 00       		.byte	0
 1067 002a 00       		.byte	0
 1068 002b 04       		.uleb128 0x4
 1069 002c 24       		.uleb128 0x24
 1070 002d 00       		.byte	0
 1071 002e 0B       		.uleb128 0xb
 1072 002f 0B       		.uleb128 0xb
 1073 0030 3E       		.uleb128 0x3e
ARM GAS  C:\Users\haske\AppData\Local\Temp\ccd7mszS.s 			page 23


 1074 0031 0B       		.uleb128 0xb
 1075 0032 03       		.uleb128 0x3
 1076 0033 08       		.uleb128 0x8
 1077 0034 00       		.byte	0
 1078 0035 00       		.byte	0
 1079 0036 05       		.uleb128 0x5
 1080 0037 04       		.uleb128 0x4
 1081 0038 01       		.byte	0x1
 1082 0039 0B       		.uleb128 0xb
 1083 003a 0B       		.uleb128 0xb
 1084 003b 49       		.uleb128 0x49
 1085 003c 13       		.uleb128 0x13
 1086 003d 3A       		.uleb128 0x3a
 1087 003e 0B       		.uleb128 0xb
 1088 003f 3B       		.uleb128 0x3b
 1089 0040 0B       		.uleb128 0xb
 1090 0041 01       		.uleb128 0x1
 1091 0042 13       		.uleb128 0x13
 1092 0043 00       		.byte	0
 1093 0044 00       		.byte	0
 1094 0045 06       		.uleb128 0x6
 1095 0046 28       		.uleb128 0x28
 1096 0047 00       		.byte	0
 1097 0048 03       		.uleb128 0x3
 1098 0049 0E       		.uleb128 0xe
 1099 004a 1C       		.uleb128 0x1c
 1100 004b 0B       		.uleb128 0xb
 1101 004c 00       		.byte	0
 1102 004d 00       		.byte	0
 1103 004e 07       		.uleb128 0x7
 1104 004f 0F       		.uleb128 0xf
 1105 0050 00       		.byte	0
 1106 0051 0B       		.uleb128 0xb
 1107 0052 0B       		.uleb128 0xb
 1108 0053 00       		.byte	0
 1109 0054 00       		.byte	0
 1110 0055 08       		.uleb128 0x8
 1111 0056 0F       		.uleb128 0xf
 1112 0057 00       		.byte	0
 1113 0058 0B       		.uleb128 0xb
 1114 0059 0B       		.uleb128 0xb
 1115 005a 49       		.uleb128 0x49
 1116 005b 13       		.uleb128 0x13
 1117 005c 00       		.byte	0
 1118 005d 00       		.byte	0
 1119 005e 09       		.uleb128 0x9
 1120 005f 26       		.uleb128 0x26
 1121 0060 00       		.byte	0
 1122 0061 49       		.uleb128 0x49
 1123 0062 13       		.uleb128 0x13
 1124 0063 00       		.byte	0
 1125 0064 00       		.byte	0
 1126 0065 0A       		.uleb128 0xa
 1127 0066 13       		.uleb128 0x13
 1128 0067 01       		.byte	0x1
 1129 0068 0B       		.uleb128 0xb
 1130 0069 0B       		.uleb128 0xb
ARM GAS  C:\Users\haske\AppData\Local\Temp\ccd7mszS.s 			page 24


 1131 006a 3A       		.uleb128 0x3a
 1132 006b 0B       		.uleb128 0xb
 1133 006c 3B       		.uleb128 0x3b
 1134 006d 0B       		.uleb128 0xb
 1135 006e 01       		.uleb128 0x1
 1136 006f 13       		.uleb128 0x13
 1137 0070 00       		.byte	0
 1138 0071 00       		.byte	0
 1139 0072 0B       		.uleb128 0xb
 1140 0073 0D       		.uleb128 0xd
 1141 0074 00       		.byte	0
 1142 0075 03       		.uleb128 0x3
 1143 0076 0E       		.uleb128 0xe
 1144 0077 3A       		.uleb128 0x3a
 1145 0078 0B       		.uleb128 0xb
 1146 0079 3B       		.uleb128 0x3b
 1147 007a 0B       		.uleb128 0xb
 1148 007b 49       		.uleb128 0x49
 1149 007c 13       		.uleb128 0x13
 1150 007d 0B       		.uleb128 0xb
 1151 007e 0B       		.uleb128 0xb
 1152 007f 0D       		.uleb128 0xd
 1153 0080 0B       		.uleb128 0xb
 1154 0081 0C       		.uleb128 0xc
 1155 0082 0B       		.uleb128 0xb
 1156 0083 38       		.uleb128 0x38
 1157 0084 0B       		.uleb128 0xb
 1158 0085 00       		.byte	0
 1159 0086 00       		.byte	0
 1160 0087 0C       		.uleb128 0xc
 1161 0088 0D       		.uleb128 0xd
 1162 0089 00       		.byte	0
 1163 008a 03       		.uleb128 0x3
 1164 008b 08       		.uleb128 0x8
 1165 008c 3A       		.uleb128 0x3a
 1166 008d 0B       		.uleb128 0xb
 1167 008e 3B       		.uleb128 0x3b
 1168 008f 0B       		.uleb128 0xb
 1169 0090 49       		.uleb128 0x49
 1170 0091 13       		.uleb128 0x13
 1171 0092 0B       		.uleb128 0xb
 1172 0093 0B       		.uleb128 0xb
 1173 0094 0D       		.uleb128 0xd
 1174 0095 0B       		.uleb128 0xb
 1175 0096 0C       		.uleb128 0xc
 1176 0097 0B       		.uleb128 0xb
 1177 0098 38       		.uleb128 0x38
 1178 0099 0B       		.uleb128 0xb
 1179 009a 00       		.byte	0
 1180 009b 00       		.byte	0
 1181 009c 0D       		.uleb128 0xd
 1182 009d 17       		.uleb128 0x17
 1183 009e 01       		.byte	0x1
 1184 009f 0B       		.uleb128 0xb
 1185 00a0 0B       		.uleb128 0xb
 1186 00a1 3A       		.uleb128 0x3a
 1187 00a2 0B       		.uleb128 0xb
ARM GAS  C:\Users\haske\AppData\Local\Temp\ccd7mszS.s 			page 25


 1188 00a3 3B       		.uleb128 0x3b
 1189 00a4 0B       		.uleb128 0xb
 1190 00a5 01       		.uleb128 0x1
 1191 00a6 13       		.uleb128 0x13
 1192 00a7 00       		.byte	0
 1193 00a8 00       		.byte	0
 1194 00a9 0E       		.uleb128 0xe
 1195 00aa 0D       		.uleb128 0xd
 1196 00ab 00       		.byte	0
 1197 00ac 03       		.uleb128 0x3
 1198 00ad 08       		.uleb128 0x8
 1199 00ae 3A       		.uleb128 0x3a
 1200 00af 0B       		.uleb128 0xb
 1201 00b0 3B       		.uleb128 0x3b
 1202 00b1 0B       		.uleb128 0xb
 1203 00b2 49       		.uleb128 0x49
 1204 00b3 13       		.uleb128 0x13
 1205 00b4 00       		.byte	0
 1206 00b5 00       		.byte	0
 1207 00b6 0F       		.uleb128 0xf
 1208 00b7 0D       		.uleb128 0xd
 1209 00b8 00       		.byte	0
 1210 00b9 03       		.uleb128 0x3
 1211 00ba 0E       		.uleb128 0xe
 1212 00bb 3A       		.uleb128 0x3a
 1213 00bc 0B       		.uleb128 0xb
 1214 00bd 3B       		.uleb128 0x3b
 1215 00be 0B       		.uleb128 0xb
 1216 00bf 49       		.uleb128 0x49
 1217 00c0 13       		.uleb128 0x13
 1218 00c1 00       		.byte	0
 1219 00c2 00       		.byte	0
 1220 00c3 10       		.uleb128 0x10
 1221 00c4 26       		.uleb128 0x26
 1222 00c5 00       		.byte	0
 1223 00c6 00       		.byte	0
 1224 00c7 00       		.byte	0
 1225 00c8 11       		.uleb128 0x11
 1226 00c9 15       		.uleb128 0x15
 1227 00ca 01       		.byte	0x1
 1228 00cb 27       		.uleb128 0x27
 1229 00cc 19       		.uleb128 0x19
 1230 00cd 49       		.uleb128 0x49
 1231 00ce 13       		.uleb128 0x13
 1232 00cf 01       		.uleb128 0x1
 1233 00d0 13       		.uleb128 0x13
 1234 00d1 00       		.byte	0
 1235 00d2 00       		.byte	0
 1236 00d3 12       		.uleb128 0x12
 1237 00d4 05       		.uleb128 0x5
 1238 00d5 00       		.byte	0
 1239 00d6 49       		.uleb128 0x49
 1240 00d7 13       		.uleb128 0x13
 1241 00d8 00       		.byte	0
 1242 00d9 00       		.byte	0
 1243 00da 13       		.uleb128 0x13
 1244 00db 13       		.uleb128 0x13
ARM GAS  C:\Users\haske\AppData\Local\Temp\ccd7mszS.s 			page 26


 1245 00dc 01       		.byte	0x1
 1246 00dd 03       		.uleb128 0x3
 1247 00de 0E       		.uleb128 0xe
 1248 00df 0B       		.uleb128 0xb
 1249 00e0 0B       		.uleb128 0xb
 1250 00e1 3A       		.uleb128 0x3a
 1251 00e2 0B       		.uleb128 0xb
 1252 00e3 3B       		.uleb128 0x3b
 1253 00e4 0B       		.uleb128 0xb
 1254 00e5 01       		.uleb128 0x1
 1255 00e6 13       		.uleb128 0x13
 1256 00e7 00       		.byte	0
 1257 00e8 00       		.byte	0
 1258 00e9 14       		.uleb128 0x14
 1259 00ea 0D       		.uleb128 0xd
 1260 00eb 00       		.byte	0
 1261 00ec 03       		.uleb128 0x3
 1262 00ed 0E       		.uleb128 0xe
 1263 00ee 3A       		.uleb128 0x3a
 1264 00ef 0B       		.uleb128 0xb
 1265 00f0 3B       		.uleb128 0x3b
 1266 00f1 0B       		.uleb128 0xb
 1267 00f2 49       		.uleb128 0x49
 1268 00f3 13       		.uleb128 0x13
 1269 00f4 38       		.uleb128 0x38
 1270 00f5 0B       		.uleb128 0xb
 1271 00f6 00       		.byte	0
 1272 00f7 00       		.byte	0
 1273 00f8 15       		.uleb128 0x15
 1274 00f9 0D       		.uleb128 0xd
 1275 00fa 00       		.byte	0
 1276 00fb 03       		.uleb128 0x3
 1277 00fc 08       		.uleb128 0x8
 1278 00fd 3A       		.uleb128 0x3a
 1279 00fe 0B       		.uleb128 0xb
 1280 00ff 3B       		.uleb128 0x3b
 1281 0100 0B       		.uleb128 0xb
 1282 0101 49       		.uleb128 0x49
 1283 0102 13       		.uleb128 0x13
 1284 0103 38       		.uleb128 0x38
 1285 0104 0B       		.uleb128 0xb
 1286 0105 00       		.byte	0
 1287 0106 00       		.byte	0
 1288 0107 16       		.uleb128 0x16
 1289 0108 15       		.uleb128 0x15
 1290 0109 01       		.byte	0x1
 1291 010a 27       		.uleb128 0x27
 1292 010b 19       		.uleb128 0x19
 1293 010c 01       		.uleb128 0x1
 1294 010d 13       		.uleb128 0x13
 1295 010e 00       		.byte	0
 1296 010f 00       		.byte	0
 1297 0110 17       		.uleb128 0x17
 1298 0111 2E       		.uleb128 0x2e
 1299 0112 01       		.byte	0x1
 1300 0113 3F       		.uleb128 0x3f
 1301 0114 19       		.uleb128 0x19
ARM GAS  C:\Users\haske\AppData\Local\Temp\ccd7mszS.s 			page 27


 1302 0115 03       		.uleb128 0x3
 1303 0116 0E       		.uleb128 0xe
 1304 0117 3A       		.uleb128 0x3a
 1305 0118 0B       		.uleb128 0xb
 1306 0119 3B       		.uleb128 0x3b
 1307 011a 0B       		.uleb128 0xb
 1308 011b 27       		.uleb128 0x27
 1309 011c 19       		.uleb128 0x19
 1310 011d 49       		.uleb128 0x49
 1311 011e 13       		.uleb128 0x13
 1312 011f 11       		.uleb128 0x11
 1313 0120 01       		.uleb128 0x1
 1314 0121 12       		.uleb128 0x12
 1315 0122 06       		.uleb128 0x6
 1316 0123 40       		.uleb128 0x40
 1317 0124 18       		.uleb128 0x18
 1318 0125 9742     		.uleb128 0x2117
 1319 0127 19       		.uleb128 0x19
 1320 0128 01       		.uleb128 0x1
 1321 0129 13       		.uleb128 0x13
 1322 012a 00       		.byte	0
 1323 012b 00       		.byte	0
 1324 012c 18       		.uleb128 0x18
 1325 012d 05       		.uleb128 0x5
 1326 012e 00       		.byte	0
 1327 012f 03       		.uleb128 0x3
 1328 0130 08       		.uleb128 0x8
 1329 0131 3A       		.uleb128 0x3a
 1330 0132 0B       		.uleb128 0xb
 1331 0133 3B       		.uleb128 0x3b
 1332 0134 0B       		.uleb128 0xb
 1333 0135 49       		.uleb128 0x49
 1334 0136 13       		.uleb128 0x13
 1335 0137 02       		.uleb128 0x2
 1336 0138 17       		.uleb128 0x17
 1337 0139 00       		.byte	0
 1338 013a 00       		.byte	0
 1339 013b 19       		.uleb128 0x19
 1340 013c 05       		.uleb128 0x5
 1341 013d 00       		.byte	0
 1342 013e 03       		.uleb128 0x3
 1343 013f 0E       		.uleb128 0xe
 1344 0140 3A       		.uleb128 0x3a
 1345 0141 0B       		.uleb128 0xb
 1346 0142 3B       		.uleb128 0x3b
 1347 0143 0B       		.uleb128 0xb
 1348 0144 49       		.uleb128 0x49
 1349 0145 13       		.uleb128 0x13
 1350 0146 02       		.uleb128 0x2
 1351 0147 17       		.uleb128 0x17
 1352 0148 00       		.byte	0
 1353 0149 00       		.byte	0
 1354 014a 1A       		.uleb128 0x1a
 1355 014b 34       		.uleb128 0x34
 1356 014c 00       		.byte	0
 1357 014d 03       		.uleb128 0x3
 1358 014e 0E       		.uleb128 0xe
ARM GAS  C:\Users\haske\AppData\Local\Temp\ccd7mszS.s 			page 28


 1359 014f 3A       		.uleb128 0x3a
 1360 0150 0B       		.uleb128 0xb
 1361 0151 3B       		.uleb128 0x3b
 1362 0152 0B       		.uleb128 0xb
 1363 0153 49       		.uleb128 0x49
 1364 0154 13       		.uleb128 0x13
 1365 0155 00       		.byte	0
 1366 0156 00       		.byte	0
 1367 0157 1B       		.uleb128 0x1b
 1368 0158 34       		.uleb128 0x34
 1369 0159 00       		.byte	0
 1370 015a 03       		.uleb128 0x3
 1371 015b 0E       		.uleb128 0xe
 1372 015c 3A       		.uleb128 0x3a
 1373 015d 0B       		.uleb128 0xb
 1374 015e 3B       		.uleb128 0x3b
 1375 015f 0B       		.uleb128 0xb
 1376 0160 49       		.uleb128 0x49
 1377 0161 13       		.uleb128 0x13
 1378 0162 02       		.uleb128 0x2
 1379 0163 17       		.uleb128 0x17
 1380 0164 00       		.byte	0
 1381 0165 00       		.byte	0
 1382 0166 1C       		.uleb128 0x1c
 1383 0167 898201   		.uleb128 0x4109
 1384 016a 00       		.byte	0
 1385 016b 11       		.uleb128 0x11
 1386 016c 01       		.uleb128 0x1
 1387 016d 31       		.uleb128 0x31
 1388 016e 13       		.uleb128 0x13
 1389 016f 00       		.byte	0
 1390 0170 00       		.byte	0
 1391 0171 1D       		.uleb128 0x1d
 1392 0172 898201   		.uleb128 0x4109
 1393 0175 01       		.byte	0x1
 1394 0176 11       		.uleb128 0x11
 1395 0177 01       		.uleb128 0x1
 1396 0178 31       		.uleb128 0x31
 1397 0179 13       		.uleb128 0x13
 1398 017a 01       		.uleb128 0x1
 1399 017b 13       		.uleb128 0x13
 1400 017c 00       		.byte	0
 1401 017d 00       		.byte	0
 1402 017e 1E       		.uleb128 0x1e
 1403 017f 8A8201   		.uleb128 0x410a
 1404 0182 00       		.byte	0
 1405 0183 02       		.uleb128 0x2
 1406 0184 18       		.uleb128 0x18
 1407 0185 9142     		.uleb128 0x2111
 1408 0187 18       		.uleb128 0x18
 1409 0188 00       		.byte	0
 1410 0189 00       		.byte	0
 1411 018a 1F       		.uleb128 0x1f
 1412 018b 898201   		.uleb128 0x4109
 1413 018e 01       		.byte	0x1
 1414 018f 11       		.uleb128 0x11
 1415 0190 01       		.uleb128 0x1
ARM GAS  C:\Users\haske\AppData\Local\Temp\ccd7mszS.s 			page 29


 1416 0191 31       		.uleb128 0x31
 1417 0192 13       		.uleb128 0x13
 1418 0193 00       		.byte	0
 1419 0194 00       		.byte	0
 1420 0195 20       		.uleb128 0x20
 1421 0196 2E       		.uleb128 0x2e
 1422 0197 01       		.byte	0x1
 1423 0198 3F       		.uleb128 0x3f
 1424 0199 19       		.uleb128 0x19
 1425 019a 03       		.uleb128 0x3
 1426 019b 0E       		.uleb128 0xe
 1427 019c 3A       		.uleb128 0x3a
 1428 019d 0B       		.uleb128 0xb
 1429 019e 3B       		.uleb128 0x3b
 1430 019f 0B       		.uleb128 0xb
 1431 01a0 27       		.uleb128 0x27
 1432 01a1 19       		.uleb128 0x19
 1433 01a2 11       		.uleb128 0x11
 1434 01a3 01       		.uleb128 0x1
 1435 01a4 12       		.uleb128 0x12
 1436 01a5 06       		.uleb128 0x6
 1437 01a6 40       		.uleb128 0x40
 1438 01a7 18       		.uleb128 0x18
 1439 01a8 9742     		.uleb128 0x2117
 1440 01aa 19       		.uleb128 0x19
 1441 01ab 01       		.uleb128 0x1
 1442 01ac 13       		.uleb128 0x13
 1443 01ad 00       		.byte	0
 1444 01ae 00       		.byte	0
 1445 01af 21       		.uleb128 0x21
 1446 01b0 05       		.uleb128 0x5
 1447 01b1 00       		.byte	0
 1448 01b2 03       		.uleb128 0x3
 1449 01b3 0E       		.uleb128 0xe
 1450 01b4 3A       		.uleb128 0x3a
 1451 01b5 0B       		.uleb128 0xb
 1452 01b6 3B       		.uleb128 0x3b
 1453 01b7 0B       		.uleb128 0xb
 1454 01b8 49       		.uleb128 0x49
 1455 01b9 13       		.uleb128 0x13
 1456 01ba 02       		.uleb128 0x2
 1457 01bb 18       		.uleb128 0x18
 1458 01bc 00       		.byte	0
 1459 01bd 00       		.byte	0
 1460 01be 22       		.uleb128 0x22
 1461 01bf 05       		.uleb128 0x5
 1462 01c0 00       		.byte	0
 1463 01c1 03       		.uleb128 0x3
 1464 01c2 08       		.uleb128 0x8
 1465 01c3 3A       		.uleb128 0x3a
 1466 01c4 0B       		.uleb128 0xb
 1467 01c5 3B       		.uleb128 0x3b
 1468 01c6 0B       		.uleb128 0xb
 1469 01c7 49       		.uleb128 0x49
 1470 01c8 13       		.uleb128 0x13
 1471 01c9 02       		.uleb128 0x2
 1472 01ca 18       		.uleb128 0x18
ARM GAS  C:\Users\haske\AppData\Local\Temp\ccd7mszS.s 			page 30


 1473 01cb 00       		.byte	0
 1474 01cc 00       		.byte	0
 1475 01cd 23       		.uleb128 0x23
 1476 01ce 34       		.uleb128 0x34
 1477 01cf 00       		.byte	0
 1478 01d0 03       		.uleb128 0x3
 1479 01d1 0E       		.uleb128 0xe
 1480 01d2 3A       		.uleb128 0x3a
 1481 01d3 0B       		.uleb128 0xb
 1482 01d4 3B       		.uleb128 0x3b
 1483 01d5 0B       		.uleb128 0xb
 1484 01d6 49       		.uleb128 0x49
 1485 01d7 13       		.uleb128 0x13
 1486 01d8 3F       		.uleb128 0x3f
 1487 01d9 19       		.uleb128 0x19
 1488 01da 3C       		.uleb128 0x3c
 1489 01db 19       		.uleb128 0x19
 1490 01dc 00       		.byte	0
 1491 01dd 00       		.byte	0
 1492 01de 24       		.uleb128 0x24
 1493 01df 2E       		.uleb128 0x2e
 1494 01e0 00       		.byte	0
 1495 01e1 3F       		.uleb128 0x3f
 1496 01e2 19       		.uleb128 0x19
 1497 01e3 3C       		.uleb128 0x3c
 1498 01e4 19       		.uleb128 0x19
 1499 01e5 6E       		.uleb128 0x6e
 1500 01e6 0E       		.uleb128 0xe
 1501 01e7 03       		.uleb128 0x3
 1502 01e8 0E       		.uleb128 0xe
 1503 01e9 3A       		.uleb128 0x3a
 1504 01ea 0B       		.uleb128 0xb
 1505 01eb 3B       		.uleb128 0x3b
 1506 01ec 0B       		.uleb128 0xb
 1507 01ed 00       		.byte	0
 1508 01ee 00       		.byte	0
 1509 01ef 00       		.byte	0
 1510              		.section	.debug_loc,"",%progbits
 1511              	.Ldebug_loc0:
 1512              	.LLST0:
 1513 0000 00000000 		.4byte	.LVL0
 1514 0004 0B000000 		.4byte	.LVL2-1
 1515 0008 0100     		.2byte	0x1
 1516 000a 50       		.byte	0x50
 1517 000b 0B000000 		.4byte	.LVL2-1
 1518 000f 1E000000 		.4byte	.LVL7
 1519 0013 0100     		.2byte	0x1
 1520 0015 54       		.byte	0x54
 1521 0016 1E000000 		.4byte	.LVL7
 1522 001a 30000000 		.4byte	.LVL10
 1523 001e 0400     		.2byte	0x4
 1524 0020 F3       		.byte	0xf3
 1525 0021 01       		.uleb128 0x1
 1526 0022 50       		.byte	0x50
 1527 0023 9F       		.byte	0x9f
 1528 0024 30000000 		.4byte	.LVL10
 1529 0028 56000000 		.4byte	.LVL14
ARM GAS  C:\Users\haske\AppData\Local\Temp\ccd7mszS.s 			page 31


 1530 002c 0100     		.2byte	0x1
 1531 002e 54       		.byte	0x54
 1532 002f 56000000 		.4byte	.LVL14
 1533 0033 5C000000 		.4byte	.LFE56
 1534 0037 0400     		.2byte	0x4
 1535 0039 F3       		.byte	0xf3
 1536 003a 01       		.uleb128 0x1
 1537 003b 50       		.byte	0x50
 1538 003c 9F       		.byte	0x9f
 1539 003d 00000000 		.4byte	0
 1540 0041 00000000 		.4byte	0
 1541              	.LLST1:
 1542 0045 00000000 		.4byte	.LVL0
 1543 0049 0B000000 		.4byte	.LVL2-1
 1544 004d 0100     		.2byte	0x1
 1545 004f 51       		.byte	0x51
 1546 0050 10000000 		.4byte	.LVL4
 1547 0054 56000000 		.4byte	.LVL14
 1548 0058 0100     		.2byte	0x1
 1549 005a 55       		.byte	0x55
 1550 005b 00000000 		.4byte	0
 1551 005f 00000000 		.4byte	0
 1552              	.LLST2:
 1553 0063 00000000 		.4byte	.LVL0
 1554 0067 0B000000 		.4byte	.LVL2-1
 1555 006b 0100     		.2byte	0x1
 1556 006d 52       		.byte	0x52
 1557 006e 0B000000 		.4byte	.LVL2-1
 1558 0072 56000000 		.4byte	.LVL14
 1559 0076 0100     		.2byte	0x1
 1560 0078 56       		.byte	0x56
 1561 0079 56000000 		.4byte	.LVL14
 1562 007d 5C000000 		.4byte	.LFE56
 1563 0081 0400     		.2byte	0x4
 1564 0083 F3       		.byte	0xf3
 1565 0084 01       		.uleb128 0x1
 1566 0085 52       		.byte	0x52
 1567 0086 9F       		.byte	0x9f
 1568 0087 00000000 		.4byte	0
 1569 008b 00000000 		.4byte	0
 1570              	.LLST3:
 1571 008f 0E000000 		.4byte	.LVL3
 1572 0093 16000000 		.4byte	.LVL5
 1573 0097 0100     		.2byte	0x1
 1574 0099 50       		.byte	0x50
 1575 009a 16000000 		.4byte	.LVL5
 1576 009e 56000000 		.4byte	.LVL14
 1577 00a2 0100     		.2byte	0x1
 1578 00a4 57       		.byte	0x57
 1579 00a5 00000000 		.4byte	0
 1580 00a9 00000000 		.4byte	0
 1581              	.LLST4:
 1582 00ad 1A000000 		.4byte	.LVL6
 1583 00b1 22000000 		.4byte	.LVL8
 1584 00b5 0100     		.2byte	0x1
 1585 00b7 50       		.byte	0x50
 1586 00b8 30000000 		.4byte	.LVL10
ARM GAS  C:\Users\haske\AppData\Local\Temp\ccd7mszS.s 			page 32


 1587 00bc 3C000000 		.4byte	.LVL11
 1588 00c0 0100     		.2byte	0x1
 1589 00c2 50       		.byte	0x50
 1590 00c3 00000000 		.4byte	0
 1591 00c7 00000000 		.4byte	0
 1592              		.section	.debug_aranges,"",%progbits
 1593 0000 2C000000 		.4byte	0x2c
 1594 0004 0200     		.2byte	0x2
 1595 0006 00000000 		.4byte	.Ldebug_info0
 1596 000a 04       		.byte	0x4
 1597 000b 00       		.byte	0
 1598 000c 0000     		.2byte	0
 1599 000e 0000     		.2byte	0
 1600 0010 00000000 		.4byte	.LFB56
 1601 0014 5C000000 		.4byte	.LFE56-.LFB56
 1602 0018 00000000 		.4byte	.LFB57
 1603 001c 02000000 		.4byte	.LFE57-.LFB57
 1604 0020 00000000 		.4byte	.LFB58
 1605 0024 02000000 		.4byte	.LFE58-.LFB58
 1606 0028 00000000 		.4byte	0
 1607 002c 00000000 		.4byte	0
 1608              		.section	.debug_ranges,"",%progbits
 1609              	.Ldebug_ranges0:
 1610 0000 00000000 		.4byte	.LFB56
 1611 0004 5C000000 		.4byte	.LFE56
 1612 0008 00000000 		.4byte	.LFB57
 1613 000c 02000000 		.4byte	.LFE57
 1614 0010 00000000 		.4byte	.LFB58
 1615 0014 02000000 		.4byte	.LFE58
 1616 0018 00000000 		.4byte	0
 1617 001c 00000000 		.4byte	0
 1618              		.section	.debug_line,"",%progbits
 1619              	.Ldebug_line0:
 1620 0000 0C030000 		.section	.debug_str,"MS",%progbits,1
 1620      0200C202 
 1620      00000201 
 1620      FB0E0D00 
 1620      01010101 
 1621              	.LASF46:
 1622 0000 5F6C765F 		.ascii	"_lv_img_decoder_dsc_t\000"
 1622      696D675F 
 1622      6465636F 
 1622      6465725F 
 1622      6473635F 
 1623              	.LASF44:
 1624 0016 6C765F69 		.ascii	"lv_img_decoder_open_f_t\000"
 1624      6D675F64 
 1624      65636F64 
 1624      65725F6F 
 1624      70656E5F 
 1625              	.LASF51:
 1626 002e 68656164 		.ascii	"header\000"
 1626      657200
 1627              	.LASF32:
 1628 0035 6C765F63 		.ascii	"lv_coord_t\000"
 1628      6F6F7264 
 1628      5F7400
ARM GAS  C:\Users\haske\AppData\Local\Temp\ccd7mszS.s 			page 33


 1629              	.LASF50:
 1630 0040 7372635F 		.ascii	"src_type\000"
 1630      74797065 
 1630      00
 1631              	.LASF65:
 1632 0049 626F785F 		.ascii	"box_h\000"
 1632      6800
 1633              	.LASF15:
 1634 004f 696E7438 		.ascii	"int8_t\000"
 1634      5F7400
 1635              	.LASF86:
 1636 0056 5F6C765F 		.ascii	"_lv_img_cache_single\000"
 1636      696D675F 
 1636      63616368 
 1636      655F7369 
 1636      6E676C65 
 1637              	.LASF39:
 1638 006b 696E666F 		.ascii	"info_cb\000"
 1638      5F636200 
 1639              	.LASF5:
 1640 0073 73686F72 		.ascii	"short int\000"
 1640      7420696E 
 1640      7400
 1641              	.LASF25:
 1642 007d 73697A65 		.ascii	"sizetype\000"
 1642      74797065 
 1642      00
 1643              	.LASF95:
 1644 0086 63616368 		.ascii	"cached_src\000"
 1644      65645F73 
 1644      726300
 1645              	.LASF64:
 1646 0091 626F785F 		.ascii	"box_w\000"
 1646      7700
 1647              	.LASF90:
 1648 0097 6C765F74 		.ascii	"lv_tick_elaps\000"
 1648      69636B5F 
 1648      656C6170 
 1648      7300
 1649              	.LASF60:
 1650 00a5 6C696665 		.ascii	"life\000"
 1650      00
 1651              	.LASF68:
 1652 00aa 69735F70 		.ascii	"is_placeholder\000"
 1652      6C616365 
 1652      686F6C64 
 1652      657200
 1653              	.LASF91:
 1654 00b9 474E5520 		.ascii	"GNU C11 5.4.1 20160609 (release) [ARM/embedded-5-br"
 1654      43313120 
 1654      352E342E 
 1654      31203230 
 1654      31363036 
 1655 00ec 616E6368 		.ascii	"anch revision 237715] -mcpu=cortex-m4 -mfloat-abi=s"
 1655      20726576 
 1655      6973696F 
 1655      6E203233 
ARM GAS  C:\Users\haske\AppData\Local\Temp\ccd7mszS.s 			page 34


 1655      37373135 
 1656 011f 6F667466 		.ascii	"oftfp -mfpu=fpv4-sp-d16 -mthumb -g -Og -ffunction-s"
 1656      70202D6D 
 1656      6670753D 
 1656      66707634 
 1656      2D73702D 
 1657 0152 65637469 		.ascii	"ections -ffat-lto-objects\000"
 1657      6F6E7320 
 1657      2D666661 
 1657      742D6C74 
 1657      6F2D6F62 
 1658              	.LASF63:
 1659 016c 6164765F 		.ascii	"adv_w\000"
 1659      7700
 1660              	.LASF10:
 1661 0172 5F5F7569 		.ascii	"__uint32_t\000"
 1661      6E743332 
 1661      5F7400
 1662              	.LASF6:
 1663 017d 5F5F7569 		.ascii	"__uint16_t\000"
 1663      6E743136 
 1663      5F7400
 1664              	.LASF85:
 1665 0188 6C765F66 		.ascii	"lv_font_montserrat_14\000"
 1665      6F6E745F 
 1665      6D6F6E74 
 1665      73657272 
 1665      61745F31 
 1666              	.LASF38:
 1667 019e 6C765F69 		.ascii	"lv_img_decoder_info_f_t\000"
 1667      6D675F64 
 1667      65636F64 
 1667      65725F69 
 1667      6E666F5F 
 1668              	.LASF27:
 1669 01b6 626C7565 		.ascii	"blue\000"
 1669      00
 1670              	.LASF40:
 1671 01bb 6F70656E 		.ascii	"open_cb\000"
 1671      5F636200 
 1672              	.LASF58:
 1673 01c3 6C765F69 		.ascii	"lv_img_decoder_dsc_t\000"
 1673      6D675F64 
 1673      65636F64 
 1673      65725F64 
 1673      73635F74 
 1674              	.LASF74:
 1675 01d8 73756270 		.ascii	"subpx\000"
 1675      7800
 1676              	.LASF16:
 1677 01de 75696E74 		.ascii	"uint8_t\000"
 1677      385F7400 
 1678              	.LASF45:
 1679 01e6 5F6C765F 		.ascii	"_lv_img_decoder_t\000"
 1679      696D675F 
 1679      6465636F 
 1679      6465725F 
ARM GAS  C:\Users\haske\AppData\Local\Temp\ccd7mszS.s 			page 35


 1679      7400
 1680              	.LASF55:
 1681 01f8 6C765F69 		.ascii	"lv_img_decoder_read_line_f_t\000"
 1681      6D675F64 
 1681      65636F64 
 1681      65725F72 
 1681      6561645F 
 1682              	.LASF84:
 1683 0215 6C765F69 		.ascii	"lv_img_cache_invalidate_src\000"
 1683      6D675F63 
 1683      61636865 
 1683      5F696E76 
 1683      616C6964 
 1684              	.LASF30:
 1685 0231 6C765F63 		.ascii	"lv_color16_t\000"
 1685      6F6C6F72 
 1685      31365F74 
 1685      00
 1686              	.LASF43:
 1687 023e 75736572 		.ascii	"user_data\000"
 1687      5F646174 
 1687      6100
 1688              	.LASF94:
 1689 0248 5F6C765F 		.ascii	"_lv_img_cache_open\000"
 1689      696D675F 
 1689      63616368 
 1689      655F6F70 
 1689      656E00
 1690              	.LASF81:
 1691 025b 6F70656E 		.ascii	"open_res\000"
 1691      5F726573 
 1691      00
 1692              	.LASF14:
 1693 0264 756E7369 		.ascii	"unsigned int\000"
 1693      676E6564 
 1693      20696E74 
 1693      00
 1694              	.LASF87:
 1695 0271 6C765F74 		.ascii	"lv_tick_get\000"
 1695      69636B5F 
 1695      67657400 
 1696              	.LASF12:
 1697 027d 6C6F6E67 		.ascii	"long long int\000"
 1697      206C6F6E 
 1697      6720696E 
 1697      7400
 1698              	.LASF23:
 1699 028b 6C765F72 		.ascii	"lv_res_t\000"
 1699      65735F74 
 1699      00
 1700              	.LASF57:
 1701 0294 6C765F69 		.ascii	"lv_img_decoder_t\000"
 1701      6D675F64 
 1701      65636F64 
 1701      65725F74 
 1701      00
 1702              	.LASF80:
ARM GAS  C:\Users\haske\AppData\Local\Temp\ccd7mszS.s 			page 36


 1703 02a5 745F7374 		.ascii	"t_start\000"
 1703      61727400 
 1704              	.LASF53:
 1705 02ad 74696D65 		.ascii	"time_to_open\000"
 1705      5F746F5F 
 1705      6F70656E 
 1705      00
 1706              	.LASF56:
 1707 02ba 6C765F69 		.ascii	"lv_img_decoder_close_f_t\000"
 1707      6D675F64 
 1707      65636F64 
 1707      65725F63 
 1707      6C6F7365 
 1708              	.LASF9:
 1709 02d3 6C6F6E67 		.ascii	"long int\000"
 1709      20696E74 
 1709      00
 1710              	.LASF47:
 1711 02dc 6465636F 		.ascii	"decoder\000"
 1711      64657200 
 1712              	.LASF28:
 1713 02e4 67726565 		.ascii	"green\000"
 1713      6E00
 1714              	.LASF61:
 1715 02ea 5F6C765F 		.ascii	"_lv_img_cache_entry_t\000"
 1715      696D675F 
 1715      63616368 
 1715      655F656E 
 1715      7472795F 
 1716              	.LASF76:
 1717 0300 756E6465 		.ascii	"underline_thickness\000"
 1717      726C696E 
 1717      655F7468 
 1717      69636B6E 
 1717      65737300 
 1718              	.LASF37:
 1719 0314 6C765F69 		.ascii	"lv_img_src_t\000"
 1719      6D675F73 
 1719      72635F74 
 1719      00
 1720              	.LASF48:
 1721 0321 636F6C6F 		.ascii	"color\000"
 1721      7200
 1722              	.LASF71:
 1723 0327 6765745F 		.ascii	"get_glyph_bitmap\000"
 1723      676C7970 
 1723      685F6269 
 1723      746D6170 
 1723      00
 1724              	.LASF24:
 1725 0338 6C6F6E67 		.ascii	"long double\000"
 1725      20646F75 
 1725      626C6500 
 1726              	.LASF3:
 1727 0344 756E7369 		.ascii	"unsigned char\000"
 1727      676E6564 
 1727      20636861 
ARM GAS  C:\Users\haske\AppData\Local\Temp\ccd7mszS.s 			page 37


 1727      7200
 1728              	.LASF8:
 1729 0352 5F5F696E 		.ascii	"__int32_t\000"
 1729      7433325F 
 1729      7400
 1730              	.LASF2:
 1731 035c 7369676E 		.ascii	"signed char\000"
 1731      65642063 
 1731      68617200 
 1732              	.LASF13:
 1733 0368 6C6F6E67 		.ascii	"long long unsigned int\000"
 1733      206C6F6E 
 1733      6720756E 
 1733      7369676E 
 1733      65642069 
 1734              	.LASF20:
 1735 037f 75696E74 		.ascii	"uint32_t\000"
 1735      33325F74 
 1735      00
 1736              	.LASF52:
 1737 0388 696D675F 		.ascii	"img_data\000"
 1737      64617461 
 1737      00
 1738              	.LASF31:
 1739 0391 6C765F63 		.ascii	"lv_color_t\000"
 1739      6F6C6F72 
 1739      5F7400
 1740              	.LASF18:
 1741 039c 75696E74 		.ascii	"uint16_t\000"
 1741      31365F74 
 1741      00
 1742              	.LASF41:
 1743 03a5 72656164 		.ascii	"read_line_cb\000"
 1743      5F6C696E 
 1743      655F6362 
 1743      00
 1744              	.LASF35:
 1745 03b2 6C765F69 		.ascii	"lv_img_header_t\000"
 1745      6D675F68 
 1745      65616465 
 1745      725F7400 
 1746              	.LASF73:
 1747 03c2 62617365 		.ascii	"base_line\000"
 1747      5F6C696E 
 1747      6500
 1748              	.LASF54:
 1749 03cc 6572726F 		.ascii	"error_msg\000"
 1749      725F6D73 
 1749      6700
 1750              	.LASF0:
 1751 03d6 5F5F696E 		.ascii	"__int8_t\000"
 1751      74385F74 
 1751      00
 1752              	.LASF26:
 1753 03df 63686172 		.ascii	"char\000"
 1753      00
 1754              	.LASF19:
ARM GAS  C:\Users\haske\AppData\Local\Temp\ccd7mszS.s 			page 38


 1755 03e4 696E7433 		.ascii	"int32_t\000"
 1755      325F7400 
 1756              	.LASF82:
 1757 03ec 6E65775F 		.ascii	"new_entry_cnt\000"
 1757      656E7472 
 1757      795F636E 
 1757      7400
 1758              	.LASF77:
 1759 03fa 66616C6C 		.ascii	"fallback\000"
 1759      6261636B 
 1759      00
 1760              	.LASF7:
 1761 0403 73686F72 		.ascii	"short unsigned int\000"
 1761      7420756E 
 1761      7369676E 
 1761      65642069 
 1761      6E7400
 1762              	.LASF17:
 1763 0416 696E7431 		.ascii	"int16_t\000"
 1763      365F7400 
 1764              	.LASF36:
 1765 041e 5F426F6F 		.ascii	"_Bool\000"
 1765      6C00
 1766              	.LASF88:
 1767 0424 6C765F69 		.ascii	"lv_img_decoder_open\000"
 1767      6D675F64 
 1767      65636F64 
 1767      65725F6F 
 1767      70656E00 
 1768              	.LASF89:
 1769 0438 6C765F6D 		.ascii	"lv_memset_00\000"
 1769      656D7365 
 1769      745F3030 
 1769      00
 1770              	.LASF22:
 1771 0445 4C565F52 		.ascii	"LV_RES_OK\000"
 1771      45535F4F 
 1771      4B00
 1772              	.LASF69:
 1773 044f 5F6C765F 		.ascii	"_lv_font_t\000"
 1773      666F6E74 
 1773      5F7400
 1774              	.LASF70:
 1775 045a 6765745F 		.ascii	"get_glyph_dsc\000"
 1775      676C7970 
 1775      685F6473 
 1775      6300
 1776              	.LASF49:
 1777 0468 6672616D 		.ascii	"frame_id\000"
 1777      655F6964 
 1777      00
 1778              	.LASF11:
 1779 0471 6C6F6E67 		.ascii	"long unsigned int\000"
 1779      20756E73 
 1779      69676E65 
 1779      6420696E 
 1779      7400
ARM GAS  C:\Users\haske\AppData\Local\Temp\ccd7mszS.s 			page 39


 1780              	.LASF33:
 1781 0483 616C7761 		.ascii	"always_zero\000"
 1781      79735F7A 
 1781      65726F00 
 1782              	.LASF34:
 1783 048f 72657365 		.ascii	"reserved\000"
 1783      72766564 
 1783      00
 1784              	.LASF72:
 1785 0498 6C696E65 		.ascii	"line_height\000"
 1785      5F686569 
 1785      67687400 
 1786              	.LASF29:
 1787 04a4 66756C6C 		.ascii	"full\000"
 1787      00
 1788              	.LASF4:
 1789 04a9 5F5F696E 		.ascii	"__int16_t\000"
 1789      7431365F 
 1789      7400
 1790              	.LASF92:
 1791 04b3 2E2E5C2E 		.ascii	"..\\..\\..\\arduinoLCD\\test\\Pain Drain\\libraries"
 1791      2E5C2E2E 
 1791      5C617264 
 1791      75696E6F 
 1791      4C43445C 
 1792 04e0 5C6C7667 		.ascii	"\\lvgl\\src\\draw\\lv_img_cache.c\000"
 1792      6C5C7372 
 1792      635C6472 
 1792      61775C6C 
 1792      765F696D 
 1793              	.LASF93:
 1794 04fe 433A5C50 		.ascii	"C:\\Projects\\PainDrain\\firmware\\PainDrain\\PainD"
 1794      726F6A65 
 1794      6374735C 
 1794      5061696E 
 1794      44726169 
 1795 052c 7261696E 		.ascii	"rain.cydsn\000"
 1795      2E637964 
 1795      736E00
 1796              	.LASF42:
 1797 0537 636C6F73 		.ascii	"close_cb\000"
 1797      655F6362 
 1797      00
 1798              	.LASF59:
 1799 0540 6465635F 		.ascii	"dec_dsc\000"
 1799      64736300 
 1800              	.LASF62:
 1801 0548 7265736F 		.ascii	"resolved_font\000"
 1801      6C766564 
 1801      5F666F6E 
 1801      7400
 1802              	.LASF75:
 1803 0556 756E6465 		.ascii	"underline_position\000"
 1803      726C696E 
 1803      655F706F 
 1803      73697469 
 1803      6F6E00
ARM GAS  C:\Users\haske\AppData\Local\Temp\ccd7mszS.s 			page 40


 1804              	.LASF79:
 1805 0569 6C765F66 		.ascii	"lv_font_t\000"
 1805      6F6E745F 
 1805      7400
 1806              	.LASF83:
 1807 0573 6C765F69 		.ascii	"lv_img_cache_set_size\000"
 1807      6D675F63 
 1807      61636865 
 1807      5F736574 
 1807      5F73697A 
 1808              	.LASF66:
 1809 0589 6F66735F 		.ascii	"ofs_x\000"
 1809      7800
 1810              	.LASF67:
 1811 058f 6F66735F 		.ascii	"ofs_y\000"
 1811      7900
 1812              	.LASF78:
 1813 0595 6C765F66 		.ascii	"lv_font_glyph_dsc_t\000"
 1813      6F6E745F 
 1813      676C7970 
 1813      685F6473 
 1813      635F7400 
 1814              	.LASF21:
 1815 05a9 4C565F52 		.ascii	"LV_RES_INV\000"
 1815      45535F49 
 1815      4E5600
 1816              	.LASF1:
 1817 05b4 5F5F7569 		.ascii	"__uint8_t\000"
 1817      6E74385F 
 1817      7400
 1818              		.ident	"GCC: (GNU Tools for ARM Embedded Processors) 5.4.1 20160609 (release) [ARM/embedded-5-bran
