ARM GAS  C:\Users\haske\AppData\Local\Temp\ccNGTLgE.s 			page 1


   1              		.syntax unified
   2              		.cpu cortex-m4
   3              		.eabi_attribute 27, 1
   4              		.fpu fpv4-sp-d16
   5              		.eabi_attribute 20, 1
   6              		.eabi_attribute 21, 1
   7              		.eabi_attribute 23, 3
   8              		.eabi_attribute 24, 1
   9              		.eabi_attribute 25, 1
  10              		.eabi_attribute 26, 1
  11              		.eabi_attribute 30, 1
  12              		.eabi_attribute 34, 1
  13              		.eabi_attribute 18, 4
  14              		.thumb
  15              		.syntax unified
  16              		.file	"lv_rt_thread_port.c"
  17              		.text
  18              	.Ltext0:
  19              		.cfi_sections	.debug_frame
  20              	.Letext0:
  21              		.section	.debug_line,"",%progbits
  22              	.Ldebug_line0:
  23              		.section	.debug_str,"MS",%progbits,1
  24              	.LASF0:
  25 0000 433A5C50 		.ascii	"C:\\Projects\\PainDrain\\firmware\\PainDrain\\PainD"
  25      726F6A65 
  25      6374735C 
  25      5061696E 
  25      44726169 
  26 002e 7261696E 		.ascii	"rain.cydsn\000"
  26      2E637964 
  26      736E00
  27              	.LASF1:
  28 0039 2E2E5C2E 		.ascii	"..\\..\\..\\arduinoLCD\\test\\Pain Drain\\libraries"
  28      2E5C2E2E 
  28      5C617264 
  28      75696E6F 
  28      4C43445C 
  29 0066 5C6C7667 		.ascii	"\\lvgl\\env_support\\rt-thread\\lv_rt_thread_port.c"
  29      6C5C656E 
  29      765F7375 
  29      70706F72 
  29      745C7274 
  30 0095 00       		.ascii	"\000"
  31              	.LASF2:
  32 0096 474E5520 		.ascii	"GNU C11 5.4.1 20160609 (release) [ARM/embedded-5-br"
  32      43313120 
  32      352E342E 
  32      31203230 
  32      31363036 
  33 00c9 616E6368 		.ascii	"anch revision 237715] -mcpu=cortex-m4 -mfloat-abi=s"
  33      20726576 
  33      6973696F 
  33      6E203233 
  33      37373135 
  34 00fc 6F667466 		.ascii	"oftfp -mfpu=fpv4-sp-d16 -mthumb -g -Og -ffunction-s"
  34      70202D6D 
ARM GAS  C:\Users\haske\AppData\Local\Temp\ccNGTLgE.s 			page 2


  34      6670753D 
  34      66707634 
  34      2D73702D 
  35 012f 65637469 		.ascii	"ections -ffat-lto-objects\000"
  35      6F6E7320 
  35      2D666661 
  35      742D6C74 
  35      6F2D6F62 
  36              		.ident	"GCC: (GNU Tools for ARM Embedded Processors) 5.4.1 20160609 (release) [ARM/embedded-5-bran
