ARM GAS  C:\Users\haske\AppData\Local\Temp\ccp6dHut.s 			page 1


   1              		.syntax unified
   2              		.cpu cortex-m0plus
   3              		.fpu softvfp
   4              		.eabi_attribute 20, 1
   5              		.eabi_attribute 21, 1
   6              		.eabi_attribute 23, 3
   7              		.eabi_attribute 24, 1
   8              		.eabi_attribute 25, 1
   9              		.eabi_attribute 26, 1
  10              		.eabi_attribute 30, 1
  11              		.eabi_attribute 34, 0
  12              		.eabi_attribute 18, 4
  13              		.thumb
  14              		.syntax unified
  15              		.file	"lv_draw_sw_dither.c"
  16              		.text
  17              	.Ltext0:
  18              		.cfi_sections	.debug_frame
  19              	.Letext0:
  20              		.file 1 "c:\\program files (x86)\\cypress\\psoc creator\\4.4\\psoc creator\\import\\gnu\\arm\\5.4.
  21              		.file 2 "c:\\program files (x86)\\cypress\\psoc creator\\4.4\\psoc creator\\import\\gnu\\arm\\5.4.
  22              		.file 3 "c:\\projects\\paindrain\\arduinolcd\\test\\pain drain\\libraries\\lvgl\\src\\misc\\lv_are
  23              		.file 4 "c:\\projects\\paindrain\\arduinolcd\\test\\pain drain\\libraries\\lvgl\\src\\font\\lv_fon
  24              		.section	.debug_info,"",%progbits
  25              	.Ldebug_info0:
  26 0000 75020000 		.4byte	0x275
  27 0004 0400     		.2byte	0x4
  28 0006 00000000 		.4byte	.Ldebug_abbrev0
  29 000a 04       		.byte	0x4
  30 000b 01       		.uleb128 0x1
  31 000c 63020000 		.4byte	.LASF42
  32 0010 0C       		.byte	0xc
  33 0011 B3000000 		.4byte	.LASF43
  34 0015 E4010000 		.4byte	.LASF44
  35 0019 00000000 		.4byte	.Ldebug_line0
  36 001d 02       		.uleb128 0x2
  37 001e 0B000000 		.4byte	.LASF0
  38 0022 01       		.byte	0x1
  39 0023 1B       		.byte	0x1b
  40 0024 28000000 		.4byte	0x28
  41 0028 03       		.uleb128 0x3
  42 0029 01       		.byte	0x1
  43 002a 06       		.byte	0x6
  44 002b F5020000 		.4byte	.LASF2
  45 002f 02       		.uleb128 0x2
  46 0030 14000000 		.4byte	.LASF1
  47 0034 01       		.byte	0x1
  48 0035 1D       		.byte	0x1d
  49 0036 3A000000 		.4byte	0x3a
  50 003a 03       		.uleb128 0x3
  51 003b 01       		.byte	0x1
  52 003c 08       		.byte	0x8
  53 003d A5000000 		.4byte	.LASF3
  54 0041 02       		.uleb128 0x2
  55 0042 1E000000 		.4byte	.LASF4
  56 0046 01       		.byte	0x1
  57 0047 29       		.byte	0x29
ARM GAS  C:\Users\haske\AppData\Local\Temp\ccp6dHut.s 			page 2


  58 0048 4C000000 		.4byte	0x4c
  59 004c 03       		.uleb128 0x3
  60 004d 02       		.byte	0x2
  61 004e 05       		.byte	0x5
  62 004f 27020000 		.4byte	.LASF5
  63 0053 02       		.uleb128 0x2
  64 0054 56010000 		.4byte	.LASF6
  65 0058 01       		.byte	0x1
  66 0059 2B       		.byte	0x2b
  67 005a 5E000000 		.4byte	0x5e
  68 005e 03       		.uleb128 0x3
  69 005f 02       		.byte	0x2
  70 0060 07       		.byte	0x7
  71 0061 18010000 		.4byte	.LASF7
  72 0065 03       		.uleb128 0x3
  73 0066 04       		.byte	0x4
  74 0067 05       		.byte	0x5
  75 0068 4B000000 		.4byte	.LASF8
  76 006c 02       		.uleb128 0x2
  77 006d 6F010000 		.4byte	.LASF9
  78 0071 01       		.byte	0x1
  79 0072 41       		.byte	0x41
  80 0073 77000000 		.4byte	0x77
  81 0077 03       		.uleb128 0x3
  82 0078 04       		.byte	0x4
  83 0079 07       		.byte	0x7
  84 007a 06010000 		.4byte	.LASF10
  85 007e 03       		.uleb128 0x3
  86 007f 08       		.byte	0x8
  87 0080 05       		.byte	0x5
  88 0081 D1010000 		.4byte	.LASF11
  89 0085 03       		.uleb128 0x3
  90 0086 08       		.byte	0x8
  91 0087 07       		.byte	0x7
  92 0088 86010000 		.4byte	.LASF12
  93 008c 04       		.uleb128 0x4
  94 008d 04       		.byte	0x4
  95 008e 05       		.byte	0x5
  96 008f 696E7400 		.ascii	"int\000"
  97 0093 03       		.uleb128 0x3
  98 0094 04       		.byte	0x4
  99 0095 07       		.byte	0x7
 100 0096 67000000 		.4byte	.LASF13
 101 009a 02       		.uleb128 0x2
 102 009b 80000000 		.4byte	.LASF14
 103 009f 02       		.byte	0x2
 104 00a0 14       		.byte	0x14
 105 00a1 1D000000 		.4byte	0x1d
 106 00a5 02       		.uleb128 0x2
 107 00a6 9D010000 		.4byte	.LASF15
 108 00aa 02       		.byte	0x2
 109 00ab 18       		.byte	0x18
 110 00ac 2F000000 		.4byte	0x2f
 111 00b0 02       		.uleb128 0x2
 112 00b1 B1010000 		.4byte	.LASF16
 113 00b5 02       		.byte	0x2
 114 00b6 20       		.byte	0x20
ARM GAS  C:\Users\haske\AppData\Local\Temp\ccp6dHut.s 			page 3


 115 00b7 41000000 		.4byte	0x41
 116 00bb 02       		.uleb128 0x2
 117 00bc 31020000 		.4byte	.LASF17
 118 00c0 02       		.byte	0x2
 119 00c1 24       		.byte	0x24
 120 00c2 53000000 		.4byte	0x53
 121 00c6 02       		.uleb128 0x2
 122 00c7 3A020000 		.4byte	.LASF18
 123 00cb 02       		.byte	0x2
 124 00cc 30       		.byte	0x30
 125 00cd 6C000000 		.4byte	0x6c
 126 00d1 02       		.uleb128 0x2
 127 00d2 00000000 		.4byte	.LASF19
 128 00d6 03       		.byte	0x3
 129 00d7 1B       		.byte	0x1b
 130 00d8 B0000000 		.4byte	0xb0
 131 00dc 05       		.uleb128 0x5
 132 00dd 04       		.byte	0x4
 133 00de 03       		.uleb128 0x3
 134 00df 08       		.byte	0x8
 135 00e0 04       		.byte	0x4
 136 00e1 57020000 		.4byte	.LASF20
 137 00e5 03       		.uleb128 0x3
 138 00e6 04       		.byte	0x4
 139 00e7 07       		.byte	0x7
 140 00e8 BF010000 		.4byte	.LASF21
 141 00ec 03       		.uleb128 0x3
 142 00ed 01       		.byte	0x1
 143 00ee 08       		.byte	0x8
 144 00ef DF010000 		.4byte	.LASF22
 145 00f3 06       		.uleb128 0x6
 146 00f4 10       		.byte	0x10
 147 00f5 04       		.byte	0x4
 148 00f6 29       		.byte	0x29
 149 00f7 62010000 		.4byte	0x162
 150 00fb 07       		.uleb128 0x7
 151 00fc 32000000 		.4byte	.LASF23
 152 0100 04       		.byte	0x4
 153 0101 2B       		.byte	0x2b
 154 0102 EA010000 		.4byte	0x1ea
 155 0106 00       		.byte	0
 156 0107 07       		.uleb128 0x7
 157 0108 74000000 		.4byte	.LASF24
 158 010c 04       		.byte	0x4
 159 010d 2C       		.byte	0x2c
 160 010e BB000000 		.4byte	0xbb
 161 0112 04       		.byte	0x4
 162 0113 07       		.uleb128 0x7
 163 0114 50010000 		.4byte	.LASF25
 164 0118 04       		.byte	0x4
 165 0119 2D       		.byte	0x2d
 166 011a BB000000 		.4byte	0xbb
 167 011e 06       		.byte	0x6
 168 011f 07       		.uleb128 0x7
 169 0120 7A000000 		.4byte	.LASF26
 170 0124 04       		.byte	0x4
 171 0125 2E       		.byte	0x2e
ARM GAS  C:\Users\haske\AppData\Local\Temp\ccp6dHut.s 			page 4


 172 0126 BB000000 		.4byte	0xbb
 173 012a 08       		.byte	0x8
 174 012b 07       		.uleb128 0x7
 175 012c 7A010000 		.4byte	.LASF27
 176 0130 04       		.byte	0x4
 177 0131 2F       		.byte	0x2f
 178 0132 B0000000 		.4byte	0xb0
 179 0136 0A       		.byte	0xa
 180 0137 07       		.uleb128 0x7
 181 0138 80010000 		.4byte	.LASF28
 182 013c 04       		.byte	0x4
 183 013d 30       		.byte	0x30
 184 013e B0000000 		.4byte	0xb0
 185 0142 0C       		.byte	0xc
 186 0143 08       		.uleb128 0x8
 187 0144 62707000 		.ascii	"bpp\000"
 188 0148 04       		.byte	0x4
 189 0149 31       		.byte	0x31
 190 014a A5000000 		.4byte	0xa5
 191 014e 01       		.byte	0x1
 192 014f 04       		.byte	0x4
 193 0150 04       		.byte	0x4
 194 0151 0E       		.byte	0xe
 195 0152 09       		.uleb128 0x9
 196 0153 41010000 		.4byte	.LASF29
 197 0157 04       		.byte	0x4
 198 0158 32       		.byte	0x32
 199 0159 A5000000 		.4byte	0xa5
 200 015d 01       		.byte	0x1
 201 015e 01       		.byte	0x1
 202 015f 03       		.byte	0x3
 203 0160 0E       		.byte	0xe
 204 0161 00       		.byte	0
 205 0162 0A       		.uleb128 0xa
 206 0163 40000000 		.4byte	.LASF45
 207 0167 1C       		.byte	0x1c
 208 0168 04       		.byte	0x4
 209 0169 40       		.byte	0x40
 210 016a EA010000 		.4byte	0x1ea
 211 016e 07       		.uleb128 0x7
 212 016f 61010000 		.4byte	.LASF30
 213 0173 04       		.byte	0x4
 214 0174 42       		.byte	0x42
 215 0175 2B020000 		.4byte	0x22b
 216 0179 00       		.byte	0
 217 017a 07       		.uleb128 0x7
 218 017b 01030000 		.4byte	.LASF31
 219 017f 04       		.byte	0x4
 220 0180 45       		.byte	0x45
 221 0181 50020000 		.4byte	0x250
 222 0185 04       		.byte	0x4
 223 0186 07       		.uleb128 0x7
 224 0187 A5010000 		.4byte	.LASF32
 225 018b 04       		.byte	0x4
 226 018c 48       		.byte	0x48
 227 018d D1000000 		.4byte	0xd1
 228 0191 08       		.byte	0x8
ARM GAS  C:\Users\haske\AppData\Local\Temp\ccp6dHut.s 			page 5


 229 0192 07       		.uleb128 0x7
 230 0193 1D020000 		.4byte	.LASF33
 231 0197 04       		.byte	0x4
 232 0198 49       		.byte	0x49
 233 0199 D1000000 		.4byte	0xd1
 234 019d 0A       		.byte	0xa
 235 019e 09       		.uleb128 0x9
 236 019f B9010000 		.4byte	.LASF34
 237 01a3 04       		.byte	0x4
 238 01a4 4A       		.byte	0x4a
 239 01a5 A5000000 		.4byte	0xa5
 240 01a9 01       		.byte	0x1
 241 01aa 02       		.byte	0x2
 242 01ab 06       		.byte	0x6
 243 01ac 0C       		.byte	0xc
 244 01ad 07       		.uleb128 0x7
 245 01ae 54000000 		.4byte	.LASF35
 246 01b2 04       		.byte	0x4
 247 01b3 4C       		.byte	0x4c
 248 01b4 9A000000 		.4byte	0x9a
 249 01b8 0D       		.byte	0xd
 250 01b9 07       		.uleb128 0x7
 251 01ba 87000000 		.4byte	.LASF36
 252 01be 04       		.byte	0x4
 253 01bf 4D       		.byte	0x4d
 254 01c0 9A000000 		.4byte	0x9a
 255 01c4 0E       		.byte	0xe
 256 01c5 0B       		.uleb128 0xb
 257 01c6 64736300 		.ascii	"dsc\000"
 258 01ca 04       		.byte	0x4
 259 01cb 4F       		.byte	0x4f
 260 01cc 56020000 		.4byte	0x256
 261 01d0 10       		.byte	0x10
 262 01d1 07       		.uleb128 0x7
 263 01d2 C8010000 		.4byte	.LASF37
 264 01d6 04       		.byte	0x4
 265 01d7 50       		.byte	0x50
 266 01d8 EA010000 		.4byte	0x1ea
 267 01dc 14       		.byte	0x14
 268 01dd 07       		.uleb128 0x7
 269 01de 9B000000 		.4byte	.LASF38
 270 01e2 04       		.byte	0x4
 271 01e3 52       		.byte	0x52
 272 01e4 DC000000 		.4byte	0xdc
 273 01e8 18       		.byte	0x18
 274 01e9 00       		.byte	0
 275 01ea 0C       		.uleb128 0xc
 276 01eb 04       		.byte	0x4
 277 01ec F0010000 		.4byte	0x1f0
 278 01f0 0D       		.uleb128 0xd
 279 01f1 62010000 		.4byte	0x162
 280 01f5 02       		.uleb128 0x2
 281 01f6 43020000 		.4byte	.LASF39
 282 01fa 04       		.byte	0x4
 283 01fb 33       		.byte	0x33
 284 01fc F3000000 		.4byte	0xf3
 285 0200 0E       		.uleb128 0xe
ARM GAS  C:\Users\haske\AppData\Local\Temp\ccp6dHut.s 			page 6


 286 0201 1E020000 		.4byte	0x21e
 287 0205 1E020000 		.4byte	0x21e
 288 0209 0F       		.uleb128 0xf
 289 020a EA010000 		.4byte	0x1ea
 290 020e 0F       		.uleb128 0xf
 291 020f 25020000 		.4byte	0x225
 292 0213 0F       		.uleb128 0xf
 293 0214 C6000000 		.4byte	0xc6
 294 0218 0F       		.uleb128 0xf
 295 0219 C6000000 		.4byte	0xc6
 296 021d 00       		.byte	0
 297 021e 03       		.uleb128 0x3
 298 021f 01       		.byte	0x1
 299 0220 02       		.byte	0x2
 300 0221 12030000 		.4byte	.LASF40
 301 0225 0C       		.uleb128 0xc
 302 0226 04       		.byte	0x4
 303 0227 F5010000 		.4byte	0x1f5
 304 022b 0C       		.uleb128 0xc
 305 022c 04       		.byte	0x4
 306 022d 00020000 		.4byte	0x200
 307 0231 0E       		.uleb128 0xe
 308 0232 45020000 		.4byte	0x245
 309 0236 45020000 		.4byte	0x245
 310 023a 0F       		.uleb128 0xf
 311 023b EA010000 		.4byte	0x1ea
 312 023f 0F       		.uleb128 0xf
 313 0240 C6000000 		.4byte	0xc6
 314 0244 00       		.byte	0
 315 0245 0C       		.uleb128 0xc
 316 0246 04       		.byte	0x4
 317 0247 4B020000 		.4byte	0x24b
 318 024b 0D       		.uleb128 0xd
 319 024c A5000000 		.4byte	0xa5
 320 0250 0C       		.uleb128 0xc
 321 0251 04       		.byte	0x4
 322 0252 31020000 		.4byte	0x231
 323 0256 0C       		.uleb128 0xc
 324 0257 04       		.byte	0x4
 325 0258 5C020000 		.4byte	0x25c
 326 025c 10       		.uleb128 0x10
 327 025d 02       		.uleb128 0x2
 328 025e 28000000 		.4byte	.LASF41
 329 0262 04       		.byte	0x4
 330 0263 54       		.byte	0x54
 331 0264 62010000 		.4byte	0x162
 332 0268 11       		.uleb128 0x11
 333 0269 2B010000 		.4byte	.LASF46
 334 026d 04       		.byte	0x4
 335 026e 94       		.byte	0x94
 336 026f 73020000 		.4byte	0x273
 337 0273 0D       		.uleb128 0xd
 338 0274 5D020000 		.4byte	0x25d
 339 0278 00       		.byte	0
 340              		.section	.debug_abbrev,"",%progbits
 341              	.Ldebug_abbrev0:
 342 0000 01       		.uleb128 0x1
ARM GAS  C:\Users\haske\AppData\Local\Temp\ccp6dHut.s 			page 7


 343 0001 11       		.uleb128 0x11
 344 0002 01       		.byte	0x1
 345 0003 25       		.uleb128 0x25
 346 0004 0E       		.uleb128 0xe
 347 0005 13       		.uleb128 0x13
 348 0006 0B       		.uleb128 0xb
 349 0007 03       		.uleb128 0x3
 350 0008 0E       		.uleb128 0xe
 351 0009 1B       		.uleb128 0x1b
 352 000a 0E       		.uleb128 0xe
 353 000b 10       		.uleb128 0x10
 354 000c 17       		.uleb128 0x17
 355 000d 00       		.byte	0
 356 000e 00       		.byte	0
 357 000f 02       		.uleb128 0x2
 358 0010 16       		.uleb128 0x16
 359 0011 00       		.byte	0
 360 0012 03       		.uleb128 0x3
 361 0013 0E       		.uleb128 0xe
 362 0014 3A       		.uleb128 0x3a
 363 0015 0B       		.uleb128 0xb
 364 0016 3B       		.uleb128 0x3b
 365 0017 0B       		.uleb128 0xb
 366 0018 49       		.uleb128 0x49
 367 0019 13       		.uleb128 0x13
 368 001a 00       		.byte	0
 369 001b 00       		.byte	0
 370 001c 03       		.uleb128 0x3
 371 001d 24       		.uleb128 0x24
 372 001e 00       		.byte	0
 373 001f 0B       		.uleb128 0xb
 374 0020 0B       		.uleb128 0xb
 375 0021 3E       		.uleb128 0x3e
 376 0022 0B       		.uleb128 0xb
 377 0023 03       		.uleb128 0x3
 378 0024 0E       		.uleb128 0xe
 379 0025 00       		.byte	0
 380 0026 00       		.byte	0
 381 0027 04       		.uleb128 0x4
 382 0028 24       		.uleb128 0x24
 383 0029 00       		.byte	0
 384 002a 0B       		.uleb128 0xb
 385 002b 0B       		.uleb128 0xb
 386 002c 3E       		.uleb128 0x3e
 387 002d 0B       		.uleb128 0xb
 388 002e 03       		.uleb128 0x3
 389 002f 08       		.uleb128 0x8
 390 0030 00       		.byte	0
 391 0031 00       		.byte	0
 392 0032 05       		.uleb128 0x5
 393 0033 0F       		.uleb128 0xf
 394 0034 00       		.byte	0
 395 0035 0B       		.uleb128 0xb
 396 0036 0B       		.uleb128 0xb
 397 0037 00       		.byte	0
 398 0038 00       		.byte	0
 399 0039 06       		.uleb128 0x6
ARM GAS  C:\Users\haske\AppData\Local\Temp\ccp6dHut.s 			page 8


 400 003a 13       		.uleb128 0x13
 401 003b 01       		.byte	0x1
 402 003c 0B       		.uleb128 0xb
 403 003d 0B       		.uleb128 0xb
 404 003e 3A       		.uleb128 0x3a
 405 003f 0B       		.uleb128 0xb
 406 0040 3B       		.uleb128 0x3b
 407 0041 0B       		.uleb128 0xb
 408 0042 01       		.uleb128 0x1
 409 0043 13       		.uleb128 0x13
 410 0044 00       		.byte	0
 411 0045 00       		.byte	0
 412 0046 07       		.uleb128 0x7
 413 0047 0D       		.uleb128 0xd
 414 0048 00       		.byte	0
 415 0049 03       		.uleb128 0x3
 416 004a 0E       		.uleb128 0xe
 417 004b 3A       		.uleb128 0x3a
 418 004c 0B       		.uleb128 0xb
 419 004d 3B       		.uleb128 0x3b
 420 004e 0B       		.uleb128 0xb
 421 004f 49       		.uleb128 0x49
 422 0050 13       		.uleb128 0x13
 423 0051 38       		.uleb128 0x38
 424 0052 0B       		.uleb128 0xb
 425 0053 00       		.byte	0
 426 0054 00       		.byte	0
 427 0055 08       		.uleb128 0x8
 428 0056 0D       		.uleb128 0xd
 429 0057 00       		.byte	0
 430 0058 03       		.uleb128 0x3
 431 0059 08       		.uleb128 0x8
 432 005a 3A       		.uleb128 0x3a
 433 005b 0B       		.uleb128 0xb
 434 005c 3B       		.uleb128 0x3b
 435 005d 0B       		.uleb128 0xb
 436 005e 49       		.uleb128 0x49
 437 005f 13       		.uleb128 0x13
 438 0060 0B       		.uleb128 0xb
 439 0061 0B       		.uleb128 0xb
 440 0062 0D       		.uleb128 0xd
 441 0063 0B       		.uleb128 0xb
 442 0064 0C       		.uleb128 0xc
 443 0065 0B       		.uleb128 0xb
 444 0066 38       		.uleb128 0x38
 445 0067 0B       		.uleb128 0xb
 446 0068 00       		.byte	0
 447 0069 00       		.byte	0
 448 006a 09       		.uleb128 0x9
 449 006b 0D       		.uleb128 0xd
 450 006c 00       		.byte	0
 451 006d 03       		.uleb128 0x3
 452 006e 0E       		.uleb128 0xe
 453 006f 3A       		.uleb128 0x3a
 454 0070 0B       		.uleb128 0xb
 455 0071 3B       		.uleb128 0x3b
 456 0072 0B       		.uleb128 0xb
ARM GAS  C:\Users\haske\AppData\Local\Temp\ccp6dHut.s 			page 9


 457 0073 49       		.uleb128 0x49
 458 0074 13       		.uleb128 0x13
 459 0075 0B       		.uleb128 0xb
 460 0076 0B       		.uleb128 0xb
 461 0077 0D       		.uleb128 0xd
 462 0078 0B       		.uleb128 0xb
 463 0079 0C       		.uleb128 0xc
 464 007a 0B       		.uleb128 0xb
 465 007b 38       		.uleb128 0x38
 466 007c 0B       		.uleb128 0xb
 467 007d 00       		.byte	0
 468 007e 00       		.byte	0
 469 007f 0A       		.uleb128 0xa
 470 0080 13       		.uleb128 0x13
 471 0081 01       		.byte	0x1
 472 0082 03       		.uleb128 0x3
 473 0083 0E       		.uleb128 0xe
 474 0084 0B       		.uleb128 0xb
 475 0085 0B       		.uleb128 0xb
 476 0086 3A       		.uleb128 0x3a
 477 0087 0B       		.uleb128 0xb
 478 0088 3B       		.uleb128 0x3b
 479 0089 0B       		.uleb128 0xb
 480 008a 01       		.uleb128 0x1
 481 008b 13       		.uleb128 0x13
 482 008c 00       		.byte	0
 483 008d 00       		.byte	0
 484 008e 0B       		.uleb128 0xb
 485 008f 0D       		.uleb128 0xd
 486 0090 00       		.byte	0
 487 0091 03       		.uleb128 0x3
 488 0092 08       		.uleb128 0x8
 489 0093 3A       		.uleb128 0x3a
 490 0094 0B       		.uleb128 0xb
 491 0095 3B       		.uleb128 0x3b
 492 0096 0B       		.uleb128 0xb
 493 0097 49       		.uleb128 0x49
 494 0098 13       		.uleb128 0x13
 495 0099 38       		.uleb128 0x38
 496 009a 0B       		.uleb128 0xb
 497 009b 00       		.byte	0
 498 009c 00       		.byte	0
 499 009d 0C       		.uleb128 0xc
 500 009e 0F       		.uleb128 0xf
 501 009f 00       		.byte	0
 502 00a0 0B       		.uleb128 0xb
 503 00a1 0B       		.uleb128 0xb
 504 00a2 49       		.uleb128 0x49
 505 00a3 13       		.uleb128 0x13
 506 00a4 00       		.byte	0
 507 00a5 00       		.byte	0
 508 00a6 0D       		.uleb128 0xd
 509 00a7 26       		.uleb128 0x26
 510 00a8 00       		.byte	0
 511 00a9 49       		.uleb128 0x49
 512 00aa 13       		.uleb128 0x13
 513 00ab 00       		.byte	0
ARM GAS  C:\Users\haske\AppData\Local\Temp\ccp6dHut.s 			page 10


 514 00ac 00       		.byte	0
 515 00ad 0E       		.uleb128 0xe
 516 00ae 15       		.uleb128 0x15
 517 00af 01       		.byte	0x1
 518 00b0 27       		.uleb128 0x27
 519 00b1 19       		.uleb128 0x19
 520 00b2 49       		.uleb128 0x49
 521 00b3 13       		.uleb128 0x13
 522 00b4 01       		.uleb128 0x1
 523 00b5 13       		.uleb128 0x13
 524 00b6 00       		.byte	0
 525 00b7 00       		.byte	0
 526 00b8 0F       		.uleb128 0xf
 527 00b9 05       		.uleb128 0x5
 528 00ba 00       		.byte	0
 529 00bb 49       		.uleb128 0x49
 530 00bc 13       		.uleb128 0x13
 531 00bd 00       		.byte	0
 532 00be 00       		.byte	0
 533 00bf 10       		.uleb128 0x10
 534 00c0 26       		.uleb128 0x26
 535 00c1 00       		.byte	0
 536 00c2 00       		.byte	0
 537 00c3 00       		.byte	0
 538 00c4 11       		.uleb128 0x11
 539 00c5 34       		.uleb128 0x34
 540 00c6 00       		.byte	0
 541 00c7 03       		.uleb128 0x3
 542 00c8 0E       		.uleb128 0xe
 543 00c9 3A       		.uleb128 0x3a
 544 00ca 0B       		.uleb128 0xb
 545 00cb 3B       		.uleb128 0x3b
 546 00cc 0B       		.uleb128 0xb
 547 00cd 49       		.uleb128 0x49
 548 00ce 13       		.uleb128 0x13
 549 00cf 3F       		.uleb128 0x3f
 550 00d0 19       		.uleb128 0x19
 551 00d1 3C       		.uleb128 0x3c
 552 00d2 19       		.uleb128 0x19
 553 00d3 00       		.byte	0
 554 00d4 00       		.byte	0
 555 00d5 00       		.byte	0
 556              		.section	.debug_aranges,"",%progbits
 557 0000 14000000 		.4byte	0x14
 558 0004 0200     		.2byte	0x2
 559 0006 00000000 		.4byte	.Ldebug_info0
 560 000a 04       		.byte	0x4
 561 000b 00       		.byte	0
 562 000c 0000     		.2byte	0
 563 000e 0000     		.2byte	0
 564 0010 00000000 		.4byte	0
 565 0014 00000000 		.4byte	0
 566              		.section	.debug_line,"",%progbits
 567              	.Ldebug_line0:
 568 0000 C2010000 		.section	.debug_str,"MS",%progbits,1
 568      0200BC01 
 568      00000201 
ARM GAS  C:\Users\haske\AppData\Local\Temp\ccp6dHut.s 			page 11


 568      FB0E0D00 
 568      01010101 
 569              	.LASF19:
 570 0000 6C765F63 		.ascii	"lv_coord_t\000"
 570      6F6F7264 
 570      5F7400
 571              	.LASF0:
 572 000b 5F5F696E 		.ascii	"__int8_t\000"
 572      74385F74 
 572      00
 573              	.LASF1:
 574 0014 5F5F7569 		.ascii	"__uint8_t\000"
 574      6E74385F 
 574      7400
 575              	.LASF4:
 576 001e 5F5F696E 		.ascii	"__int16_t\000"
 576      7431365F 
 576      7400
 577              	.LASF41:
 578 0028 6C765F66 		.ascii	"lv_font_t\000"
 578      6F6E745F 
 578      7400
 579              	.LASF23:
 580 0032 7265736F 		.ascii	"resolved_font\000"
 580      6C766564 
 580      5F666F6E 
 580      7400
 581              	.LASF45:
 582 0040 5F6C765F 		.ascii	"_lv_font_t\000"
 582      666F6E74 
 582      5F7400
 583              	.LASF8:
 584 004b 6C6F6E67 		.ascii	"long int\000"
 584      20696E74 
 584      00
 585              	.LASF35:
 586 0054 756E6465 		.ascii	"underline_position\000"
 586      726C696E 
 586      655F706F 
 586      73697469 
 586      6F6E00
 587              	.LASF13:
 588 0067 756E7369 		.ascii	"unsigned int\000"
 588      676E6564 
 588      20696E74 
 588      00
 589              	.LASF24:
 590 0074 6164765F 		.ascii	"adv_w\000"
 590      7700
 591              	.LASF26:
 592 007a 626F785F 		.ascii	"box_h\000"
 592      6800
 593              	.LASF14:
 594 0080 696E7438 		.ascii	"int8_t\000"
 594      5F7400
 595              	.LASF36:
 596 0087 756E6465 		.ascii	"underline_thickness\000"
ARM GAS  C:\Users\haske\AppData\Local\Temp\ccp6dHut.s 			page 12


 596      726C696E 
 596      655F7468 
 596      69636B6E 
 596      65737300 
 597              	.LASF38:
 598 009b 75736572 		.ascii	"user_data\000"
 598      5F646174 
 598      6100
 599              	.LASF3:
 600 00a5 756E7369 		.ascii	"unsigned char\000"
 600      676E6564 
 600      20636861 
 600      7200
 601              	.LASF43:
 602 00b3 2E2E5C2E 		.ascii	"..\\..\\..\\arduinoLCD\\test\\Pain Drain\\libraries"
 602      2E5C2E2E 
 602      5C617264 
 602      75696E6F 
 602      4C43445C 
 603 00e0 5C6C7667 		.ascii	"\\lvgl\\src\\draw\\sw\\lv_draw_sw_dither.c\000"
 603      6C5C7372 
 603      635C6472 
 603      61775C73 
 603      775C6C76 
 604              	.LASF10:
 605 0106 6C6F6E67 		.ascii	"long unsigned int\000"
 605      20756E73 
 605      69676E65 
 605      6420696E 
 605      7400
 606              	.LASF7:
 607 0118 73686F72 		.ascii	"short unsigned int\000"
 607      7420756E 
 607      7369676E 
 607      65642069 
 607      6E7400
 608              	.LASF46:
 609 012b 6C765F66 		.ascii	"lv_font_montserrat_14\000"
 609      6F6E745F 
 609      6D6F6E74 
 609      73657272 
 609      61745F31 
 610              	.LASF29:
 611 0141 69735F70 		.ascii	"is_placeholder\000"
 611      6C616365 
 611      686F6C64 
 611      657200
 612              	.LASF25:
 613 0150 626F785F 		.ascii	"box_w\000"
 613      7700
 614              	.LASF6:
 615 0156 5F5F7569 		.ascii	"__uint16_t\000"
 615      6E743136 
 615      5F7400
 616              	.LASF30:
 617 0161 6765745F 		.ascii	"get_glyph_dsc\000"
 617      676C7970 
ARM GAS  C:\Users\haske\AppData\Local\Temp\ccp6dHut.s 			page 13


 617      685F6473 
 617      6300
 618              	.LASF9:
 619 016f 5F5F7569 		.ascii	"__uint32_t\000"
 619      6E743332 
 619      5F7400
 620              	.LASF27:
 621 017a 6F66735F 		.ascii	"ofs_x\000"
 621      7800
 622              	.LASF28:
 623 0180 6F66735F 		.ascii	"ofs_y\000"
 623      7900
 624              	.LASF12:
 625 0186 6C6F6E67 		.ascii	"long long unsigned int\000"
 625      206C6F6E 
 625      6720756E 
 625      7369676E 
 625      65642069 
 626              	.LASF15:
 627 019d 75696E74 		.ascii	"uint8_t\000"
 627      385F7400 
 628              	.LASF32:
 629 01a5 6C696E65 		.ascii	"line_height\000"
 629      5F686569 
 629      67687400 
 630              	.LASF16:
 631 01b1 696E7431 		.ascii	"int16_t\000"
 631      365F7400 
 632              	.LASF34:
 633 01b9 73756270 		.ascii	"subpx\000"
 633      7800
 634              	.LASF21:
 635 01bf 73697A65 		.ascii	"sizetype\000"
 635      74797065 
 635      00
 636              	.LASF37:
 637 01c8 66616C6C 		.ascii	"fallback\000"
 637      6261636B 
 637      00
 638              	.LASF11:
 639 01d1 6C6F6E67 		.ascii	"long long int\000"
 639      206C6F6E 
 639      6720696E 
 639      7400
 640              	.LASF22:
 641 01df 63686172 		.ascii	"char\000"
 641      00
 642              	.LASF44:
 643 01e4 433A5C50 		.ascii	"C:\\Projects\\PainDrain\\firmware\\PainDrain\\PainD"
 643      726F6A65 
 643      6374735C 
 643      5061696E 
 643      44726169 
 644 0212 7261696E 		.ascii	"rain.cydsn\000"
 644      2E637964 
 644      736E00
 645              	.LASF33:
ARM GAS  C:\Users\haske\AppData\Local\Temp\ccp6dHut.s 			page 14


 646 021d 62617365 		.ascii	"base_line\000"
 646      5F6C696E 
 646      6500
 647              	.LASF5:
 648 0227 73686F72 		.ascii	"short int\000"
 648      7420696E 
 648      7400
 649              	.LASF17:
 650 0231 75696E74 		.ascii	"uint16_t\000"
 650      31365F74 
 650      00
 651              	.LASF18:
 652 023a 75696E74 		.ascii	"uint32_t\000"
 652      33325F74 
 652      00
 653              	.LASF39:
 654 0243 6C765F66 		.ascii	"lv_font_glyph_dsc_t\000"
 654      6F6E745F 
 654      676C7970 
 654      685F6473 
 654      635F7400 
 655              	.LASF20:
 656 0257 6C6F6E67 		.ascii	"long double\000"
 656      20646F75 
 656      626C6500 
 657              	.LASF42:
 658 0263 474E5520 		.ascii	"GNU C11 5.4.1 20160609 (release) [ARM/embedded-5-br"
 658      43313120 
 658      352E342E 
 658      31203230 
 658      31363036 
 659 0296 616E6368 		.ascii	"anch revision 237715] -mcpu=cortex-m0plus -mthumb -"
 659      20726576 
 659      6973696F 
 659      6E203233 
 659      37373135 
 660 02c9 67202D4F 		.ascii	"g -Og -ffunction-sections -ffat-lto-objects\000"
 660      67202D66 
 660      66756E63 
 660      74696F6E 
 660      2D736563 
 661              	.LASF2:
 662 02f5 7369676E 		.ascii	"signed char\000"
 662      65642063 
 662      68617200 
 663              	.LASF31:
 664 0301 6765745F 		.ascii	"get_glyph_bitmap\000"
 664      676C7970 
 664      685F6269 
 664      746D6170 
 664      00
 665              	.LASF40:
 666 0312 5F426F6F 		.ascii	"_Bool\000"
 666      6C00
 667              		.ident	"GCC: (GNU Tools for ARM Embedded Processors) 5.4.1 20160609 (release) [ARM/embedded-5-bran
