ARM GAS  C:\Users\haske\AppData\Local\Temp\cc3w7U4a.s 			page 1


   1              		.syntax unified
   2              		.cpu cortex-m0plus
   3              		.fpu softvfp
   4              		.eabi_attribute 20, 1
   5              		.eabi_attribute 21, 1
   6              		.eabi_attribute 23, 3
   7              		.eabi_attribute 24, 1
   8              		.eabi_attribute 25, 1
   9              		.eabi_attribute 26, 1
  10              		.eabi_attribute 30, 1
  11              		.eabi_attribute 34, 0
  12              		.eabi_attribute 18, 4
  13              		.thumb
  14              		.syntax unified
  15              		.file	"lv_extra.c"
  16              		.text
  17              	.Ltext0:
  18              		.cfi_sections	.debug_frame
  19              		.section	.text.lv_extra_init,"ax",%progbits
  20              		.align	2
  21              		.global	lv_extra_init
  22              		.code	16
  23              		.thumb_func
  24              		.type	lv_extra_init, %function
  25              	lv_extra_init:
  26              	.LFB202:
  27              		.file 1 "..\\..\\..\\arduinoLCD\\test\\Pain Drain\\libraries\\lvgl\\src\\extra\\lv_extra.c"
   1:..\..\..\arduinoLCD\test\Pain Drain\libraries\lvgl\src\extra/lv_extra.c **** /**
   2:..\..\..\arduinoLCD\test\Pain Drain\libraries\lvgl\src\extra/lv_extra.c ****  * @file lv_extra.c
   3:..\..\..\arduinoLCD\test\Pain Drain\libraries\lvgl\src\extra/lv_extra.c ****  *
   4:..\..\..\arduinoLCD\test\Pain Drain\libraries\lvgl\src\extra/lv_extra.c ****  */
   5:..\..\..\arduinoLCD\test\Pain Drain\libraries\lvgl\src\extra/lv_extra.c **** 
   6:..\..\..\arduinoLCD\test\Pain Drain\libraries\lvgl\src\extra/lv_extra.c **** /*********************
   7:..\..\..\arduinoLCD\test\Pain Drain\libraries\lvgl\src\extra/lv_extra.c ****  *      INCLUDES
   8:..\..\..\arduinoLCD\test\Pain Drain\libraries\lvgl\src\extra/lv_extra.c ****  *********************/
   9:..\..\..\arduinoLCD\test\Pain Drain\libraries\lvgl\src\extra/lv_extra.c **** #include "../lvgl.h"
  10:..\..\..\arduinoLCD\test\Pain Drain\libraries\lvgl\src\extra/lv_extra.c **** 
  11:..\..\..\arduinoLCD\test\Pain Drain\libraries\lvgl\src\extra/lv_extra.c **** /*********************
  12:..\..\..\arduinoLCD\test\Pain Drain\libraries\lvgl\src\extra/lv_extra.c ****  *      DEFINES
  13:..\..\..\arduinoLCD\test\Pain Drain\libraries\lvgl\src\extra/lv_extra.c ****  *********************/
  14:..\..\..\arduinoLCD\test\Pain Drain\libraries\lvgl\src\extra/lv_extra.c **** 
  15:..\..\..\arduinoLCD\test\Pain Drain\libraries\lvgl\src\extra/lv_extra.c **** /**********************
  16:..\..\..\arduinoLCD\test\Pain Drain\libraries\lvgl\src\extra/lv_extra.c ****  *      TYPEDEFS
  17:..\..\..\arduinoLCD\test\Pain Drain\libraries\lvgl\src\extra/lv_extra.c ****  **********************/
  18:..\..\..\arduinoLCD\test\Pain Drain\libraries\lvgl\src\extra/lv_extra.c **** 
  19:..\..\..\arduinoLCD\test\Pain Drain\libraries\lvgl\src\extra/lv_extra.c **** /**********************
  20:..\..\..\arduinoLCD\test\Pain Drain\libraries\lvgl\src\extra/lv_extra.c ****  *  STATIC PROTOTYPES
  21:..\..\..\arduinoLCD\test\Pain Drain\libraries\lvgl\src\extra/lv_extra.c ****  **********************/
  22:..\..\..\arduinoLCD\test\Pain Drain\libraries\lvgl\src\extra/lv_extra.c **** 
  23:..\..\..\arduinoLCD\test\Pain Drain\libraries\lvgl\src\extra/lv_extra.c **** /**********************
  24:..\..\..\arduinoLCD\test\Pain Drain\libraries\lvgl\src\extra/lv_extra.c ****  *  STATIC VARIABLES
  25:..\..\..\arduinoLCD\test\Pain Drain\libraries\lvgl\src\extra/lv_extra.c ****  **********************/
  26:..\..\..\arduinoLCD\test\Pain Drain\libraries\lvgl\src\extra/lv_extra.c **** 
  27:..\..\..\arduinoLCD\test\Pain Drain\libraries\lvgl\src\extra/lv_extra.c **** /**********************
  28:..\..\..\arduinoLCD\test\Pain Drain\libraries\lvgl\src\extra/lv_extra.c ****  *      MACROS
  29:..\..\..\arduinoLCD\test\Pain Drain\libraries\lvgl\src\extra/lv_extra.c ****  **********************/
  30:..\..\..\arduinoLCD\test\Pain Drain\libraries\lvgl\src\extra/lv_extra.c **** 
ARM GAS  C:\Users\haske\AppData\Local\Temp\cc3w7U4a.s 			page 2


  31:..\..\..\arduinoLCD\test\Pain Drain\libraries\lvgl\src\extra/lv_extra.c **** /**********************
  32:..\..\..\arduinoLCD\test\Pain Drain\libraries\lvgl\src\extra/lv_extra.c ****  *   GLOBAL FUNCTIONS
  33:..\..\..\arduinoLCD\test\Pain Drain\libraries\lvgl\src\extra/lv_extra.c ****  **********************/
  34:..\..\..\arduinoLCD\test\Pain Drain\libraries\lvgl\src\extra/lv_extra.c **** 
  35:..\..\..\arduinoLCD\test\Pain Drain\libraries\lvgl\src\extra/lv_extra.c **** void lv_extra_init(void)
  36:..\..\..\arduinoLCD\test\Pain Drain\libraries\lvgl\src\extra/lv_extra.c **** {
  28              		.loc 1 36 0
  29              		.cfi_startproc
  30              		@ args = 0, pretend = 0, frame = 0
  31              		@ frame_needed = 0, uses_anonymous_args = 0
  32 0000 10B5     		push	{r4, lr}
  33              		.cfi_def_cfa_offset 8
  34              		.cfi_offset 4, -8
  35              		.cfi_offset 14, -4
  37:..\..\..\arduinoLCD\test\Pain Drain\libraries\lvgl\src\extra/lv_extra.c **** #if LV_USE_FLEX
  38:..\..\..\arduinoLCD\test\Pain Drain\libraries\lvgl\src\extra/lv_extra.c ****     lv_flex_init();
  36              		.loc 1 38 0
  37 0002 FFF7FEFF 		bl	lv_flex_init
  38              	.LVL0:
  39:..\..\..\arduinoLCD\test\Pain Drain\libraries\lvgl\src\extra/lv_extra.c **** #endif
  40:..\..\..\arduinoLCD\test\Pain Drain\libraries\lvgl\src\extra/lv_extra.c **** 
  41:..\..\..\arduinoLCD\test\Pain Drain\libraries\lvgl\src\extra/lv_extra.c **** #if LV_USE_GRID
  42:..\..\..\arduinoLCD\test\Pain Drain\libraries\lvgl\src\extra/lv_extra.c ****     lv_grid_init();
  39              		.loc 1 42 0
  40 0006 FFF7FEFF 		bl	lv_grid_init
  41              	.LVL1:
  43:..\..\..\arduinoLCD\test\Pain Drain\libraries\lvgl\src\extra/lv_extra.c **** #endif
  44:..\..\..\arduinoLCD\test\Pain Drain\libraries\lvgl\src\extra/lv_extra.c **** 
  45:..\..\..\arduinoLCD\test\Pain Drain\libraries\lvgl\src\extra/lv_extra.c **** #if LV_USE_MSG
  46:..\..\..\arduinoLCD\test\Pain Drain\libraries\lvgl\src\extra/lv_extra.c ****     lv_msg_init();
  47:..\..\..\arduinoLCD\test\Pain Drain\libraries\lvgl\src\extra/lv_extra.c **** #endif
  48:..\..\..\arduinoLCD\test\Pain Drain\libraries\lvgl\src\extra/lv_extra.c **** 
  49:..\..\..\arduinoLCD\test\Pain Drain\libraries\lvgl\src\extra/lv_extra.c **** #if LV_USE_FS_FATFS != '\0'
  50:..\..\..\arduinoLCD\test\Pain Drain\libraries\lvgl\src\extra/lv_extra.c ****     lv_fs_fatfs_init();
  51:..\..\..\arduinoLCD\test\Pain Drain\libraries\lvgl\src\extra/lv_extra.c **** #endif
  52:..\..\..\arduinoLCD\test\Pain Drain\libraries\lvgl\src\extra/lv_extra.c **** 
  53:..\..\..\arduinoLCD\test\Pain Drain\libraries\lvgl\src\extra/lv_extra.c **** #if LV_USE_FS_STDIO != '\0'
  54:..\..\..\arduinoLCD\test\Pain Drain\libraries\lvgl\src\extra/lv_extra.c ****     lv_fs_stdio_init();
  55:..\..\..\arduinoLCD\test\Pain Drain\libraries\lvgl\src\extra/lv_extra.c **** #endif
  56:..\..\..\arduinoLCD\test\Pain Drain\libraries\lvgl\src\extra/lv_extra.c **** 
  57:..\..\..\arduinoLCD\test\Pain Drain\libraries\lvgl\src\extra/lv_extra.c **** #if LV_USE_FS_POSIX != '\0'
  58:..\..\..\arduinoLCD\test\Pain Drain\libraries\lvgl\src\extra/lv_extra.c ****     lv_fs_posix_init();
  59:..\..\..\arduinoLCD\test\Pain Drain\libraries\lvgl\src\extra/lv_extra.c **** #endif
  60:..\..\..\arduinoLCD\test\Pain Drain\libraries\lvgl\src\extra/lv_extra.c **** 
  61:..\..\..\arduinoLCD\test\Pain Drain\libraries\lvgl\src\extra/lv_extra.c **** #if LV_USE_FS_WIN32 != '\0'
  62:..\..\..\arduinoLCD\test\Pain Drain\libraries\lvgl\src\extra/lv_extra.c ****     lv_fs_win32_init();
  63:..\..\..\arduinoLCD\test\Pain Drain\libraries\lvgl\src\extra/lv_extra.c **** #endif
  64:..\..\..\arduinoLCD\test\Pain Drain\libraries\lvgl\src\extra/lv_extra.c **** 
  65:..\..\..\arduinoLCD\test\Pain Drain\libraries\lvgl\src\extra/lv_extra.c **** #if LV_USE_FFMPEG
  66:..\..\..\arduinoLCD\test\Pain Drain\libraries\lvgl\src\extra/lv_extra.c ****     lv_ffmpeg_init();
  67:..\..\..\arduinoLCD\test\Pain Drain\libraries\lvgl\src\extra/lv_extra.c **** #endif
  68:..\..\..\arduinoLCD\test\Pain Drain\libraries\lvgl\src\extra/lv_extra.c **** 
  69:..\..\..\arduinoLCD\test\Pain Drain\libraries\lvgl\src\extra/lv_extra.c **** #if LV_USE_PNG
  70:..\..\..\arduinoLCD\test\Pain Drain\libraries\lvgl\src\extra/lv_extra.c ****     lv_png_init();
  71:..\..\..\arduinoLCD\test\Pain Drain\libraries\lvgl\src\extra/lv_extra.c **** #endif
  72:..\..\..\arduinoLCD\test\Pain Drain\libraries\lvgl\src\extra/lv_extra.c **** 
  73:..\..\..\arduinoLCD\test\Pain Drain\libraries\lvgl\src\extra/lv_extra.c **** #if LV_USE_SJPG
ARM GAS  C:\Users\haske\AppData\Local\Temp\cc3w7U4a.s 			page 3


  74:..\..\..\arduinoLCD\test\Pain Drain\libraries\lvgl\src\extra/lv_extra.c ****     lv_split_jpeg_init();
  75:..\..\..\arduinoLCD\test\Pain Drain\libraries\lvgl\src\extra/lv_extra.c **** #endif
  76:..\..\..\arduinoLCD\test\Pain Drain\libraries\lvgl\src\extra/lv_extra.c **** 
  77:..\..\..\arduinoLCD\test\Pain Drain\libraries\lvgl\src\extra/lv_extra.c **** #if LV_USE_BMP
  78:..\..\..\arduinoLCD\test\Pain Drain\libraries\lvgl\src\extra/lv_extra.c ****     lv_bmp_init();
  79:..\..\..\arduinoLCD\test\Pain Drain\libraries\lvgl\src\extra/lv_extra.c **** #endif
  80:..\..\..\arduinoLCD\test\Pain Drain\libraries\lvgl\src\extra/lv_extra.c **** 
  81:..\..\..\arduinoLCD\test\Pain Drain\libraries\lvgl\src\extra/lv_extra.c **** #if LV_USE_FREETYPE
  82:..\..\..\arduinoLCD\test\Pain Drain\libraries\lvgl\src\extra/lv_extra.c ****     /*Init freetype library*/
  83:..\..\..\arduinoLCD\test\Pain Drain\libraries\lvgl\src\extra/lv_extra.c **** #  if LV_FREETYPE_CACHE_SIZE >= 0
  84:..\..\..\arduinoLCD\test\Pain Drain\libraries\lvgl\src\extra/lv_extra.c ****     lv_freetype_init(LV_FREETYPE_CACHE_FT_FACES, LV_FREETYPE_CACHE_FT_SIZES, LV_FREETYPE_CACHE_SIZE
  85:..\..\..\arduinoLCD\test\Pain Drain\libraries\lvgl\src\extra/lv_extra.c **** #  else
  86:..\..\..\arduinoLCD\test\Pain Drain\libraries\lvgl\src\extra/lv_extra.c ****     lv_freetype_init(0, 0, 0);
  87:..\..\..\arduinoLCD\test\Pain Drain\libraries\lvgl\src\extra/lv_extra.c **** #  endif
  88:..\..\..\arduinoLCD\test\Pain Drain\libraries\lvgl\src\extra/lv_extra.c **** #endif
  89:..\..\..\arduinoLCD\test\Pain Drain\libraries\lvgl\src\extra/lv_extra.c **** }
  42              		.loc 1 89 0
  43              		@ sp needed
  44 000a 10BD     		pop	{r4, pc}
  45              		.cfi_endproc
  46              	.LFE202:
  47              		.size	lv_extra_init, .-lv_extra_init
  48              		.text
  49              	.Letext0:
  50              		.file 2 "c:\\program files (x86)\\cypress\\psoc creator\\4.4\\psoc creator\\import\\gnu\\arm\\5.4.
  51              		.file 3 "c:\\program files (x86)\\cypress\\psoc creator\\4.4\\psoc creator\\import\\gnu\\arm\\5.4.
  52              		.file 4 "c:\\projects\\paindrain\\arduinolcd\\test\\pain drain\\libraries\\lvgl\\src\\misc\\lv_are
  53              		.file 5 "c:\\projects\\paindrain\\arduinolcd\\test\\pain drain\\libraries\\lvgl\\src\\font\\lv_fon
  54              		.file 6 "c:\\projects\\paindrain\\arduinolcd\\test\\pain drain\\libraries\\lvgl\\src\\misc\\lv_sty
  55              		.file 7 "c:\\projects\\paindrain\\arduinolcd\\test\\pain drain\\libraries\\lvgl\\src/extra/layouts
  56              		.file 8 "c:\\projects\\paindrain\\arduinolcd\\test\\pain drain\\libraries\\lvgl\\src/extra/layouts
  57              		.section	.debug_info,"",%progbits
  58              	.Ldebug_info0:
  59 0000 91050000 		.4byte	0x591
  60 0004 0400     		.2byte	0x4
  61 0006 00000000 		.4byte	.Ldebug_abbrev0
  62 000a 04       		.byte	0x4
  63 000b 01       		.uleb128 0x1
  64 000c B7080000 		.4byte	.LASF150
  65 0010 0C       		.byte	0xc
  66 0011 92050000 		.4byte	.LASF151
  67 0015 A6040000 		.4byte	.LASF152
  68 0019 00000000 		.4byte	.Ldebug_ranges0+0
  69 001d 00000000 		.4byte	0
  70 0021 00000000 		.4byte	.Ldebug_line0
  71 0025 02       		.uleb128 0x2
  72 0026 DF000000 		.4byte	.LASF0
  73 002a 02       		.byte	0x2
  74 002b 1B       		.byte	0x1b
  75 002c 30000000 		.4byte	0x30
  76 0030 03       		.uleb128 0x3
  77 0031 01       		.byte	0x1
  78 0032 06       		.byte	0x6
  79 0033 67010000 		.4byte	.LASF2
  80 0037 02       		.uleb128 0x2
  81 0038 58000000 		.4byte	.LASF1
  82 003c 02       		.byte	0x2
ARM GAS  C:\Users\haske\AppData\Local\Temp\cc3w7U4a.s 			page 4


  83 003d 1D       		.byte	0x1d
  84 003e 42000000 		.4byte	0x42
  85 0042 03       		.uleb128 0x3
  86 0043 01       		.byte	0x1
  87 0044 08       		.byte	0x8
  88 0045 AD070000 		.4byte	.LASF3
  89 0049 02       		.uleb128 0x2
  90 004a 84030000 		.4byte	.LASF4
  91 004e 02       		.byte	0x2
  92 004f 29       		.byte	0x29
  93 0050 54000000 		.4byte	0x54
  94 0054 03       		.uleb128 0x3
  95 0055 02       		.byte	0x2
  96 0056 05       		.byte	0x5
  97 0057 BB070000 		.4byte	.LASF5
  98 005b 02       		.uleb128 0x2
  99 005c A7090000 		.4byte	.LASF6
 100 0060 02       		.byte	0x2
 101 0061 2B       		.byte	0x2b
 102 0062 66000000 		.4byte	0x66
 103 0066 03       		.uleb128 0x3
 104 0067 02       		.byte	0x2
 105 0068 07       		.byte	0x7
 106 0069 74040000 		.4byte	.LASF7
 107 006d 03       		.uleb128 0x3
 108 006e 04       		.byte	0x4
 109 006f 05       		.byte	0x5
 110 0070 37020000 		.4byte	.LASF8
 111 0074 02       		.uleb128 0x2
 112 0075 63030000 		.4byte	.LASF9
 113 0079 02       		.byte	0x2
 114 007a 41       		.byte	0x41
 115 007b 7F000000 		.4byte	0x7f
 116 007f 03       		.uleb128 0x3
 117 0080 04       		.byte	0x4
 118 0081 07       		.byte	0x7
 119 0082 27040000 		.4byte	.LASF10
 120 0086 03       		.uleb128 0x3
 121 0087 08       		.byte	0x8
 122 0088 05       		.byte	0x5
 123 0089 59010000 		.4byte	.LASF11
 124 008d 03       		.uleb128 0x3
 125 008e 08       		.byte	0x8
 126 008f 07       		.byte	0x7
 127 0090 A8000000 		.4byte	.LASF12
 128 0094 04       		.uleb128 0x4
 129 0095 04       		.byte	0x4
 130 0096 05       		.byte	0x5
 131 0097 696E7400 		.ascii	"int\000"
 132 009b 03       		.uleb128 0x3
 133 009c 04       		.byte	0x4
 134 009d 07       		.byte	0x7
 135 009e F1030000 		.4byte	.LASF13
 136 00a2 02       		.uleb128 0x2
 137 00a3 520A0000 		.4byte	.LASF14
 138 00a7 03       		.byte	0x3
 139 00a8 14       		.byte	0x14
ARM GAS  C:\Users\haske\AppData\Local\Temp\cc3w7U4a.s 			page 5


 140 00a9 25000000 		.4byte	0x25
 141 00ad 02       		.uleb128 0x2
 142 00ae 2C0B0000 		.4byte	.LASF15
 143 00b2 03       		.byte	0x3
 144 00b3 18       		.byte	0x18
 145 00b4 37000000 		.4byte	0x37
 146 00b8 02       		.uleb128 0x2
 147 00b9 51010000 		.4byte	.LASF16
 148 00bd 03       		.byte	0x3
 149 00be 20       		.byte	0x20
 150 00bf 49000000 		.4byte	0x49
 151 00c3 02       		.uleb128 0x2
 152 00c4 A2020000 		.4byte	.LASF17
 153 00c8 03       		.byte	0x3
 154 00c9 24       		.byte	0x24
 155 00ca 5B000000 		.4byte	0x5b
 156 00ce 02       		.uleb128 0x2
 157 00cf A60A0000 		.4byte	.LASF18
 158 00d3 03       		.byte	0x3
 159 00d4 30       		.byte	0x30
 160 00d5 74000000 		.4byte	0x74
 161 00d9 05       		.uleb128 0x5
 162 00da 04       		.byte	0x4
 163 00db 03       		.uleb128 0x3
 164 00dc 08       		.byte	0x8
 165 00dd 04       		.byte	0x4
 166 00de 61090000 		.4byte	.LASF19
 167 00e2 03       		.uleb128 0x3
 168 00e3 04       		.byte	0x4
 169 00e4 07       		.byte	0x7
 170 00e5 4C060000 		.4byte	.LASF20
 171 00e9 03       		.uleb128 0x3
 172 00ea 01       		.byte	0x1
 173 00eb 08       		.byte	0x8
 174 00ec 88090000 		.4byte	.LASF21
 175 00f0 02       		.uleb128 0x2
 176 00f1 15010000 		.4byte	.LASF22
 177 00f5 04       		.byte	0x4
 178 00f6 1B       		.byte	0x1b
 179 00f7 B8000000 		.4byte	0xb8
 180 00fb 06       		.uleb128 0x6
 181 00fc 10       		.byte	0x10
 182 00fd 05       		.byte	0x5
 183 00fe 29       		.byte	0x29
 184 00ff 6A010000 		.4byte	0x16a
 185 0103 07       		.uleb128 0x7
 186 0104 8E030000 		.4byte	.LASF23
 187 0108 05       		.byte	0x5
 188 0109 2B       		.byte	0x2b
 189 010a F2010000 		.4byte	0x1f2
 190 010e 00       		.byte	0
 191 010f 07       		.uleb128 0x7
 192 0110 760B0000 		.4byte	.LASF24
 193 0114 05       		.byte	0x5
 194 0115 2C       		.byte	0x2c
 195 0116 C3000000 		.4byte	0xc3
 196 011a 04       		.byte	0x4
ARM GAS  C:\Users\haske\AppData\Local\Temp\cc3w7U4a.s 			page 6


 197 011b 07       		.uleb128 0x7
 198 011c AF0A0000 		.4byte	.LASF25
 199 0120 05       		.byte	0x5
 200 0121 2D       		.byte	0x2d
 201 0122 C3000000 		.4byte	0xc3
 202 0126 06       		.byte	0x6
 203 0127 07       		.uleb128 0x7
 204 0128 3A0A0000 		.4byte	.LASF26
 205 012c 05       		.byte	0x5
 206 012d 2E       		.byte	0x2e
 207 012e C3000000 		.4byte	0xc3
 208 0132 08       		.byte	0x8
 209 0133 07       		.uleb128 0x7
 210 0134 7C0B0000 		.4byte	.LASF27
 211 0138 05       		.byte	0x5
 212 0139 2F       		.byte	0x2f
 213 013a B8000000 		.4byte	0xb8
 214 013e 0A       		.byte	0xa
 215 013f 07       		.uleb128 0x7
 216 0140 820B0000 		.4byte	.LASF28
 217 0144 05       		.byte	0x5
 218 0145 30       		.byte	0x30
 219 0146 B8000000 		.4byte	0xb8
 220 014a 0C       		.byte	0xc
 221 014b 08       		.uleb128 0x8
 222 014c 62707000 		.ascii	"bpp\000"
 223 0150 05       		.byte	0x5
 224 0151 31       		.byte	0x31
 225 0152 AD000000 		.4byte	0xad
 226 0156 01       		.byte	0x1
 227 0157 04       		.byte	0x4
 228 0158 04       		.byte	0x4
 229 0159 0E       		.byte	0xe
 230 015a 09       		.uleb128 0x9
 231 015b BB030000 		.4byte	.LASF29
 232 015f 05       		.byte	0x5
 233 0160 32       		.byte	0x32
 234 0161 AD000000 		.4byte	0xad
 235 0165 01       		.byte	0x1
 236 0166 01       		.byte	0x1
 237 0167 03       		.byte	0x3
 238 0168 0E       		.byte	0xe
 239 0169 00       		.byte	0
 240 016a 0A       		.uleb128 0xa
 241 016b E6030000 		.4byte	.LASF153
 242 016f 1C       		.byte	0x1c
 243 0170 05       		.byte	0x5
 244 0171 40       		.byte	0x40
 245 0172 F2010000 		.4byte	0x1f2
 246 0176 07       		.uleb128 0x7
 247 0177 9C030000 		.4byte	.LASF30
 248 017b 05       		.byte	0x5
 249 017c 42       		.byte	0x42
 250 017d 33020000 		.4byte	0x233
 251 0181 00       		.byte	0
 252 0182 07       		.uleb128 0x7
 253 0183 0A000000 		.4byte	.LASF31
ARM GAS  C:\Users\haske\AppData\Local\Temp\cc3w7U4a.s 			page 7


 254 0187 05       		.byte	0x5
 255 0188 45       		.byte	0x45
 256 0189 58020000 		.4byte	0x258
 257 018d 04       		.byte	0x4
 258 018e 07       		.uleb128 0x7
 259 018f 9A040000 		.4byte	.LASF32
 260 0193 05       		.byte	0x5
 261 0194 48       		.byte	0x48
 262 0195 F0000000 		.4byte	0xf0
 263 0199 08       		.byte	0x8
 264 019a 07       		.uleb128 0x7
 265 019b 50050000 		.4byte	.LASF33
 266 019f 05       		.byte	0x5
 267 01a0 49       		.byte	0x49
 268 01a1 F0000000 		.4byte	0xf0
 269 01a5 0A       		.byte	0xa
 270 01a6 09       		.uleb128 0x9
 271 01a7 02050000 		.4byte	.LASF34
 272 01ab 05       		.byte	0x5
 273 01ac 4A       		.byte	0x4a
 274 01ad AD000000 		.4byte	0xad
 275 01b1 01       		.byte	0x1
 276 01b2 02       		.byte	0x2
 277 01b3 06       		.byte	0x6
 278 01b4 0C       		.byte	0xc
 279 01b5 07       		.uleb128 0x7
 280 01b6 8D010000 		.4byte	.LASF35
 281 01ba 05       		.byte	0x5
 282 01bb 4C       		.byte	0x4c
 283 01bc A2000000 		.4byte	0xa2
 284 01c0 0D       		.byte	0xd
 285 01c1 07       		.uleb128 0x7
 286 01c2 04080000 		.4byte	.LASF36
 287 01c6 05       		.byte	0x5
 288 01c7 4D       		.byte	0x4d
 289 01c8 A2000000 		.4byte	0xa2
 290 01cc 0E       		.byte	0xe
 291 01cd 0B       		.uleb128 0xb
 292 01ce 64736300 		.ascii	"dsc\000"
 293 01d2 05       		.byte	0x5
 294 01d3 4F       		.byte	0x4f
 295 01d4 5E020000 		.4byte	0x25e
 296 01d8 10       		.byte	0x10
 297 01d9 07       		.uleb128 0x7
 298 01da 310A0000 		.4byte	.LASF37
 299 01de 05       		.byte	0x5
 300 01df 50       		.byte	0x50
 301 01e0 F2010000 		.4byte	0x1f2
 302 01e4 14       		.byte	0x14
 303 01e5 07       		.uleb128 0x7
 304 01e6 00000000 		.4byte	.LASF38
 305 01ea 05       		.byte	0x5
 306 01eb 52       		.byte	0x52
 307 01ec D9000000 		.4byte	0xd9
 308 01f0 18       		.byte	0x18
 309 01f1 00       		.byte	0
 310 01f2 0C       		.uleb128 0xc
ARM GAS  C:\Users\haske\AppData\Local\Temp\cc3w7U4a.s 			page 8


 311 01f3 04       		.byte	0x4
 312 01f4 F8010000 		.4byte	0x1f8
 313 01f8 0D       		.uleb128 0xd
 314 01f9 6A010000 		.4byte	0x16a
 315 01fd 02       		.uleb128 0x2
 316 01fe 7E050000 		.4byte	.LASF39
 317 0202 05       		.byte	0x5
 318 0203 33       		.byte	0x33
 319 0204 FB000000 		.4byte	0xfb
 320 0208 0E       		.uleb128 0xe
 321 0209 26020000 		.4byte	0x226
 322 020d 26020000 		.4byte	0x226
 323 0211 0F       		.uleb128 0xf
 324 0212 F2010000 		.4byte	0x1f2
 325 0216 0F       		.uleb128 0xf
 326 0217 2D020000 		.4byte	0x22d
 327 021b 0F       		.uleb128 0xf
 328 021c CE000000 		.4byte	0xce
 329 0220 0F       		.uleb128 0xf
 330 0221 CE000000 		.4byte	0xce
 331 0225 00       		.byte	0
 332 0226 03       		.uleb128 0x3
 333 0227 01       		.byte	0x1
 334 0228 02       		.byte	0x2
 335 0229 A7070000 		.4byte	.LASF40
 336 022d 0C       		.uleb128 0xc
 337 022e 04       		.byte	0x4
 338 022f FD010000 		.4byte	0x1fd
 339 0233 0C       		.uleb128 0xc
 340 0234 04       		.byte	0x4
 341 0235 08020000 		.4byte	0x208
 342 0239 0E       		.uleb128 0xe
 343 023a 4D020000 		.4byte	0x24d
 344 023e 4D020000 		.4byte	0x24d
 345 0242 0F       		.uleb128 0xf
 346 0243 F2010000 		.4byte	0x1f2
 347 0247 0F       		.uleb128 0xf
 348 0248 CE000000 		.4byte	0xce
 349 024c 00       		.byte	0
 350 024d 0C       		.uleb128 0xc
 351 024e 04       		.byte	0x4
 352 024f 53020000 		.4byte	0x253
 353 0253 0D       		.uleb128 0xd
 354 0254 AD000000 		.4byte	0xad
 355 0258 0C       		.uleb128 0xc
 356 0259 04       		.byte	0x4
 357 025a 39020000 		.4byte	0x239
 358 025e 0C       		.uleb128 0xc
 359 025f 04       		.byte	0x4
 360 0260 64020000 		.4byte	0x264
 361 0264 10       		.uleb128 0x10
 362 0265 02       		.uleb128 0x2
 363 0266 BF000000 		.4byte	.LASF41
 364 026a 05       		.byte	0x5
 365 026b 54       		.byte	0x54
 366 026c 6A010000 		.4byte	0x16a
 367 0270 11       		.uleb128 0x11
ARM GAS  C:\Users\haske\AppData\Local\Temp\cc3w7U4a.s 			page 9


 368 0271 02       		.byte	0x2
 369 0272 66000000 		.4byte	0x66
 370 0276 06       		.byte	0x6
 371 0277 B2       		.byte	0xb2
 372 0278 95040000 		.4byte	0x495
 373 027c 12       		.uleb128 0x12
 374 027d BB020000 		.4byte	.LASF42
 375 0281 00       		.byte	0
 376 0282 12       		.uleb128 0x12
 377 0283 D4010000 		.4byte	.LASF43
 378 0287 01       		.byte	0x1
 379 0288 12       		.uleb128 0x12
 380 0289 87040000 		.4byte	.LASF44
 381 028d 02       		.byte	0x2
 382 028e 12       		.uleb128 0x12
 383 028f B40B0000 		.4byte	.LASF45
 384 0293 03       		.byte	0x3
 385 0294 12       		.uleb128 0x12
 386 0295 5A050000 		.4byte	.LASF46
 387 0299 04       		.byte	0x4
 388 029a 12       		.uleb128 0x12
 389 029b EE040000 		.4byte	.LASF47
 390 029f 05       		.byte	0x5
 391 02a0 12       		.uleb128 0x12
 392 02a1 38060000 		.4byte	.LASF48
 393 02a5 06       		.byte	0x6
 394 02a6 12       		.uleb128 0x12
 395 02a7 F3050000 		.4byte	.LASF49
 396 02ab 07       		.byte	0x7
 397 02ac 12       		.uleb128 0x12
 398 02ad FE050000 		.4byte	.LASF50
 399 02b1 08       		.byte	0x8
 400 02b2 12       		.uleb128 0x12
 401 02b3 DF040000 		.4byte	.LASF51
 402 02b7 09       		.byte	0x9
 403 02b8 12       		.uleb128 0x12
 404 02b9 AB020000 		.4byte	.LASF52
 405 02bd 0A       		.byte	0xa
 406 02be 12       		.uleb128 0x12
 407 02bf C70B0000 		.4byte	.LASF53
 408 02c3 0B       		.byte	0xb
 409 02c4 12       		.uleb128 0x12
 410 02c5 63040000 		.4byte	.LASF54
 411 02c9 10       		.byte	0x10
 412 02ca 12       		.uleb128 0x12
 413 02cb F5020000 		.4byte	.LASF55
 414 02cf 11       		.byte	0x11
 415 02d0 12       		.uleb128 0x12
 416 02d1 03010000 		.4byte	.LASF56
 417 02d5 12       		.byte	0x12
 418 02d6 12       		.uleb128 0x12
 419 02d7 1F030000 		.4byte	.LASF57
 420 02db 13       		.byte	0x13
 421 02dc 12       		.uleb128 0x12
 422 02dd A6080000 		.4byte	.LASF58
 423 02e1 14       		.byte	0x14
 424 02e2 12       		.uleb128 0x12
ARM GAS  C:\Users\haske\AppData\Local\Temp\cc3w7U4a.s 			page 10


 425 02e3 1D0A0000 		.4byte	.LASF59
 426 02e7 15       		.byte	0x15
 427 02e8 12       		.uleb128 0x12
 428 02e9 5E070000 		.4byte	.LASF60
 429 02ed 16       		.byte	0x16
 430 02ee 12       		.uleb128 0x12
 431 02ef 39040000 		.4byte	.LASF61
 432 02f3 17       		.byte	0x17
 433 02f4 12       		.uleb128 0x12
 434 02f5 400A0000 		.4byte	.LASF62
 435 02f9 20       		.byte	0x20
 436 02fa 12       		.uleb128 0x12
 437 02fb 99060000 		.4byte	.LASF63
 438 02ff 21       		.byte	0x21
 439 0300 12       		.uleb128 0x12
 440 0301 55060000 		.4byte	.LASF64
 441 0305 22       		.byte	0x22
 442 0306 12       		.uleb128 0x12
 443 0307 2C000000 		.4byte	.LASF65
 444 030b 23       		.byte	0x23
 445 030c 12       		.uleb128 0x12
 446 030d 9E0B0000 		.4byte	.LASF66
 447 0311 24       		.byte	0x24
 448 0312 12       		.uleb128 0x12
 449 0313 6E030000 		.4byte	.LASF67
 450 0317 25       		.byte	0x25
 451 0318 12       		.uleb128 0x12
 452 0319 ED0A0000 		.4byte	.LASF68
 453 031d 26       		.byte	0x26
 454 031e 12       		.uleb128 0x12
 455 031f 20060000 		.4byte	.LASF69
 456 0323 27       		.byte	0x27
 457 0324 12       		.uleb128 0x12
 458 0325 79000000 		.4byte	.LASF70
 459 0329 28       		.byte	0x28
 460 032a 12       		.uleb128 0x12
 461 032b 85060000 		.4byte	.LASF71
 462 032f 29       		.byte	0x29
 463 0330 12       		.uleb128 0x12
 464 0331 D2060000 		.4byte	.LASF72
 465 0335 2A       		.byte	0x2a
 466 0336 12       		.uleb128 0x12
 467 0337 35010000 		.4byte	.LASF73
 468 033b 2B       		.byte	0x2b
 469 033c 12       		.uleb128 0x12
 470 033d 340B0000 		.4byte	.LASF74
 471 0341 2C       		.byte	0x2c
 472 0342 12       		.uleb128 0x12
 473 0343 880B0000 		.4byte	.LASF75
 474 0347 30       		.byte	0x30
 475 0348 12       		.uleb128 0x12
 476 0349 C5070000 		.4byte	.LASF76
 477 034d 31       		.byte	0x31
 478 034e 12       		.uleb128 0x12
 479 034f 32030000 		.4byte	.LASF77
 480 0353 32       		.byte	0x32
 481 0354 12       		.uleb128 0x12
ARM GAS  C:\Users\haske\AppData\Local\Temp\cc3w7U4a.s 			page 11


 482 0355 12040000 		.4byte	.LASF78
 483 0359 33       		.byte	0x33
 484 035a 12       		.uleb128 0x12
 485 035b FF060000 		.4byte	.LASF79
 486 035f 34       		.byte	0x34
 487 0360 12       		.uleb128 0x12
 488 0361 09060000 		.4byte	.LASF80
 489 0365 35       		.byte	0x35
 490 0366 12       		.uleb128 0x12
 491 0367 62000000 		.4byte	.LASF81
 492 036b 36       		.byte	0x36
 493 036c 12       		.uleb128 0x12
 494 036d 4E040000 		.4byte	.LASF82
 495 0371 37       		.byte	0x37
 496 0372 12       		.uleb128 0x12
 497 0373 56020000 		.4byte	.LASF83
 498 0377 38       		.byte	0x38
 499 0378 12       		.uleb128 0x12
 500 0379 8C020000 		.4byte	.LASF84
 501 037d 40       		.byte	0x40
 502 037e 12       		.uleb128 0x12
 503 037f C9000000 		.4byte	.LASF85
 504 0383 41       		.byte	0x41
 505 0384 12       		.uleb128 0x12
 506 0385 40020000 		.4byte	.LASF86
 507 0389 42       		.byte	0x42
 508 038a 12       		.uleb128 0x12
 509 038b 14070000 		.4byte	.LASF87
 510 038f 43       		.byte	0x43
 511 0390 12       		.uleb128 0x12
 512 0391 4A0B0000 		.4byte	.LASF88
 513 0395 44       		.byte	0x44
 514 0396 12       		.uleb128 0x12
 515 0397 FE030000 		.4byte	.LASF89
 516 039b 45       		.byte	0x45
 517 039c 12       		.uleb128 0x12
 518 039d 1B000000 		.4byte	.LASF90
 519 03a1 46       		.byte	0x46
 520 03a2 12       		.uleb128 0x12
 521 03a3 20010000 		.4byte	.LASF91
 522 03a7 47       		.byte	0x47
 523 03a8 12       		.uleb128 0x12
 524 03a9 DA050000 		.4byte	.LASF92
 525 03ad 48       		.byte	0x48
 526 03ae 12       		.uleb128 0x12
 527 03af E1020000 		.4byte	.LASF93
 528 03b3 49       		.byte	0x49
 529 03b4 12       		.uleb128 0x12
 530 03b5 720A0000 		.4byte	.LASF94
 531 03b9 4A       		.byte	0x4a
 532 03ba 12       		.uleb128 0x12
 533 03bb 41000000 		.4byte	.LASF95
 534 03bf 4B       		.byte	0x4b
 535 03c0 12       		.uleb128 0x12
 536 03c1 09030000 		.4byte	.LASF96
 537 03c5 4C       		.byte	0x4c
 538 03c6 12       		.uleb128 0x12
ARM GAS  C:\Users\haske\AppData\Local\Temp\cc3w7U4a.s 			page 12


 539 03c7 77080000 		.4byte	.LASF97
 540 03cb 4D       		.byte	0x4d
 541 03cc 12       		.uleb128 0x12
 542 03cd 4C070000 		.4byte	.LASF98
 543 03d1 4E       		.byte	0x4e
 544 03d2 12       		.uleb128 0x12
 545 03d3 79020000 		.4byte	.LASF99
 546 03d7 50       		.byte	0x50
 547 03d8 12       		.uleb128 0x12
 548 03d9 4E080000 		.4byte	.LASF100
 549 03dd 51       		.byte	0x51
 550 03de 12       		.uleb128 0x12
 551 03df 190B0000 		.4byte	.LASF101
 552 03e3 52       		.byte	0x52
 553 03e4 12       		.uleb128 0x12
 554 03e5 AA030000 		.4byte	.LASF102
 555 03e9 53       		.byte	0x53
 556 03ea 12       		.uleb128 0x12
 557 03eb BD060000 		.4byte	.LASF103
 558 03ef 54       		.byte	0x54
 559 03f0 12       		.uleb128 0x12
 560 03f1 C0010000 		.4byte	.LASF104
 561 03f5 55       		.byte	0x55
 562 03f6 12       		.uleb128 0x12
 563 03f7 EA0B0000 		.4byte	.LASF105
 564 03fb 56       		.byte	0x56
 565 03fc 12       		.uleb128 0x12
 566 03fd A0010000 		.4byte	.LASF106
 567 0401 57       		.byte	0x57
 568 0402 12       		.uleb128 0x12
 569 0403 8D000000 		.4byte	.LASF107
 570 0407 58       		.byte	0x58
 571 0408 12       		.uleb128 0x12
 572 0409 590A0000 		.4byte	.LASF108
 573 040d 59       		.byte	0x59
 574 040e 12       		.uleb128 0x12
 575 040f A9060000 		.4byte	.LASF109
 576 0413 5A       		.byte	0x5a
 577 0414 12       		.uleb128 0x12
 578 0415 63080000 		.4byte	.LASF110
 579 0419 5B       		.byte	0x5b
 580 041a 12       		.uleb128 0x12
 581 041b 80070000 		.4byte	.LASF111
 582 041f 60       		.byte	0x60
 583 0420 12       		.uleb128 0x12
 584 0421 73010000 		.4byte	.LASF112
 585 0425 61       		.byte	0x61
 586 0426 12       		.uleb128 0x12
 587 0427 8D090000 		.4byte	.LASF113
 588 042b 62       		.byte	0x62
 589 042c 12       		.uleb128 0x12
 590 042d 6B020000 		.4byte	.LASF114
 591 0431 63       		.byte	0x63
 592 0432 12       		.uleb128 0x12
 593 0433 0A0A0000 		.4byte	.LASF115
 594 0437 64       		.byte	0x64
 595 0438 12       		.uleb128 0x12
ARM GAS  C:\Users\haske\AppData\Local\Temp\cc3w7U4a.s 			page 13


 596 0439 CD020000 		.4byte	.LASF116
 597 043d 65       		.byte	0x65
 598 043e 12       		.uleb128 0x12
 599 043f 6A050000 		.4byte	.LASF117
 600 0443 66       		.byte	0x66
 601 0444 12       		.uleb128 0x12
 602 0445 2B070000 		.4byte	.LASF118
 603 0449 67       		.byte	0x67
 604 044a 12       		.uleb128 0x12
 605 044b EB070000 		.4byte	.LASF119
 606 044f 68       		.byte	0x68
 607 0450 12       		.uleb128 0x12
 608 0451 B50A0000 		.4byte	.LASF120
 609 0455 69       		.byte	0x69
 610 0456 12       		.uleb128 0x12
 611 0457 E3010000 		.4byte	.LASF121
 612 045b 6A       		.byte	0x6a
 613 045c 12       		.uleb128 0x12
 614 045d F8010000 		.4byte	.LASF122
 615 0461 6B       		.byte	0x6b
 616 0462 12       		.uleb128 0x12
 617 0463 49090000 		.4byte	.LASF123
 618 0467 6C       		.byte	0x6c
 619 0468 12       		.uleb128 0x12
 620 0469 35080000 		.4byte	.LASF124
 621 046d 6D       		.byte	0x6d
 622 046e 12       		.uleb128 0x12
 623 046f 8B0A0000 		.4byte	.LASF125
 624 0473 6E       		.byte	0x6e
 625 0474 12       		.uleb128 0x12
 626 0475 8B080000 		.4byte	.LASF126
 627 0479 6F       		.byte	0x6f
 628 047a 12       		.uleb128 0x12
 629 047b 18080000 		.4byte	.LASF127
 630 047f 6F       		.byte	0x6f
 631 0480 12       		.uleb128 0x12
 632 0481 20050000 		.4byte	.LASF128
 633 0485 70       		.byte	0x70
 634 0486 13       		.uleb128 0x13
 635 0487 D9070000 		.4byte	.LASF129
 636 048b FFFF     		.2byte	0xffff
 637 048d 13       		.uleb128 0x13
 638 048e EA060000 		.4byte	.LASF130
 639 0492 FFFF     		.2byte	0xffff
 640 0494 00       		.byte	0
 641 0495 14       		.uleb128 0x14
 642 0496 70070000 		.4byte	.LASF131
 643 049a 06       		.byte	0x6
 644 049b 1C01     		.2byte	0x11c
 645 049d 70020000 		.4byte	0x270
 646 04a1 0D       		.uleb128 0xd
 647 04a2 65020000 		.4byte	0x265
 648 04a6 15       		.uleb128 0x15
 649 04a7 29020000 		.4byte	.LASF154
 650 04ab 01       		.byte	0x1
 651 04ac 23       		.byte	0x23
 652 04ad 00000000 		.4byte	.LFB202
ARM GAS  C:\Users\haske\AppData\Local\Temp\cc3w7U4a.s 			page 14


 653 04b1 0C000000 		.4byte	.LFE202-.LFB202
 654 04b5 01       		.uleb128 0x1
 655 04b6 9C       		.byte	0x9c
 656 04b7 CE040000 		.4byte	0x4ce
 657 04bb 16       		.uleb128 0x16
 658 04bc 06000000 		.4byte	.LVL0
 659 04c0 7E050000 		.4byte	0x57e
 660 04c4 16       		.uleb128 0x16
 661 04c5 0A000000 		.4byte	.LVL1
 662 04c9 89050000 		.4byte	0x589
 663 04cd 00       		.byte	0
 664 04ce 17       		.uleb128 0x17
 665 04cf 600B0000 		.4byte	.LASF132
 666 04d3 05       		.byte	0x5
 667 04d4 94       		.byte	0x94
 668 04d5 A1040000 		.4byte	0x4a1
 669 04d9 17       		.uleb128 0x17
 670 04da D70B0000 		.4byte	.LASF133
 671 04de 07       		.byte	0x7
 672 04df 3D       		.byte	0x3d
 673 04e0 95040000 		.4byte	0x495
 674 04e4 17       		.uleb128 0x17
 675 04e5 6C060000 		.4byte	.LASF134
 676 04e9 07       		.byte	0x7
 677 04ea 3E       		.byte	0x3e
 678 04eb 95040000 		.4byte	0x495
 679 04ef 17       		.uleb128 0x17
 680 04f0 8D070000 		.4byte	.LASF135
 681 04f4 07       		.byte	0x7
 682 04f5 3F       		.byte	0x3f
 683 04f6 95040000 		.4byte	0x495
 684 04fa 17       		.uleb128 0x17
 685 04fb B2090000 		.4byte	.LASF136
 686 04ff 07       		.byte	0x7
 687 0500 40       		.byte	0x40
 688 0501 95040000 		.4byte	0x495
 689 0505 17       		.uleb128 0x17
 690 0506 3D050000 		.4byte	.LASF137
 691 050a 07       		.byte	0x7
 692 050b 41       		.byte	0x41
 693 050c 95040000 		.4byte	0x495
 694 0510 17       		.uleb128 0x17
 695 0511 CC090000 		.4byte	.LASF138
 696 0515 08       		.byte	0x8
 697 0516 39       		.byte	0x39
 698 0517 95040000 		.4byte	0x495
 699 051b 17       		.uleb128 0x17
 700 051c FE0A0000 		.4byte	.LASF139
 701 0520 08       		.byte	0x8
 702 0521 3A       		.byte	0x3a
 703 0522 95040000 		.4byte	0x495
 704 0526 17       		.uleb128 0x17
 705 0527 0D020000 		.4byte	.LASF140
 706 052b 08       		.byte	0x8
 707 052c 3B       		.byte	0x3b
 708 052d 95040000 		.4byte	0x495
 709 0531 17       		.uleb128 0x17
ARM GAS  C:\Users\haske\AppData\Local\Temp\cc3w7U4a.s 			page 15


 710 0532 08050000 		.4byte	.LASF141
 711 0536 08       		.byte	0x8
 712 0537 3C       		.byte	0x3c
 713 0538 95040000 		.4byte	0x495
 714 053c 17       		.uleb128 0x17
 715 053d CF0A0000 		.4byte	.LASF142
 716 0541 08       		.byte	0x8
 717 0542 3D       		.byte	0x3d
 718 0543 95040000 		.4byte	0x495
 719 0547 17       		.uleb128 0x17
 720 0548 EB090000 		.4byte	.LASF143
 721 054c 08       		.byte	0x8
 722 054d 3E       		.byte	0x3e
 723 054e 95040000 		.4byte	0x495
 724 0552 17       		.uleb128 0x17
 725 0553 6D090000 		.4byte	.LASF144
 726 0557 08       		.byte	0x8
 727 0558 3F       		.byte	0x3f
 728 0559 95040000 		.4byte	0x495
 729 055d 17       		.uleb128 0x17
 730 055e E8000000 		.4byte	.LASF145
 731 0562 08       		.byte	0x8
 732 0563 40       		.byte	0x40
 733 0564 95040000 		.4byte	0x495
 734 0568 17       		.uleb128 0x17
 735 0569 CA030000 		.4byte	.LASF146
 736 056d 08       		.byte	0x8
 737 056e 41       		.byte	0x41
 738 056f 95040000 		.4byte	0x495
 739 0573 17       		.uleb128 0x17
 740 0574 48030000 		.4byte	.LASF147
 741 0578 08       		.byte	0x8
 742 0579 42       		.byte	0x42
 743 057a 95040000 		.4byte	0x495
 744 057e 18       		.uleb128 0x18
 745 057f B3010000 		.4byte	.LASF148
 746 0583 B3010000 		.4byte	.LASF148
 747 0587 07       		.byte	0x7
 748 0588 4B       		.byte	0x4b
 749 0589 18       		.uleb128 0x18
 750 058a 3F070000 		.4byte	.LASF149
 751 058e 3F070000 		.4byte	.LASF149
 752 0592 08       		.byte	0x8
 753 0593 48       		.byte	0x48
 754 0594 00       		.byte	0
 755              		.section	.debug_abbrev,"",%progbits
 756              	.Ldebug_abbrev0:
 757 0000 01       		.uleb128 0x1
 758 0001 11       		.uleb128 0x11
 759 0002 01       		.byte	0x1
 760 0003 25       		.uleb128 0x25
 761 0004 0E       		.uleb128 0xe
 762 0005 13       		.uleb128 0x13
 763 0006 0B       		.uleb128 0xb
 764 0007 03       		.uleb128 0x3
 765 0008 0E       		.uleb128 0xe
 766 0009 1B       		.uleb128 0x1b
ARM GAS  C:\Users\haske\AppData\Local\Temp\cc3w7U4a.s 			page 16


 767 000a 0E       		.uleb128 0xe
 768 000b 55       		.uleb128 0x55
 769 000c 17       		.uleb128 0x17
 770 000d 11       		.uleb128 0x11
 771 000e 01       		.uleb128 0x1
 772 000f 10       		.uleb128 0x10
 773 0010 17       		.uleb128 0x17
 774 0011 00       		.byte	0
 775 0012 00       		.byte	0
 776 0013 02       		.uleb128 0x2
 777 0014 16       		.uleb128 0x16
 778 0015 00       		.byte	0
 779 0016 03       		.uleb128 0x3
 780 0017 0E       		.uleb128 0xe
 781 0018 3A       		.uleb128 0x3a
 782 0019 0B       		.uleb128 0xb
 783 001a 3B       		.uleb128 0x3b
 784 001b 0B       		.uleb128 0xb
 785 001c 49       		.uleb128 0x49
 786 001d 13       		.uleb128 0x13
 787 001e 00       		.byte	0
 788 001f 00       		.byte	0
 789 0020 03       		.uleb128 0x3
 790 0021 24       		.uleb128 0x24
 791 0022 00       		.byte	0
 792 0023 0B       		.uleb128 0xb
 793 0024 0B       		.uleb128 0xb
 794 0025 3E       		.uleb128 0x3e
 795 0026 0B       		.uleb128 0xb
 796 0027 03       		.uleb128 0x3
 797 0028 0E       		.uleb128 0xe
 798 0029 00       		.byte	0
 799 002a 00       		.byte	0
 800 002b 04       		.uleb128 0x4
 801 002c 24       		.uleb128 0x24
 802 002d 00       		.byte	0
 803 002e 0B       		.uleb128 0xb
 804 002f 0B       		.uleb128 0xb
 805 0030 3E       		.uleb128 0x3e
 806 0031 0B       		.uleb128 0xb
 807 0032 03       		.uleb128 0x3
 808 0033 08       		.uleb128 0x8
 809 0034 00       		.byte	0
 810 0035 00       		.byte	0
 811 0036 05       		.uleb128 0x5
 812 0037 0F       		.uleb128 0xf
 813 0038 00       		.byte	0
 814 0039 0B       		.uleb128 0xb
 815 003a 0B       		.uleb128 0xb
 816 003b 00       		.byte	0
 817 003c 00       		.byte	0
 818 003d 06       		.uleb128 0x6
 819 003e 13       		.uleb128 0x13
 820 003f 01       		.byte	0x1
 821 0040 0B       		.uleb128 0xb
 822 0041 0B       		.uleb128 0xb
 823 0042 3A       		.uleb128 0x3a
ARM GAS  C:\Users\haske\AppData\Local\Temp\cc3w7U4a.s 			page 17


 824 0043 0B       		.uleb128 0xb
 825 0044 3B       		.uleb128 0x3b
 826 0045 0B       		.uleb128 0xb
 827 0046 01       		.uleb128 0x1
 828 0047 13       		.uleb128 0x13
 829 0048 00       		.byte	0
 830 0049 00       		.byte	0
 831 004a 07       		.uleb128 0x7
 832 004b 0D       		.uleb128 0xd
 833 004c 00       		.byte	0
 834 004d 03       		.uleb128 0x3
 835 004e 0E       		.uleb128 0xe
 836 004f 3A       		.uleb128 0x3a
 837 0050 0B       		.uleb128 0xb
 838 0051 3B       		.uleb128 0x3b
 839 0052 0B       		.uleb128 0xb
 840 0053 49       		.uleb128 0x49
 841 0054 13       		.uleb128 0x13
 842 0055 38       		.uleb128 0x38
 843 0056 0B       		.uleb128 0xb
 844 0057 00       		.byte	0
 845 0058 00       		.byte	0
 846 0059 08       		.uleb128 0x8
 847 005a 0D       		.uleb128 0xd
 848 005b 00       		.byte	0
 849 005c 03       		.uleb128 0x3
 850 005d 08       		.uleb128 0x8
 851 005e 3A       		.uleb128 0x3a
 852 005f 0B       		.uleb128 0xb
 853 0060 3B       		.uleb128 0x3b
 854 0061 0B       		.uleb128 0xb
 855 0062 49       		.uleb128 0x49
 856 0063 13       		.uleb128 0x13
 857 0064 0B       		.uleb128 0xb
 858 0065 0B       		.uleb128 0xb
 859 0066 0D       		.uleb128 0xd
 860 0067 0B       		.uleb128 0xb
 861 0068 0C       		.uleb128 0xc
 862 0069 0B       		.uleb128 0xb
 863 006a 38       		.uleb128 0x38
 864 006b 0B       		.uleb128 0xb
 865 006c 00       		.byte	0
 866 006d 00       		.byte	0
 867 006e 09       		.uleb128 0x9
 868 006f 0D       		.uleb128 0xd
 869 0070 00       		.byte	0
 870 0071 03       		.uleb128 0x3
 871 0072 0E       		.uleb128 0xe
 872 0073 3A       		.uleb128 0x3a
 873 0074 0B       		.uleb128 0xb
 874 0075 3B       		.uleb128 0x3b
 875 0076 0B       		.uleb128 0xb
 876 0077 49       		.uleb128 0x49
 877 0078 13       		.uleb128 0x13
 878 0079 0B       		.uleb128 0xb
 879 007a 0B       		.uleb128 0xb
 880 007b 0D       		.uleb128 0xd
ARM GAS  C:\Users\haske\AppData\Local\Temp\cc3w7U4a.s 			page 18


 881 007c 0B       		.uleb128 0xb
 882 007d 0C       		.uleb128 0xc
 883 007e 0B       		.uleb128 0xb
 884 007f 38       		.uleb128 0x38
 885 0080 0B       		.uleb128 0xb
 886 0081 00       		.byte	0
 887 0082 00       		.byte	0
 888 0083 0A       		.uleb128 0xa
 889 0084 13       		.uleb128 0x13
 890 0085 01       		.byte	0x1
 891 0086 03       		.uleb128 0x3
 892 0087 0E       		.uleb128 0xe
 893 0088 0B       		.uleb128 0xb
 894 0089 0B       		.uleb128 0xb
 895 008a 3A       		.uleb128 0x3a
 896 008b 0B       		.uleb128 0xb
 897 008c 3B       		.uleb128 0x3b
 898 008d 0B       		.uleb128 0xb
 899 008e 01       		.uleb128 0x1
 900 008f 13       		.uleb128 0x13
 901 0090 00       		.byte	0
 902 0091 00       		.byte	0
 903 0092 0B       		.uleb128 0xb
 904 0093 0D       		.uleb128 0xd
 905 0094 00       		.byte	0
 906 0095 03       		.uleb128 0x3
 907 0096 08       		.uleb128 0x8
 908 0097 3A       		.uleb128 0x3a
 909 0098 0B       		.uleb128 0xb
 910 0099 3B       		.uleb128 0x3b
 911 009a 0B       		.uleb128 0xb
 912 009b 49       		.uleb128 0x49
 913 009c 13       		.uleb128 0x13
 914 009d 38       		.uleb128 0x38
 915 009e 0B       		.uleb128 0xb
 916 009f 00       		.byte	0
 917 00a0 00       		.byte	0
 918 00a1 0C       		.uleb128 0xc
 919 00a2 0F       		.uleb128 0xf
 920 00a3 00       		.byte	0
 921 00a4 0B       		.uleb128 0xb
 922 00a5 0B       		.uleb128 0xb
 923 00a6 49       		.uleb128 0x49
 924 00a7 13       		.uleb128 0x13
 925 00a8 00       		.byte	0
 926 00a9 00       		.byte	0
 927 00aa 0D       		.uleb128 0xd
 928 00ab 26       		.uleb128 0x26
 929 00ac 00       		.byte	0
 930 00ad 49       		.uleb128 0x49
 931 00ae 13       		.uleb128 0x13
 932 00af 00       		.byte	0
 933 00b0 00       		.byte	0
 934 00b1 0E       		.uleb128 0xe
 935 00b2 15       		.uleb128 0x15
 936 00b3 01       		.byte	0x1
 937 00b4 27       		.uleb128 0x27
ARM GAS  C:\Users\haske\AppData\Local\Temp\cc3w7U4a.s 			page 19


 938 00b5 19       		.uleb128 0x19
 939 00b6 49       		.uleb128 0x49
 940 00b7 13       		.uleb128 0x13
 941 00b8 01       		.uleb128 0x1
 942 00b9 13       		.uleb128 0x13
 943 00ba 00       		.byte	0
 944 00bb 00       		.byte	0
 945 00bc 0F       		.uleb128 0xf
 946 00bd 05       		.uleb128 0x5
 947 00be 00       		.byte	0
 948 00bf 49       		.uleb128 0x49
 949 00c0 13       		.uleb128 0x13
 950 00c1 00       		.byte	0
 951 00c2 00       		.byte	0
 952 00c3 10       		.uleb128 0x10
 953 00c4 26       		.uleb128 0x26
 954 00c5 00       		.byte	0
 955 00c6 00       		.byte	0
 956 00c7 00       		.byte	0
 957 00c8 11       		.uleb128 0x11
 958 00c9 04       		.uleb128 0x4
 959 00ca 01       		.byte	0x1
 960 00cb 0B       		.uleb128 0xb
 961 00cc 0B       		.uleb128 0xb
 962 00cd 49       		.uleb128 0x49
 963 00ce 13       		.uleb128 0x13
 964 00cf 3A       		.uleb128 0x3a
 965 00d0 0B       		.uleb128 0xb
 966 00d1 3B       		.uleb128 0x3b
 967 00d2 0B       		.uleb128 0xb
 968 00d3 01       		.uleb128 0x1
 969 00d4 13       		.uleb128 0x13
 970 00d5 00       		.byte	0
 971 00d6 00       		.byte	0
 972 00d7 12       		.uleb128 0x12
 973 00d8 28       		.uleb128 0x28
 974 00d9 00       		.byte	0
 975 00da 03       		.uleb128 0x3
 976 00db 0E       		.uleb128 0xe
 977 00dc 1C       		.uleb128 0x1c
 978 00dd 0B       		.uleb128 0xb
 979 00de 00       		.byte	0
 980 00df 00       		.byte	0
 981 00e0 13       		.uleb128 0x13
 982 00e1 28       		.uleb128 0x28
 983 00e2 00       		.byte	0
 984 00e3 03       		.uleb128 0x3
 985 00e4 0E       		.uleb128 0xe
 986 00e5 1C       		.uleb128 0x1c
 987 00e6 05       		.uleb128 0x5
 988 00e7 00       		.byte	0
 989 00e8 00       		.byte	0
 990 00e9 14       		.uleb128 0x14
 991 00ea 16       		.uleb128 0x16
 992 00eb 00       		.byte	0
 993 00ec 03       		.uleb128 0x3
 994 00ed 0E       		.uleb128 0xe
ARM GAS  C:\Users\haske\AppData\Local\Temp\cc3w7U4a.s 			page 20


 995 00ee 3A       		.uleb128 0x3a
 996 00ef 0B       		.uleb128 0xb
 997 00f0 3B       		.uleb128 0x3b
 998 00f1 05       		.uleb128 0x5
 999 00f2 49       		.uleb128 0x49
 1000 00f3 13       		.uleb128 0x13
 1001 00f4 00       		.byte	0
 1002 00f5 00       		.byte	0
 1003 00f6 15       		.uleb128 0x15
 1004 00f7 2E       		.uleb128 0x2e
 1005 00f8 01       		.byte	0x1
 1006 00f9 3F       		.uleb128 0x3f
 1007 00fa 19       		.uleb128 0x19
 1008 00fb 03       		.uleb128 0x3
 1009 00fc 0E       		.uleb128 0xe
 1010 00fd 3A       		.uleb128 0x3a
 1011 00fe 0B       		.uleb128 0xb
 1012 00ff 3B       		.uleb128 0x3b
 1013 0100 0B       		.uleb128 0xb
 1014 0101 27       		.uleb128 0x27
 1015 0102 19       		.uleb128 0x19
 1016 0103 11       		.uleb128 0x11
 1017 0104 01       		.uleb128 0x1
 1018 0105 12       		.uleb128 0x12
 1019 0106 06       		.uleb128 0x6
 1020 0107 40       		.uleb128 0x40
 1021 0108 18       		.uleb128 0x18
 1022 0109 9742     		.uleb128 0x2117
 1023 010b 19       		.uleb128 0x19
 1024 010c 01       		.uleb128 0x1
 1025 010d 13       		.uleb128 0x13
 1026 010e 00       		.byte	0
 1027 010f 00       		.byte	0
 1028 0110 16       		.uleb128 0x16
 1029 0111 898201   		.uleb128 0x4109
 1030 0114 00       		.byte	0
 1031 0115 11       		.uleb128 0x11
 1032 0116 01       		.uleb128 0x1
 1033 0117 31       		.uleb128 0x31
 1034 0118 13       		.uleb128 0x13
 1035 0119 00       		.byte	0
 1036 011a 00       		.byte	0
 1037 011b 17       		.uleb128 0x17
 1038 011c 34       		.uleb128 0x34
 1039 011d 00       		.byte	0
 1040 011e 03       		.uleb128 0x3
 1041 011f 0E       		.uleb128 0xe
 1042 0120 3A       		.uleb128 0x3a
 1043 0121 0B       		.uleb128 0xb
 1044 0122 3B       		.uleb128 0x3b
 1045 0123 0B       		.uleb128 0xb
 1046 0124 49       		.uleb128 0x49
 1047 0125 13       		.uleb128 0x13
 1048 0126 3F       		.uleb128 0x3f
 1049 0127 19       		.uleb128 0x19
 1050 0128 3C       		.uleb128 0x3c
 1051 0129 19       		.uleb128 0x19
ARM GAS  C:\Users\haske\AppData\Local\Temp\cc3w7U4a.s 			page 21


 1052 012a 00       		.byte	0
 1053 012b 00       		.byte	0
 1054 012c 18       		.uleb128 0x18
 1055 012d 2E       		.uleb128 0x2e
 1056 012e 00       		.byte	0
 1057 012f 3F       		.uleb128 0x3f
 1058 0130 19       		.uleb128 0x19
 1059 0131 3C       		.uleb128 0x3c
 1060 0132 19       		.uleb128 0x19
 1061 0133 6E       		.uleb128 0x6e
 1062 0134 0E       		.uleb128 0xe
 1063 0135 03       		.uleb128 0x3
 1064 0136 0E       		.uleb128 0xe
 1065 0137 3A       		.uleb128 0x3a
 1066 0138 0B       		.uleb128 0xb
 1067 0139 3B       		.uleb128 0x3b
 1068 013a 0B       		.uleb128 0xb
 1069 013b 00       		.byte	0
 1070 013c 00       		.byte	0
 1071 013d 00       		.byte	0
 1072              		.section	.debug_aranges,"",%progbits
 1073 0000 1C000000 		.4byte	0x1c
 1074 0004 0200     		.2byte	0x2
 1075 0006 00000000 		.4byte	.Ldebug_info0
 1076 000a 04       		.byte	0x4
 1077 000b 00       		.byte	0
 1078 000c 0000     		.2byte	0
 1079 000e 0000     		.2byte	0
 1080 0010 00000000 		.4byte	.LFB202
 1081 0014 0C000000 		.4byte	.LFE202-.LFB202
 1082 0018 00000000 		.4byte	0
 1083 001c 00000000 		.4byte	0
 1084              		.section	.debug_ranges,"",%progbits
 1085              	.Ldebug_ranges0:
 1086 0000 00000000 		.4byte	.LFB202
 1087 0004 0C000000 		.4byte	.LFE202
 1088 0008 00000000 		.4byte	0
 1089 000c 00000000 		.4byte	0
 1090              		.section	.debug_line,"",%progbits
 1091              	.Ldebug_line0:
 1092 0000 F7020000 		.section	.debug_str,"MS",%progbits,1
 1092      0200DD02 
 1092      00000201 
 1092      FB0E0D00 
 1092      01010101 
 1093              	.LASF38:
 1094 0000 75736572 		.ascii	"user_data\000"
 1094      5F646174 
 1094      6100
 1095              	.LASF31:
 1096 000a 6765745F 		.ascii	"get_glyph_bitmap\000"
 1096      676C7970 
 1096      685F6269 
 1096      746D6170 
 1096      00
 1097              	.LASF90:
 1098 001b 4C565F53 		.ascii	"LV_STYLE_IMG_OPA\000"
ARM GAS  C:\Users\haske\AppData\Local\Temp\cc3w7U4a.s 			page 22


 1098      54594C45 
 1098      5F494D47 
 1098      5F4F5041 
 1098      00
 1099              	.LASF65:
 1100 002c 4C565F53 		.ascii	"LV_STYLE_BG_GRAD_DIR\000"
 1100      54594C45 
 1100      5F42475F 
 1100      47524144 
 1100      5F444952 
 1101              	.LASF95:
 1102 0041 4C565F53 		.ascii	"LV_STYLE_LINE_DASH_GAP\000"
 1102      54594C45 
 1102      5F4C494E 
 1102      455F4441 
 1102      53485F47 
 1103              	.LASF1:
 1104 0058 5F5F7569 		.ascii	"__uint8_t\000"
 1104      6E74385F 
 1104      7400
 1105              	.LASF81:
 1106 0062 4C565F53 		.ascii	"LV_STYLE_OUTLINE_COLOR\000"
 1106      54594C45 
 1106      5F4F5554 
 1106      4C494E45 
 1106      5F434F4C 
 1107              	.LASF70:
 1108 0079 4C565F53 		.ascii	"LV_STYLE_BG_IMG_SRC\000"
 1108      54594C45 
 1108      5F42475F 
 1108      494D475F 
 1108      53524300 
 1109              	.LASF107:
 1110 008d 4C565F53 		.ascii	"LV_STYLE_TEXT_LETTER_SPACE\000"
 1110      54594C45 
 1110      5F544558 
 1110      545F4C45 
 1110      54544552 
 1111              	.LASF12:
 1112 00a8 6C6F6E67 		.ascii	"long long unsigned int\000"
 1112      206C6F6E 
 1112      6720756E 
 1112      7369676E 
 1112      65642069 
 1113              	.LASF41:
 1114 00bf 6C765F66 		.ascii	"lv_font_t\000"
 1114      6F6E745F 
 1114      7400
 1115              	.LASF85:
 1116 00c9 4C565F53 		.ascii	"LV_STYLE_SHADOW_OFS_X\000"
 1116      54594C45 
 1116      5F534841 
 1116      444F575F 
 1116      4F46535F 
 1117              	.LASF0:
 1118 00df 5F5F696E 		.ascii	"__int8_t\000"
 1118      74385F74 
ARM GAS  C:\Users\haske\AppData\Local\Temp\cc3w7U4a.s 			page 23


 1118      00
 1119              	.LASF145:
 1120 00e8 4C565F53 		.ascii	"LV_STYLE_GRID_CELL_ROW_POS\000"
 1120      54594C45 
 1120      5F475249 
 1120      445F4345 
 1120      4C4C5F52 
 1121              	.LASF56:
 1122 0103 4C565F53 		.ascii	"LV_STYLE_PAD_LEFT\000"
 1122      54594C45 
 1122      5F504144 
 1122      5F4C4546 
 1122      5400
 1123              	.LASF22:
 1124 0115 6C765F63 		.ascii	"lv_coord_t\000"
 1124      6F6F7264 
 1124      5F7400
 1125              	.LASF91:
 1126 0120 4C565F53 		.ascii	"LV_STYLE_IMG_RECOLOR\000"
 1126      54594C45 
 1126      5F494D47 
 1126      5F524543 
 1126      4F4C4F52 
 1127              	.LASF73:
 1128 0135 4C565F53 		.ascii	"LV_STYLE_BG_IMG_RECOLOR_OPA\000"
 1128      54594C45 
 1128      5F42475F 
 1128      494D475F 
 1128      5245434F 
 1129              	.LASF16:
 1130 0151 696E7431 		.ascii	"int16_t\000"
 1130      365F7400 
 1131              	.LASF11:
 1132 0159 6C6F6E67 		.ascii	"long long int\000"
 1132      206C6F6E 
 1132      6720696E 
 1132      7400
 1133              	.LASF2:
 1134 0167 7369676E 		.ascii	"signed char\000"
 1134      65642063 
 1134      68617200 
 1135              	.LASF112:
 1136 0173 4C565F53 		.ascii	"LV_STYLE_COLOR_FILTER_DSC\000"
 1136      54594C45 
 1136      5F434F4C 
 1136      4F525F46 
 1136      494C5445 
 1137              	.LASF35:
 1138 018d 756E6465 		.ascii	"underline_position\000"
 1138      726C696E 
 1138      655F706F 
 1138      73697469 
 1138      6F6E00
 1139              	.LASF106:
 1140 01a0 4C565F53 		.ascii	"LV_STYLE_TEXT_FONT\000"
 1140      54594C45 
 1140      5F544558 
ARM GAS  C:\Users\haske\AppData\Local\Temp\cc3w7U4a.s 			page 24


 1140      545F464F 
 1140      4E5400
 1141              	.LASF148:
 1142 01b3 6C765F66 		.ascii	"lv_flex_init\000"
 1142      6C65785F 
 1142      696E6974 
 1142      00
 1143              	.LASF104:
 1144 01c0 4C565F53 		.ascii	"LV_STYLE_TEXT_COLOR\000"
 1144      54594C45 
 1144      5F544558 
 1144      545F434F 
 1144      4C4F5200 
 1145              	.LASF43:
 1146 01d4 4C565F53 		.ascii	"LV_STYLE_WIDTH\000"
 1146      54594C45 
 1146      5F574944 
 1146      544800
 1147              	.LASF121:
 1148 01e3 4C565F53 		.ascii	"LV_STYLE_TRANSLATE_X\000"
 1148      54594C45 
 1148      5F545241 
 1148      4E534C41 
 1148      54455F58 
 1149              	.LASF122:
 1150 01f8 4C565F53 		.ascii	"LV_STYLE_TRANSLATE_Y\000"
 1150      54594C45 
 1150      5F545241 
 1150      4E534C41 
 1150      54455F59 
 1151              	.LASF140:
 1152 020d 4C565F53 		.ascii	"LV_STYLE_GRID_ROW_DSC_ARRAY\000"
 1152      54594C45 
 1152      5F475249 
 1152      445F524F 
 1152      575F4453 
 1153              	.LASF154:
 1154 0229 6C765F65 		.ascii	"lv_extra_init\000"
 1154      78747261 
 1154      5F696E69 
 1154      7400
 1155              	.LASF8:
 1156 0237 6C6F6E67 		.ascii	"long int\000"
 1156      20696E74 
 1156      00
 1157              	.LASF86:
 1158 0240 4C565F53 		.ascii	"LV_STYLE_SHADOW_OFS_Y\000"
 1158      54594C45 
 1158      5F534841 
 1158      444F575F 
 1158      4F46535F 
 1159              	.LASF83:
 1160 0256 4C565F53 		.ascii	"LV_STYLE_OUTLINE_PAD\000"
 1160      54594C45 
 1160      5F4F5554 
 1160      4C494E45 
 1160      5F504144 
ARM GAS  C:\Users\haske\AppData\Local\Temp\cc3w7U4a.s 			page 25


 1161              	.LASF114:
 1162 026b 4C565F53 		.ascii	"LV_STYLE_ANIM\000"
 1162      54594C45 
 1162      5F414E49 
 1162      4D00
 1163              	.LASF99:
 1164 0279 4C565F53 		.ascii	"LV_STYLE_ARC_WIDTH\000"
 1164      54594C45 
 1164      5F415243 
 1164      5F574944 
 1164      544800
 1165              	.LASF84:
 1166 028c 4C565F53 		.ascii	"LV_STYLE_SHADOW_WIDTH\000"
 1166      54594C45 
 1166      5F534841 
 1166      444F575F 
 1166      57494454 
 1167              	.LASF17:
 1168 02a2 75696E74 		.ascii	"uint16_t\000"
 1168      31365F74 
 1168      00
 1169              	.LASF52:
 1170 02ab 4C565F53 		.ascii	"LV_STYLE_LAYOUT\000"
 1170      54594C45 
 1170      5F4C4159 
 1170      4F555400 
 1171              	.LASF42:
 1172 02bb 4C565F53 		.ascii	"LV_STYLE_PROP_INV\000"
 1172      54594C45 
 1172      5F50524F 
 1172      505F494E 
 1172      5600
 1173              	.LASF116:
 1174 02cd 4C565F53 		.ascii	"LV_STYLE_ANIM_SPEED\000"
 1174      54594C45 
 1174      5F414E49 
 1174      4D5F5350 
 1174      45454400 
 1175              	.LASF93:
 1176 02e1 4C565F53 		.ascii	"LV_STYLE_LINE_WIDTH\000"
 1176      54594C45 
 1176      5F4C494E 
 1176      455F5749 
 1176      44544800 
 1177              	.LASF55:
 1178 02f5 4C565F53 		.ascii	"LV_STYLE_PAD_BOTTOM\000"
 1178      54594C45 
 1178      5F504144 
 1178      5F424F54 
 1178      544F4D00 
 1179              	.LASF96:
 1180 0309 4C565F53 		.ascii	"LV_STYLE_LINE_ROUNDED\000"
 1180      54594C45 
 1180      5F4C494E 
 1180      455F524F 
 1180      554E4445 
 1181              	.LASF57:
ARM GAS  C:\Users\haske\AppData\Local\Temp\cc3w7U4a.s 			page 26


 1182 031f 4C565F53 		.ascii	"LV_STYLE_PAD_RIGHT\000"
 1182      54594C45 
 1182      5F504144 
 1182      5F524947 
 1182      485400
 1183              	.LASF77:
 1184 0332 4C565F53 		.ascii	"LV_STYLE_BORDER_WIDTH\000"
 1184      54594C45 
 1184      5F424F52 
 1184      4445525F 
 1184      57494454 
 1185              	.LASF147:
 1186 0348 4C565F53 		.ascii	"LV_STYLE_GRID_CELL_Y_ALIGN\000"
 1186      54594C45 
 1186      5F475249 
 1186      445F4345 
 1186      4C4C5F59 
 1187              	.LASF9:
 1188 0363 5F5F7569 		.ascii	"__uint32_t\000"
 1188      6E743332 
 1188      5F7400
 1189              	.LASF67:
 1190 036e 4C565F53 		.ascii	"LV_STYLE_BG_GRAD_STOP\000"
 1190      54594C45 
 1190      5F42475F 
 1190      47524144 
 1190      5F53544F 
 1191              	.LASF4:
 1192 0384 5F5F696E 		.ascii	"__int16_t\000"
 1192      7431365F 
 1192      7400
 1193              	.LASF23:
 1194 038e 7265736F 		.ascii	"resolved_font\000"
 1194      6C766564 
 1194      5F666F6E 
 1194      7400
 1195              	.LASF30:
 1196 039c 6765745F 		.ascii	"get_glyph_dsc\000"
 1196      676C7970 
 1196      685F6473 
 1196      6300
 1197              	.LASF102:
 1198 03aa 4C565F53 		.ascii	"LV_STYLE_ARC_OPA\000"
 1198      54594C45 
 1198      5F415243 
 1198      5F4F5041 
 1198      00
 1199              	.LASF29:
 1200 03bb 69735F70 		.ascii	"is_placeholder\000"
 1200      6C616365 
 1200      686F6C64 
 1200      657200
 1201              	.LASF146:
 1202 03ca 4C565F53 		.ascii	"LV_STYLE_GRID_CELL_ROW_SPAN\000"
 1202      54594C45 
 1202      5F475249 
 1202      445F4345 
ARM GAS  C:\Users\haske\AppData\Local\Temp\cc3w7U4a.s 			page 27


 1202      4C4C5F52 
 1203              	.LASF153:
 1204 03e6 5F6C765F 		.ascii	"_lv_font_t\000"
 1204      666F6E74 
 1204      5F7400
 1205              	.LASF13:
 1206 03f1 756E7369 		.ascii	"unsigned int\000"
 1206      676E6564 
 1206      20696E74 
 1206      00
 1207              	.LASF89:
 1208 03fe 4C565F53 		.ascii	"LV_STYLE_SHADOW_OPA\000"
 1208      54594C45 
 1208      5F534841 
 1208      444F575F 
 1208      4F504100 
 1209              	.LASF78:
 1210 0412 4C565F53 		.ascii	"LV_STYLE_BORDER_SIDE\000"
 1210      54594C45 
 1210      5F424F52 
 1210      4445525F 
 1210      53494445 
 1211              	.LASF10:
 1212 0427 6C6F6E67 		.ascii	"long unsigned int\000"
 1212      20756E73 
 1212      69676E65 
 1212      6420696E 
 1212      7400
 1213              	.LASF61:
 1214 0439 4C565F53 		.ascii	"LV_STYLE_CLIP_CORNER\000"
 1214      54594C45 
 1214      5F434C49 
 1214      505F434F 
 1214      524E4552 
 1215              	.LASF82:
 1216 044e 4C565F53 		.ascii	"LV_STYLE_OUTLINE_OPA\000"
 1216      54594C45 
 1216      5F4F5554 
 1216      4C494E45 
 1216      5F4F5041 
 1217              	.LASF54:
 1218 0463 4C565F53 		.ascii	"LV_STYLE_PAD_TOP\000"
 1218      54594C45 
 1218      5F504144 
 1218      5F544F50 
 1218      00
 1219              	.LASF7:
 1220 0474 73686F72 		.ascii	"short unsigned int\000"
 1220      7420756E 
 1220      7369676E 
 1220      65642069 
 1220      6E7400
 1221              	.LASF44:
 1222 0487 4C565F53 		.ascii	"LV_STYLE_MIN_WIDTH\000"
 1222      54594C45 
 1222      5F4D494E 
 1222      5F574944 
ARM GAS  C:\Users\haske\AppData\Local\Temp\cc3w7U4a.s 			page 28


 1222      544800
 1223              	.LASF32:
 1224 049a 6C696E65 		.ascii	"line_height\000"
 1224      5F686569 
 1224      67687400 
 1225              	.LASF152:
 1226 04a6 433A5C50 		.ascii	"C:\\Projects\\PainDrain\\firmware\\PainDrain\\PainD"
 1226      726F6A65 
 1226      6374735C 
 1226      5061696E 
 1226      44726169 
 1227 04d4 7261696E 		.ascii	"rain.cydsn\000"
 1227      2E637964 
 1227      736E00
 1228              	.LASF51:
 1229 04df 4C565F53 		.ascii	"LV_STYLE_ALIGN\000"
 1229      54594C45 
 1229      5F414C49 
 1229      474E00
 1230              	.LASF47:
 1231 04ee 4C565F53 		.ascii	"LV_STYLE_MIN_HEIGHT\000"
 1231      54594C45 
 1231      5F4D494E 
 1231      5F484549 
 1231      47485400 
 1232              	.LASF34:
 1233 0502 73756270 		.ascii	"subpx\000"
 1233      7800
 1234              	.LASF141:
 1235 0508 4C565F53 		.ascii	"LV_STYLE_GRID_ROW_ALIGN\000"
 1235      54594C45 
 1235      5F475249 
 1235      445F524F 
 1235      575F414C 
 1236              	.LASF128:
 1237 0520 5F4C565F 		.ascii	"_LV_STYLE_NUM_BUILT_IN_PROPS\000"
 1237      5354594C 
 1237      455F4E55 
 1237      4D5F4255 
 1237      494C545F 
 1238              	.LASF137:
 1239 053d 4C565F53 		.ascii	"LV_STYLE_FLEX_GROW\000"
 1239      54594C45 
 1239      5F464C45 
 1239      585F4752 
 1239      4F5700
 1240              	.LASF33:
 1241 0550 62617365 		.ascii	"base_line\000"
 1241      5F6C696E 
 1241      6500
 1242              	.LASF46:
 1243 055a 4C565F53 		.ascii	"LV_STYLE_HEIGHT\000"
 1243      54594C45 
 1243      5F484549 
 1243      47485400 
 1244              	.LASF117:
 1245 056a 4C565F53 		.ascii	"LV_STYLE_TRANSITION\000"
ARM GAS  C:\Users\haske\AppData\Local\Temp\cc3w7U4a.s 			page 29


 1245      54594C45 
 1245      5F545241 
 1245      4E534954 
 1245      494F4E00 
 1246              	.LASF39:
 1247 057e 6C765F66 		.ascii	"lv_font_glyph_dsc_t\000"
 1247      6F6E745F 
 1247      676C7970 
 1247      685F6473 
 1247      635F7400 
 1248              	.LASF151:
 1249 0592 2E2E5C2E 		.ascii	"..\\..\\..\\arduinoLCD\\test\\Pain Drain\\libraries"
 1249      2E5C2E2E 
 1249      5C617264 
 1249      75696E6F 
 1249      4C43445C 
 1250 05bf 5C6C7667 		.ascii	"\\lvgl\\src\\extra\\lv_extra.c\000"
 1250      6C5C7372 
 1250      635C6578 
 1250      7472615C 
 1250      6C765F65 
 1251              	.LASF92:
 1252 05da 4C565F53 		.ascii	"LV_STYLE_IMG_RECOLOR_OPA\000"
 1252      54594C45 
 1252      5F494D47 
 1252      5F524543 
 1252      4F4C4F52 
 1253              	.LASF49:
 1254 05f3 4C565F53 		.ascii	"LV_STYLE_X\000"
 1254      54594C45 
 1254      5F5800
 1255              	.LASF50:
 1256 05fe 4C565F53 		.ascii	"LV_STYLE_Y\000"
 1256      54594C45 
 1256      5F5900
 1257              	.LASF80:
 1258 0609 4C565F53 		.ascii	"LV_STYLE_OUTLINE_WIDTH\000"
 1258      54594C45 
 1258      5F4F5554 
 1258      4C494E45 
 1258      5F574944 
 1259              	.LASF69:
 1260 0620 4C565F53 		.ascii	"LV_STYLE_BG_DITHER_MODE\000"
 1260      54594C45 
 1260      5F42475F 
 1260      44495448 
 1260      45525F4D 
 1261              	.LASF48:
 1262 0638 4C565F53 		.ascii	"LV_STYLE_MAX_HEIGHT\000"
 1262      54594C45 
 1262      5F4D4158 
 1262      5F484549 
 1262      47485400 
 1263              	.LASF20:
 1264 064c 73697A65 		.ascii	"sizetype\000"
 1264      74797065 
 1264      00
ARM GAS  C:\Users\haske\AppData\Local\Temp\cc3w7U4a.s 			page 30


 1265              	.LASF64:
 1266 0655 4C565F53 		.ascii	"LV_STYLE_BG_GRAD_COLOR\000"
 1266      54594C45 
 1266      5F42475F 
 1266      47524144 
 1266      5F434F4C 
 1267              	.LASF134:
 1268 066c 4C565F53 		.ascii	"LV_STYLE_FLEX_MAIN_PLACE\000"
 1268      54594C45 
 1268      5F464C45 
 1268      585F4D41 
 1268      494E5F50 
 1269              	.LASF71:
 1270 0685 4C565F53 		.ascii	"LV_STYLE_BG_IMG_OPA\000"
 1270      54594C45 
 1270      5F42475F 
 1270      494D475F 
 1270      4F504100 
 1271              	.LASF63:
 1272 0699 4C565F53 		.ascii	"LV_STYLE_BG_OPA\000"
 1272      54594C45 
 1272      5F42475F 
 1272      4F504100 
 1273              	.LASF109:
 1274 06a9 4C565F53 		.ascii	"LV_STYLE_TEXT_DECOR\000"
 1274      54594C45 
 1274      5F544558 
 1274      545F4445 
 1274      434F5200 
 1275              	.LASF103:
 1276 06bd 4C565F53 		.ascii	"LV_STYLE_ARC_IMG_SRC\000"
 1276      54594C45 
 1276      5F415243 
 1276      5F494D47 
 1276      5F535243 
 1277              	.LASF72:
 1278 06d2 4C565F53 		.ascii	"LV_STYLE_BG_IMG_RECOLOR\000"
 1278      54594C45 
 1278      5F42475F 
 1278      494D475F 
 1278      5245434F 
 1279              	.LASF130:
 1280 06ea 5F4C565F 		.ascii	"_LV_STYLE_PROP_CONST\000"
 1280      5354594C 
 1280      455F5052 
 1280      4F505F43 
 1280      4F4E5354 
 1281              	.LASF79:
 1282 06ff 4C565F53 		.ascii	"LV_STYLE_BORDER_POST\000"
 1282      54594C45 
 1282      5F424F52 
 1282      4445525F 
 1282      504F5354 
 1283              	.LASF87:
 1284 0714 4C565F53 		.ascii	"LV_STYLE_SHADOW_SPREAD\000"
 1284      54594C45 
 1284      5F534841 
ARM GAS  C:\Users\haske\AppData\Local\Temp\cc3w7U4a.s 			page 31


 1284      444F575F 
 1284      53505245 
 1285              	.LASF118:
 1286 072b 4C565F53 		.ascii	"LV_STYLE_BLEND_MODE\000"
 1286      54594C45 
 1286      5F424C45 
 1286      4E445F4D 
 1286      4F444500 
 1287              	.LASF149:
 1288 073f 6C765F67 		.ascii	"lv_grid_init\000"
 1288      7269645F 
 1288      696E6974 
 1288      00
 1289              	.LASF98:
 1290 074c 4C565F53 		.ascii	"LV_STYLE_LINE_OPA\000"
 1290      54594C45 
 1290      5F4C494E 
 1290      455F4F50 
 1290      4100
 1291              	.LASF60:
 1292 075e 4C565F53 		.ascii	"LV_STYLE_BASE_DIR\000"
 1292      54594C45 
 1292      5F424153 
 1292      455F4449 
 1292      5200
 1293              	.LASF131:
 1294 0770 6C765F73 		.ascii	"lv_style_prop_t\000"
 1294      74796C65 
 1294      5F70726F 
 1294      705F7400 
 1295              	.LASF111:
 1296 0780 4C565F53 		.ascii	"LV_STYLE_OPA\000"
 1296      54594C45 
 1296      5F4F5041 
 1296      00
 1297              	.LASF135:
 1298 078d 4C565F53 		.ascii	"LV_STYLE_FLEX_CROSS_PLACE\000"
 1298      54594C45 
 1298      5F464C45 
 1298      585F4352 
 1298      4F53535F 
 1299              	.LASF40:
 1300 07a7 5F426F6F 		.ascii	"_Bool\000"
 1300      6C00
 1301              	.LASF3:
 1302 07ad 756E7369 		.ascii	"unsigned char\000"
 1302      676E6564 
 1302      20636861 
 1302      7200
 1303              	.LASF5:
 1304 07bb 73686F72 		.ascii	"short int\000"
 1304      7420696E 
 1304      7400
 1305              	.LASF76:
 1306 07c5 4C565F53 		.ascii	"LV_STYLE_BORDER_OPA\000"
 1306      54594C45 
 1306      5F424F52 
ARM GAS  C:\Users\haske\AppData\Local\Temp\cc3w7U4a.s 			page 32


 1306      4445525F 
 1306      4F504100 
 1307              	.LASF129:
 1308 07d9 4C565F53 		.ascii	"LV_STYLE_PROP_ANY\000"
 1308      54594C45 
 1308      5F50524F 
 1308      505F414E 
 1308      5900
 1309              	.LASF119:
 1310 07eb 4C565F53 		.ascii	"LV_STYLE_TRANSFORM_WIDTH\000"
 1310      54594C45 
 1310      5F545241 
 1310      4E53464F 
 1310      524D5F57 
 1311              	.LASF36:
 1312 0804 756E6465 		.ascii	"underline_thickness\000"
 1312      726C696E 
 1312      655F7468 
 1312      69636B6E 
 1312      65737300 
 1313              	.LASF127:
 1314 0818 5F4C565F 		.ascii	"_LV_STYLE_LAST_BUILT_IN_PROP\000"
 1314      5354594C 
 1314      455F4C41 
 1314      53545F42 
 1314      55494C54 
 1315              	.LASF124:
 1316 0835 4C565F53 		.ascii	"LV_STYLE_TRANSFORM_ANGLE\000"
 1316      54594C45 
 1316      5F545241 
 1316      4E53464F 
 1316      524D5F41 
 1317              	.LASF100:
 1318 084e 4C565F53 		.ascii	"LV_STYLE_ARC_ROUNDED\000"
 1318      54594C45 
 1318      5F415243 
 1318      5F524F55 
 1318      4E444544 
 1319              	.LASF110:
 1320 0863 4C565F53 		.ascii	"LV_STYLE_TEXT_ALIGN\000"
 1320      54594C45 
 1320      5F544558 
 1320      545F414C 
 1320      49474E00 
 1321              	.LASF97:
 1322 0877 4C565F53 		.ascii	"LV_STYLE_LINE_COLOR\000"
 1322      54594C45 
 1322      5F4C494E 
 1322      455F434F 
 1322      4C4F5200 
 1323              	.LASF126:
 1324 088b 4C565F53 		.ascii	"LV_STYLE_TRANSFORM_PIVOT_Y\000"
 1324      54594C45 
 1324      5F545241 
 1324      4E53464F 
 1324      524D5F50 
 1325              	.LASF58:
ARM GAS  C:\Users\haske\AppData\Local\Temp\cc3w7U4a.s 			page 33


 1326 08a6 4C565F53 		.ascii	"LV_STYLE_PAD_ROW\000"
 1326      54594C45 
 1326      5F504144 
 1326      5F524F57 
 1326      00
 1327              	.LASF150:
 1328 08b7 474E5520 		.ascii	"GNU C11 5.4.1 20160609 (release) [ARM/embedded-5-br"
 1328      43313120 
 1328      352E342E 
 1328      31203230 
 1328      31363036 
 1329 08ea 616E6368 		.ascii	"anch revision 237715] -mcpu=cortex-m0plus -mthumb -"
 1329      20726576 
 1329      6973696F 
 1329      6E203233 
 1329      37373135 
 1330 091d 67202D4F 		.ascii	"g -Og -ffunction-sections -ffat-lto-objects\000"
 1330      67202D66 
 1330      66756E63 
 1330      74696F6E 
 1330      2D736563 
 1331              	.LASF123:
 1332 0949 4C565F53 		.ascii	"LV_STYLE_TRANSFORM_ZOOM\000"
 1332      54594C45 
 1332      5F545241 
 1332      4E53464F 
 1332      524D5F5A 
 1333              	.LASF19:
 1334 0961 6C6F6E67 		.ascii	"long double\000"
 1334      20646F75 
 1334      626C6500 
 1335              	.LASF144:
 1336 096d 4C565F53 		.ascii	"LV_STYLE_GRID_CELL_X_ALIGN\000"
 1336      54594C45 
 1336      5F475249 
 1336      445F4345 
 1336      4C4C5F58 
 1337              	.LASF21:
 1338 0988 63686172 		.ascii	"char\000"
 1338      00
 1339              	.LASF113:
 1340 098d 4C565F53 		.ascii	"LV_STYLE_COLOR_FILTER_OPA\000"
 1340      54594C45 
 1340      5F434F4C 
 1340      4F525F46 
 1340      494C5445 
 1341              	.LASF6:
 1342 09a7 5F5F7569 		.ascii	"__uint16_t\000"
 1342      6E743136 
 1342      5F7400
 1343              	.LASF136:
 1344 09b2 4C565F53 		.ascii	"LV_STYLE_FLEX_TRACK_PLACE\000"
 1344      54594C45 
 1344      5F464C45 
 1344      585F5452 
 1344      41434B5F 
 1345              	.LASF138:
ARM GAS  C:\Users\haske\AppData\Local\Temp\cc3w7U4a.s 			page 34


 1346 09cc 4C565F53 		.ascii	"LV_STYLE_GRID_COLUMN_DSC_ARRAY\000"
 1346      54594C45 
 1346      5F475249 
 1346      445F434F 
 1346      4C554D4E 
 1347              	.LASF143:
 1348 09eb 4C565F53 		.ascii	"LV_STYLE_GRID_CELL_COLUMN_SPAN\000"
 1348      54594C45 
 1348      5F475249 
 1348      445F4345 
 1348      4C4C5F43 
 1349              	.LASF115:
 1350 0a0a 4C565F53 		.ascii	"LV_STYLE_ANIM_TIME\000"
 1350      54594C45 
 1350      5F414E49 
 1350      4D5F5449 
 1350      4D4500
 1351              	.LASF59:
 1352 0a1d 4C565F53 		.ascii	"LV_STYLE_PAD_COLUMN\000"
 1352      54594C45 
 1352      5F504144 
 1352      5F434F4C 
 1352      554D4E00 
 1353              	.LASF37:
 1354 0a31 66616C6C 		.ascii	"fallback\000"
 1354      6261636B 
 1354      00
 1355              	.LASF26:
 1356 0a3a 626F785F 		.ascii	"box_h\000"
 1356      6800
 1357              	.LASF62:
 1358 0a40 4C565F53 		.ascii	"LV_STYLE_BG_COLOR\000"
 1358      54594C45 
 1358      5F42475F 
 1358      434F4C4F 
 1358      5200
 1359              	.LASF14:
 1360 0a52 696E7438 		.ascii	"int8_t\000"
 1360      5F7400
 1361              	.LASF108:
 1362 0a59 4C565F53 		.ascii	"LV_STYLE_TEXT_LINE_SPACE\000"
 1362      54594C45 
 1362      5F544558 
 1362      545F4C49 
 1362      4E455F53 
 1363              	.LASF94:
 1364 0a72 4C565F53 		.ascii	"LV_STYLE_LINE_DASH_WIDTH\000"
 1364      54594C45 
 1364      5F4C494E 
 1364      455F4441 
 1364      53485F57 
 1365              	.LASF125:
 1366 0a8b 4C565F53 		.ascii	"LV_STYLE_TRANSFORM_PIVOT_X\000"
 1366      54594C45 
 1366      5F545241 
 1366      4E53464F 
 1366      524D5F50 
ARM GAS  C:\Users\haske\AppData\Local\Temp\cc3w7U4a.s 			page 35


 1367              	.LASF18:
 1368 0aa6 75696E74 		.ascii	"uint32_t\000"
 1368      33325F74 
 1368      00
 1369              	.LASF25:
 1370 0aaf 626F785F 		.ascii	"box_w\000"
 1370      7700
 1371              	.LASF120:
 1372 0ab5 4C565F53 		.ascii	"LV_STYLE_TRANSFORM_HEIGHT\000"
 1372      54594C45 
 1372      5F545241 
 1372      4E53464F 
 1372      524D5F48 
 1373              	.LASF142:
 1374 0acf 4C565F53 		.ascii	"LV_STYLE_GRID_CELL_COLUMN_POS\000"
 1374      54594C45 
 1374      5F475249 
 1374      445F4345 
 1374      4C4C5F43 
 1375              	.LASF68:
 1376 0aed 4C565F53 		.ascii	"LV_STYLE_BG_GRAD\000"
 1376      54594C45 
 1376      5F42475F 
 1376      47524144 
 1376      00
 1377              	.LASF139:
 1378 0afe 4C565F53 		.ascii	"LV_STYLE_GRID_COLUMN_ALIGN\000"
 1378      54594C45 
 1378      5F475249 
 1378      445F434F 
 1378      4C554D4E 
 1379              	.LASF101:
 1380 0b19 4C565F53 		.ascii	"LV_STYLE_ARC_COLOR\000"
 1380      54594C45 
 1380      5F415243 
 1380      5F434F4C 
 1380      4F5200
 1381              	.LASF15:
 1382 0b2c 75696E74 		.ascii	"uint8_t\000"
 1382      385F7400 
 1383              	.LASF74:
 1384 0b34 4C565F53 		.ascii	"LV_STYLE_BG_IMG_TILED\000"
 1384      54594C45 
 1384      5F42475F 
 1384      494D475F 
 1384      54494C45 
 1385              	.LASF88:
 1386 0b4a 4C565F53 		.ascii	"LV_STYLE_SHADOW_COLOR\000"
 1386      54594C45 
 1386      5F534841 
 1386      444F575F 
 1386      434F4C4F 
 1387              	.LASF132:
 1388 0b60 6C765F66 		.ascii	"lv_font_montserrat_14\000"
 1388      6F6E745F 
 1388      6D6F6E74 
 1388      73657272 
ARM GAS  C:\Users\haske\AppData\Local\Temp\cc3w7U4a.s 			page 36


 1388      61745F31 
 1389              	.LASF24:
 1390 0b76 6164765F 		.ascii	"adv_w\000"
 1390      7700
 1391              	.LASF27:
 1392 0b7c 6F66735F 		.ascii	"ofs_x\000"
 1392      7800
 1393              	.LASF28:
 1394 0b82 6F66735F 		.ascii	"ofs_y\000"
 1394      7900
 1395              	.LASF75:
 1396 0b88 4C565F53 		.ascii	"LV_STYLE_BORDER_COLOR\000"
 1396      54594C45 
 1396      5F424F52 
 1396      4445525F 
 1396      434F4C4F 
 1397              	.LASF66:
 1398 0b9e 4C565F53 		.ascii	"LV_STYLE_BG_MAIN_STOP\000"
 1398      54594C45 
 1398      5F42475F 
 1398      4D41494E 
 1398      5F53544F 
 1399              	.LASF45:
 1400 0bb4 4C565F53 		.ascii	"LV_STYLE_MAX_WIDTH\000"
 1400      54594C45 
 1400      5F4D4158 
 1400      5F574944 
 1400      544800
 1401              	.LASF53:
 1402 0bc7 4C565F53 		.ascii	"LV_STYLE_RADIUS\000"
 1402      54594C45 
 1402      5F524144 
 1402      49555300 
 1403              	.LASF133:
 1404 0bd7 4C565F53 		.ascii	"LV_STYLE_FLEX_FLOW\000"
 1404      54594C45 
 1404      5F464C45 
 1404      585F464C 
 1404      4F5700
 1405              	.LASF105:
 1406 0bea 4C565F53 		.ascii	"LV_STYLE_TEXT_OPA\000"
 1406      54594C45 
 1406      5F544558 
 1406      545F4F50 
 1406      4100
 1407              		.ident	"GCC: (GNU Tools for ARM Embedded Processors) 5.4.1 20160609 (release) [ARM/embedded-5-bran
