ARM GAS  C:\Users\haske\AppData\Local\Temp\cczdIEAO.s 			page 1


   1              		.syntax unified
   2              		.cpu cortex-m0plus
   3              		.fpu softvfp
   4              		.eabi_attribute 20, 1
   5              		.eabi_attribute 21, 1
   6              		.eabi_attribute 23, 3
   7              		.eabi_attribute 24, 1
   8              		.eabi_attribute 25, 1
   9              		.eabi_attribute 26, 1
  10              		.eabi_attribute 30, 1
  11              		.eabi_attribute 34, 0
  12              		.eabi_attribute 18, 4
  13              		.thumb
  14              		.syntax unified
  15              		.file	"lv_font_simsun_16_cjk.c"
  16              		.text
  17              	.Ltext0:
  18              		.cfi_sections	.debug_frame
  19              	.Letext0:
  20              		.file 1 "c:\\program files (x86)\\cypress\\psoc creator\\4.4\\psoc creator\\import\\gnu\\arm\\5.4.
  21              		.file 2 "c:\\program files (x86)\\cypress\\psoc creator\\4.4\\psoc creator\\import\\gnu\\arm\\5.4.
  22              		.file 3 "c:\\projects\\paindrain\\arduinolcd\\test\\pain drain\\libraries\\lvgl\\src\\misc\\lv_are
  23              		.file 4 "c:\\projects\\paindrain\\arduinolcd\\test\\pain drain\\libraries\\lvgl\\src\\font\\lv_fon
  24              		.file 5 "c:\\projects\\paindrain\\arduinolcd\\test\\pain drain\\libraries\\lvgl\\src\\misc\\lv_sty
  25              		.file 6 "c:\\projects\\paindrain\\arduinolcd\\test\\pain drain\\libraries\\lvgl\\src/extra/layouts
  26              		.file 7 "c:\\projects\\paindrain\\arduinolcd\\test\\pain drain\\libraries\\lvgl\\src/extra/layouts
  27              		.section	.debug_info,"",%progbits
  28              	.Ldebug_info0:
  29 0000 4B050000 		.4byte	0x54b
  30 0004 0400     		.2byte	0x4
  31 0006 00000000 		.4byte	.Ldebug_abbrev0
  32 000a 04       		.byte	0x4
  33 000b 01       		.uleb128 0x1
  34 000c 47080000 		.4byte	.LASF148
  35 0010 0C       		.byte	0xc
  36 0011 0C0B0000 		.4byte	.LASF149
  37 0015 8B040000 		.4byte	.LASF150
  38 0019 00000000 		.4byte	.Ldebug_line0
  39 001d 02       		.uleb128 0x2
  40 001e DF000000 		.4byte	.LASF0
  41 0022 01       		.byte	0x1
  42 0023 1B       		.byte	0x1b
  43 0024 28000000 		.4byte	0x28
  44 0028 03       		.uleb128 0x3
  45 0029 01       		.byte	0x1
  46 002a 06       		.byte	0x6
  47 002b 67010000 		.4byte	.LASF2
  48 002f 02       		.uleb128 0x2
  49 0030 58000000 		.4byte	.LASF1
  50 0034 01       		.byte	0x1
  51 0035 1D       		.byte	0x1d
  52 0036 3A000000 		.4byte	0x3a
  53 003a 03       		.uleb128 0x3
  54 003b 01       		.byte	0x1
  55 003c 08       		.byte	0x8
  56 003d 3D070000 		.4byte	.LASF3
  57 0041 02       		.uleb128 0x2
ARM GAS  C:\Users\haske\AppData\Local\Temp\cczdIEAO.s 			page 2


  58 0042 69030000 		.4byte	.LASF4
  59 0046 01       		.byte	0x1
  60 0047 29       		.byte	0x29
  61 0048 4C000000 		.4byte	0x4c
  62 004c 03       		.uleb128 0x3
  63 004d 02       		.byte	0x2
  64 004e 05       		.byte	0x5
  65 004f 4B070000 		.4byte	.LASF5
  66 0053 02       		.uleb128 0x2
  67 0054 37090000 		.4byte	.LASF6
  68 0058 01       		.byte	0x1
  69 0059 2B       		.byte	0x2b
  70 005a 5E000000 		.4byte	0x5e
  71 005e 03       		.uleb128 0x3
  72 005f 02       		.byte	0x2
  73 0060 07       		.byte	0x7
  74 0061 59040000 		.4byte	.LASF7
  75 0065 03       		.uleb128 0x3
  76 0066 04       		.byte	0x4
  77 0067 05       		.byte	0x5
  78 0068 1C020000 		.4byte	.LASF8
  79 006c 02       		.uleb128 0x2
  80 006d 48030000 		.4byte	.LASF9
  81 0071 01       		.byte	0x1
  82 0072 41       		.byte	0x41
  83 0073 77000000 		.4byte	0x77
  84 0077 03       		.uleb128 0x3
  85 0078 04       		.byte	0x4
  86 0079 07       		.byte	0x7
  87 007a 0C040000 		.4byte	.LASF10
  88 007e 03       		.uleb128 0x3
  89 007f 08       		.byte	0x8
  90 0080 05       		.byte	0x5
  91 0081 59010000 		.4byte	.LASF11
  92 0085 03       		.uleb128 0x3
  93 0086 08       		.byte	0x8
  94 0087 07       		.byte	0x7
  95 0088 A8000000 		.4byte	.LASF12
  96 008c 04       		.uleb128 0x4
  97 008d 04       		.byte	0x4
  98 008e 05       		.byte	0x5
  99 008f 696E7400 		.ascii	"int\000"
 100 0093 03       		.uleb128 0x3
 101 0094 04       		.byte	0x4
 102 0095 07       		.byte	0x7
 103 0096 D6030000 		.4byte	.LASF13
 104 009a 02       		.uleb128 0x2
 105 009b E2090000 		.4byte	.LASF14
 106 009f 02       		.byte	0x2
 107 00a0 14       		.byte	0x14
 108 00a1 1D000000 		.4byte	0x1d
 109 00a5 02       		.uleb128 0x2
 110 00a6 BC0A0000 		.4byte	.LASF15
 111 00aa 02       		.byte	0x2
 112 00ab 18       		.byte	0x18
 113 00ac 2F000000 		.4byte	0x2f
 114 00b0 02       		.uleb128 0x2
ARM GAS  C:\Users\haske\AppData\Local\Temp\cczdIEAO.s 			page 3


 115 00b1 51010000 		.4byte	.LASF16
 116 00b5 02       		.byte	0x2
 117 00b6 20       		.byte	0x20
 118 00b7 41000000 		.4byte	0x41
 119 00bb 02       		.uleb128 0x2
 120 00bc 87020000 		.4byte	.LASF17
 121 00c0 02       		.byte	0x2
 122 00c1 24       		.byte	0x24
 123 00c2 53000000 		.4byte	0x53
 124 00c6 02       		.uleb128 0x2
 125 00c7 360A0000 		.4byte	.LASF18
 126 00cb 02       		.byte	0x2
 127 00cc 30       		.byte	0x30
 128 00cd 6C000000 		.4byte	0x6c
 129 00d1 05       		.uleb128 0x5
 130 00d2 04       		.byte	0x4
 131 00d3 03       		.uleb128 0x3
 132 00d4 08       		.byte	0x8
 133 00d5 04       		.byte	0x4
 134 00d6 F1080000 		.4byte	.LASF19
 135 00da 03       		.uleb128 0x3
 136 00db 04       		.byte	0x4
 137 00dc 07       		.byte	0x7
 138 00dd D1050000 		.4byte	.LASF20
 139 00e1 03       		.uleb128 0x3
 140 00e2 01       		.byte	0x1
 141 00e3 08       		.byte	0x8
 142 00e4 18090000 		.4byte	.LASF21
 143 00e8 02       		.uleb128 0x2
 144 00e9 15010000 		.4byte	.LASF22
 145 00ed 03       		.byte	0x3
 146 00ee 1B       		.byte	0x1b
 147 00ef B0000000 		.4byte	0xb0
 148 00f3 06       		.uleb128 0x6
 149 00f4 10       		.byte	0x10
 150 00f5 04       		.byte	0x4
 151 00f6 29       		.byte	0x29
 152 00f7 62010000 		.4byte	0x162
 153 00fb 07       		.uleb128 0x7
 154 00fc 73030000 		.4byte	.LASF23
 155 0100 04       		.byte	0x4
 156 0101 2B       		.byte	0x2b
 157 0102 EA010000 		.4byte	0x1ea
 158 0106 00       		.byte	0
 159 0107 07       		.uleb128 0x7
 160 0108 060B0000 		.4byte	.LASF24
 161 010c 04       		.byte	0x4
 162 010d 2C       		.byte	0x2c
 163 010e BB000000 		.4byte	0xbb
 164 0112 04       		.byte	0x4
 165 0113 07       		.uleb128 0x7
 166 0114 3F0A0000 		.4byte	.LASF25
 167 0118 04       		.byte	0x4
 168 0119 2D       		.byte	0x2d
 169 011a BB000000 		.4byte	0xbb
 170 011e 06       		.byte	0x6
 171 011f 07       		.uleb128 0x7
ARM GAS  C:\Users\haske\AppData\Local\Temp\cczdIEAO.s 			page 4


 172 0120 CA090000 		.4byte	.LASF26
 173 0124 04       		.byte	0x4
 174 0125 2E       		.byte	0x2e
 175 0126 BB000000 		.4byte	0xbb
 176 012a 08       		.byte	0x8
 177 012b 07       		.uleb128 0x7
 178 012c 600B0000 		.4byte	.LASF27
 179 0130 04       		.byte	0x4
 180 0131 2F       		.byte	0x2f
 181 0132 B0000000 		.4byte	0xb0
 182 0136 0A       		.byte	0xa
 183 0137 07       		.uleb128 0x7
 184 0138 660B0000 		.4byte	.LASF28
 185 013c 04       		.byte	0x4
 186 013d 30       		.byte	0x30
 187 013e B0000000 		.4byte	0xb0
 188 0142 0C       		.byte	0xc
 189 0143 08       		.uleb128 0x8
 190 0144 62707000 		.ascii	"bpp\000"
 191 0148 04       		.byte	0x4
 192 0149 31       		.byte	0x31
 193 014a A5000000 		.4byte	0xa5
 194 014e 01       		.byte	0x1
 195 014f 04       		.byte	0x4
 196 0150 04       		.byte	0x4
 197 0151 0E       		.byte	0xe
 198 0152 09       		.uleb128 0x9
 199 0153 A0030000 		.4byte	.LASF29
 200 0157 04       		.byte	0x4
 201 0158 32       		.byte	0x32
 202 0159 A5000000 		.4byte	0xa5
 203 015d 01       		.byte	0x1
 204 015e 01       		.byte	0x1
 205 015f 03       		.byte	0x3
 206 0160 0E       		.byte	0xe
 207 0161 00       		.byte	0
 208 0162 0A       		.uleb128 0xa
 209 0163 CB030000 		.4byte	.LASF151
 210 0167 1C       		.byte	0x1c
 211 0168 04       		.byte	0x4
 212 0169 40       		.byte	0x40
 213 016a EA010000 		.4byte	0x1ea
 214 016e 07       		.uleb128 0x7
 215 016f 81030000 		.4byte	.LASF30
 216 0173 04       		.byte	0x4
 217 0174 42       		.byte	0x42
 218 0175 2B020000 		.4byte	0x22b
 219 0179 00       		.byte	0
 220 017a 07       		.uleb128 0x7
 221 017b 0A000000 		.4byte	.LASF31
 222 017f 04       		.byte	0x4
 223 0180 45       		.byte	0x45
 224 0181 50020000 		.4byte	0x250
 225 0185 04       		.byte	0x4
 226 0186 07       		.uleb128 0x7
 227 0187 7F040000 		.4byte	.LASF32
 228 018b 04       		.byte	0x4
ARM GAS  C:\Users\haske\AppData\Local\Temp\cczdIEAO.s 			page 5


 229 018c 48       		.byte	0x48
 230 018d E8000000 		.4byte	0xe8
 231 0191 08       		.byte	0x8
 232 0192 07       		.uleb128 0x7
 233 0193 35050000 		.4byte	.LASF33
 234 0197 04       		.byte	0x4
 235 0198 49       		.byte	0x49
 236 0199 E8000000 		.4byte	0xe8
 237 019d 0A       		.byte	0xa
 238 019e 09       		.uleb128 0x9
 239 019f E7040000 		.4byte	.LASF34
 240 01a3 04       		.byte	0x4
 241 01a4 4A       		.byte	0x4a
 242 01a5 A5000000 		.4byte	0xa5
 243 01a9 01       		.byte	0x1
 244 01aa 02       		.byte	0x2
 245 01ab 06       		.byte	0x6
 246 01ac 0C       		.byte	0xc
 247 01ad 07       		.uleb128 0x7
 248 01ae 8D010000 		.4byte	.LASF35
 249 01b2 04       		.byte	0x4
 250 01b3 4C       		.byte	0x4c
 251 01b4 9A000000 		.4byte	0x9a
 252 01b8 0D       		.byte	0xd
 253 01b9 07       		.uleb128 0x7
 254 01ba 94070000 		.4byte	.LASF36
 255 01be 04       		.byte	0x4
 256 01bf 4D       		.byte	0x4d
 257 01c0 9A000000 		.4byte	0x9a
 258 01c4 0E       		.byte	0xe
 259 01c5 0B       		.uleb128 0xb
 260 01c6 64736300 		.ascii	"dsc\000"
 261 01ca 04       		.byte	0x4
 262 01cb 4F       		.byte	0x4f
 263 01cc 56020000 		.4byte	0x256
 264 01d0 10       		.byte	0x10
 265 01d1 07       		.uleb128 0x7
 266 01d2 C1090000 		.4byte	.LASF37
 267 01d6 04       		.byte	0x4
 268 01d7 50       		.byte	0x50
 269 01d8 EA010000 		.4byte	0x1ea
 270 01dc 14       		.byte	0x14
 271 01dd 07       		.uleb128 0x7
 272 01de 00000000 		.4byte	.LASF38
 273 01e2 04       		.byte	0x4
 274 01e3 52       		.byte	0x52
 275 01e4 D1000000 		.4byte	0xd1
 276 01e8 18       		.byte	0x18
 277 01e9 00       		.byte	0
 278 01ea 0C       		.uleb128 0xc
 279 01eb 04       		.byte	0x4
 280 01ec F0010000 		.4byte	0x1f0
 281 01f0 0D       		.uleb128 0xd
 282 01f1 62010000 		.4byte	0x162
 283 01f5 02       		.uleb128 0x2
 284 01f6 63050000 		.4byte	.LASF39
 285 01fa 04       		.byte	0x4
ARM GAS  C:\Users\haske\AppData\Local\Temp\cczdIEAO.s 			page 6


 286 01fb 33       		.byte	0x33
 287 01fc F3000000 		.4byte	0xf3
 288 0200 0E       		.uleb128 0xe
 289 0201 1E020000 		.4byte	0x21e
 290 0205 1E020000 		.4byte	0x21e
 291 0209 0F       		.uleb128 0xf
 292 020a EA010000 		.4byte	0x1ea
 293 020e 0F       		.uleb128 0xf
 294 020f 25020000 		.4byte	0x225
 295 0213 0F       		.uleb128 0xf
 296 0214 C6000000 		.4byte	0xc6
 297 0218 0F       		.uleb128 0xf
 298 0219 C6000000 		.4byte	0xc6
 299 021d 00       		.byte	0
 300 021e 03       		.uleb128 0x3
 301 021f 01       		.byte	0x1
 302 0220 02       		.byte	0x2
 303 0221 37070000 		.4byte	.LASF40
 304 0225 0C       		.uleb128 0xc
 305 0226 04       		.byte	0x4
 306 0227 F5010000 		.4byte	0x1f5
 307 022b 0C       		.uleb128 0xc
 308 022c 04       		.byte	0x4
 309 022d 00020000 		.4byte	0x200
 310 0231 0E       		.uleb128 0xe
 311 0232 45020000 		.4byte	0x245
 312 0236 45020000 		.4byte	0x245
 313 023a 0F       		.uleb128 0xf
 314 023b EA010000 		.4byte	0x1ea
 315 023f 0F       		.uleb128 0xf
 316 0240 C6000000 		.4byte	0xc6
 317 0244 00       		.byte	0
 318 0245 0C       		.uleb128 0xc
 319 0246 04       		.byte	0x4
 320 0247 4B020000 		.4byte	0x24b
 321 024b 0D       		.uleb128 0xd
 322 024c A5000000 		.4byte	0xa5
 323 0250 0C       		.uleb128 0xc
 324 0251 04       		.byte	0x4
 325 0252 31020000 		.4byte	0x231
 326 0256 0C       		.uleb128 0xc
 327 0257 04       		.byte	0x4
 328 0258 5C020000 		.4byte	0x25c
 329 025c 10       		.uleb128 0x10
 330 025d 02       		.uleb128 0x2
 331 025e BF000000 		.4byte	.LASF41
 332 0262 04       		.byte	0x4
 333 0263 54       		.byte	0x54
 334 0264 62010000 		.4byte	0x162
 335 0268 11       		.uleb128 0x11
 336 0269 02       		.byte	0x2
 337 026a 5E000000 		.4byte	0x5e
 338 026e 05       		.byte	0x5
 339 026f B2       		.byte	0xb2
 340 0270 8D040000 		.4byte	0x48d
 341 0274 12       		.uleb128 0x12
 342 0275 A0020000 		.4byte	.LASF42
ARM GAS  C:\Users\haske\AppData\Local\Temp\cczdIEAO.s 			page 7


 343 0279 00       		.byte	0
 344 027a 12       		.uleb128 0x12
 345 027b C7010000 		.4byte	.LASF43
 346 027f 01       		.byte	0x1
 347 0280 12       		.uleb128 0x12
 348 0281 6C040000 		.4byte	.LASF44
 349 0285 02       		.byte	0x2
 350 0286 12       		.uleb128 0x12
 351 0287 980B0000 		.4byte	.LASF45
 352 028b 03       		.byte	0x3
 353 028c 12       		.uleb128 0x12
 354 028d 3F050000 		.4byte	.LASF46
 355 0291 04       		.byte	0x4
 356 0292 12       		.uleb128 0x12
 357 0293 D3040000 		.4byte	.LASF47
 358 0297 05       		.byte	0x5
 359 0298 12       		.uleb128 0x12
 360 0299 BD050000 		.4byte	.LASF48
 361 029d 06       		.byte	0x6
 362 029e 12       		.uleb128 0x12
 363 029f 90050000 		.4byte	.LASF49
 364 02a3 07       		.byte	0x7
 365 02a4 12       		.uleb128 0x12
 366 02a5 9B050000 		.4byte	.LASF50
 367 02a9 08       		.byte	0x8
 368 02aa 12       		.uleb128 0x12
 369 02ab C4040000 		.4byte	.LASF51
 370 02af 09       		.byte	0x9
 371 02b0 12       		.uleb128 0x12
 372 02b1 90020000 		.4byte	.LASF52
 373 02b5 0A       		.byte	0xa
 374 02b6 12       		.uleb128 0x12
 375 02b7 AB0B0000 		.4byte	.LASF53
 376 02bb 0B       		.byte	0xb
 377 02bc 12       		.uleb128 0x12
 378 02bd 48040000 		.4byte	.LASF54
 379 02c1 10       		.byte	0x10
 380 02c2 12       		.uleb128 0x12
 381 02c3 DA020000 		.4byte	.LASF55
 382 02c7 11       		.byte	0x11
 383 02c8 12       		.uleb128 0x12
 384 02c9 03010000 		.4byte	.LASF56
 385 02cd 12       		.byte	0x12
 386 02ce 12       		.uleb128 0x12
 387 02cf 04030000 		.4byte	.LASF57
 388 02d3 13       		.byte	0x13
 389 02d4 12       		.uleb128 0x12
 390 02d5 36080000 		.4byte	.LASF58
 391 02d9 14       		.byte	0x14
 392 02da 12       		.uleb128 0x12
 393 02db AD090000 		.4byte	.LASF59
 394 02df 15       		.byte	0x15
 395 02e0 12       		.uleb128 0x12
 396 02e1 EE060000 		.4byte	.LASF60
 397 02e5 16       		.byte	0x16
 398 02e6 12       		.uleb128 0x12
 399 02e7 1E040000 		.4byte	.LASF61
ARM GAS  C:\Users\haske\AppData\Local\Temp\cczdIEAO.s 			page 8


 400 02eb 17       		.byte	0x17
 401 02ec 12       		.uleb128 0x12
 402 02ed D0090000 		.4byte	.LASF62
 403 02f1 20       		.byte	0x20
 404 02f2 12       		.uleb128 0x12
 405 02f3 1E060000 		.4byte	.LASF63
 406 02f7 21       		.byte	0x21
 407 02f8 12       		.uleb128 0x12
 408 02f9 DA050000 		.4byte	.LASF64
 409 02fd 22       		.byte	0x22
 410 02fe 12       		.uleb128 0x12
 411 02ff 2C000000 		.4byte	.LASF65
 412 0303 23       		.byte	0x23
 413 0304 12       		.uleb128 0x12
 414 0305 820B0000 		.4byte	.LASF66
 415 0309 24       		.byte	0x24
 416 030a 12       		.uleb128 0x12
 417 030b 53030000 		.4byte	.LASF67
 418 030f 25       		.byte	0x25
 419 0310 12       		.uleb128 0x12
 420 0311 7D0A0000 		.4byte	.LASF68
 421 0315 26       		.byte	0x26
 422 0316 12       		.uleb128 0x12
 423 0317 C4060000 		.4byte	.LASF69
 424 031b 27       		.byte	0x27
 425 031c 12       		.uleb128 0x12
 426 031d 79000000 		.4byte	.LASF70
 427 0321 28       		.byte	0x28
 428 0322 12       		.uleb128 0x12
 429 0323 0A060000 		.4byte	.LASF71
 430 0327 29       		.byte	0x29
 431 0328 12       		.uleb128 0x12
 432 0329 57060000 		.4byte	.LASF72
 433 032d 2A       		.byte	0x2a
 434 032e 12       		.uleb128 0x12
 435 032f 35010000 		.4byte	.LASF73
 436 0333 2B       		.byte	0x2b
 437 0334 12       		.uleb128 0x12
 438 0335 C40A0000 		.4byte	.LASF74
 439 0339 2C       		.byte	0x2c
 440 033a 12       		.uleb128 0x12
 441 033b 6C0B0000 		.4byte	.LASF75
 442 033f 30       		.byte	0x30
 443 0340 12       		.uleb128 0x12
 444 0341 55070000 		.4byte	.LASF76
 445 0345 31       		.byte	0x31
 446 0346 12       		.uleb128 0x12
 447 0347 17030000 		.4byte	.LASF77
 448 034b 32       		.byte	0x32
 449 034c 12       		.uleb128 0x12
 450 034d F7030000 		.4byte	.LASF78
 451 0351 33       		.byte	0x33
 452 0352 12       		.uleb128 0x12
 453 0353 84060000 		.4byte	.LASF79
 454 0357 34       		.byte	0x34
 455 0358 12       		.uleb128 0x12
 456 0359 A6050000 		.4byte	.LASF80
ARM GAS  C:\Users\haske\AppData\Local\Temp\cczdIEAO.s 			page 9


 457 035d 35       		.byte	0x35
 458 035e 12       		.uleb128 0x12
 459 035f 62000000 		.4byte	.LASF81
 460 0363 36       		.byte	0x36
 461 0364 12       		.uleb128 0x12
 462 0365 33040000 		.4byte	.LASF82
 463 0369 37       		.byte	0x37
 464 036a 12       		.uleb128 0x12
 465 036b 3B020000 		.4byte	.LASF83
 466 036f 38       		.byte	0x38
 467 0370 12       		.uleb128 0x12
 468 0371 71020000 		.4byte	.LASF84
 469 0375 40       		.byte	0x40
 470 0376 12       		.uleb128 0x12
 471 0377 C9000000 		.4byte	.LASF85
 472 037b 41       		.byte	0x41
 473 037c 12       		.uleb128 0x12
 474 037d 25020000 		.4byte	.LASF86
 475 0381 42       		.byte	0x42
 476 0382 12       		.uleb128 0x12
 477 0383 99060000 		.4byte	.LASF87
 478 0387 43       		.byte	0x43
 479 0388 12       		.uleb128 0x12
 480 0389 DA0A0000 		.4byte	.LASF88
 481 038d 44       		.byte	0x44
 482 038e 12       		.uleb128 0x12
 483 038f E3030000 		.4byte	.LASF89
 484 0393 45       		.byte	0x45
 485 0394 12       		.uleb128 0x12
 486 0395 1B000000 		.4byte	.LASF90
 487 0399 46       		.byte	0x46
 488 039a 12       		.uleb128 0x12
 489 039b 20010000 		.4byte	.LASF91
 490 039f 47       		.byte	0x47
 491 03a0 12       		.uleb128 0x12
 492 03a1 77050000 		.4byte	.LASF92
 493 03a5 48       		.byte	0x48
 494 03a6 12       		.uleb128 0x12
 495 03a7 C6020000 		.4byte	.LASF93
 496 03ab 49       		.byte	0x49
 497 03ac 12       		.uleb128 0x12
 498 03ad 020A0000 		.4byte	.LASF94
 499 03b1 4A       		.byte	0x4a
 500 03b2 12       		.uleb128 0x12
 501 03b3 41000000 		.4byte	.LASF95
 502 03b7 4B       		.byte	0x4b
 503 03b8 12       		.uleb128 0x12
 504 03b9 EE020000 		.4byte	.LASF96
 505 03bd 4C       		.byte	0x4c
 506 03be 12       		.uleb128 0x12
 507 03bf 07080000 		.4byte	.LASF97
 508 03c3 4D       		.byte	0x4d
 509 03c4 12       		.uleb128 0x12
 510 03c5 DC060000 		.4byte	.LASF98
 511 03c9 4E       		.byte	0x4e
 512 03ca 12       		.uleb128 0x12
 513 03cb 5E020000 		.4byte	.LASF99
ARM GAS  C:\Users\haske\AppData\Local\Temp\cczdIEAO.s 			page 10


 514 03cf 50       		.byte	0x50
 515 03d0 12       		.uleb128 0x12
 516 03d1 DE070000 		.4byte	.LASF100
 517 03d5 51       		.byte	0x51
 518 03d6 12       		.uleb128 0x12
 519 03d7 A90A0000 		.4byte	.LASF101
 520 03db 52       		.byte	0x52
 521 03dc 12       		.uleb128 0x12
 522 03dd 8F030000 		.4byte	.LASF102
 523 03e1 53       		.byte	0x53
 524 03e2 12       		.uleb128 0x12
 525 03e3 42060000 		.4byte	.LASF103
 526 03e7 54       		.byte	0x54
 527 03e8 12       		.uleb128 0x12
 528 03e9 B3010000 		.4byte	.LASF104
 529 03ed 55       		.byte	0x55
 530 03ee 12       		.uleb128 0x12
 531 03ef CE0B0000 		.4byte	.LASF105
 532 03f3 56       		.byte	0x56
 533 03f4 12       		.uleb128 0x12
 534 03f5 A0010000 		.4byte	.LASF106
 535 03f9 57       		.byte	0x57
 536 03fa 12       		.uleb128 0x12
 537 03fb 8D000000 		.4byte	.LASF107
 538 03ff 58       		.byte	0x58
 539 0400 12       		.uleb128 0x12
 540 0401 E9090000 		.4byte	.LASF108
 541 0405 59       		.byte	0x59
 542 0406 12       		.uleb128 0x12
 543 0407 2E060000 		.4byte	.LASF109
 544 040b 5A       		.byte	0x5a
 545 040c 12       		.uleb128 0x12
 546 040d F3070000 		.4byte	.LASF110
 547 0411 5B       		.byte	0x5b
 548 0412 12       		.uleb128 0x12
 549 0413 10070000 		.4byte	.LASF111
 550 0417 60       		.byte	0x60
 551 0418 12       		.uleb128 0x12
 552 0419 73010000 		.4byte	.LASF112
 553 041d 61       		.byte	0x61
 554 041e 12       		.uleb128 0x12
 555 041f 1D090000 		.4byte	.LASF113
 556 0423 62       		.byte	0x62
 557 0424 12       		.uleb128 0x12
 558 0425 50020000 		.4byte	.LASF114
 559 0429 63       		.byte	0x63
 560 042a 12       		.uleb128 0x12
 561 042b 9A090000 		.4byte	.LASF115
 562 042f 64       		.byte	0x64
 563 0430 12       		.uleb128 0x12
 564 0431 B2020000 		.4byte	.LASF116
 565 0435 65       		.byte	0x65
 566 0436 12       		.uleb128 0x12
 567 0437 4F050000 		.4byte	.LASF117
 568 043b 66       		.byte	0x66
 569 043c 12       		.uleb128 0x12
 570 043d B0060000 		.4byte	.LASF118
ARM GAS  C:\Users\haske\AppData\Local\Temp\cczdIEAO.s 			page 11


 571 0441 67       		.byte	0x67
 572 0442 12       		.uleb128 0x12
 573 0443 7B070000 		.4byte	.LASF119
 574 0447 68       		.byte	0x68
 575 0448 12       		.uleb128 0x12
 576 0449 450A0000 		.4byte	.LASF120
 577 044d 69       		.byte	0x69
 578 044e 12       		.uleb128 0x12
 579 044f D6010000 		.4byte	.LASF121
 580 0453 6A       		.byte	0x6a
 581 0454 12       		.uleb128 0x12
 582 0455 EB010000 		.4byte	.LASF122
 583 0459 6B       		.byte	0x6b
 584 045a 12       		.uleb128 0x12
 585 045b D9080000 		.4byte	.LASF123
 586 045f 6C       		.byte	0x6c
 587 0460 12       		.uleb128 0x12
 588 0461 C5070000 		.4byte	.LASF124
 589 0465 6D       		.byte	0x6d
 590 0466 12       		.uleb128 0x12
 591 0467 1B0A0000 		.4byte	.LASF125
 592 046b 6E       		.byte	0x6e
 593 046c 12       		.uleb128 0x12
 594 046d 1B080000 		.4byte	.LASF126
 595 0471 6F       		.byte	0x6f
 596 0472 12       		.uleb128 0x12
 597 0473 A8070000 		.4byte	.LASF127
 598 0477 6F       		.byte	0x6f
 599 0478 12       		.uleb128 0x12
 600 0479 05050000 		.4byte	.LASF128
 601 047d 70       		.byte	0x70
 602 047e 13       		.uleb128 0x13
 603 047f 69070000 		.4byte	.LASF129
 604 0483 FFFF     		.2byte	0xffff
 605 0485 13       		.uleb128 0x13
 606 0486 6F060000 		.4byte	.LASF130
 607 048a FFFF     		.2byte	0xffff
 608 048c 00       		.byte	0
 609 048d 14       		.uleb128 0x14
 610 048e 00070000 		.4byte	.LASF131
 611 0492 05       		.byte	0x5
 612 0493 1C01     		.2byte	0x11c
 613 0495 68020000 		.4byte	0x268
 614 0499 0D       		.uleb128 0xd
 615 049a 5D020000 		.4byte	0x25d
 616 049e 15       		.uleb128 0x15
 617 049f F00A0000 		.4byte	.LASF132
 618 04a3 04       		.byte	0x4
 619 04a4 94       		.byte	0x94
 620 04a5 99040000 		.4byte	0x499
 621 04a9 15       		.uleb128 0x15
 622 04aa BB0B0000 		.4byte	.LASF133
 623 04ae 06       		.byte	0x6
 624 04af 3D       		.byte	0x3d
 625 04b0 8D040000 		.4byte	0x48d
 626 04b4 15       		.uleb128 0x15
 627 04b5 F1050000 		.4byte	.LASF134
ARM GAS  C:\Users\haske\AppData\Local\Temp\cczdIEAO.s 			page 12


 628 04b9 06       		.byte	0x6
 629 04ba 3E       		.byte	0x3e
 630 04bb 8D040000 		.4byte	0x48d
 631 04bf 15       		.uleb128 0x15
 632 04c0 1D070000 		.4byte	.LASF135
 633 04c4 06       		.byte	0x6
 634 04c5 3F       		.byte	0x3f
 635 04c6 8D040000 		.4byte	0x48d
 636 04ca 15       		.uleb128 0x15
 637 04cb 42090000 		.4byte	.LASF136
 638 04cf 06       		.byte	0x6
 639 04d0 40       		.byte	0x40
 640 04d1 8D040000 		.4byte	0x48d
 641 04d5 15       		.uleb128 0x15
 642 04d6 22050000 		.4byte	.LASF137
 643 04da 06       		.byte	0x6
 644 04db 41       		.byte	0x41
 645 04dc 8D040000 		.4byte	0x48d
 646 04e0 15       		.uleb128 0x15
 647 04e1 5C090000 		.4byte	.LASF138
 648 04e5 07       		.byte	0x7
 649 04e6 39       		.byte	0x39
 650 04e7 8D040000 		.4byte	0x48d
 651 04eb 15       		.uleb128 0x15
 652 04ec 8E0A0000 		.4byte	.LASF139
 653 04f0 07       		.byte	0x7
 654 04f1 3A       		.byte	0x3a
 655 04f2 8D040000 		.4byte	0x48d
 656 04f6 15       		.uleb128 0x15
 657 04f7 00020000 		.4byte	.LASF140
 658 04fb 07       		.byte	0x7
 659 04fc 3B       		.byte	0x3b
 660 04fd 8D040000 		.4byte	0x48d
 661 0501 15       		.uleb128 0x15
 662 0502 ED040000 		.4byte	.LASF141
 663 0506 07       		.byte	0x7
 664 0507 3C       		.byte	0x3c
 665 0508 8D040000 		.4byte	0x48d
 666 050c 15       		.uleb128 0x15
 667 050d 5F0A0000 		.4byte	.LASF142
 668 0511 07       		.byte	0x7
 669 0512 3D       		.byte	0x3d
 670 0513 8D040000 		.4byte	0x48d
 671 0517 15       		.uleb128 0x15
 672 0518 7B090000 		.4byte	.LASF143
 673 051c 07       		.byte	0x7
 674 051d 3E       		.byte	0x3e
 675 051e 8D040000 		.4byte	0x48d
 676 0522 15       		.uleb128 0x15
 677 0523 FD080000 		.4byte	.LASF144
 678 0527 07       		.byte	0x7
 679 0528 3F       		.byte	0x3f
 680 0529 8D040000 		.4byte	0x48d
 681 052d 15       		.uleb128 0x15
 682 052e E8000000 		.4byte	.LASF145
 683 0532 07       		.byte	0x7
 684 0533 40       		.byte	0x40
ARM GAS  C:\Users\haske\AppData\Local\Temp\cczdIEAO.s 			page 13


 685 0534 8D040000 		.4byte	0x48d
 686 0538 15       		.uleb128 0x15
 687 0539 AF030000 		.4byte	.LASF146
 688 053d 07       		.byte	0x7
 689 053e 41       		.byte	0x41
 690 053f 8D040000 		.4byte	0x48d
 691 0543 15       		.uleb128 0x15
 692 0544 2D030000 		.4byte	.LASF147
 693 0548 07       		.byte	0x7
 694 0549 42       		.byte	0x42
 695 054a 8D040000 		.4byte	0x48d
 696 054e 00       		.byte	0
 697              		.section	.debug_abbrev,"",%progbits
 698              	.Ldebug_abbrev0:
 699 0000 01       		.uleb128 0x1
 700 0001 11       		.uleb128 0x11
 701 0002 01       		.byte	0x1
 702 0003 25       		.uleb128 0x25
 703 0004 0E       		.uleb128 0xe
 704 0005 13       		.uleb128 0x13
 705 0006 0B       		.uleb128 0xb
 706 0007 03       		.uleb128 0x3
 707 0008 0E       		.uleb128 0xe
 708 0009 1B       		.uleb128 0x1b
 709 000a 0E       		.uleb128 0xe
 710 000b 10       		.uleb128 0x10
 711 000c 17       		.uleb128 0x17
 712 000d 00       		.byte	0
 713 000e 00       		.byte	0
 714 000f 02       		.uleb128 0x2
 715 0010 16       		.uleb128 0x16
 716 0011 00       		.byte	0
 717 0012 03       		.uleb128 0x3
 718 0013 0E       		.uleb128 0xe
 719 0014 3A       		.uleb128 0x3a
 720 0015 0B       		.uleb128 0xb
 721 0016 3B       		.uleb128 0x3b
 722 0017 0B       		.uleb128 0xb
 723 0018 49       		.uleb128 0x49
 724 0019 13       		.uleb128 0x13
 725 001a 00       		.byte	0
 726 001b 00       		.byte	0
 727 001c 03       		.uleb128 0x3
 728 001d 24       		.uleb128 0x24
 729 001e 00       		.byte	0
 730 001f 0B       		.uleb128 0xb
 731 0020 0B       		.uleb128 0xb
 732 0021 3E       		.uleb128 0x3e
 733 0022 0B       		.uleb128 0xb
 734 0023 03       		.uleb128 0x3
 735 0024 0E       		.uleb128 0xe
 736 0025 00       		.byte	0
 737 0026 00       		.byte	0
 738 0027 04       		.uleb128 0x4
 739 0028 24       		.uleb128 0x24
 740 0029 00       		.byte	0
 741 002a 0B       		.uleb128 0xb
ARM GAS  C:\Users\haske\AppData\Local\Temp\cczdIEAO.s 			page 14


 742 002b 0B       		.uleb128 0xb
 743 002c 3E       		.uleb128 0x3e
 744 002d 0B       		.uleb128 0xb
 745 002e 03       		.uleb128 0x3
 746 002f 08       		.uleb128 0x8
 747 0030 00       		.byte	0
 748 0031 00       		.byte	0
 749 0032 05       		.uleb128 0x5
 750 0033 0F       		.uleb128 0xf
 751 0034 00       		.byte	0
 752 0035 0B       		.uleb128 0xb
 753 0036 0B       		.uleb128 0xb
 754 0037 00       		.byte	0
 755 0038 00       		.byte	0
 756 0039 06       		.uleb128 0x6
 757 003a 13       		.uleb128 0x13
 758 003b 01       		.byte	0x1
 759 003c 0B       		.uleb128 0xb
 760 003d 0B       		.uleb128 0xb
 761 003e 3A       		.uleb128 0x3a
 762 003f 0B       		.uleb128 0xb
 763 0040 3B       		.uleb128 0x3b
 764 0041 0B       		.uleb128 0xb
 765 0042 01       		.uleb128 0x1
 766 0043 13       		.uleb128 0x13
 767 0044 00       		.byte	0
 768 0045 00       		.byte	0
 769 0046 07       		.uleb128 0x7
 770 0047 0D       		.uleb128 0xd
 771 0048 00       		.byte	0
 772 0049 03       		.uleb128 0x3
 773 004a 0E       		.uleb128 0xe
 774 004b 3A       		.uleb128 0x3a
 775 004c 0B       		.uleb128 0xb
 776 004d 3B       		.uleb128 0x3b
 777 004e 0B       		.uleb128 0xb
 778 004f 49       		.uleb128 0x49
 779 0050 13       		.uleb128 0x13
 780 0051 38       		.uleb128 0x38
 781 0052 0B       		.uleb128 0xb
 782 0053 00       		.byte	0
 783 0054 00       		.byte	0
 784 0055 08       		.uleb128 0x8
 785 0056 0D       		.uleb128 0xd
 786 0057 00       		.byte	0
 787 0058 03       		.uleb128 0x3
 788 0059 08       		.uleb128 0x8
 789 005a 3A       		.uleb128 0x3a
 790 005b 0B       		.uleb128 0xb
 791 005c 3B       		.uleb128 0x3b
 792 005d 0B       		.uleb128 0xb
 793 005e 49       		.uleb128 0x49
 794 005f 13       		.uleb128 0x13
 795 0060 0B       		.uleb128 0xb
 796 0061 0B       		.uleb128 0xb
 797 0062 0D       		.uleb128 0xd
 798 0063 0B       		.uleb128 0xb
ARM GAS  C:\Users\haske\AppData\Local\Temp\cczdIEAO.s 			page 15


 799 0064 0C       		.uleb128 0xc
 800 0065 0B       		.uleb128 0xb
 801 0066 38       		.uleb128 0x38
 802 0067 0B       		.uleb128 0xb
 803 0068 00       		.byte	0
 804 0069 00       		.byte	0
 805 006a 09       		.uleb128 0x9
 806 006b 0D       		.uleb128 0xd
 807 006c 00       		.byte	0
 808 006d 03       		.uleb128 0x3
 809 006e 0E       		.uleb128 0xe
 810 006f 3A       		.uleb128 0x3a
 811 0070 0B       		.uleb128 0xb
 812 0071 3B       		.uleb128 0x3b
 813 0072 0B       		.uleb128 0xb
 814 0073 49       		.uleb128 0x49
 815 0074 13       		.uleb128 0x13
 816 0075 0B       		.uleb128 0xb
 817 0076 0B       		.uleb128 0xb
 818 0077 0D       		.uleb128 0xd
 819 0078 0B       		.uleb128 0xb
 820 0079 0C       		.uleb128 0xc
 821 007a 0B       		.uleb128 0xb
 822 007b 38       		.uleb128 0x38
 823 007c 0B       		.uleb128 0xb
 824 007d 00       		.byte	0
 825 007e 00       		.byte	0
 826 007f 0A       		.uleb128 0xa
 827 0080 13       		.uleb128 0x13
 828 0081 01       		.byte	0x1
 829 0082 03       		.uleb128 0x3
 830 0083 0E       		.uleb128 0xe
 831 0084 0B       		.uleb128 0xb
 832 0085 0B       		.uleb128 0xb
 833 0086 3A       		.uleb128 0x3a
 834 0087 0B       		.uleb128 0xb
 835 0088 3B       		.uleb128 0x3b
 836 0089 0B       		.uleb128 0xb
 837 008a 01       		.uleb128 0x1
 838 008b 13       		.uleb128 0x13
 839 008c 00       		.byte	0
 840 008d 00       		.byte	0
 841 008e 0B       		.uleb128 0xb
 842 008f 0D       		.uleb128 0xd
 843 0090 00       		.byte	0
 844 0091 03       		.uleb128 0x3
 845 0092 08       		.uleb128 0x8
 846 0093 3A       		.uleb128 0x3a
 847 0094 0B       		.uleb128 0xb
 848 0095 3B       		.uleb128 0x3b
 849 0096 0B       		.uleb128 0xb
 850 0097 49       		.uleb128 0x49
 851 0098 13       		.uleb128 0x13
 852 0099 38       		.uleb128 0x38
 853 009a 0B       		.uleb128 0xb
 854 009b 00       		.byte	0
 855 009c 00       		.byte	0
ARM GAS  C:\Users\haske\AppData\Local\Temp\cczdIEAO.s 			page 16


 856 009d 0C       		.uleb128 0xc
 857 009e 0F       		.uleb128 0xf
 858 009f 00       		.byte	0
 859 00a0 0B       		.uleb128 0xb
 860 00a1 0B       		.uleb128 0xb
 861 00a2 49       		.uleb128 0x49
 862 00a3 13       		.uleb128 0x13
 863 00a4 00       		.byte	0
 864 00a5 00       		.byte	0
 865 00a6 0D       		.uleb128 0xd
 866 00a7 26       		.uleb128 0x26
 867 00a8 00       		.byte	0
 868 00a9 49       		.uleb128 0x49
 869 00aa 13       		.uleb128 0x13
 870 00ab 00       		.byte	0
 871 00ac 00       		.byte	0
 872 00ad 0E       		.uleb128 0xe
 873 00ae 15       		.uleb128 0x15
 874 00af 01       		.byte	0x1
 875 00b0 27       		.uleb128 0x27
 876 00b1 19       		.uleb128 0x19
 877 00b2 49       		.uleb128 0x49
 878 00b3 13       		.uleb128 0x13
 879 00b4 01       		.uleb128 0x1
 880 00b5 13       		.uleb128 0x13
 881 00b6 00       		.byte	0
 882 00b7 00       		.byte	0
 883 00b8 0F       		.uleb128 0xf
 884 00b9 05       		.uleb128 0x5
 885 00ba 00       		.byte	0
 886 00bb 49       		.uleb128 0x49
 887 00bc 13       		.uleb128 0x13
 888 00bd 00       		.byte	0
 889 00be 00       		.byte	0
 890 00bf 10       		.uleb128 0x10
 891 00c0 26       		.uleb128 0x26
 892 00c1 00       		.byte	0
 893 00c2 00       		.byte	0
 894 00c3 00       		.byte	0
 895 00c4 11       		.uleb128 0x11
 896 00c5 04       		.uleb128 0x4
 897 00c6 01       		.byte	0x1
 898 00c7 0B       		.uleb128 0xb
 899 00c8 0B       		.uleb128 0xb
 900 00c9 49       		.uleb128 0x49
 901 00ca 13       		.uleb128 0x13
 902 00cb 3A       		.uleb128 0x3a
 903 00cc 0B       		.uleb128 0xb
 904 00cd 3B       		.uleb128 0x3b
 905 00ce 0B       		.uleb128 0xb
 906 00cf 01       		.uleb128 0x1
 907 00d0 13       		.uleb128 0x13
 908 00d1 00       		.byte	0
 909 00d2 00       		.byte	0
 910 00d3 12       		.uleb128 0x12
 911 00d4 28       		.uleb128 0x28
 912 00d5 00       		.byte	0
ARM GAS  C:\Users\haske\AppData\Local\Temp\cczdIEAO.s 			page 17


 913 00d6 03       		.uleb128 0x3
 914 00d7 0E       		.uleb128 0xe
 915 00d8 1C       		.uleb128 0x1c
 916 00d9 0B       		.uleb128 0xb
 917 00da 00       		.byte	0
 918 00db 00       		.byte	0
 919 00dc 13       		.uleb128 0x13
 920 00dd 28       		.uleb128 0x28
 921 00de 00       		.byte	0
 922 00df 03       		.uleb128 0x3
 923 00e0 0E       		.uleb128 0xe
 924 00e1 1C       		.uleb128 0x1c
 925 00e2 05       		.uleb128 0x5
 926 00e3 00       		.byte	0
 927 00e4 00       		.byte	0
 928 00e5 14       		.uleb128 0x14
 929 00e6 16       		.uleb128 0x16
 930 00e7 00       		.byte	0
 931 00e8 03       		.uleb128 0x3
 932 00e9 0E       		.uleb128 0xe
 933 00ea 3A       		.uleb128 0x3a
 934 00eb 0B       		.uleb128 0xb
 935 00ec 3B       		.uleb128 0x3b
 936 00ed 05       		.uleb128 0x5
 937 00ee 49       		.uleb128 0x49
 938 00ef 13       		.uleb128 0x13
 939 00f0 00       		.byte	0
 940 00f1 00       		.byte	0
 941 00f2 15       		.uleb128 0x15
 942 00f3 34       		.uleb128 0x34
 943 00f4 00       		.byte	0
 944 00f5 03       		.uleb128 0x3
 945 00f6 0E       		.uleb128 0xe
 946 00f7 3A       		.uleb128 0x3a
 947 00f8 0B       		.uleb128 0xb
 948 00f9 3B       		.uleb128 0x3b
 949 00fa 0B       		.uleb128 0xb
 950 00fb 49       		.uleb128 0x49
 951 00fc 13       		.uleb128 0x13
 952 00fd 3F       		.uleb128 0x3f
 953 00fe 19       		.uleb128 0x19
 954 00ff 3C       		.uleb128 0x3c
 955 0100 19       		.uleb128 0x19
 956 0101 00       		.byte	0
 957 0102 00       		.byte	0
 958 0103 00       		.byte	0
 959              		.section	.debug_aranges,"",%progbits
 960 0000 14000000 		.4byte	0x14
 961 0004 0200     		.2byte	0x2
 962 0006 00000000 		.4byte	.Ldebug_info0
 963 000a 04       		.byte	0x4
 964 000b 00       		.byte	0
 965 000c 0000     		.2byte	0
 966 000e 0000     		.2byte	0
 967 0010 00000000 		.4byte	0
 968 0014 00000000 		.4byte	0
 969              		.section	.debug_line,"",%progbits
ARM GAS  C:\Users\haske\AppData\Local\Temp\cczdIEAO.s 			page 18


 970              	.Ldebug_line0:
 971 0000 98020000 		.section	.debug_str,"MS",%progbits,1
 971      02009202 
 971      00000201 
 971      FB0E0D00 
 971      01010101 
 972              	.LASF38:
 973 0000 75736572 		.ascii	"user_data\000"
 973      5F646174 
 973      6100
 974              	.LASF31:
 975 000a 6765745F 		.ascii	"get_glyph_bitmap\000"
 975      676C7970 
 975      685F6269 
 975      746D6170 
 975      00
 976              	.LASF90:
 977 001b 4C565F53 		.ascii	"LV_STYLE_IMG_OPA\000"
 977      54594C45 
 977      5F494D47 
 977      5F4F5041 
 977      00
 978              	.LASF65:
 979 002c 4C565F53 		.ascii	"LV_STYLE_BG_GRAD_DIR\000"
 979      54594C45 
 979      5F42475F 
 979      47524144 
 979      5F444952 
 980              	.LASF95:
 981 0041 4C565F53 		.ascii	"LV_STYLE_LINE_DASH_GAP\000"
 981      54594C45 
 981      5F4C494E 
 981      455F4441 
 981      53485F47 
 982              	.LASF1:
 983 0058 5F5F7569 		.ascii	"__uint8_t\000"
 983      6E74385F 
 983      7400
 984              	.LASF81:
 985 0062 4C565F53 		.ascii	"LV_STYLE_OUTLINE_COLOR\000"
 985      54594C45 
 985      5F4F5554 
 985      4C494E45 
 985      5F434F4C 
 986              	.LASF70:
 987 0079 4C565F53 		.ascii	"LV_STYLE_BG_IMG_SRC\000"
 987      54594C45 
 987      5F42475F 
 987      494D475F 
 987      53524300 
 988              	.LASF107:
 989 008d 4C565F53 		.ascii	"LV_STYLE_TEXT_LETTER_SPACE\000"
 989      54594C45 
 989      5F544558 
 989      545F4C45 
 989      54544552 
 990              	.LASF12:
ARM GAS  C:\Users\haske\AppData\Local\Temp\cczdIEAO.s 			page 19


 991 00a8 6C6F6E67 		.ascii	"long long unsigned int\000"
 991      206C6F6E 
 991      6720756E 
 991      7369676E 
 991      65642069 
 992              	.LASF41:
 993 00bf 6C765F66 		.ascii	"lv_font_t\000"
 993      6F6E745F 
 993      7400
 994              	.LASF85:
 995 00c9 4C565F53 		.ascii	"LV_STYLE_SHADOW_OFS_X\000"
 995      54594C45 
 995      5F534841 
 995      444F575F 
 995      4F46535F 
 996              	.LASF0:
 997 00df 5F5F696E 		.ascii	"__int8_t\000"
 997      74385F74 
 997      00
 998              	.LASF145:
 999 00e8 4C565F53 		.ascii	"LV_STYLE_GRID_CELL_ROW_POS\000"
 999      54594C45 
 999      5F475249 
 999      445F4345 
 999      4C4C5F52 
 1000              	.LASF56:
 1001 0103 4C565F53 		.ascii	"LV_STYLE_PAD_LEFT\000"
 1001      54594C45 
 1001      5F504144 
 1001      5F4C4546 
 1001      5400
 1002              	.LASF22:
 1003 0115 6C765F63 		.ascii	"lv_coord_t\000"
 1003      6F6F7264 
 1003      5F7400
 1004              	.LASF91:
 1005 0120 4C565F53 		.ascii	"LV_STYLE_IMG_RECOLOR\000"
 1005      54594C45 
 1005      5F494D47 
 1005      5F524543 
 1005      4F4C4F52 
 1006              	.LASF73:
 1007 0135 4C565F53 		.ascii	"LV_STYLE_BG_IMG_RECOLOR_OPA\000"
 1007      54594C45 
 1007      5F42475F 
 1007      494D475F 
 1007      5245434F 
 1008              	.LASF16:
 1009 0151 696E7431 		.ascii	"int16_t\000"
 1009      365F7400 
 1010              	.LASF11:
 1011 0159 6C6F6E67 		.ascii	"long long int\000"
 1011      206C6F6E 
 1011      6720696E 
 1011      7400
 1012              	.LASF2:
 1013 0167 7369676E 		.ascii	"signed char\000"
ARM GAS  C:\Users\haske\AppData\Local\Temp\cczdIEAO.s 			page 20


 1013      65642063 
 1013      68617200 
 1014              	.LASF112:
 1015 0173 4C565F53 		.ascii	"LV_STYLE_COLOR_FILTER_DSC\000"
 1015      54594C45 
 1015      5F434F4C 
 1015      4F525F46 
 1015      494C5445 
 1016              	.LASF35:
 1017 018d 756E6465 		.ascii	"underline_position\000"
 1017      726C696E 
 1017      655F706F 
 1017      73697469 
 1017      6F6E00
 1018              	.LASF106:
 1019 01a0 4C565F53 		.ascii	"LV_STYLE_TEXT_FONT\000"
 1019      54594C45 
 1019      5F544558 
 1019      545F464F 
 1019      4E5400
 1020              	.LASF104:
 1021 01b3 4C565F53 		.ascii	"LV_STYLE_TEXT_COLOR\000"
 1021      54594C45 
 1021      5F544558 
 1021      545F434F 
 1021      4C4F5200 
 1022              	.LASF43:
 1023 01c7 4C565F53 		.ascii	"LV_STYLE_WIDTH\000"
 1023      54594C45 
 1023      5F574944 
 1023      544800
 1024              	.LASF121:
 1025 01d6 4C565F53 		.ascii	"LV_STYLE_TRANSLATE_X\000"
 1025      54594C45 
 1025      5F545241 
 1025      4E534C41 
 1025      54455F58 
 1026              	.LASF122:
 1027 01eb 4C565F53 		.ascii	"LV_STYLE_TRANSLATE_Y\000"
 1027      54594C45 
 1027      5F545241 
 1027      4E534C41 
 1027      54455F59 
 1028              	.LASF140:
 1029 0200 4C565F53 		.ascii	"LV_STYLE_GRID_ROW_DSC_ARRAY\000"
 1029      54594C45 
 1029      5F475249 
 1029      445F524F 
 1029      575F4453 
 1030              	.LASF8:
 1031 021c 6C6F6E67 		.ascii	"long int\000"
 1031      20696E74 
 1031      00
 1032              	.LASF86:
 1033 0225 4C565F53 		.ascii	"LV_STYLE_SHADOW_OFS_Y\000"
 1033      54594C45 
 1033      5F534841 
ARM GAS  C:\Users\haske\AppData\Local\Temp\cczdIEAO.s 			page 21


 1033      444F575F 
 1033      4F46535F 
 1034              	.LASF83:
 1035 023b 4C565F53 		.ascii	"LV_STYLE_OUTLINE_PAD\000"
 1035      54594C45 
 1035      5F4F5554 
 1035      4C494E45 
 1035      5F504144 
 1036              	.LASF114:
 1037 0250 4C565F53 		.ascii	"LV_STYLE_ANIM\000"
 1037      54594C45 
 1037      5F414E49 
 1037      4D00
 1038              	.LASF99:
 1039 025e 4C565F53 		.ascii	"LV_STYLE_ARC_WIDTH\000"
 1039      54594C45 
 1039      5F415243 
 1039      5F574944 
 1039      544800
 1040              	.LASF84:
 1041 0271 4C565F53 		.ascii	"LV_STYLE_SHADOW_WIDTH\000"
 1041      54594C45 
 1041      5F534841 
 1041      444F575F 
 1041      57494454 
 1042              	.LASF17:
 1043 0287 75696E74 		.ascii	"uint16_t\000"
 1043      31365F74 
 1043      00
 1044              	.LASF52:
 1045 0290 4C565F53 		.ascii	"LV_STYLE_LAYOUT\000"
 1045      54594C45 
 1045      5F4C4159 
 1045      4F555400 
 1046              	.LASF42:
 1047 02a0 4C565F53 		.ascii	"LV_STYLE_PROP_INV\000"
 1047      54594C45 
 1047      5F50524F 
 1047      505F494E 
 1047      5600
 1048              	.LASF116:
 1049 02b2 4C565F53 		.ascii	"LV_STYLE_ANIM_SPEED\000"
 1049      54594C45 
 1049      5F414E49 
 1049      4D5F5350 
 1049      45454400 
 1050              	.LASF93:
 1051 02c6 4C565F53 		.ascii	"LV_STYLE_LINE_WIDTH\000"
 1051      54594C45 
 1051      5F4C494E 
 1051      455F5749 
 1051      44544800 
 1052              	.LASF55:
 1053 02da 4C565F53 		.ascii	"LV_STYLE_PAD_BOTTOM\000"
 1053      54594C45 
 1053      5F504144 
 1053      5F424F54 
ARM GAS  C:\Users\haske\AppData\Local\Temp\cczdIEAO.s 			page 22


 1053      544F4D00 
 1054              	.LASF96:
 1055 02ee 4C565F53 		.ascii	"LV_STYLE_LINE_ROUNDED\000"
 1055      54594C45 
 1055      5F4C494E 
 1055      455F524F 
 1055      554E4445 
 1056              	.LASF57:
 1057 0304 4C565F53 		.ascii	"LV_STYLE_PAD_RIGHT\000"
 1057      54594C45 
 1057      5F504144 
 1057      5F524947 
 1057      485400
 1058              	.LASF77:
 1059 0317 4C565F53 		.ascii	"LV_STYLE_BORDER_WIDTH\000"
 1059      54594C45 
 1059      5F424F52 
 1059      4445525F 
 1059      57494454 
 1060              	.LASF147:
 1061 032d 4C565F53 		.ascii	"LV_STYLE_GRID_CELL_Y_ALIGN\000"
 1061      54594C45 
 1061      5F475249 
 1061      445F4345 
 1061      4C4C5F59 
 1062              	.LASF9:
 1063 0348 5F5F7569 		.ascii	"__uint32_t\000"
 1063      6E743332 
 1063      5F7400
 1064              	.LASF67:
 1065 0353 4C565F53 		.ascii	"LV_STYLE_BG_GRAD_STOP\000"
 1065      54594C45 
 1065      5F42475F 
 1065      47524144 
 1065      5F53544F 
 1066              	.LASF4:
 1067 0369 5F5F696E 		.ascii	"__int16_t\000"
 1067      7431365F 
 1067      7400
 1068              	.LASF23:
 1069 0373 7265736F 		.ascii	"resolved_font\000"
 1069      6C766564 
 1069      5F666F6E 
 1069      7400
 1070              	.LASF30:
 1071 0381 6765745F 		.ascii	"get_glyph_dsc\000"
 1071      676C7970 
 1071      685F6473 
 1071      6300
 1072              	.LASF102:
 1073 038f 4C565F53 		.ascii	"LV_STYLE_ARC_OPA\000"
 1073      54594C45 
 1073      5F415243 
 1073      5F4F5041 
 1073      00
 1074              	.LASF29:
 1075 03a0 69735F70 		.ascii	"is_placeholder\000"
ARM GAS  C:\Users\haske\AppData\Local\Temp\cczdIEAO.s 			page 23


 1075      6C616365 
 1075      686F6C64 
 1075      657200
 1076              	.LASF146:
 1077 03af 4C565F53 		.ascii	"LV_STYLE_GRID_CELL_ROW_SPAN\000"
 1077      54594C45 
 1077      5F475249 
 1077      445F4345 
 1077      4C4C5F52 
 1078              	.LASF151:
 1079 03cb 5F6C765F 		.ascii	"_lv_font_t\000"
 1079      666F6E74 
 1079      5F7400
 1080              	.LASF13:
 1081 03d6 756E7369 		.ascii	"unsigned int\000"
 1081      676E6564 
 1081      20696E74 
 1081      00
 1082              	.LASF89:
 1083 03e3 4C565F53 		.ascii	"LV_STYLE_SHADOW_OPA\000"
 1083      54594C45 
 1083      5F534841 
 1083      444F575F 
 1083      4F504100 
 1084              	.LASF78:
 1085 03f7 4C565F53 		.ascii	"LV_STYLE_BORDER_SIDE\000"
 1085      54594C45 
 1085      5F424F52 
 1085      4445525F 
 1085      53494445 
 1086              	.LASF10:
 1087 040c 6C6F6E67 		.ascii	"long unsigned int\000"
 1087      20756E73 
 1087      69676E65 
 1087      6420696E 
 1087      7400
 1088              	.LASF61:
 1089 041e 4C565F53 		.ascii	"LV_STYLE_CLIP_CORNER\000"
 1089      54594C45 
 1089      5F434C49 
 1089      505F434F 
 1089      524E4552 
 1090              	.LASF82:
 1091 0433 4C565F53 		.ascii	"LV_STYLE_OUTLINE_OPA\000"
 1091      54594C45 
 1091      5F4F5554 
 1091      4C494E45 
 1091      5F4F5041 
 1092              	.LASF54:
 1093 0448 4C565F53 		.ascii	"LV_STYLE_PAD_TOP\000"
 1093      54594C45 
 1093      5F504144 
 1093      5F544F50 
 1093      00
 1094              	.LASF7:
 1095 0459 73686F72 		.ascii	"short unsigned int\000"
 1095      7420756E 
ARM GAS  C:\Users\haske\AppData\Local\Temp\cczdIEAO.s 			page 24


 1095      7369676E 
 1095      65642069 
 1095      6E7400
 1096              	.LASF44:
 1097 046c 4C565F53 		.ascii	"LV_STYLE_MIN_WIDTH\000"
 1097      54594C45 
 1097      5F4D494E 
 1097      5F574944 
 1097      544800
 1098              	.LASF32:
 1099 047f 6C696E65 		.ascii	"line_height\000"
 1099      5F686569 
 1099      67687400 
 1100              	.LASF150:
 1101 048b 433A5C50 		.ascii	"C:\\Projects\\PainDrain\\firmware\\PainDrain\\PainD"
 1101      726F6A65 
 1101      6374735C 
 1101      5061696E 
 1101      44726169 
 1102 04b9 7261696E 		.ascii	"rain.cydsn\000"
 1102      2E637964 
 1102      736E00
 1103              	.LASF51:
 1104 04c4 4C565F53 		.ascii	"LV_STYLE_ALIGN\000"
 1104      54594C45 
 1104      5F414C49 
 1104      474E00
 1105              	.LASF47:
 1106 04d3 4C565F53 		.ascii	"LV_STYLE_MIN_HEIGHT\000"
 1106      54594C45 
 1106      5F4D494E 
 1106      5F484549 
 1106      47485400 
 1107              	.LASF34:
 1108 04e7 73756270 		.ascii	"subpx\000"
 1108      7800
 1109              	.LASF141:
 1110 04ed 4C565F53 		.ascii	"LV_STYLE_GRID_ROW_ALIGN\000"
 1110      54594C45 
 1110      5F475249 
 1110      445F524F 
 1110      575F414C 
 1111              	.LASF128:
 1112 0505 5F4C565F 		.ascii	"_LV_STYLE_NUM_BUILT_IN_PROPS\000"
 1112      5354594C 
 1112      455F4E55 
 1112      4D5F4255 
 1112      494C545F 
 1113              	.LASF137:
 1114 0522 4C565F53 		.ascii	"LV_STYLE_FLEX_GROW\000"
 1114      54594C45 
 1114      5F464C45 
 1114      585F4752 
 1114      4F5700
 1115              	.LASF33:
 1116 0535 62617365 		.ascii	"base_line\000"
 1116      5F6C696E 
ARM GAS  C:\Users\haske\AppData\Local\Temp\cczdIEAO.s 			page 25


 1116      6500
 1117              	.LASF46:
 1118 053f 4C565F53 		.ascii	"LV_STYLE_HEIGHT\000"
 1118      54594C45 
 1118      5F484549 
 1118      47485400 
 1119              	.LASF117:
 1120 054f 4C565F53 		.ascii	"LV_STYLE_TRANSITION\000"
 1120      54594C45 
 1120      5F545241 
 1120      4E534954 
 1120      494F4E00 
 1121              	.LASF39:
 1122 0563 6C765F66 		.ascii	"lv_font_glyph_dsc_t\000"
 1122      6F6E745F 
 1122      676C7970 
 1122      685F6473 
 1122      635F7400 
 1123              	.LASF92:
 1124 0577 4C565F53 		.ascii	"LV_STYLE_IMG_RECOLOR_OPA\000"
 1124      54594C45 
 1124      5F494D47 
 1124      5F524543 
 1124      4F4C4F52 
 1125              	.LASF49:
 1126 0590 4C565F53 		.ascii	"LV_STYLE_X\000"
 1126      54594C45 
 1126      5F5800
 1127              	.LASF50:
 1128 059b 4C565F53 		.ascii	"LV_STYLE_Y\000"
 1128      54594C45 
 1128      5F5900
 1129              	.LASF80:
 1130 05a6 4C565F53 		.ascii	"LV_STYLE_OUTLINE_WIDTH\000"
 1130      54594C45 
 1130      5F4F5554 
 1130      4C494E45 
 1130      5F574944 
 1131              	.LASF48:
 1132 05bd 4C565F53 		.ascii	"LV_STYLE_MAX_HEIGHT\000"
 1132      54594C45 
 1132      5F4D4158 
 1132      5F484549 
 1132      47485400 
 1133              	.LASF20:
 1134 05d1 73697A65 		.ascii	"sizetype\000"
 1134      74797065 
 1134      00
 1135              	.LASF64:
 1136 05da 4C565F53 		.ascii	"LV_STYLE_BG_GRAD_COLOR\000"
 1136      54594C45 
 1136      5F42475F 
 1136      47524144 
 1136      5F434F4C 
 1137              	.LASF134:
 1138 05f1 4C565F53 		.ascii	"LV_STYLE_FLEX_MAIN_PLACE\000"
 1138      54594C45 
ARM GAS  C:\Users\haske\AppData\Local\Temp\cczdIEAO.s 			page 26


 1138      5F464C45 
 1138      585F4D41 
 1138      494E5F50 
 1139              	.LASF71:
 1140 060a 4C565F53 		.ascii	"LV_STYLE_BG_IMG_OPA\000"
 1140      54594C45 
 1140      5F42475F 
 1140      494D475F 
 1140      4F504100 
 1141              	.LASF63:
 1142 061e 4C565F53 		.ascii	"LV_STYLE_BG_OPA\000"
 1142      54594C45 
 1142      5F42475F 
 1142      4F504100 
 1143              	.LASF109:
 1144 062e 4C565F53 		.ascii	"LV_STYLE_TEXT_DECOR\000"
 1144      54594C45 
 1144      5F544558 
 1144      545F4445 
 1144      434F5200 
 1145              	.LASF103:
 1146 0642 4C565F53 		.ascii	"LV_STYLE_ARC_IMG_SRC\000"
 1146      54594C45 
 1146      5F415243 
 1146      5F494D47 
 1146      5F535243 
 1147              	.LASF72:
 1148 0657 4C565F53 		.ascii	"LV_STYLE_BG_IMG_RECOLOR\000"
 1148      54594C45 
 1148      5F42475F 
 1148      494D475F 
 1148      5245434F 
 1149              	.LASF130:
 1150 066f 5F4C565F 		.ascii	"_LV_STYLE_PROP_CONST\000"
 1150      5354594C 
 1150      455F5052 
 1150      4F505F43 
 1150      4F4E5354 
 1151              	.LASF79:
 1152 0684 4C565F53 		.ascii	"LV_STYLE_BORDER_POST\000"
 1152      54594C45 
 1152      5F424F52 
 1152      4445525F 
 1152      504F5354 
 1153              	.LASF87:
 1154 0699 4C565F53 		.ascii	"LV_STYLE_SHADOW_SPREAD\000"
 1154      54594C45 
 1154      5F534841 
 1154      444F575F 
 1154      53505245 
 1155              	.LASF118:
 1156 06b0 4C565F53 		.ascii	"LV_STYLE_BLEND_MODE\000"
 1156      54594C45 
 1156      5F424C45 
 1156      4E445F4D 
 1156      4F444500 
 1157              	.LASF69:
ARM GAS  C:\Users\haske\AppData\Local\Temp\cczdIEAO.s 			page 27


 1158 06c4 4C565F53 		.ascii	"LV_STYLE_BG_DITHER_MODE\000"
 1158      54594C45 
 1158      5F42475F 
 1158      44495448 
 1158      45525F4D 
 1159              	.LASF98:
 1160 06dc 4C565F53 		.ascii	"LV_STYLE_LINE_OPA\000"
 1160      54594C45 
 1160      5F4C494E 
 1160      455F4F50 
 1160      4100
 1161              	.LASF60:
 1162 06ee 4C565F53 		.ascii	"LV_STYLE_BASE_DIR\000"
 1162      54594C45 
 1162      5F424153 
 1162      455F4449 
 1162      5200
 1163              	.LASF131:
 1164 0700 6C765F73 		.ascii	"lv_style_prop_t\000"
 1164      74796C65 
 1164      5F70726F 
 1164      705F7400 
 1165              	.LASF111:
 1166 0710 4C565F53 		.ascii	"LV_STYLE_OPA\000"
 1166      54594C45 
 1166      5F4F5041 
 1166      00
 1167              	.LASF135:
 1168 071d 4C565F53 		.ascii	"LV_STYLE_FLEX_CROSS_PLACE\000"
 1168      54594C45 
 1168      5F464C45 
 1168      585F4352 
 1168      4F53535F 
 1169              	.LASF40:
 1170 0737 5F426F6F 		.ascii	"_Bool\000"
 1170      6C00
 1171              	.LASF3:
 1172 073d 756E7369 		.ascii	"unsigned char\000"
 1172      676E6564 
 1172      20636861 
 1172      7200
 1173              	.LASF5:
 1174 074b 73686F72 		.ascii	"short int\000"
 1174      7420696E 
 1174      7400
 1175              	.LASF76:
 1176 0755 4C565F53 		.ascii	"LV_STYLE_BORDER_OPA\000"
 1176      54594C45 
 1176      5F424F52 
 1176      4445525F 
 1176      4F504100 
 1177              	.LASF129:
 1178 0769 4C565F53 		.ascii	"LV_STYLE_PROP_ANY\000"
 1178      54594C45 
 1178      5F50524F 
 1178      505F414E 
 1178      5900
ARM GAS  C:\Users\haske\AppData\Local\Temp\cczdIEAO.s 			page 28


 1179              	.LASF119:
 1180 077b 4C565F53 		.ascii	"LV_STYLE_TRANSFORM_WIDTH\000"
 1180      54594C45 
 1180      5F545241 
 1180      4E53464F 
 1180      524D5F57 
 1181              	.LASF36:
 1182 0794 756E6465 		.ascii	"underline_thickness\000"
 1182      726C696E 
 1182      655F7468 
 1182      69636B6E 
 1182      65737300 
 1183              	.LASF127:
 1184 07a8 5F4C565F 		.ascii	"_LV_STYLE_LAST_BUILT_IN_PROP\000"
 1184      5354594C 
 1184      455F4C41 
 1184      53545F42 
 1184      55494C54 
 1185              	.LASF124:
 1186 07c5 4C565F53 		.ascii	"LV_STYLE_TRANSFORM_ANGLE\000"
 1186      54594C45 
 1186      5F545241 
 1186      4E53464F 
 1186      524D5F41 
 1187              	.LASF100:
 1188 07de 4C565F53 		.ascii	"LV_STYLE_ARC_ROUNDED\000"
 1188      54594C45 
 1188      5F415243 
 1188      5F524F55 
 1188      4E444544 
 1189              	.LASF110:
 1190 07f3 4C565F53 		.ascii	"LV_STYLE_TEXT_ALIGN\000"
 1190      54594C45 
 1190      5F544558 
 1190      545F414C 
 1190      49474E00 
 1191              	.LASF97:
 1192 0807 4C565F53 		.ascii	"LV_STYLE_LINE_COLOR\000"
 1192      54594C45 
 1192      5F4C494E 
 1192      455F434F 
 1192      4C4F5200 
 1193              	.LASF126:
 1194 081b 4C565F53 		.ascii	"LV_STYLE_TRANSFORM_PIVOT_Y\000"
 1194      54594C45 
 1194      5F545241 
 1194      4E53464F 
 1194      524D5F50 
 1195              	.LASF58:
 1196 0836 4C565F53 		.ascii	"LV_STYLE_PAD_ROW\000"
 1196      54594C45 
 1196      5F504144 
 1196      5F524F57 
 1196      00
 1197              	.LASF148:
 1198 0847 474E5520 		.ascii	"GNU C11 5.4.1 20160609 (release) [ARM/embedded-5-br"
 1198      43313120 
ARM GAS  C:\Users\haske\AppData\Local\Temp\cczdIEAO.s 			page 29


 1198      352E342E 
 1198      31203230 
 1198      31363036 
 1199 087a 616E6368 		.ascii	"anch revision 237715] -mcpu=cortex-m0plus -mthumb -"
 1199      20726576 
 1199      6973696F 
 1199      6E203233 
 1199      37373135 
 1200 08ad 67202D4F 		.ascii	"g -Og -ffunction-sections -ffat-lto-objects\000"
 1200      67202D66 
 1200      66756E63 
 1200      74696F6E 
 1200      2D736563 
 1201              	.LASF123:
 1202 08d9 4C565F53 		.ascii	"LV_STYLE_TRANSFORM_ZOOM\000"
 1202      54594C45 
 1202      5F545241 
 1202      4E53464F 
 1202      524D5F5A 
 1203              	.LASF19:
 1204 08f1 6C6F6E67 		.ascii	"long double\000"
 1204      20646F75 
 1204      626C6500 
 1205              	.LASF144:
 1206 08fd 4C565F53 		.ascii	"LV_STYLE_GRID_CELL_X_ALIGN\000"
 1206      54594C45 
 1206      5F475249 
 1206      445F4345 
 1206      4C4C5F58 
 1207              	.LASF21:
 1208 0918 63686172 		.ascii	"char\000"
 1208      00
 1209              	.LASF113:
 1210 091d 4C565F53 		.ascii	"LV_STYLE_COLOR_FILTER_OPA\000"
 1210      54594C45 
 1210      5F434F4C 
 1210      4F525F46 
 1210      494C5445 
 1211              	.LASF6:
 1212 0937 5F5F7569 		.ascii	"__uint16_t\000"
 1212      6E743136 
 1212      5F7400
 1213              	.LASF136:
 1214 0942 4C565F53 		.ascii	"LV_STYLE_FLEX_TRACK_PLACE\000"
 1214      54594C45 
 1214      5F464C45 
 1214      585F5452 
 1214      41434B5F 
 1215              	.LASF138:
 1216 095c 4C565F53 		.ascii	"LV_STYLE_GRID_COLUMN_DSC_ARRAY\000"
 1216      54594C45 
 1216      5F475249 
 1216      445F434F 
 1216      4C554D4E 
 1217              	.LASF143:
 1218 097b 4C565F53 		.ascii	"LV_STYLE_GRID_CELL_COLUMN_SPAN\000"
 1218      54594C45 
ARM GAS  C:\Users\haske\AppData\Local\Temp\cczdIEAO.s 			page 30


 1218      5F475249 
 1218      445F4345 
 1218      4C4C5F43 
 1219              	.LASF115:
 1220 099a 4C565F53 		.ascii	"LV_STYLE_ANIM_TIME\000"
 1220      54594C45 
 1220      5F414E49 
 1220      4D5F5449 
 1220      4D4500
 1221              	.LASF59:
 1222 09ad 4C565F53 		.ascii	"LV_STYLE_PAD_COLUMN\000"
 1222      54594C45 
 1222      5F504144 
 1222      5F434F4C 
 1222      554D4E00 
 1223              	.LASF37:
 1224 09c1 66616C6C 		.ascii	"fallback\000"
 1224      6261636B 
 1224      00
 1225              	.LASF26:
 1226 09ca 626F785F 		.ascii	"box_h\000"
 1226      6800
 1227              	.LASF62:
 1228 09d0 4C565F53 		.ascii	"LV_STYLE_BG_COLOR\000"
 1228      54594C45 
 1228      5F42475F 
 1228      434F4C4F 
 1228      5200
 1229              	.LASF14:
 1230 09e2 696E7438 		.ascii	"int8_t\000"
 1230      5F7400
 1231              	.LASF108:
 1232 09e9 4C565F53 		.ascii	"LV_STYLE_TEXT_LINE_SPACE\000"
 1232      54594C45 
 1232      5F544558 
 1232      545F4C49 
 1232      4E455F53 
 1233              	.LASF94:
 1234 0a02 4C565F53 		.ascii	"LV_STYLE_LINE_DASH_WIDTH\000"
 1234      54594C45 
 1234      5F4C494E 
 1234      455F4441 
 1234      53485F57 
 1235              	.LASF125:
 1236 0a1b 4C565F53 		.ascii	"LV_STYLE_TRANSFORM_PIVOT_X\000"
 1236      54594C45 
 1236      5F545241 
 1236      4E53464F 
 1236      524D5F50 
 1237              	.LASF18:
 1238 0a36 75696E74 		.ascii	"uint32_t\000"
 1238      33325F74 
 1238      00
 1239              	.LASF25:
 1240 0a3f 626F785F 		.ascii	"box_w\000"
 1240      7700
 1241              	.LASF120:
ARM GAS  C:\Users\haske\AppData\Local\Temp\cczdIEAO.s 			page 31


 1242 0a45 4C565F53 		.ascii	"LV_STYLE_TRANSFORM_HEIGHT\000"
 1242      54594C45 
 1242      5F545241 
 1242      4E53464F 
 1242      524D5F48 
 1243              	.LASF142:
 1244 0a5f 4C565F53 		.ascii	"LV_STYLE_GRID_CELL_COLUMN_POS\000"
 1244      54594C45 
 1244      5F475249 
 1244      445F4345 
 1244      4C4C5F43 
 1245              	.LASF68:
 1246 0a7d 4C565F53 		.ascii	"LV_STYLE_BG_GRAD\000"
 1246      54594C45 
 1246      5F42475F 
 1246      47524144 
 1246      00
 1247              	.LASF139:
 1248 0a8e 4C565F53 		.ascii	"LV_STYLE_GRID_COLUMN_ALIGN\000"
 1248      54594C45 
 1248      5F475249 
 1248      445F434F 
 1248      4C554D4E 
 1249              	.LASF101:
 1250 0aa9 4C565F53 		.ascii	"LV_STYLE_ARC_COLOR\000"
 1250      54594C45 
 1250      5F415243 
 1250      5F434F4C 
 1250      4F5200
 1251              	.LASF15:
 1252 0abc 75696E74 		.ascii	"uint8_t\000"
 1252      385F7400 
 1253              	.LASF74:
 1254 0ac4 4C565F53 		.ascii	"LV_STYLE_BG_IMG_TILED\000"
 1254      54594C45 
 1254      5F42475F 
 1254      494D475F 
 1254      54494C45 
 1255              	.LASF88:
 1256 0ada 4C565F53 		.ascii	"LV_STYLE_SHADOW_COLOR\000"
 1256      54594C45 
 1256      5F534841 
 1256      444F575F 
 1256      434F4C4F 
 1257              	.LASF132:
 1258 0af0 6C765F66 		.ascii	"lv_font_montserrat_14\000"
 1258      6F6E745F 
 1258      6D6F6E74 
 1258      73657272 
 1258      61745F31 
 1259              	.LASF24:
 1260 0b06 6164765F 		.ascii	"adv_w\000"
 1260      7700
 1261              	.LASF149:
 1262 0b0c 2E2E5C2E 		.ascii	"..\\..\\..\\arduinoLCD\\test\\Pain Drain\\libraries"
 1262      2E5C2E2E 
 1262      5C617264 
ARM GAS  C:\Users\haske\AppData\Local\Temp\cczdIEAO.s 			page 32


 1262      75696E6F 
 1262      4C43445C 
 1263 0b39 5C6C7667 		.ascii	"\\lvgl\\src\\font\\lv_font_simsun_16_cjk.c\000"
 1263      6C5C7372 
 1263      635C666F 
 1263      6E745C6C 
 1263      765F666F 
 1264              	.LASF27:
 1265 0b60 6F66735F 		.ascii	"ofs_x\000"
 1265      7800
 1266              	.LASF28:
 1267 0b66 6F66735F 		.ascii	"ofs_y\000"
 1267      7900
 1268              	.LASF75:
 1269 0b6c 4C565F53 		.ascii	"LV_STYLE_BORDER_COLOR\000"
 1269      54594C45 
 1269      5F424F52 
 1269      4445525F 
 1269      434F4C4F 
 1270              	.LASF66:
 1271 0b82 4C565F53 		.ascii	"LV_STYLE_BG_MAIN_STOP\000"
 1271      54594C45 
 1271      5F42475F 
 1271      4D41494E 
 1271      5F53544F 
 1272              	.LASF45:
 1273 0b98 4C565F53 		.ascii	"LV_STYLE_MAX_WIDTH\000"
 1273      54594C45 
 1273      5F4D4158 
 1273      5F574944 
 1273      544800
 1274              	.LASF53:
 1275 0bab 4C565F53 		.ascii	"LV_STYLE_RADIUS\000"
 1275      54594C45 
 1275      5F524144 
 1275      49555300 
 1276              	.LASF133:
 1277 0bbb 4C565F53 		.ascii	"LV_STYLE_FLEX_FLOW\000"
 1277      54594C45 
 1277      5F464C45 
 1277      585F464C 
 1277      4F5700
 1278              	.LASF105:
 1279 0bce 4C565F53 		.ascii	"LV_STYLE_TEXT_OPA\000"
 1279      54594C45 
 1279      5F544558 
 1279      545F4F50 
 1279      4100
 1280              		.ident	"GCC: (GNU Tools for ARM Embedded Processors) 5.4.1 20160609 (release) [ARM/embedded-5-bran
