ARM GAS  C:\Users\haske\AppData\Local\Temp\ccwYOm3Q.s 			page 1


   1              		.syntax unified
   2              		.cpu cortex-m0plus
   3              		.fpu softvfp
   4              		.eabi_attribute 20, 1
   5              		.eabi_attribute 21, 1
   6              		.eabi_attribute 23, 3
   7              		.eabi_attribute 24, 1
   8              		.eabi_attribute 25, 1
   9              		.eabi_attribute 26, 1
  10              		.eabi_attribute 30, 1
  11              		.eabi_attribute 34, 0
  12              		.eabi_attribute 18, 4
  13              		.thumb
  14              		.syntax unified
  15              		.file	"lv_gpu_stm32_dma2d.c"
  16              		.text
  17              	.Ltext0:
  18              		.cfi_sections	.debug_frame
  19              	.Letext0:
  20              		.file 1 "c:\\program files (x86)\\cypress\\psoc creator\\4.4\\psoc creator\\import\\gnu\\arm\\5.4.
  21              		.file 2 "c:\\program files (x86)\\cypress\\psoc creator\\4.4\\psoc creator\\import\\gnu\\arm\\5.4.
  22              		.file 3 "c:\\projects\\paindrain\\arduinolcd\\test\\pain drain\\libraries\\lvgl\\src\\misc\\lv_are
  23              		.file 4 "c:\\projects\\paindrain\\arduinolcd\\test\\pain drain\\libraries\\lvgl\\src\\font\\lv_fon
  24              		.section	.debug_info,"",%progbits
  25              	.Ldebug_info0:
  26 0000 75020000 		.4byte	0x275
  27 0004 0400     		.2byte	0x4
  28 0006 00000000 		.4byte	.Ldebug_abbrev0
  29 000a 04       		.byte	0x4
  30 000b 01       		.uleb128 0x1
  31 000c 6D020000 		.4byte	.LASF42
  32 0010 0C       		.byte	0xc
  33 0011 DF010000 		.4byte	.LASF43
  34 0015 A6010000 		.4byte	.LASF44
  35 0019 00000000 		.4byte	.Ldebug_line0
  36 001d 02       		.uleb128 0x2
  37 001e 06000000 		.4byte	.LASF0
  38 0022 01       		.byte	0x1
  39 0023 1B       		.byte	0x1b
  40 0024 28000000 		.4byte	0x28
  41 0028 03       		.uleb128 0x3
  42 0029 01       		.byte	0x1
  43 002a 06       		.byte	0x6
  44 002b FF020000 		.4byte	.LASF2
  45 002f 02       		.uleb128 0x2
  46 0030 0F000000 		.4byte	.LASF1
  47 0034 01       		.byte	0x1
  48 0035 1D       		.byte	0x1d
  49 0036 3A000000 		.4byte	0x3a
  50 003a 03       		.uleb128 0x3
  51 003b 01       		.byte	0x1
  52 003c 08       		.byte	0x8
  53 003d C7000000 		.4byte	.LASF3
  54 0041 02       		.uleb128 0x2
  55 0042 2D000000 		.4byte	.LASF4
  56 0046 01       		.byte	0x1
  57 0047 29       		.byte	0x29
ARM GAS  C:\Users\haske\AppData\Local\Temp\ccwYOm3Q.s 			page 2


  58 0048 4C000000 		.4byte	0x4c
  59 004c 03       		.uleb128 0x3
  60 004d 02       		.byte	0x2
  61 004e 05       		.byte	0x5
  62 004f 3C020000 		.4byte	.LASF5
  63 0053 02       		.uleb128 0x2
  64 0054 2D010000 		.4byte	.LASF6
  65 0058 01       		.byte	0x1
  66 0059 2B       		.byte	0x2b
  67 005a 5E000000 		.4byte	0x5e
  68 005e 03       		.uleb128 0x3
  69 005f 02       		.byte	0x2
  70 0060 07       		.byte	0x7
  71 0061 F5000000 		.4byte	.LASF7
  72 0065 03       		.uleb128 0x3
  73 0066 04       		.byte	0x4
  74 0067 05       		.byte	0x5
  75 0068 58020000 		.4byte	.LASF8
  76 006c 02       		.uleb128 0x2
  77 006d 42010000 		.4byte	.LASF9
  78 0071 01       		.byte	0x1
  79 0072 41       		.byte	0x41
  80 0073 77000000 		.4byte	0x77
  81 0077 03       		.uleb128 0x3
  82 0078 04       		.byte	0x4
  83 0079 07       		.byte	0x7
  84 007a D5000000 		.4byte	.LASF10
  85 007e 03       		.uleb128 0x3
  86 007f 08       		.byte	0x8
  87 0080 05       		.byte	0x5
  88 0081 92010000 		.4byte	.LASF11
  89 0085 03       		.uleb128 0x3
  90 0086 08       		.byte	0x8
  91 0087 07       		.byte	0x7
  92 0088 A6000000 		.4byte	.LASF12
  93 008c 04       		.uleb128 0x4
  94 008d 04       		.byte	0x4
  95 008e 05       		.byte	0x5
  96 008f 696E7400 		.ascii	"int\000"
  97 0093 03       		.uleb128 0x3
  98 0094 04       		.byte	0x4
  99 0095 07       		.byte	0x7
 100 0096 6D000000 		.4byte	.LASF13
 101 009a 02       		.uleb128 0x2
 102 009b 80000000 		.4byte	.LASF14
 103 009f 02       		.byte	0x2
 104 00a0 14       		.byte	0x14
 105 00a1 1D000000 		.4byte	0x1d
 106 00a5 02       		.uleb128 0x2
 107 00a6 5E010000 		.4byte	.LASF15
 108 00aa 02       		.byte	0x2
 109 00ab 18       		.byte	0x18
 110 00ac 2F000000 		.4byte	0x2f
 111 00b0 02       		.uleb128 0x2
 112 00b1 72010000 		.4byte	.LASF16
 113 00b5 02       		.byte	0x2
 114 00b6 20       		.byte	0x20
ARM GAS  C:\Users\haske\AppData\Local\Temp\ccwYOm3Q.s 			page 3


 115 00b7 41000000 		.4byte	0x41
 116 00bb 02       		.uleb128 0x2
 117 00bc 46020000 		.4byte	.LASF17
 118 00c0 02       		.byte	0x2
 119 00c1 24       		.byte	0x24
 120 00c2 53000000 		.4byte	0x53
 121 00c6 02       		.uleb128 0x2
 122 00c7 4F020000 		.4byte	.LASF18
 123 00cb 02       		.byte	0x2
 124 00cc 30       		.byte	0x30
 125 00cd 6C000000 		.4byte	0x6c
 126 00d1 03       		.uleb128 0x3
 127 00d2 08       		.byte	0x8
 128 00d3 04       		.byte	0x4
 129 00d4 61020000 		.4byte	.LASF19
 130 00d8 03       		.uleb128 0x3
 131 00d9 04       		.byte	0x4
 132 00da 07       		.byte	0x7
 133 00db 80010000 		.4byte	.LASF20
 134 00df 05       		.uleb128 0x5
 135 00e0 04       		.byte	0x4
 136 00e1 03       		.uleb128 0x3
 137 00e2 01       		.byte	0x1
 138 00e3 08       		.byte	0x8
 139 00e4 59010000 		.4byte	.LASF21
 140 00e8 02       		.uleb128 0x2
 141 00e9 9B000000 		.4byte	.LASF22
 142 00ed 03       		.byte	0x3
 143 00ee 1B       		.byte	0x1b
 144 00ef B0000000 		.4byte	0xb0
 145 00f3 03       		.uleb128 0x3
 146 00f4 01       		.byte	0x1
 147 00f5 02       		.byte	0x2
 148 00f6 1C030000 		.4byte	.LASF23
 149 00fa 06       		.uleb128 0x6
 150 00fb 10       		.byte	0x10
 151 00fc 04       		.byte	0x4
 152 00fd 29       		.byte	0x29
 153 00fe 69010000 		.4byte	0x169
 154 0102 07       		.uleb128 0x7
 155 0103 41000000 		.4byte	.LASF24
 156 0107 04       		.byte	0x4
 157 0108 2B       		.byte	0x2b
 158 0109 F1010000 		.4byte	0x1f1
 159 010d 00       		.byte	0
 160 010e 07       		.uleb128 0x7
 161 010f A0010000 		.4byte	.LASF25
 162 0113 04       		.byte	0x4
 163 0114 2C       		.byte	0x2c
 164 0115 BB000000 		.4byte	0xbb
 165 0119 04       		.byte	0x4
 166 011a 07       		.uleb128 0x7
 167 011b 00000000 		.4byte	.LASF26
 168 011f 04       		.byte	0x4
 169 0120 2D       		.byte	0x2d
 170 0121 BB000000 		.4byte	0xbb
 171 0125 06       		.byte	0x6
ARM GAS  C:\Users\haske\AppData\Local\Temp\ccwYOm3Q.s 			page 4


 172 0126 07       		.uleb128 0x7
 173 0127 7A000000 		.4byte	.LASF27
 174 012b 04       		.byte	0x4
 175 012c 2E       		.byte	0x2e
 176 012d BB000000 		.4byte	0xbb
 177 0131 08       		.byte	0x8
 178 0132 07       		.uleb128 0x7
 179 0133 4D010000 		.4byte	.LASF28
 180 0137 04       		.byte	0x4
 181 0138 2F       		.byte	0x2f
 182 0139 B0000000 		.4byte	0xb0
 183 013d 0A       		.byte	0xa
 184 013e 07       		.uleb128 0x7
 185 013f 53010000 		.4byte	.LASF29
 186 0143 04       		.byte	0x4
 187 0144 30       		.byte	0x30
 188 0145 B0000000 		.4byte	0xb0
 189 0149 0C       		.byte	0xc
 190 014a 08       		.uleb128 0x8
 191 014b 62707000 		.ascii	"bpp\000"
 192 014f 04       		.byte	0x4
 193 0150 31       		.byte	0x31
 194 0151 A5000000 		.4byte	0xa5
 195 0155 01       		.byte	0x1
 196 0156 04       		.byte	0x4
 197 0157 04       		.byte	0x4
 198 0158 0E       		.byte	0xe
 199 0159 09       		.uleb128 0x9
 200 015a 1E010000 		.4byte	.LASF30
 201 015e 04       		.byte	0x4
 202 015f 32       		.byte	0x32
 203 0160 A5000000 		.4byte	0xa5
 204 0164 01       		.byte	0x1
 205 0165 01       		.byte	0x1
 206 0166 03       		.byte	0x3
 207 0167 0E       		.byte	0xe
 208 0168 00       		.byte	0
 209 0169 0A       		.uleb128 0xa
 210 016a 4F000000 		.4byte	.LASF45
 211 016e 1C       		.byte	0x1c
 212 016f 04       		.byte	0x4
 213 0170 40       		.byte	0x40
 214 0171 F1010000 		.4byte	0x1f1
 215 0175 07       		.uleb128 0x7
 216 0176 E7000000 		.4byte	.LASF31
 217 017a 04       		.byte	0x4
 218 017b 42       		.byte	0x42
 219 017c 2B020000 		.4byte	0x22b
 220 0180 00       		.byte	0
 221 0181 07       		.uleb128 0x7
 222 0182 0B030000 		.4byte	.LASF32
 223 0186 04       		.byte	0x4
 224 0187 45       		.byte	0x45
 225 0188 50020000 		.4byte	0x250
 226 018c 04       		.byte	0x4
 227 018d 07       		.uleb128 0x7
 228 018e 66010000 		.4byte	.LASF33
ARM GAS  C:\Users\haske\AppData\Local\Temp\ccwYOm3Q.s 			page 5


 229 0192 04       		.byte	0x4
 230 0193 48       		.byte	0x48
 231 0194 E8000000 		.4byte	0xe8
 232 0198 08       		.byte	0x8
 233 0199 07       		.uleb128 0x7
 234 019a 38010000 		.4byte	.LASF34
 235 019e 04       		.byte	0x4
 236 019f 49       		.byte	0x49
 237 01a0 E8000000 		.4byte	0xe8
 238 01a4 0A       		.byte	0xa
 239 01a5 09       		.uleb128 0x9
 240 01a6 7A010000 		.4byte	.LASF35
 241 01aa 04       		.byte	0x4
 242 01ab 4A       		.byte	0x4a
 243 01ac A5000000 		.4byte	0xa5
 244 01b0 01       		.byte	0x1
 245 01b1 02       		.byte	0x2
 246 01b2 06       		.byte	0x6
 247 01b3 0C       		.byte	0xc
 248 01b4 07       		.uleb128 0x7
 249 01b5 5A000000 		.4byte	.LASF36
 250 01b9 04       		.byte	0x4
 251 01ba 4C       		.byte	0x4c
 252 01bb 9A000000 		.4byte	0x9a
 253 01bf 0D       		.byte	0xd
 254 01c0 07       		.uleb128 0x7
 255 01c1 87000000 		.4byte	.LASF37
 256 01c5 04       		.byte	0x4
 257 01c6 4D       		.byte	0x4d
 258 01c7 9A000000 		.4byte	0x9a
 259 01cb 0E       		.byte	0xe
 260 01cc 0B       		.uleb128 0xb
 261 01cd 64736300 		.ascii	"dsc\000"
 262 01d1 04       		.byte	0x4
 263 01d2 4F       		.byte	0x4f
 264 01d3 56020000 		.4byte	0x256
 265 01d7 10       		.byte	0x10
 266 01d8 07       		.uleb128 0x7
 267 01d9 89010000 		.4byte	.LASF38
 268 01dd 04       		.byte	0x4
 269 01de 50       		.byte	0x50
 270 01df F1010000 		.4byte	0x1f1
 271 01e3 14       		.byte	0x14
 272 01e4 07       		.uleb128 0x7
 273 01e5 BD000000 		.4byte	.LASF39
 274 01e9 04       		.byte	0x4
 275 01ea 52       		.byte	0x52
 276 01eb DF000000 		.4byte	0xdf
 277 01ef 18       		.byte	0x18
 278 01f0 00       		.byte	0
 279 01f1 0C       		.uleb128 0xc
 280 01f2 04       		.byte	0x4
 281 01f3 F7010000 		.4byte	0x1f7
 282 01f7 0D       		.uleb128 0xd
 283 01f8 69010000 		.4byte	0x169
 284 01fc 02       		.uleb128 0x2
 285 01fd 19000000 		.4byte	.LASF40
ARM GAS  C:\Users\haske\AppData\Local\Temp\ccwYOm3Q.s 			page 6


 286 0201 04       		.byte	0x4
 287 0202 33       		.byte	0x33
 288 0203 FA000000 		.4byte	0xfa
 289 0207 0E       		.uleb128 0xe
 290 0208 F3000000 		.4byte	0xf3
 291 020c 25020000 		.4byte	0x225
 292 0210 0F       		.uleb128 0xf
 293 0211 F1010000 		.4byte	0x1f1
 294 0215 0F       		.uleb128 0xf
 295 0216 25020000 		.4byte	0x225
 296 021a 0F       		.uleb128 0xf
 297 021b C6000000 		.4byte	0xc6
 298 021f 0F       		.uleb128 0xf
 299 0220 C6000000 		.4byte	0xc6
 300 0224 00       		.byte	0
 301 0225 0C       		.uleb128 0xc
 302 0226 04       		.byte	0x4
 303 0227 FC010000 		.4byte	0x1fc
 304 022b 0C       		.uleb128 0xc
 305 022c 04       		.byte	0x4
 306 022d 07020000 		.4byte	0x207
 307 0231 0E       		.uleb128 0xe
 308 0232 45020000 		.4byte	0x245
 309 0236 45020000 		.4byte	0x245
 310 023a 0F       		.uleb128 0xf
 311 023b F1010000 		.4byte	0x1f1
 312 023f 0F       		.uleb128 0xf
 313 0240 C6000000 		.4byte	0xc6
 314 0244 00       		.byte	0
 315 0245 0C       		.uleb128 0xc
 316 0246 04       		.byte	0x4
 317 0247 4B020000 		.4byte	0x24b
 318 024b 0D       		.uleb128 0xd
 319 024c A5000000 		.4byte	0xa5
 320 0250 0C       		.uleb128 0xc
 321 0251 04       		.byte	0x4
 322 0252 31020000 		.4byte	0x231
 323 0256 0C       		.uleb128 0xc
 324 0257 04       		.byte	0x4
 325 0258 5C020000 		.4byte	0x25c
 326 025c 10       		.uleb128 0x10
 327 025d 02       		.uleb128 0x2
 328 025e 37000000 		.4byte	.LASF41
 329 0262 04       		.byte	0x4
 330 0263 54       		.byte	0x54
 331 0264 69010000 		.4byte	0x169
 332 0268 0D       		.uleb128 0xd
 333 0269 5D020000 		.4byte	0x25d
 334 026d 11       		.uleb128 0x11
 335 026e 08010000 		.4byte	.LASF46
 336 0272 04       		.byte	0x4
 337 0273 94       		.byte	0x94
 338 0274 68020000 		.4byte	0x268
 339 0278 00       		.byte	0
 340              		.section	.debug_abbrev,"",%progbits
 341              	.Ldebug_abbrev0:
 342 0000 01       		.uleb128 0x1
ARM GAS  C:\Users\haske\AppData\Local\Temp\ccwYOm3Q.s 			page 7


 343 0001 11       		.uleb128 0x11
 344 0002 01       		.byte	0x1
 345 0003 25       		.uleb128 0x25
 346 0004 0E       		.uleb128 0xe
 347 0005 13       		.uleb128 0x13
 348 0006 0B       		.uleb128 0xb
 349 0007 03       		.uleb128 0x3
 350 0008 0E       		.uleb128 0xe
 351 0009 1B       		.uleb128 0x1b
 352 000a 0E       		.uleb128 0xe
 353 000b 10       		.uleb128 0x10
 354 000c 17       		.uleb128 0x17
 355 000d 00       		.byte	0
 356 000e 00       		.byte	0
 357 000f 02       		.uleb128 0x2
 358 0010 16       		.uleb128 0x16
 359 0011 00       		.byte	0
 360 0012 03       		.uleb128 0x3
 361 0013 0E       		.uleb128 0xe
 362 0014 3A       		.uleb128 0x3a
 363 0015 0B       		.uleb128 0xb
 364 0016 3B       		.uleb128 0x3b
 365 0017 0B       		.uleb128 0xb
 366 0018 49       		.uleb128 0x49
 367 0019 13       		.uleb128 0x13
 368 001a 00       		.byte	0
 369 001b 00       		.byte	0
 370 001c 03       		.uleb128 0x3
 371 001d 24       		.uleb128 0x24
 372 001e 00       		.byte	0
 373 001f 0B       		.uleb128 0xb
 374 0020 0B       		.uleb128 0xb
 375 0021 3E       		.uleb128 0x3e
 376 0022 0B       		.uleb128 0xb
 377 0023 03       		.uleb128 0x3
 378 0024 0E       		.uleb128 0xe
 379 0025 00       		.byte	0
 380 0026 00       		.byte	0
 381 0027 04       		.uleb128 0x4
 382 0028 24       		.uleb128 0x24
 383 0029 00       		.byte	0
 384 002a 0B       		.uleb128 0xb
 385 002b 0B       		.uleb128 0xb
 386 002c 3E       		.uleb128 0x3e
 387 002d 0B       		.uleb128 0xb
 388 002e 03       		.uleb128 0x3
 389 002f 08       		.uleb128 0x8
 390 0030 00       		.byte	0
 391 0031 00       		.byte	0
 392 0032 05       		.uleb128 0x5
 393 0033 0F       		.uleb128 0xf
 394 0034 00       		.byte	0
 395 0035 0B       		.uleb128 0xb
 396 0036 0B       		.uleb128 0xb
 397 0037 00       		.byte	0
 398 0038 00       		.byte	0
 399 0039 06       		.uleb128 0x6
ARM GAS  C:\Users\haske\AppData\Local\Temp\ccwYOm3Q.s 			page 8


 400 003a 13       		.uleb128 0x13
 401 003b 01       		.byte	0x1
 402 003c 0B       		.uleb128 0xb
 403 003d 0B       		.uleb128 0xb
 404 003e 3A       		.uleb128 0x3a
 405 003f 0B       		.uleb128 0xb
 406 0040 3B       		.uleb128 0x3b
 407 0041 0B       		.uleb128 0xb
 408 0042 01       		.uleb128 0x1
 409 0043 13       		.uleb128 0x13
 410 0044 00       		.byte	0
 411 0045 00       		.byte	0
 412 0046 07       		.uleb128 0x7
 413 0047 0D       		.uleb128 0xd
 414 0048 00       		.byte	0
 415 0049 03       		.uleb128 0x3
 416 004a 0E       		.uleb128 0xe
 417 004b 3A       		.uleb128 0x3a
 418 004c 0B       		.uleb128 0xb
 419 004d 3B       		.uleb128 0x3b
 420 004e 0B       		.uleb128 0xb
 421 004f 49       		.uleb128 0x49
 422 0050 13       		.uleb128 0x13
 423 0051 38       		.uleb128 0x38
 424 0052 0B       		.uleb128 0xb
 425 0053 00       		.byte	0
 426 0054 00       		.byte	0
 427 0055 08       		.uleb128 0x8
 428 0056 0D       		.uleb128 0xd
 429 0057 00       		.byte	0
 430 0058 03       		.uleb128 0x3
 431 0059 08       		.uleb128 0x8
 432 005a 3A       		.uleb128 0x3a
 433 005b 0B       		.uleb128 0xb
 434 005c 3B       		.uleb128 0x3b
 435 005d 0B       		.uleb128 0xb
 436 005e 49       		.uleb128 0x49
 437 005f 13       		.uleb128 0x13
 438 0060 0B       		.uleb128 0xb
 439 0061 0B       		.uleb128 0xb
 440 0062 0D       		.uleb128 0xd
 441 0063 0B       		.uleb128 0xb
 442 0064 0C       		.uleb128 0xc
 443 0065 0B       		.uleb128 0xb
 444 0066 38       		.uleb128 0x38
 445 0067 0B       		.uleb128 0xb
 446 0068 00       		.byte	0
 447 0069 00       		.byte	0
 448 006a 09       		.uleb128 0x9
 449 006b 0D       		.uleb128 0xd
 450 006c 00       		.byte	0
 451 006d 03       		.uleb128 0x3
 452 006e 0E       		.uleb128 0xe
 453 006f 3A       		.uleb128 0x3a
 454 0070 0B       		.uleb128 0xb
 455 0071 3B       		.uleb128 0x3b
 456 0072 0B       		.uleb128 0xb
ARM GAS  C:\Users\haske\AppData\Local\Temp\ccwYOm3Q.s 			page 9


 457 0073 49       		.uleb128 0x49
 458 0074 13       		.uleb128 0x13
 459 0075 0B       		.uleb128 0xb
 460 0076 0B       		.uleb128 0xb
 461 0077 0D       		.uleb128 0xd
 462 0078 0B       		.uleb128 0xb
 463 0079 0C       		.uleb128 0xc
 464 007a 0B       		.uleb128 0xb
 465 007b 38       		.uleb128 0x38
 466 007c 0B       		.uleb128 0xb
 467 007d 00       		.byte	0
 468 007e 00       		.byte	0
 469 007f 0A       		.uleb128 0xa
 470 0080 13       		.uleb128 0x13
 471 0081 01       		.byte	0x1
 472 0082 03       		.uleb128 0x3
 473 0083 0E       		.uleb128 0xe
 474 0084 0B       		.uleb128 0xb
 475 0085 0B       		.uleb128 0xb
 476 0086 3A       		.uleb128 0x3a
 477 0087 0B       		.uleb128 0xb
 478 0088 3B       		.uleb128 0x3b
 479 0089 0B       		.uleb128 0xb
 480 008a 01       		.uleb128 0x1
 481 008b 13       		.uleb128 0x13
 482 008c 00       		.byte	0
 483 008d 00       		.byte	0
 484 008e 0B       		.uleb128 0xb
 485 008f 0D       		.uleb128 0xd
 486 0090 00       		.byte	0
 487 0091 03       		.uleb128 0x3
 488 0092 08       		.uleb128 0x8
 489 0093 3A       		.uleb128 0x3a
 490 0094 0B       		.uleb128 0xb
 491 0095 3B       		.uleb128 0x3b
 492 0096 0B       		.uleb128 0xb
 493 0097 49       		.uleb128 0x49
 494 0098 13       		.uleb128 0x13
 495 0099 38       		.uleb128 0x38
 496 009a 0B       		.uleb128 0xb
 497 009b 00       		.byte	0
 498 009c 00       		.byte	0
 499 009d 0C       		.uleb128 0xc
 500 009e 0F       		.uleb128 0xf
 501 009f 00       		.byte	0
 502 00a0 0B       		.uleb128 0xb
 503 00a1 0B       		.uleb128 0xb
 504 00a2 49       		.uleb128 0x49
 505 00a3 13       		.uleb128 0x13
 506 00a4 00       		.byte	0
 507 00a5 00       		.byte	0
 508 00a6 0D       		.uleb128 0xd
 509 00a7 26       		.uleb128 0x26
 510 00a8 00       		.byte	0
 511 00a9 49       		.uleb128 0x49
 512 00aa 13       		.uleb128 0x13
 513 00ab 00       		.byte	0
ARM GAS  C:\Users\haske\AppData\Local\Temp\ccwYOm3Q.s 			page 10


 514 00ac 00       		.byte	0
 515 00ad 0E       		.uleb128 0xe
 516 00ae 15       		.uleb128 0x15
 517 00af 01       		.byte	0x1
 518 00b0 27       		.uleb128 0x27
 519 00b1 19       		.uleb128 0x19
 520 00b2 49       		.uleb128 0x49
 521 00b3 13       		.uleb128 0x13
 522 00b4 01       		.uleb128 0x1
 523 00b5 13       		.uleb128 0x13
 524 00b6 00       		.byte	0
 525 00b7 00       		.byte	0
 526 00b8 0F       		.uleb128 0xf
 527 00b9 05       		.uleb128 0x5
 528 00ba 00       		.byte	0
 529 00bb 49       		.uleb128 0x49
 530 00bc 13       		.uleb128 0x13
 531 00bd 00       		.byte	0
 532 00be 00       		.byte	0
 533 00bf 10       		.uleb128 0x10
 534 00c0 26       		.uleb128 0x26
 535 00c1 00       		.byte	0
 536 00c2 00       		.byte	0
 537 00c3 00       		.byte	0
 538 00c4 11       		.uleb128 0x11
 539 00c5 34       		.uleb128 0x34
 540 00c6 00       		.byte	0
 541 00c7 03       		.uleb128 0x3
 542 00c8 0E       		.uleb128 0xe
 543 00c9 3A       		.uleb128 0x3a
 544 00ca 0B       		.uleb128 0xb
 545 00cb 3B       		.uleb128 0x3b
 546 00cc 0B       		.uleb128 0xb
 547 00cd 49       		.uleb128 0x49
 548 00ce 13       		.uleb128 0x13
 549 00cf 3F       		.uleb128 0x3f
 550 00d0 19       		.uleb128 0x19
 551 00d1 3C       		.uleb128 0x3c
 552 00d2 19       		.uleb128 0x19
 553 00d3 00       		.byte	0
 554 00d4 00       		.byte	0
 555 00d5 00       		.byte	0
 556              		.section	.debug_aranges,"",%progbits
 557 0000 14000000 		.4byte	0x14
 558 0004 0200     		.2byte	0x2
 559 0006 00000000 		.4byte	.Ldebug_info0
 560 000a 04       		.byte	0x4
 561 000b 00       		.byte	0
 562 000c 0000     		.2byte	0
 563 000e 0000     		.2byte	0
 564 0010 00000000 		.4byte	0
 565 0014 00000000 		.4byte	0
 566              		.section	.debug_line,"",%progbits
 567              	.Ldebug_line0:
 568 0000 C2010000 		.section	.debug_str,"MS",%progbits,1
 568      0200BC01 
 568      00000201 
ARM GAS  C:\Users\haske\AppData\Local\Temp\ccwYOm3Q.s 			page 11


 568      FB0E0D00 
 568      01010101 
 569              	.LASF26:
 570 0000 626F785F 		.ascii	"box_w\000"
 570      7700
 571              	.LASF0:
 572 0006 5F5F696E 		.ascii	"__int8_t\000"
 572      74385F74 
 572      00
 573              	.LASF1:
 574 000f 5F5F7569 		.ascii	"__uint8_t\000"
 574      6E74385F 
 574      7400
 575              	.LASF40:
 576 0019 6C765F66 		.ascii	"lv_font_glyph_dsc_t\000"
 576      6F6E745F 
 576      676C7970 
 576      685F6473 
 576      635F7400 
 577              	.LASF4:
 578 002d 5F5F696E 		.ascii	"__int16_t\000"
 578      7431365F 
 578      7400
 579              	.LASF41:
 580 0037 6C765F66 		.ascii	"lv_font_t\000"
 580      6F6E745F 
 580      7400
 581              	.LASF24:
 582 0041 7265736F 		.ascii	"resolved_font\000"
 582      6C766564 
 582      5F666F6E 
 582      7400
 583              	.LASF45:
 584 004f 5F6C765F 		.ascii	"_lv_font_t\000"
 584      666F6E74 
 584      5F7400
 585              	.LASF36:
 586 005a 756E6465 		.ascii	"underline_position\000"
 586      726C696E 
 586      655F706F 
 586      73697469 
 586      6F6E00
 587              	.LASF13:
 588 006d 756E7369 		.ascii	"unsigned int\000"
 588      676E6564 
 588      20696E74 
 588      00
 589              	.LASF27:
 590 007a 626F785F 		.ascii	"box_h\000"
 590      6800
 591              	.LASF14:
 592 0080 696E7438 		.ascii	"int8_t\000"
 592      5F7400
 593              	.LASF37:
 594 0087 756E6465 		.ascii	"underline_thickness\000"
 594      726C696E 
 594      655F7468 
ARM GAS  C:\Users\haske\AppData\Local\Temp\ccwYOm3Q.s 			page 12


 594      69636B6E 
 594      65737300 
 595              	.LASF22:
 596 009b 6C765F63 		.ascii	"lv_coord_t\000"
 596      6F6F7264 
 596      5F7400
 597              	.LASF12:
 598 00a6 6C6F6E67 		.ascii	"long long unsigned int\000"
 598      206C6F6E 
 598      6720756E 
 598      7369676E 
 598      65642069 
 599              	.LASF39:
 600 00bd 75736572 		.ascii	"user_data\000"
 600      5F646174 
 600      6100
 601              	.LASF3:
 602 00c7 756E7369 		.ascii	"unsigned char\000"
 602      676E6564 
 602      20636861 
 602      7200
 603              	.LASF10:
 604 00d5 6C6F6E67 		.ascii	"long unsigned int\000"
 604      20756E73 
 604      69676E65 
 604      6420696E 
 604      7400
 605              	.LASF31:
 606 00e7 6765745F 		.ascii	"get_glyph_dsc\000"
 606      676C7970 
 606      685F6473 
 606      6300
 607              	.LASF7:
 608 00f5 73686F72 		.ascii	"short unsigned int\000"
 608      7420756E 
 608      7369676E 
 608      65642069 
 608      6E7400
 609              	.LASF46:
 610 0108 6C765F66 		.ascii	"lv_font_montserrat_14\000"
 610      6F6E745F 
 610      6D6F6E74 
 610      73657272 
 610      61745F31 
 611              	.LASF30:
 612 011e 69735F70 		.ascii	"is_placeholder\000"
 612      6C616365 
 612      686F6C64 
 612      657200
 613              	.LASF6:
 614 012d 5F5F7569 		.ascii	"__uint16_t\000"
 614      6E743136 
 614      5F7400
 615              	.LASF34:
 616 0138 62617365 		.ascii	"base_line\000"
 616      5F6C696E 
 616      6500
ARM GAS  C:\Users\haske\AppData\Local\Temp\ccwYOm3Q.s 			page 13


 617              	.LASF9:
 618 0142 5F5F7569 		.ascii	"__uint32_t\000"
 618      6E743332 
 618      5F7400
 619              	.LASF28:
 620 014d 6F66735F 		.ascii	"ofs_x\000"
 620      7800
 621              	.LASF29:
 622 0153 6F66735F 		.ascii	"ofs_y\000"
 622      7900
 623              	.LASF21:
 624 0159 63686172 		.ascii	"char\000"
 624      00
 625              	.LASF15:
 626 015e 75696E74 		.ascii	"uint8_t\000"
 626      385F7400 
 627              	.LASF33:
 628 0166 6C696E65 		.ascii	"line_height\000"
 628      5F686569 
 628      67687400 
 629              	.LASF16:
 630 0172 696E7431 		.ascii	"int16_t\000"
 630      365F7400 
 631              	.LASF35:
 632 017a 73756270 		.ascii	"subpx\000"
 632      7800
 633              	.LASF20:
 634 0180 73697A65 		.ascii	"sizetype\000"
 634      74797065 
 634      00
 635              	.LASF38:
 636 0189 66616C6C 		.ascii	"fallback\000"
 636      6261636B 
 636      00
 637              	.LASF11:
 638 0192 6C6F6E67 		.ascii	"long long int\000"
 638      206C6F6E 
 638      6720696E 
 638      7400
 639              	.LASF25:
 640 01a0 6164765F 		.ascii	"adv_w\000"
 640      7700
 641              	.LASF44:
 642 01a6 433A5C50 		.ascii	"C:\\Projects\\PainDrain\\firmware\\PainDrain\\PainD"
 642      726F6A65 
 642      6374735C 
 642      5061696E 
 642      44726169 
 643 01d4 7261696E 		.ascii	"rain.cydsn\000"
 643      2E637964 
 643      736E00
 644              	.LASF43:
 645 01df 2E2E5C2E 		.ascii	"..\\..\\..\\arduinoLCD\\test\\Pain Drain\\libraries"
 645      2E5C2E2E 
 645      5C617264 
 645      75696E6F 
 645      4C43445C 
ARM GAS  C:\Users\haske\AppData\Local\Temp\ccwYOm3Q.s 			page 14


 646 020c 5C6C7667 		.ascii	"\\lvgl\\src\\draw\\stm32_dma2d\\lv_gpu_stm32_dma2d."
 646      6C5C7372 
 646      635C6472 
 646      61775C73 
 646      746D3332 
 647 023a 6300     		.ascii	"c\000"
 648              	.LASF5:
 649 023c 73686F72 		.ascii	"short int\000"
 649      7420696E 
 649      7400
 650              	.LASF17:
 651 0246 75696E74 		.ascii	"uint16_t\000"
 651      31365F74 
 651      00
 652              	.LASF18:
 653 024f 75696E74 		.ascii	"uint32_t\000"
 653      33325F74 
 653      00
 654              	.LASF8:
 655 0258 6C6F6E67 		.ascii	"long int\000"
 655      20696E74 
 655      00
 656              	.LASF19:
 657 0261 6C6F6E67 		.ascii	"long double\000"
 657      20646F75 
 657      626C6500 
 658              	.LASF42:
 659 026d 474E5520 		.ascii	"GNU C11 5.4.1 20160609 (release) [ARM/embedded-5-br"
 659      43313120 
 659      352E342E 
 659      31203230 
 659      31363036 
 660 02a0 616E6368 		.ascii	"anch revision 237715] -mcpu=cortex-m0plus -mthumb -"
 660      20726576 
 660      6973696F 
 660      6E203233 
 660      37373135 
 661 02d3 67202D4F 		.ascii	"g -Og -ffunction-sections -ffat-lto-objects\000"
 661      67202D66 
 661      66756E63 
 661      74696F6E 
 661      2D736563 
 662              	.LASF2:
 663 02ff 7369676E 		.ascii	"signed char\000"
 663      65642063 
 663      68617200 
 664              	.LASF32:
 665 030b 6765745F 		.ascii	"get_glyph_bitmap\000"
 665      676C7970 
 665      685F6269 
 665      746D6170 
 665      00
 666              	.LASF23:
 667 031c 5F426F6F 		.ascii	"_Bool\000"
 667      6C00
 668              		.ident	"GCC: (GNU Tools for ARM Embedded Processors) 5.4.1 20160609 (release) [ARM/embedded-5-bran
