ARM GAS  C:\Users\haske\AppData\Local\Temp\ccPo7cTf.s 			page 1


   1              		.syntax unified
   2              		.cpu cortex-m0plus
   3              		.fpu softvfp
   4              		.eabi_attribute 20, 1
   5              		.eabi_attribute 21, 1
   6              		.eabi_attribute 23, 3
   7              		.eabi_attribute 24, 1
   8              		.eabi_attribute 25, 1
   9              		.eabi_attribute 26, 1
  10              		.eabi_attribute 30, 1
  11              		.eabi_attribute 34, 0
  12              		.eabi_attribute 18, 4
  13              		.thumb
  14              		.syntax unified
  15              		.file	"lv_gc.c"
  16              		.text
  17              	.Ltext0:
  18              		.cfi_sections	.debug_frame
  19              		.section	.text._lv_gc_clear_roots,"ax",%progbits
  20              		.align	2
  21              		.global	_lv_gc_clear_roots
  22              		.code	16
  23              		.thumb_func
  24              		.type	_lv_gc_clear_roots, %function
  25              	_lv_gc_clear_roots:
  26              	.LFB24:
  27              		.file 1 "..\\..\\..\\arduinoLCD\\test\\Pain Drain\\libraries\\lvgl\\src\\misc\\lv_gc.c"
   1:..\..\..\arduinoLCD\test\Pain Drain\libraries\lvgl\src\misc/lv_gc.c **** /**
   2:..\..\..\arduinoLCD\test\Pain Drain\libraries\lvgl\src\misc/lv_gc.c ****  * @file lv_gc.c
   3:..\..\..\arduinoLCD\test\Pain Drain\libraries\lvgl\src\misc/lv_gc.c ****  *
   4:..\..\..\arduinoLCD\test\Pain Drain\libraries\lvgl\src\misc/lv_gc.c ****  */
   5:..\..\..\arduinoLCD\test\Pain Drain\libraries\lvgl\src\misc/lv_gc.c **** 
   6:..\..\..\arduinoLCD\test\Pain Drain\libraries\lvgl\src\misc/lv_gc.c **** /*********************
   7:..\..\..\arduinoLCD\test\Pain Drain\libraries\lvgl\src\misc/lv_gc.c ****  *      INCLUDES
   8:..\..\..\arduinoLCD\test\Pain Drain\libraries\lvgl\src\misc/lv_gc.c ****  *********************/
   9:..\..\..\arduinoLCD\test\Pain Drain\libraries\lvgl\src\misc/lv_gc.c **** #include "lv_gc.h"
  10:..\..\..\arduinoLCD\test\Pain Drain\libraries\lvgl\src\misc/lv_gc.c **** 
  11:..\..\..\arduinoLCD\test\Pain Drain\libraries\lvgl\src\misc/lv_gc.c **** /*********************
  12:..\..\..\arduinoLCD\test\Pain Drain\libraries\lvgl\src\misc/lv_gc.c ****  *      DEFINES
  13:..\..\..\arduinoLCD\test\Pain Drain\libraries\lvgl\src\misc/lv_gc.c ****  *********************/
  14:..\..\..\arduinoLCD\test\Pain Drain\libraries\lvgl\src\misc/lv_gc.c **** 
  15:..\..\..\arduinoLCD\test\Pain Drain\libraries\lvgl\src\misc/lv_gc.c **** /**********************
  16:..\..\..\arduinoLCD\test\Pain Drain\libraries\lvgl\src\misc/lv_gc.c ****  *      TYPEDEFS
  17:..\..\..\arduinoLCD\test\Pain Drain\libraries\lvgl\src\misc/lv_gc.c ****  **********************/
  18:..\..\..\arduinoLCD\test\Pain Drain\libraries\lvgl\src\misc/lv_gc.c **** 
  19:..\..\..\arduinoLCD\test\Pain Drain\libraries\lvgl\src\misc/lv_gc.c **** /**********************
  20:..\..\..\arduinoLCD\test\Pain Drain\libraries\lvgl\src\misc/lv_gc.c ****  *  STATIC PROTOTYPES
  21:..\..\..\arduinoLCD\test\Pain Drain\libraries\lvgl\src\misc/lv_gc.c ****  **********************/
  22:..\..\..\arduinoLCD\test\Pain Drain\libraries\lvgl\src\misc/lv_gc.c **** 
  23:..\..\..\arduinoLCD\test\Pain Drain\libraries\lvgl\src\misc/lv_gc.c **** /**********************
  24:..\..\..\arduinoLCD\test\Pain Drain\libraries\lvgl\src\misc/lv_gc.c ****  *  STATIC VARIABLES
  25:..\..\..\arduinoLCD\test\Pain Drain\libraries\lvgl\src\misc/lv_gc.c ****  **********************/
  26:..\..\..\arduinoLCD\test\Pain Drain\libraries\lvgl\src\misc/lv_gc.c **** 
  27:..\..\..\arduinoLCD\test\Pain Drain\libraries\lvgl\src\misc/lv_gc.c **** #if(!defined(LV_ENABLE_GC)) || LV_ENABLE_GC == 0
  28:..\..\..\arduinoLCD\test\Pain Drain\libraries\lvgl\src\misc/lv_gc.c ****     LV_ROOTS
  29:..\..\..\arduinoLCD\test\Pain Drain\libraries\lvgl\src\misc/lv_gc.c **** #endif /*LV_ENABLE_GC*/
  30:..\..\..\arduinoLCD\test\Pain Drain\libraries\lvgl\src\misc/lv_gc.c **** 
ARM GAS  C:\Users\haske\AppData\Local\Temp\ccPo7cTf.s 			page 2


  31:..\..\..\arduinoLCD\test\Pain Drain\libraries\lvgl\src\misc/lv_gc.c **** /**********************
  32:..\..\..\arduinoLCD\test\Pain Drain\libraries\lvgl\src\misc/lv_gc.c ****  *      MACROS
  33:..\..\..\arduinoLCD\test\Pain Drain\libraries\lvgl\src\misc/lv_gc.c ****  **********************/
  34:..\..\..\arduinoLCD\test\Pain Drain\libraries\lvgl\src\misc/lv_gc.c **** 
  35:..\..\..\arduinoLCD\test\Pain Drain\libraries\lvgl\src\misc/lv_gc.c **** /**********************
  36:..\..\..\arduinoLCD\test\Pain Drain\libraries\lvgl\src\misc/lv_gc.c ****  *   GLOBAL FUNCTIONS
  37:..\..\..\arduinoLCD\test\Pain Drain\libraries\lvgl\src\misc/lv_gc.c ****  **********************/
  38:..\..\..\arduinoLCD\test\Pain Drain\libraries\lvgl\src\misc/lv_gc.c **** 
  39:..\..\..\arduinoLCD\test\Pain Drain\libraries\lvgl\src\misc/lv_gc.c **** void _lv_gc_clear_roots(void)
  40:..\..\..\arduinoLCD\test\Pain Drain\libraries\lvgl\src\misc/lv_gc.c **** {
  28              		.loc 1 40 0
  29              		.cfi_startproc
  30              		@ args = 0, pretend = 0, frame = 0
  31              		@ frame_needed = 0, uses_anonymous_args = 0
  32 0000 10B5     		push	{r4, lr}
  33              		.cfi_def_cfa_offset 8
  34              		.cfi_offset 4, -8
  35              		.cfi_offset 14, -4
  41:..\..\..\arduinoLCD\test\Pain Drain\libraries\lvgl\src\misc/lv_gc.c **** #define LV_CLEAR_ROOT(root_type, root_name) lv_memset_00(&LV_GC_ROOT(root_name), sizeof(LV_GC_ROOT(
  42:..\..\..\arduinoLCD\test\Pain Drain\libraries\lvgl\src\misc/lv_gc.c ****     LV_ITERATE_ROOTS(LV_CLEAR_ROOT)
  36              		.loc 1 42 0
  37 0002 0C21     		movs	r1, #12
  38 0004 2348     		ldr	r0, .L2
  39 0006 FFF7FEFF 		bl	lv_memset_00
  40              	.LVL0:
  41 000a 0C21     		movs	r1, #12
  42 000c 2248     		ldr	r0, .L2+4
  43 000e FFF7FEFF 		bl	lv_memset_00
  44              	.LVL1:
  45 0012 0C21     		movs	r1, #12
  46 0014 2148     		ldr	r0, .L2+8
  47 0016 FFF7FEFF 		bl	lv_memset_00
  48              	.LVL2:
  49 001a 0C21     		movs	r1, #12
  50 001c 2048     		ldr	r0, .L2+12
  51 001e FFF7FEFF 		bl	lv_memset_00
  52              	.LVL3:
  53 0022 0C21     		movs	r1, #12
  54 0024 1F48     		ldr	r0, .L2+16
  55 0026 FFF7FEFF 		bl	lv_memset_00
  56              	.LVL4:
  57 002a 0C21     		movs	r1, #12
  58 002c 1E48     		ldr	r0, .L2+20
  59 002e FFF7FEFF 		bl	lv_memset_00
  60              	.LVL5:
  61 0032 0C21     		movs	r1, #12
  62 0034 1D48     		ldr	r0, .L2+24
  63 0036 FFF7FEFF 		bl	lv_memset_00
  64              	.LVL6:
  65 003a 0C21     		movs	r1, #12
  66 003c 1C48     		ldr	r0, .L2+28
  67 003e FFF7FEFF 		bl	lv_memset_00
  68              	.LVL7:
  69 0042 0421     		movs	r1, #4
  70 0044 1B48     		ldr	r0, .L2+32
  71 0046 FFF7FEFF 		bl	lv_memset_00
  72              	.LVL8:
ARM GAS  C:\Users\haske\AppData\Local\Temp\ccPo7cTf.s 			page 3


  73 004a 2C21     		movs	r1, #44
  74 004c 1A48     		ldr	r0, .L2+36
  75 004e FFF7FEFF 		bl	lv_memset_00
  76              	.LVL9:
  77 0052 0421     		movs	r1, #4
  78 0054 1948     		ldr	r0, .L2+40
  79 0056 FFF7FEFF 		bl	lv_memset_00
  80              	.LVL10:
  81 005a 8021     		movs	r1, #128
  82 005c 1848     		ldr	r0, .L2+44
  83 005e FFF7FEFF 		bl	lv_memset_00
  84              	.LVL11:
  85 0062 7021     		movs	r1, #112
  86 0064 1748     		ldr	r0, .L2+48
  87 0066 FFF7FEFF 		bl	lv_memset_00
  88              	.LVL12:
  89 006a 8021     		movs	r1, #128
  90 006c 1648     		ldr	r0, .L2+52
  91 006e FFF7FEFF 		bl	lv_memset_00
  92              	.LVL13:
  93 0072 0421     		movs	r1, #4
  94 0074 1548     		ldr	r0, .L2+56
  95 0076 FFF7FEFF 		bl	lv_memset_00
  96              	.LVL14:
  97 007a 0421     		movs	r1, #4
  98 007c 1448     		ldr	r0, .L2+60
  99 007e FFF7FEFF 		bl	lv_memset_00
 100              	.LVL15:
 101 0082 0421     		movs	r1, #4
 102 0084 1348     		ldr	r0, .L2+64
 103 0086 FFF7FEFF 		bl	lv_memset_00
 104              	.LVL16:
 105 008a 0421     		movs	r1, #4
 106 008c 1248     		ldr	r0, .L2+68
 107 008e FFF7FEFF 		bl	lv_memset_00
 108              	.LVL17:
  43:..\..\..\arduinoLCD\test\Pain Drain\libraries\lvgl\src\misc/lv_gc.c **** }
 109              		.loc 1 43 0
 110              		@ sp needed
 111 0092 10BD     		pop	{r4, pc}
 112              	.L3:
 113              		.align	2
 114              	.L2:
 115 0094 00000000 		.word	_lv_timer_ll
 116 0098 00000000 		.word	_lv_disp_ll
 117 009c 00000000 		.word	_lv_indev_ll
 118 00a0 00000000 		.word	_lv_fsdrv_ll
 119 00a4 00000000 		.word	_lv_anim_ll
 120 00a8 00000000 		.word	_lv_group_ll
 121 00ac 00000000 		.word	_lv_img_decoder_ll
 122 00b0 00000000 		.word	_lv_obj_style_trans_ll
 123 00b4 00000000 		.word	_lv_layout_list
 124 00b8 00000000 		.word	_lv_img_cache_single
 125 00bc 00000000 		.word	_lv_timer_act
 126 00c0 00000000 		.word	lv_mem_buf
 127 00c4 00000000 		.word	_lv_circle_cache
 128 00c8 00000000 		.word	_lv_draw_mask_list
ARM GAS  C:\Users\haske\AppData\Local\Temp\ccPo7cTf.s 			page 4


 129 00cc 00000000 		.word	_lv_theme_default_styles
 130 00d0 00000000 		.word	_lv_theme_basic_styles
 131 00d4 00000000 		.word	_lv_grad_cache_mem
 132 00d8 00000000 		.word	_lv_style_custom_prop_flag_lookup_table
 133              		.cfi_endproc
 134              	.LFE24:
 135              		.size	_lv_gc_clear_roots, .-_lv_gc_clear_roots
 136              		.comm	_lv_style_custom_prop_flag_lookup_table,4,4
 137              		.comm	_lv_grad_cache_mem,4,4
 138              		.comm	_lv_theme_basic_styles,4,4
 139              		.comm	_lv_theme_default_styles,4,4
 140              		.comm	_lv_draw_mask_list,128,4
 141              		.comm	_lv_circle_cache,112,4
 142              		.comm	lv_mem_buf,128,4
 143              		.comm	_lv_timer_act,4,4
 144              		.comm	_lv_img_cache_single,44,4
 145              		.comm	_lv_layout_list,4,4
 146              		.comm	_lv_obj_style_trans_ll,12,4
 147              		.comm	_lv_img_decoder_ll,12,4
 148              		.comm	_lv_group_ll,12,4
 149              		.comm	_lv_anim_ll,12,4
 150              		.comm	_lv_fsdrv_ll,12,4
 151              		.comm	_lv_indev_ll,12,4
 152              		.comm	_lv_disp_ll,12,4
 153              		.comm	_lv_timer_ll,12,4
 154              		.text
 155              	.Letext0:
 156              		.file 2 "c:\\program files (x86)\\cypress\\psoc creator\\4.4\\psoc creator\\import\\gnu\\arm\\5.4.
 157              		.file 3 "c:\\program files (x86)\\cypress\\psoc creator\\4.4\\psoc creator\\import\\gnu\\arm\\5.4.
 158              		.file 4 "..\\..\\..\\arduinoLCD\\test\\Pain Drain\\libraries\\lvgl\\src\\misc\\lv_types.h"
 159              		.file 5 "..\\..\\..\\arduinoLCD\\test\\Pain Drain\\libraries\\lvgl\\src\\misc\\lv_mem.h"
 160              		.file 6 "..\\..\\..\\arduinoLCD\\test\\Pain Drain\\libraries\\lvgl\\src\\misc\\lv_ll.h"
 161              		.file 7 "..\\..\\..\\arduinoLCD\\test\\Pain Drain\\libraries\\lvgl\\src\\misc\\lv_timer.h"
 162              		.file 8 "c:\\projects\\paindrain\\arduinolcd\\test\\pain drain\\libraries\\lvgl\\src\\misc\\lv_col
 163              		.file 9 "c:\\projects\\paindrain\\arduinolcd\\test\\pain drain\\libraries\\lvgl\\src\\misc\\lv_are
 164              		.file 10 "..\\..\\..\\arduinoLCD\\test\\Pain Drain\\libraries\\lvgl\\src\\misc\\../draw/lv_img_buf
 165              		.file 11 "..\\..\\..\\arduinoLCD\\test\\Pain Drain\\libraries\\lvgl\\src\\misc\\../draw/lv_img_dec
 166              		.file 12 "..\\..\\..\\arduinoLCD\\test\\Pain Drain\\libraries\\lvgl\\src\\misc\\../draw/lv_img_cac
 167              		.file 13 "..\\..\\..\\arduinoLCD\\test\\Pain Drain\\libraries\\lvgl\\src\\misc\\../draw/lv_draw_ma
 168              		.file 14 "..\\..\\..\\arduinoLCD\\test\\Pain Drain\\libraries\\lvgl\\src\\misc\\../core/lv_obj_pos
 169              		.section	.debug_info,"",%progbits
 170              	.Ldebug_info0:
 171 0000 7E090000 		.4byte	0x97e
 172 0004 0400     		.2byte	0x4
 173 0006 00000000 		.4byte	.Ldebug_abbrev0
 174 000a 04       		.byte	0x4
 175 000b 01       		.uleb128 0x1
 176 000c 08010000 		.4byte	.LASF107
 177 0010 0C       		.byte	0xc
 178 0011 AF030000 		.4byte	.LASF108
 179 0015 13060000 		.4byte	.LASF109
 180 0019 00000000 		.4byte	.Ldebug_ranges0+0
 181 001d 00000000 		.4byte	0
 182 0021 00000000 		.4byte	.Ldebug_line0
 183 0025 02       		.uleb128 0x2
 184 0026 01       		.byte	0x1
 185 0027 06       		.byte	0x6
ARM GAS  C:\Users\haske\AppData\Local\Temp\ccPo7cTf.s 			page 5


 186 0028 6F000000 		.4byte	.LASF0
 187 002c 03       		.uleb128 0x3
 188 002d A7060000 		.4byte	.LASF2
 189 0031 02       		.byte	0x2
 190 0032 1D       		.byte	0x1d
 191 0033 37000000 		.4byte	0x37
 192 0037 02       		.uleb128 0x2
 193 0038 01       		.byte	0x1
 194 0039 08       		.byte	0x8
 195 003a 44030000 		.4byte	.LASF1
 196 003e 03       		.uleb128 0x3
 197 003f 35000000 		.4byte	.LASF3
 198 0043 02       		.byte	0x2
 199 0044 29       		.byte	0x29
 200 0045 49000000 		.4byte	0x49
 201 0049 02       		.uleb128 0x2
 202 004a 02       		.byte	0x2
 203 004b 05       		.byte	0x5
 204 004c A2000000 		.4byte	.LASF4
 205 0050 03       		.uleb128 0x3
 206 0051 B8010000 		.4byte	.LASF5
 207 0055 02       		.byte	0x2
 208 0056 2B       		.byte	0x2b
 209 0057 5B000000 		.4byte	0x5b
 210 005b 02       		.uleb128 0x2
 211 005c 02       		.byte	0x2
 212 005d 07       		.byte	0x7
 213 005e C3050000 		.4byte	.LASF6
 214 0062 03       		.uleb128 0x3
 215 0063 F9040000 		.4byte	.LASF7
 216 0067 02       		.byte	0x2
 217 0068 3F       		.byte	0x3f
 218 0069 6D000000 		.4byte	0x6d
 219 006d 02       		.uleb128 0x2
 220 006e 04       		.byte	0x4
 221 006f 05       		.byte	0x5
 222 0070 D2040000 		.4byte	.LASF8
 223 0074 03       		.uleb128 0x3
 224 0075 A8010000 		.4byte	.LASF9
 225 0079 02       		.byte	0x2
 226 007a 41       		.byte	0x41
 227 007b 7F000000 		.4byte	0x7f
 228 007f 02       		.uleb128 0x2
 229 0080 04       		.byte	0x4
 230 0081 07       		.byte	0x7
 231 0082 98050000 		.4byte	.LASF10
 232 0086 02       		.uleb128 0x2
 233 0087 08       		.byte	0x8
 234 0088 05       		.byte	0x5
 235 0089 96020000 		.4byte	.LASF11
 236 008d 02       		.uleb128 0x2
 237 008e 08       		.byte	0x8
 238 008f 07       		.byte	0x7
 239 0090 8F030000 		.4byte	.LASF12
 240 0094 04       		.uleb128 0x4
 241 0095 04       		.byte	0x4
 242 0096 05       		.byte	0x5
ARM GAS  C:\Users\haske\AppData\Local\Temp\ccPo7cTf.s 			page 6


 243 0097 696E7400 		.ascii	"int\000"
 244 009b 02       		.uleb128 0x2
 245 009c 04       		.byte	0x4
 246 009d 07       		.byte	0x7
 247 009e 7E060000 		.4byte	.LASF13
 248 00a2 03       		.uleb128 0x3
 249 00a3 00060000 		.4byte	.LASF14
 250 00a7 03       		.byte	0x3
 251 00a8 18       		.byte	0x18
 252 00a9 2C000000 		.4byte	0x2c
 253 00ad 03       		.uleb128 0x3
 254 00ae 19050000 		.4byte	.LASF15
 255 00b2 03       		.byte	0x3
 256 00b3 20       		.byte	0x20
 257 00b4 3E000000 		.4byte	0x3e
 258 00b8 03       		.uleb128 0x3
 259 00b9 2F040000 		.4byte	.LASF16
 260 00bd 03       		.byte	0x3
 261 00be 24       		.byte	0x24
 262 00bf 50000000 		.4byte	0x50
 263 00c3 03       		.uleb128 0x3
 264 00c4 87030000 		.4byte	.LASF17
 265 00c8 03       		.byte	0x3
 266 00c9 2C       		.byte	0x2c
 267 00ca 62000000 		.4byte	0x62
 268 00ce 03       		.uleb128 0x3
 269 00cf A6030000 		.4byte	.LASF18
 270 00d3 03       		.byte	0x3
 271 00d4 30       		.byte	0x30
 272 00d5 74000000 		.4byte	0x74
 273 00d9 02       		.uleb128 0x2
 274 00da 08       		.byte	0x8
 275 00db 04       		.byte	0x4
 276 00dc 52030000 		.4byte	.LASF19
 277 00e0 02       		.uleb128 0x2
 278 00e1 04       		.byte	0x4
 279 00e2 07       		.byte	0x7
 280 00e3 D0020000 		.4byte	.LASF20
 281 00e7 05       		.uleb128 0x5
 282 00e8 04       		.byte	0x4
 283 00e9 02       		.uleb128 0x2
 284 00ea 01       		.byte	0x1
 285 00eb 08       		.byte	0x8
 286 00ec C7040000 		.4byte	.LASF21
 287 00f0 06       		.uleb128 0x6
 288 00f1 04       		.byte	0x4
 289 00f2 F6000000 		.4byte	0xf6
 290 00f6 07       		.uleb128 0x7
 291 00f7 E9000000 		.4byte	0xe9
 292 00fb 03       		.uleb128 0x3
 293 00fc A4020000 		.4byte	.LASF22
 294 0100 04       		.byte	0x4
 295 0101 2F       		.byte	0x2f
 296 0102 A2000000 		.4byte	0xa2
 297 0106 08       		.uleb128 0x8
 298 0107 08       		.byte	0x8
 299 0108 05       		.byte	0x5
ARM GAS  C:\Users\haske\AppData\Local\Temp\ccPo7cTf.s 			page 7


 300 0109 2E       		.byte	0x2e
 301 010a 34010000 		.4byte	0x134
 302 010e 09       		.uleb128 0x9
 303 010f 7000     		.ascii	"p\000"
 304 0111 05       		.byte	0x5
 305 0112 2F       		.byte	0x2f
 306 0113 E7000000 		.4byte	0xe7
 307 0117 00       		.byte	0
 308 0118 0A       		.uleb128 0xa
 309 0119 D6050000 		.4byte	.LASF23
 310 011d 05       		.byte	0x5
 311 011e 30       		.byte	0x30
 312 011f B8000000 		.4byte	0xb8
 313 0123 04       		.byte	0x4
 314 0124 0B       		.uleb128 0xb
 315 0125 B3010000 		.4byte	.LASF37
 316 0129 05       		.byte	0x5
 317 012a 31       		.byte	0x31
 318 012b A2000000 		.4byte	0xa2
 319 012f 01       		.byte	0x1
 320 0130 01       		.byte	0x1
 321 0131 07       		.byte	0x7
 322 0132 06       		.byte	0x6
 323 0133 00       		.byte	0
 324 0134 03       		.uleb128 0x3
 325 0135 62000000 		.4byte	.LASF24
 326 0139 05       		.byte	0x5
 327 013a 32       		.byte	0x32
 328 013b 06010000 		.4byte	0x106
 329 013f 03       		.uleb128 0x3
 330 0140 AD020000 		.4byte	.LASF25
 331 0144 05       		.byte	0x5
 332 0145 34       		.byte	0x34
 333 0146 4A010000 		.4byte	0x14a
 334 014a 0C       		.uleb128 0xc
 335 014b 34010000 		.4byte	0x134
 336 014f 5A010000 		.4byte	0x15a
 337 0153 0D       		.uleb128 0xd
 338 0154 E0000000 		.4byte	0xe0
 339 0158 0F       		.byte	0xf
 340 0159 00       		.byte	0
 341 015a 03       		.uleb128 0x3
 342 015b EC040000 		.4byte	.LASF26
 343 015f 06       		.byte	0x6
 344 0160 1D       		.byte	0x1d
 345 0161 A2000000 		.4byte	0xa2
 346 0165 08       		.uleb128 0x8
 347 0166 0C       		.byte	0xc
 348 0167 06       		.byte	0x6
 349 0168 20       		.byte	0x20
 350 0169 92010000 		.4byte	0x192
 351 016d 0A       		.uleb128 0xa
 352 016e BE060000 		.4byte	.LASF27
 353 0172 06       		.byte	0x6
 354 0173 21       		.byte	0x21
 355 0174 CE000000 		.4byte	0xce
 356 0178 00       		.byte	0
ARM GAS  C:\Users\haske\AppData\Local\Temp\ccPo7cTf.s 			page 8


 357 0179 0A       		.uleb128 0xa
 358 017a 0A020000 		.4byte	.LASF28
 359 017e 06       		.byte	0x6
 360 017f 22       		.byte	0x22
 361 0180 92010000 		.4byte	0x192
 362 0184 04       		.byte	0x4
 363 0185 0A       		.uleb128 0xa
 364 0186 5E030000 		.4byte	.LASF29
 365 018a 06       		.byte	0x6
 366 018b 23       		.byte	0x23
 367 018c 92010000 		.4byte	0x192
 368 0190 08       		.byte	0x8
 369 0191 00       		.byte	0
 370 0192 06       		.uleb128 0x6
 371 0193 04       		.byte	0x4
 372 0194 5A010000 		.4byte	0x15a
 373 0198 03       		.uleb128 0x3
 374 0199 2F030000 		.4byte	.LASF30
 375 019d 06       		.byte	0x6
 376 019e 24       		.byte	0x24
 377 019f 65010000 		.4byte	0x165
 378 01a3 03       		.uleb128 0x3
 379 01a4 AC000000 		.4byte	.LASF31
 380 01a8 07       		.byte	0x7
 381 01a9 27       		.byte	0x27
 382 01aa AE010000 		.4byte	0x1ae
 383 01ae 06       		.uleb128 0x6
 384 01af 04       		.byte	0x4
 385 01b0 B4010000 		.4byte	0x1b4
 386 01b4 0E       		.uleb128 0xe
 387 01b5 BF010000 		.4byte	0x1bf
 388 01b9 0F       		.uleb128 0xf
 389 01ba BF010000 		.4byte	0x1bf
 390 01be 00       		.byte	0
 391 01bf 06       		.uleb128 0x6
 392 01c0 04       		.byte	0x4
 393 01c1 C5010000 		.4byte	0x1c5
 394 01c5 10       		.uleb128 0x10
 395 01c6 9B060000 		.4byte	.LASF53
 396 01ca 18       		.byte	0x18
 397 01cb 07       		.byte	0x7
 398 01cc 2C       		.byte	0x2c
 399 01cd 1D020000 		.4byte	0x21d
 400 01d1 0A       		.uleb128 0xa
 401 01d2 57050000 		.4byte	.LASF32
 402 01d6 07       		.byte	0x7
 403 01d7 2D       		.byte	0x2d
 404 01d8 CE000000 		.4byte	0xce
 405 01dc 00       		.byte	0
 406 01dd 0A       		.uleb128 0xa
 407 01de 10030000 		.4byte	.LASF33
 408 01e2 07       		.byte	0x7
 409 01e3 2E       		.byte	0x2e
 410 01e4 CE000000 		.4byte	0xce
 411 01e8 04       		.byte	0x4
 412 01e9 0A       		.uleb128 0xa
 413 01ea 59000000 		.4byte	.LASF34
ARM GAS  C:\Users\haske\AppData\Local\Temp\ccPo7cTf.s 			page 9


 414 01ee 07       		.byte	0x7
 415 01ef 2F       		.byte	0x2f
 416 01f0 A3010000 		.4byte	0x1a3
 417 01f4 08       		.byte	0x8
 418 01f5 0A       		.uleb128 0xa
 419 01f6 00020000 		.4byte	.LASF35
 420 01fa 07       		.byte	0x7
 421 01fb 30       		.byte	0x30
 422 01fc E7000000 		.4byte	0xe7
 423 0200 0C       		.byte	0xc
 424 0201 0A       		.uleb128 0xa
 425 0202 71060000 		.4byte	.LASF36
 426 0206 07       		.byte	0x7
 427 0207 31       		.byte	0x31
 428 0208 C3000000 		.4byte	0xc3
 429 020c 10       		.byte	0x10
 430 020d 0B       		.uleb128 0xb
 431 020e 8B060000 		.4byte	.LASF38
 432 0212 07       		.byte	0x7
 433 0213 32       		.byte	0x32
 434 0214 CE000000 		.4byte	0xce
 435 0218 04       		.byte	0x4
 436 0219 01       		.byte	0x1
 437 021a 1F       		.byte	0x1f
 438 021b 14       		.byte	0x14
 439 021c 00       		.byte	0
 440 021d 03       		.uleb128 0x3
 441 021e 6B050000 		.4byte	.LASF39
 442 0222 07       		.byte	0x7
 443 0223 33       		.byte	0x33
 444 0224 C5010000 		.4byte	0x1c5
 445 0228 08       		.uleb128 0x8
 446 0229 02       		.byte	0x2
 447 022a 08       		.byte	0x8
 448 022b D1       		.byte	0xd1
 449 022c 5E020000 		.4byte	0x25e
 450 0230 0B       		.uleb128 0xb
 451 0231 F2010000 		.4byte	.LASF40
 452 0235 08       		.byte	0x8
 453 0236 D3       		.byte	0xd3
 454 0237 B8000000 		.4byte	0xb8
 455 023b 02       		.byte	0x2
 456 023c 05       		.byte	0x5
 457 023d 0B       		.byte	0xb
 458 023e 00       		.byte	0
 459 023f 0B       		.uleb128 0xb
 460 0240 0A030000 		.4byte	.LASF41
 461 0244 08       		.byte	0x8
 462 0245 D4       		.byte	0xd4
 463 0246 B8000000 		.4byte	0xb8
 464 024a 02       		.byte	0x2
 465 024b 06       		.byte	0x6
 466 024c 05       		.byte	0x5
 467 024d 00       		.byte	0
 468 024e 11       		.uleb128 0x11
 469 024f 72656400 		.ascii	"red\000"
 470 0253 08       		.byte	0x8
ARM GAS  C:\Users\haske\AppData\Local\Temp\ccPo7cTf.s 			page 10


 471 0254 D5       		.byte	0xd5
 472 0255 B8000000 		.4byte	0xb8
 473 0259 02       		.byte	0x2
 474 025a 05       		.byte	0x5
 475 025b 00       		.byte	0
 476 025c 00       		.byte	0
 477 025d 00       		.byte	0
 478 025e 12       		.uleb128 0x12
 479 025f 02       		.byte	0x2
 480 0260 08       		.byte	0x8
 481 0261 D0       		.byte	0xd0
 482 0262 7C020000 		.4byte	0x27c
 483 0266 13       		.uleb128 0x13
 484 0267 636800   		.ascii	"ch\000"
 485 026a 08       		.byte	0x8
 486 026b DC       		.byte	0xdc
 487 026c 28020000 		.4byte	0x228
 488 0270 14       		.uleb128 0x14
 489 0271 FB050000 		.4byte	.LASF42
 490 0275 08       		.byte	0x8
 491 0276 DD       		.byte	0xdd
 492 0277 B8000000 		.4byte	0xb8
 493 027b 00       		.byte	0
 494 027c 03       		.uleb128 0x3
 495 027d 81020000 		.4byte	.LASF43
 496 0281 08       		.byte	0x8
 497 0282 DE       		.byte	0xde
 498 0283 5E020000 		.4byte	0x25e
 499 0287 03       		.uleb128 0x3
 500 0288 24040000 		.4byte	.LASF44
 501 028c 08       		.byte	0x8
 502 028d EB       		.byte	0xeb
 503 028e 7C020000 		.4byte	0x27c
 504 0292 03       		.uleb128 0x3
 505 0293 F7010000 		.4byte	.LASF45
 506 0297 08       		.byte	0x8
 507 0298 F5       		.byte	0xf5
 508 0299 A2000000 		.4byte	0xa2
 509 029d 03       		.uleb128 0x3
 510 029e 08060000 		.4byte	.LASF46
 511 02a2 09       		.byte	0x9
 512 02a3 1B       		.byte	0x1b
 513 02a4 AD000000 		.4byte	0xad
 514 02a8 08       		.uleb128 0x8
 515 02a9 04       		.byte	0x4
 516 02aa 0A       		.byte	0xa
 517 02ab 7E       		.byte	0x7e
 518 02ac F7020000 		.4byte	0x2f7
 519 02b0 11       		.uleb128 0x11
 520 02b1 636600   		.ascii	"cf\000"
 521 02b4 0A       		.byte	0xa
 522 02b5 80       		.byte	0x80
 523 02b6 CE000000 		.4byte	0xce
 524 02ba 04       		.byte	0x4
 525 02bb 05       		.byte	0x5
 526 02bc 1B       		.byte	0x1b
 527 02bd 00       		.byte	0
ARM GAS  C:\Users\haske\AppData\Local\Temp\ccPo7cTf.s 			page 11


 528 02be 0B       		.uleb128 0xb
 529 02bf 24020000 		.4byte	.LASF47
 530 02c3 0A       		.byte	0xa
 531 02c4 81       		.byte	0x81
 532 02c5 CE000000 		.4byte	0xce
 533 02c9 04       		.byte	0x4
 534 02ca 03       		.byte	0x3
 535 02cb 18       		.byte	0x18
 536 02cc 00       		.byte	0
 537 02cd 0B       		.uleb128 0xb
 538 02ce 92060000 		.4byte	.LASF48
 539 02d2 0A       		.byte	0xa
 540 02d3 84       		.byte	0x84
 541 02d4 CE000000 		.4byte	0xce
 542 02d8 04       		.byte	0x4
 543 02d9 02       		.byte	0x2
 544 02da 16       		.byte	0x16
 545 02db 00       		.byte	0
 546 02dc 11       		.uleb128 0x11
 547 02dd 7700     		.ascii	"w\000"
 548 02df 0A       		.byte	0xa
 549 02e0 86       		.byte	0x86
 550 02e1 CE000000 		.4byte	0xce
 551 02e5 04       		.byte	0x4
 552 02e6 0B       		.byte	0xb
 553 02e7 0B       		.byte	0xb
 554 02e8 00       		.byte	0
 555 02e9 11       		.uleb128 0x11
 556 02ea 6800     		.ascii	"h\000"
 557 02ec 0A       		.byte	0xa
 558 02ed 87       		.byte	0x87
 559 02ee CE000000 		.4byte	0xce
 560 02f2 04       		.byte	0x4
 561 02f3 0B       		.byte	0xb
 562 02f4 00       		.byte	0
 563 02f5 00       		.byte	0
 564 02f6 00       		.byte	0
 565 02f7 03       		.uleb128 0x3
 566 02f8 4D040000 		.4byte	.LASF49
 567 02fc 0A       		.byte	0xa
 568 02fd 88       		.byte	0x88
 569 02fe A8020000 		.4byte	0x2a8
 570 0302 06       		.uleb128 0x6
 571 0303 04       		.byte	0x4
 572 0304 08030000 		.4byte	0x308
 573 0308 07       		.uleb128 0x7
 574 0309 A2000000 		.4byte	0xa2
 575 030d 02       		.uleb128 0x2
 576 030e 01       		.byte	0x1
 577 030f 02       		.byte	0x2
 578 0310 CC040000 		.4byte	.LASF50
 579 0314 06       		.uleb128 0x6
 580 0315 04       		.byte	0x4
 581 0316 1A030000 		.4byte	0x31a
 582 031a 15       		.uleb128 0x15
 583 031b 03       		.uleb128 0x3
 584 031c 37030000 		.4byte	.LASF51
ARM GAS  C:\Users\haske\AppData\Local\Temp\ccPo7cTf.s 			page 12


 585 0320 0B       		.byte	0xb
 586 0321 29       		.byte	0x29
 587 0322 A2000000 		.4byte	0xa2
 588 0326 03       		.uleb128 0x3
 589 0327 C3010000 		.4byte	.LASF52
 590 032b 0B       		.byte	0xb
 591 032c 36       		.byte	0x36
 592 032d 31030000 		.4byte	0x331
 593 0331 06       		.uleb128 0x6
 594 0332 04       		.byte	0x4
 595 0333 37030000 		.4byte	0x337
 596 0337 16       		.uleb128 0x16
 597 0338 FB000000 		.4byte	0xfb
 598 033c 50030000 		.4byte	0x350
 599 0340 0F       		.uleb128 0xf
 600 0341 50030000 		.4byte	0x350
 601 0345 0F       		.uleb128 0xf
 602 0346 14030000 		.4byte	0x314
 603 034a 0F       		.uleb128 0xf
 604 034b 9F030000 		.4byte	0x39f
 605 034f 00       		.byte	0
 606 0350 06       		.uleb128 0x6
 607 0351 04       		.byte	0x4
 608 0352 56030000 		.4byte	0x356
 609 0356 10       		.uleb128 0x10
 610 0357 BE020000 		.4byte	.LASF54
 611 035b 14       		.byte	0x14
 612 035c 0B       		.byte	0xb
 613 035d 56       		.byte	0x56
 614 035e 9F030000 		.4byte	0x39f
 615 0362 0A       		.uleb128 0xa
 616 0363 90000000 		.4byte	.LASF55
 617 0367 0B       		.byte	0xb
 618 0368 57       		.byte	0x57
 619 0369 26030000 		.4byte	0x326
 620 036d 00       		.byte	0
 621 036e 0A       		.uleb128 0xa
 622 036f 38040000 		.4byte	.LASF56
 623 0373 0B       		.byte	0xb
 624 0374 58       		.byte	0x58
 625 0375 A5030000 		.4byte	0x3a5
 626 0379 04       		.byte	0x4
 627 037a 0A       		.uleb128 0xa
 628 037b 40040000 		.4byte	.LASF57
 629 037f 0B       		.byte	0xb
 630 0380 59       		.byte	0x59
 631 0381 55040000 		.4byte	0x455
 632 0385 08       		.byte	0x8
 633 0386 0A       		.uleb128 0xa
 634 0387 21050000 		.4byte	.LASF58
 635 038b 0B       		.byte	0xb
 636 038c 5A       		.byte	0x5a
 637 038d 94040000 		.4byte	0x494
 638 0391 0C       		.byte	0xc
 639 0392 0A       		.uleb128 0xa
 640 0393 00020000 		.4byte	.LASF35
 641 0397 0B       		.byte	0xb
ARM GAS  C:\Users\haske\AppData\Local\Temp\ccPo7cTf.s 			page 13


 642 0398 5D       		.byte	0x5d
 643 0399 E7000000 		.4byte	0xe7
 644 039d 10       		.byte	0x10
 645 039e 00       		.byte	0
 646 039f 06       		.uleb128 0x6
 647 03a0 04       		.byte	0x4
 648 03a1 F7020000 		.4byte	0x2f7
 649 03a5 03       		.uleb128 0x3
 650 03a6 16000000 		.4byte	.LASF59
 651 03aa 0B       		.byte	0xb
 652 03ab 3E       		.byte	0x3e
 653 03ac B0030000 		.4byte	0x3b0
 654 03b0 06       		.uleb128 0x6
 655 03b1 04       		.byte	0x4
 656 03b2 B6030000 		.4byte	0x3b6
 657 03b6 16       		.uleb128 0x16
 658 03b7 FB000000 		.4byte	0xfb
 659 03bb CA030000 		.4byte	0x3ca
 660 03bf 0F       		.uleb128 0xf
 661 03c0 50030000 		.4byte	0x350
 662 03c4 0F       		.uleb128 0xf
 663 03c5 CA030000 		.4byte	0x3ca
 664 03c9 00       		.byte	0
 665 03ca 06       		.uleb128 0x6
 666 03cb 04       		.byte	0x4
 667 03cc D0030000 		.4byte	0x3d0
 668 03d0 10       		.uleb128 0x10
 669 03d1 00000000 		.4byte	.LASF60
 670 03d5 28       		.byte	0x28
 671 03d6 0B       		.byte	0xb
 672 03d7 63       		.byte	0x63
 673 03d8 55040000 		.4byte	0x455
 674 03dc 0A       		.uleb128 0xa
 675 03dd 02030000 		.4byte	.LASF61
 676 03e1 0B       		.byte	0xb
 677 03e2 65       		.byte	0x65
 678 03e3 C0040000 		.4byte	0x4c0
 679 03e7 00       		.byte	0
 680 03e8 09       		.uleb128 0x9
 681 03e9 73726300 		.ascii	"src\000"
 682 03ed 0B       		.byte	0xb
 683 03ee 68       		.byte	0x68
 684 03ef 14030000 		.4byte	0x314
 685 03f3 04       		.byte	0x4
 686 03f4 0A       		.uleb128 0xa
 687 03f5 CD000000 		.4byte	.LASF62
 688 03f9 0B       		.byte	0xb
 689 03fa 6B       		.byte	0x6b
 690 03fb 87020000 		.4byte	0x287
 691 03ff 08       		.byte	0x8
 692 0400 0A       		.uleb128 0xa
 693 0401 8F050000 		.4byte	.LASF63
 694 0405 0B       		.byte	0xb
 695 0406 6E       		.byte	0x6e
 696 0407 C3000000 		.4byte	0xc3
 697 040b 0C       		.byte	0xc
 698 040c 0A       		.uleb128 0xa
ARM GAS  C:\Users\haske\AppData\Local\Temp\ccPo7cTf.s 			page 14


 699 040d F2050000 		.4byte	.LASF64
 700 0411 0B       		.byte	0xb
 701 0412 71       		.byte	0x71
 702 0413 1B030000 		.4byte	0x31b
 703 0417 10       		.byte	0x10
 704 0418 0A       		.uleb128 0xa
 705 0419 2E000000 		.4byte	.LASF65
 706 041d 0B       		.byte	0xb
 707 041e 74       		.byte	0x74
 708 041f F7020000 		.4byte	0x2f7
 709 0423 14       		.byte	0x14
 710 0424 0A       		.uleb128 0xa
 711 0425 1B040000 		.4byte	.LASF66
 712 0429 0B       		.byte	0xb
 713 042a 78       		.byte	0x78
 714 042b 02030000 		.4byte	0x302
 715 042f 18       		.byte	0x18
 716 0430 0A       		.uleb128 0xa
 717 0431 B1060000 		.4byte	.LASF67
 718 0435 0B       		.byte	0xb
 719 0436 7C       		.byte	0x7c
 720 0437 CE000000 		.4byte	0xce
 721 043b 1C       		.byte	0x1c
 722 043c 0A       		.uleb128 0xa
 723 043d 87040000 		.4byte	.LASF68
 724 0441 0B       		.byte	0xb
 725 0442 80       		.byte	0x80
 726 0443 F0000000 		.4byte	0xf0
 727 0447 20       		.byte	0x20
 728 0448 0A       		.uleb128 0xa
 729 0449 00020000 		.4byte	.LASF35
 730 044d 0B       		.byte	0xb
 731 044e 83       		.byte	0x83
 732 044f E7000000 		.4byte	0xe7
 733 0453 24       		.byte	0x24
 734 0454 00       		.byte	0
 735 0455 03       		.uleb128 0x3
 736 0456 53020000 		.4byte	.LASF69
 737 045a 0B       		.byte	0xb
 738 045b 4B       		.byte	0x4b
 739 045c 60040000 		.4byte	0x460
 740 0460 06       		.uleb128 0x6
 741 0461 04       		.byte	0x4
 742 0462 66040000 		.4byte	0x466
 743 0466 16       		.uleb128 0x16
 744 0467 FB000000 		.4byte	0xfb
 745 046b 8E040000 		.4byte	0x48e
 746 046f 0F       		.uleb128 0xf
 747 0470 50030000 		.4byte	0x350
 748 0474 0F       		.uleb128 0xf
 749 0475 CA030000 		.4byte	0x3ca
 750 0479 0F       		.uleb128 0xf
 751 047a 9D020000 		.4byte	0x29d
 752 047e 0F       		.uleb128 0xf
 753 047f 9D020000 		.4byte	0x29d
 754 0483 0F       		.uleb128 0xf
 755 0484 9D020000 		.4byte	0x29d
ARM GAS  C:\Users\haske\AppData\Local\Temp\ccPo7cTf.s 			page 15


 756 0488 0F       		.uleb128 0xf
 757 0489 8E040000 		.4byte	0x48e
 758 048d 00       		.byte	0
 759 048e 06       		.uleb128 0x6
 760 048f 04       		.byte	0x4
 761 0490 A2000000 		.4byte	0xa2
 762 0494 03       		.uleb128 0x3
 763 0495 AA050000 		.4byte	.LASF70
 764 0499 0B       		.byte	0xb
 765 049a 53       		.byte	0x53
 766 049b 9F040000 		.4byte	0x49f
 767 049f 06       		.uleb128 0x6
 768 04a0 04       		.byte	0x4
 769 04a1 A5040000 		.4byte	0x4a5
 770 04a5 0E       		.uleb128 0xe
 771 04a6 B5040000 		.4byte	0x4b5
 772 04aa 0F       		.uleb128 0xf
 773 04ab 50030000 		.4byte	0x350
 774 04af 0F       		.uleb128 0xf
 775 04b0 CA030000 		.4byte	0x3ca
 776 04b4 00       		.byte	0
 777 04b5 03       		.uleb128 0x3
 778 04b6 DB040000 		.4byte	.LASF71
 779 04ba 0B       		.byte	0xb
 780 04bb 5F       		.byte	0x5f
 781 04bc 56030000 		.4byte	0x356
 782 04c0 06       		.uleb128 0x6
 783 04c1 04       		.byte	0x4
 784 04c2 B5040000 		.4byte	0x4b5
 785 04c6 03       		.uleb128 0x3
 786 04c7 0F020000 		.4byte	.LASF72
 787 04cb 0B       		.byte	0xb
 788 04cc 84       		.byte	0x84
 789 04cd D0030000 		.4byte	0x3d0
 790 04d1 08       		.uleb128 0x8
 791 04d2 2C       		.byte	0x2c
 792 04d3 0C       		.byte	0xc
 793 04d4 1F       		.byte	0x1f
 794 04d5 F2040000 		.4byte	0x4f2
 795 04d9 0A       		.uleb128 0xa
 796 04da 5F060000 		.4byte	.LASF73
 797 04de 0C       		.byte	0xc
 798 04df 20       		.byte	0x20
 799 04e0 C6040000 		.4byte	0x4c6
 800 04e4 00       		.byte	0
 801 04e5 0A       		.uleb128 0xa
 802 04e6 9A010000 		.4byte	.LASF74
 803 04ea 0C       		.byte	0xc
 804 04eb 25       		.byte	0x25
 805 04ec C3000000 		.4byte	0xc3
 806 04f0 28       		.byte	0x28
 807 04f1 00       		.byte	0
 808 04f2 03       		.uleb128 0x3
 809 04f3 19030000 		.4byte	.LASF75
 810 04f7 0C       		.byte	0xc
 811 04f8 26       		.byte	0x26
 812 04f9 D1040000 		.4byte	0x4d1
ARM GAS  C:\Users\haske\AppData\Local\Temp\ccPo7cTf.s 			page 16


 813 04fd 08       		.uleb128 0x8
 814 04fe 08       		.byte	0x8
 815 04ff 0D       		.byte	0xd
 816 0500 2D       		.byte	0x2d
 817 0501 1E050000 		.4byte	0x51e
 818 0505 0A       		.uleb128 0xa
 819 0506 75040000 		.4byte	.LASF76
 820 050a 0D       		.byte	0xd
 821 050b 2E       		.byte	0x2e
 822 050c E7000000 		.4byte	0xe7
 823 0510 00       		.byte	0
 824 0511 0A       		.uleb128 0xa
 825 0512 98000000 		.4byte	.LASF77
 826 0516 0D       		.byte	0xd
 827 0517 2F       		.byte	0x2f
 828 0518 E7000000 		.4byte	0xe7
 829 051c 04       		.byte	0x4
 830 051d 00       		.byte	0
 831 051e 03       		.uleb128 0x3
 832 051f 30020000 		.4byte	.LASF78
 833 0523 0D       		.byte	0xd
 834 0524 30       		.byte	0x30
 835 0525 FD040000 		.4byte	0x4fd
 836 0529 03       		.uleb128 0x3
 837 052a 3F000000 		.4byte	.LASF79
 838 052e 0D       		.byte	0xd
 839 052f 32       		.byte	0x32
 840 0530 34050000 		.4byte	0x534
 841 0534 0C       		.uleb128 0xc
 842 0535 1E050000 		.4byte	0x51e
 843 0539 44050000 		.4byte	0x544
 844 053d 0D       		.uleb128 0xd
 845 053e E0000000 		.4byte	0xe0
 846 0542 0F       		.byte	0xf
 847 0543 00       		.byte	0
 848 0544 06       		.uleb128 0x6
 849 0545 04       		.byte	0x4
 850 0546 92020000 		.4byte	0x292
 851 054a 08       		.uleb128 0x8
 852 054b 1C       		.byte	0x1c
 853 054c 0D       		.byte	0xd
 854 054d 9C       		.byte	0x9c
 855 054e A7050000 		.4byte	0x5a7
 856 0552 09       		.uleb128 0x9
 857 0553 62756600 		.ascii	"buf\000"
 858 0557 0D       		.byte	0xd
 859 0558 9D       		.byte	0x9d
 860 0559 8E040000 		.4byte	0x48e
 861 055d 00       		.byte	0
 862 055e 0A       		.uleb128 0xa
 863 055f 8E020000 		.4byte	.LASF80
 864 0563 0D       		.byte	0xd
 865 0564 9E       		.byte	0x9e
 866 0565 44050000 		.4byte	0x544
 867 0569 04       		.byte	0x4
 868 056a 0A       		.uleb128 0xa
 869 056b 5D040000 		.4byte	.LASF81
ARM GAS  C:\Users\haske\AppData\Local\Temp\ccPo7cTf.s 			page 17


 870 056f 0D       		.byte	0xd
 871 0570 9F       		.byte	0x9f
 872 0571 A7050000 		.4byte	0x5a7
 873 0575 08       		.byte	0x8
 874 0576 0A       		.uleb128 0xa
 875 0577 E5020000 		.4byte	.LASF82
 876 057b 0D       		.byte	0xd
 877 057c A0       		.byte	0xa0
 878 057d A7050000 		.4byte	0x5a7
 879 0581 0C       		.byte	0xc
 880 0582 0A       		.uleb128 0xa
 881 0583 9A010000 		.4byte	.LASF74
 882 0587 0D       		.byte	0xd
 883 0588 A1       		.byte	0xa1
 884 0589 C3000000 		.4byte	0xc3
 885 058d 10       		.byte	0x10
 886 058e 0A       		.uleb128 0xa
 887 058f 9F010000 		.4byte	.LASF83
 888 0593 0D       		.byte	0xd
 889 0594 A2       		.byte	0xa2
 890 0595 CE000000 		.4byte	0xce
 891 0599 14       		.byte	0x14
 892 059a 0A       		.uleb128 0xa
 893 059b 70030000 		.4byte	.LASF84
 894 059f 0D       		.byte	0xd
 895 05a0 A3       		.byte	0xa3
 896 05a1 9D020000 		.4byte	0x29d
 897 05a5 18       		.byte	0x18
 898 05a6 00       		.byte	0
 899 05a7 06       		.uleb128 0x6
 900 05a8 04       		.byte	0x4
 901 05a9 B8000000 		.4byte	0xb8
 902 05ad 03       		.uleb128 0x3
 903 05ae E6000000 		.4byte	.LASF85
 904 05b2 0D       		.byte	0xd
 905 05b3 A4       		.byte	0xa4
 906 05b4 4A050000 		.4byte	0x54a
 907 05b8 03       		.uleb128 0x3
 908 05b9 A1040000 		.4byte	.LASF86
 909 05bd 0D       		.byte	0xd
 910 05be A6       		.byte	0xa6
 911 05bf C3050000 		.4byte	0x5c3
 912 05c3 0C       		.uleb128 0xc
 913 05c4 AD050000 		.4byte	0x5ad
 914 05c8 D3050000 		.4byte	0x5d3
 915 05cc 0D       		.uleb128 0xd
 916 05cd E0000000 		.4byte	0xe0
 917 05d1 03       		.byte	0x3
 918 05d2 00       		.byte	0
 919 05d3 03       		.uleb128 0x3
 920 05d4 03050000 		.4byte	.LASF87
 921 05d8 0E       		.byte	0xe
 922 05d9 1B       		.byte	0x1b
 923 05da DE050000 		.4byte	0x5de
 924 05de 06       		.uleb128 0x6
 925 05df 04       		.byte	0x4
 926 05e0 E4050000 		.4byte	0x5e4
ARM GAS  C:\Users\haske\AppData\Local\Temp\ccPo7cTf.s 			page 18


 927 05e4 0E       		.uleb128 0xe
 928 05e5 F4050000 		.4byte	0x5f4
 929 05e9 0F       		.uleb128 0xf
 930 05ea F4050000 		.4byte	0x5f4
 931 05ee 0F       		.uleb128 0xf
 932 05ef E7000000 		.4byte	0xe7
 933 05f3 00       		.byte	0
 934 05f4 06       		.uleb128 0x6
 935 05f5 04       		.byte	0x4
 936 05f6 FA050000 		.4byte	0x5fa
 937 05fa 17       		.uleb128 0x17
 938 05fb 67060000 		.4byte	.LASF110
 939 05ff 08       		.uleb128 0x8
 940 0600 08       		.byte	0x8
 941 0601 0E       		.byte	0xe
 942 0602 1C       		.byte	0x1c
 943 0603 1F060000 		.4byte	0x61f
 944 0607 09       		.uleb128 0x9
 945 0608 636200   		.ascii	"cb\000"
 946 060b 0E       		.byte	0xe
 947 060c 1D       		.byte	0x1d
 948 060d D3050000 		.4byte	0x5d3
 949 0611 00       		.byte	0
 950 0612 0A       		.uleb128 0xa
 951 0613 00020000 		.4byte	.LASF35
 952 0617 0E       		.byte	0xe
 953 0618 1E       		.byte	0x1e
 954 0619 E7000000 		.4byte	0xe7
 955 061d 04       		.byte	0x4
 956 061e 00       		.byte	0
 957 061f 03       		.uleb128 0x3
 958 0620 91040000 		.4byte	.LASF88
 959 0624 0E       		.byte	0xe
 960 0625 1F       		.byte	0x1f
 961 0626 FF050000 		.4byte	0x5ff
 962 062a 18       		.uleb128 0x18
 963 062b BA000000 		.4byte	.LASF111
 964 062f 01       		.byte	0x1
 965 0630 27       		.byte	0x27
 966 0631 00000000 		.4byte	.LFB24
 967 0635 DC000000 		.4byte	.LFE24-.LFB24
 968 0639 01       		.uleb128 0x1
 969 063a 9C       		.byte	0x9c
 970 063b 38080000 		.4byte	0x838
 971 063f 19       		.uleb128 0x19
 972 0640 0A000000 		.4byte	.LVL0
 973 0644 76090000 		.4byte	0x976
 974 0648 5B060000 		.4byte	0x65b
 975 064c 1A       		.uleb128 0x1a
 976 064d 01       		.uleb128 0x1
 977 064e 50       		.byte	0x50
 978 064f 05       		.uleb128 0x5
 979 0650 03       		.byte	0x3
 980 0651 00000000 		.4byte	_lv_timer_ll
 981 0655 1A       		.uleb128 0x1a
 982 0656 01       		.uleb128 0x1
 983 0657 51       		.byte	0x51
ARM GAS  C:\Users\haske\AppData\Local\Temp\ccPo7cTf.s 			page 19


 984 0658 01       		.uleb128 0x1
 985 0659 3C       		.byte	0x3c
 986 065a 00       		.byte	0
 987 065b 19       		.uleb128 0x19
 988 065c 12000000 		.4byte	.LVL1
 989 0660 76090000 		.4byte	0x976
 990 0664 77060000 		.4byte	0x677
 991 0668 1A       		.uleb128 0x1a
 992 0669 01       		.uleb128 0x1
 993 066a 50       		.byte	0x50
 994 066b 05       		.uleb128 0x5
 995 066c 03       		.byte	0x3
 996 066d 00000000 		.4byte	_lv_disp_ll
 997 0671 1A       		.uleb128 0x1a
 998 0672 01       		.uleb128 0x1
 999 0673 51       		.byte	0x51
 1000 0674 01       		.uleb128 0x1
 1001 0675 3C       		.byte	0x3c
 1002 0676 00       		.byte	0
 1003 0677 19       		.uleb128 0x19
 1004 0678 1A000000 		.4byte	.LVL2
 1005 067c 76090000 		.4byte	0x976
 1006 0680 93060000 		.4byte	0x693
 1007 0684 1A       		.uleb128 0x1a
 1008 0685 01       		.uleb128 0x1
 1009 0686 50       		.byte	0x50
 1010 0687 05       		.uleb128 0x5
 1011 0688 03       		.byte	0x3
 1012 0689 00000000 		.4byte	_lv_indev_ll
 1013 068d 1A       		.uleb128 0x1a
 1014 068e 01       		.uleb128 0x1
 1015 068f 51       		.byte	0x51
 1016 0690 01       		.uleb128 0x1
 1017 0691 3C       		.byte	0x3c
 1018 0692 00       		.byte	0
 1019 0693 19       		.uleb128 0x19
 1020 0694 22000000 		.4byte	.LVL3
 1021 0698 76090000 		.4byte	0x976
 1022 069c AF060000 		.4byte	0x6af
 1023 06a0 1A       		.uleb128 0x1a
 1024 06a1 01       		.uleb128 0x1
 1025 06a2 50       		.byte	0x50
 1026 06a3 05       		.uleb128 0x5
 1027 06a4 03       		.byte	0x3
 1028 06a5 00000000 		.4byte	_lv_fsdrv_ll
 1029 06a9 1A       		.uleb128 0x1a
 1030 06aa 01       		.uleb128 0x1
 1031 06ab 51       		.byte	0x51
 1032 06ac 01       		.uleb128 0x1
 1033 06ad 3C       		.byte	0x3c
 1034 06ae 00       		.byte	0
 1035 06af 19       		.uleb128 0x19
 1036 06b0 2A000000 		.4byte	.LVL4
 1037 06b4 76090000 		.4byte	0x976
 1038 06b8 CB060000 		.4byte	0x6cb
 1039 06bc 1A       		.uleb128 0x1a
 1040 06bd 01       		.uleb128 0x1
ARM GAS  C:\Users\haske\AppData\Local\Temp\ccPo7cTf.s 			page 20


 1041 06be 50       		.byte	0x50
 1042 06bf 05       		.uleb128 0x5
 1043 06c0 03       		.byte	0x3
 1044 06c1 00000000 		.4byte	_lv_anim_ll
 1045 06c5 1A       		.uleb128 0x1a
 1046 06c6 01       		.uleb128 0x1
 1047 06c7 51       		.byte	0x51
 1048 06c8 01       		.uleb128 0x1
 1049 06c9 3C       		.byte	0x3c
 1050 06ca 00       		.byte	0
 1051 06cb 19       		.uleb128 0x19
 1052 06cc 32000000 		.4byte	.LVL5
 1053 06d0 76090000 		.4byte	0x976
 1054 06d4 E7060000 		.4byte	0x6e7
 1055 06d8 1A       		.uleb128 0x1a
 1056 06d9 01       		.uleb128 0x1
 1057 06da 50       		.byte	0x50
 1058 06db 05       		.uleb128 0x5
 1059 06dc 03       		.byte	0x3
 1060 06dd 00000000 		.4byte	_lv_group_ll
 1061 06e1 1A       		.uleb128 0x1a
 1062 06e2 01       		.uleb128 0x1
 1063 06e3 51       		.byte	0x51
 1064 06e4 01       		.uleb128 0x1
 1065 06e5 3C       		.byte	0x3c
 1066 06e6 00       		.byte	0
 1067 06e7 19       		.uleb128 0x19
 1068 06e8 3A000000 		.4byte	.LVL6
 1069 06ec 76090000 		.4byte	0x976
 1070 06f0 03070000 		.4byte	0x703
 1071 06f4 1A       		.uleb128 0x1a
 1072 06f5 01       		.uleb128 0x1
 1073 06f6 50       		.byte	0x50
 1074 06f7 05       		.uleb128 0x5
 1075 06f8 03       		.byte	0x3
 1076 06f9 00000000 		.4byte	_lv_img_decoder_ll
 1077 06fd 1A       		.uleb128 0x1a
 1078 06fe 01       		.uleb128 0x1
 1079 06ff 51       		.byte	0x51
 1080 0700 01       		.uleb128 0x1
 1081 0701 3C       		.byte	0x3c
 1082 0702 00       		.byte	0
 1083 0703 19       		.uleb128 0x19
 1084 0704 42000000 		.4byte	.LVL7
 1085 0708 76090000 		.4byte	0x976
 1086 070c 1F070000 		.4byte	0x71f
 1087 0710 1A       		.uleb128 0x1a
 1088 0711 01       		.uleb128 0x1
 1089 0712 50       		.byte	0x50
 1090 0713 05       		.uleb128 0x5
 1091 0714 03       		.byte	0x3
 1092 0715 00000000 		.4byte	_lv_obj_style_trans_ll
 1093 0719 1A       		.uleb128 0x1a
 1094 071a 01       		.uleb128 0x1
 1095 071b 51       		.byte	0x51
 1096 071c 01       		.uleb128 0x1
 1097 071d 3C       		.byte	0x3c
ARM GAS  C:\Users\haske\AppData\Local\Temp\ccPo7cTf.s 			page 21


 1098 071e 00       		.byte	0
 1099 071f 19       		.uleb128 0x19
 1100 0720 4A000000 		.4byte	.LVL8
 1101 0724 76090000 		.4byte	0x976
 1102 0728 3B070000 		.4byte	0x73b
 1103 072c 1A       		.uleb128 0x1a
 1104 072d 01       		.uleb128 0x1
 1105 072e 50       		.byte	0x50
 1106 072f 05       		.uleb128 0x5
 1107 0730 03       		.byte	0x3
 1108 0731 00000000 		.4byte	_lv_layout_list
 1109 0735 1A       		.uleb128 0x1a
 1110 0736 01       		.uleb128 0x1
 1111 0737 51       		.byte	0x51
 1112 0738 01       		.uleb128 0x1
 1113 0739 34       		.byte	0x34
 1114 073a 00       		.byte	0
 1115 073b 19       		.uleb128 0x19
 1116 073c 52000000 		.4byte	.LVL9
 1117 0740 76090000 		.4byte	0x976
 1118 0744 58070000 		.4byte	0x758
 1119 0748 1A       		.uleb128 0x1a
 1120 0749 01       		.uleb128 0x1
 1121 074a 50       		.byte	0x50
 1122 074b 05       		.uleb128 0x5
 1123 074c 03       		.byte	0x3
 1124 074d 00000000 		.4byte	_lv_img_cache_single
 1125 0751 1A       		.uleb128 0x1a
 1126 0752 01       		.uleb128 0x1
 1127 0753 51       		.byte	0x51
 1128 0754 02       		.uleb128 0x2
 1129 0755 08       		.byte	0x8
 1130 0756 2C       		.byte	0x2c
 1131 0757 00       		.byte	0
 1132 0758 19       		.uleb128 0x19
 1133 0759 5A000000 		.4byte	.LVL10
 1134 075d 76090000 		.4byte	0x976
 1135 0761 74070000 		.4byte	0x774
 1136 0765 1A       		.uleb128 0x1a
 1137 0766 01       		.uleb128 0x1
 1138 0767 50       		.byte	0x50
 1139 0768 05       		.uleb128 0x5
 1140 0769 03       		.byte	0x3
 1141 076a 00000000 		.4byte	_lv_timer_act
 1142 076e 1A       		.uleb128 0x1a
 1143 076f 01       		.uleb128 0x1
 1144 0770 51       		.byte	0x51
 1145 0771 01       		.uleb128 0x1
 1146 0772 34       		.byte	0x34
 1147 0773 00       		.byte	0
 1148 0774 19       		.uleb128 0x19
 1149 0775 62000000 		.4byte	.LVL11
 1150 0779 76090000 		.4byte	0x976
 1151 077d 91070000 		.4byte	0x791
 1152 0781 1A       		.uleb128 0x1a
 1153 0782 01       		.uleb128 0x1
 1154 0783 50       		.byte	0x50
ARM GAS  C:\Users\haske\AppData\Local\Temp\ccPo7cTf.s 			page 22


 1155 0784 05       		.uleb128 0x5
 1156 0785 03       		.byte	0x3
 1157 0786 00000000 		.4byte	lv_mem_buf
 1158 078a 1A       		.uleb128 0x1a
 1159 078b 01       		.uleb128 0x1
 1160 078c 51       		.byte	0x51
 1161 078d 02       		.uleb128 0x2
 1162 078e 08       		.byte	0x8
 1163 078f 80       		.byte	0x80
 1164 0790 00       		.byte	0
 1165 0791 19       		.uleb128 0x19
 1166 0792 6A000000 		.4byte	.LVL12
 1167 0796 76090000 		.4byte	0x976
 1168 079a AE070000 		.4byte	0x7ae
 1169 079e 1A       		.uleb128 0x1a
 1170 079f 01       		.uleb128 0x1
 1171 07a0 50       		.byte	0x50
 1172 07a1 05       		.uleb128 0x5
 1173 07a2 03       		.byte	0x3
 1174 07a3 00000000 		.4byte	_lv_circle_cache
 1175 07a7 1A       		.uleb128 0x1a
 1176 07a8 01       		.uleb128 0x1
 1177 07a9 51       		.byte	0x51
 1178 07aa 02       		.uleb128 0x2
 1179 07ab 08       		.byte	0x8
 1180 07ac 70       		.byte	0x70
 1181 07ad 00       		.byte	0
 1182 07ae 19       		.uleb128 0x19
 1183 07af 72000000 		.4byte	.LVL13
 1184 07b3 76090000 		.4byte	0x976
 1185 07b7 CB070000 		.4byte	0x7cb
 1186 07bb 1A       		.uleb128 0x1a
 1187 07bc 01       		.uleb128 0x1
 1188 07bd 50       		.byte	0x50
 1189 07be 05       		.uleb128 0x5
 1190 07bf 03       		.byte	0x3
 1191 07c0 00000000 		.4byte	_lv_draw_mask_list
 1192 07c4 1A       		.uleb128 0x1a
 1193 07c5 01       		.uleb128 0x1
 1194 07c6 51       		.byte	0x51
 1195 07c7 02       		.uleb128 0x2
 1196 07c8 08       		.byte	0x8
 1197 07c9 80       		.byte	0x80
 1198 07ca 00       		.byte	0
 1199 07cb 19       		.uleb128 0x19
 1200 07cc 7A000000 		.4byte	.LVL14
 1201 07d0 76090000 		.4byte	0x976
 1202 07d4 E7070000 		.4byte	0x7e7
 1203 07d8 1A       		.uleb128 0x1a
 1204 07d9 01       		.uleb128 0x1
 1205 07da 50       		.byte	0x50
 1206 07db 05       		.uleb128 0x5
 1207 07dc 03       		.byte	0x3
 1208 07dd 00000000 		.4byte	_lv_theme_default_styles
 1209 07e1 1A       		.uleb128 0x1a
 1210 07e2 01       		.uleb128 0x1
 1211 07e3 51       		.byte	0x51
ARM GAS  C:\Users\haske\AppData\Local\Temp\ccPo7cTf.s 			page 23


 1212 07e4 01       		.uleb128 0x1
 1213 07e5 34       		.byte	0x34
 1214 07e6 00       		.byte	0
 1215 07e7 19       		.uleb128 0x19
 1216 07e8 82000000 		.4byte	.LVL15
 1217 07ec 76090000 		.4byte	0x976
 1218 07f0 03080000 		.4byte	0x803
 1219 07f4 1A       		.uleb128 0x1a
 1220 07f5 01       		.uleb128 0x1
 1221 07f6 50       		.byte	0x50
 1222 07f7 05       		.uleb128 0x5
 1223 07f8 03       		.byte	0x3
 1224 07f9 00000000 		.4byte	_lv_theme_basic_styles
 1225 07fd 1A       		.uleb128 0x1a
 1226 07fe 01       		.uleb128 0x1
 1227 07ff 51       		.byte	0x51
 1228 0800 01       		.uleb128 0x1
 1229 0801 34       		.byte	0x34
 1230 0802 00       		.byte	0
 1231 0803 19       		.uleb128 0x19
 1232 0804 8A000000 		.4byte	.LVL16
 1233 0808 76090000 		.4byte	0x976
 1234 080c 1F080000 		.4byte	0x81f
 1235 0810 1A       		.uleb128 0x1a
 1236 0811 01       		.uleb128 0x1
 1237 0812 50       		.byte	0x50
 1238 0813 05       		.uleb128 0x5
 1239 0814 03       		.byte	0x3
 1240 0815 00000000 		.4byte	_lv_grad_cache_mem
 1241 0819 1A       		.uleb128 0x1a
 1242 081a 01       		.uleb128 0x1
 1243 081b 51       		.byte	0x51
 1244 081c 01       		.uleb128 0x1
 1245 081d 34       		.byte	0x34
 1246 081e 00       		.byte	0
 1247 081f 1B       		.uleb128 0x1b
 1248 0820 92000000 		.4byte	.LVL17
 1249 0824 76090000 		.4byte	0x976
 1250 0828 1A       		.uleb128 0x1a
 1251 0829 01       		.uleb128 0x1
 1252 082a 50       		.byte	0x50
 1253 082b 05       		.uleb128 0x5
 1254 082c 03       		.byte	0x3
 1255 082d 00000000 		.4byte	_lv_style_custom_prop_flag_lookup_table
 1256 0831 1A       		.uleb128 0x1a
 1257 0832 01       		.uleb128 0x1
 1258 0833 51       		.byte	0x51
 1259 0834 01       		.uleb128 0x1
 1260 0835 34       		.byte	0x34
 1261 0836 00       		.byte	0
 1262 0837 00       		.byte	0
 1263 0838 1C       		.uleb128 0x1c
 1264 0839 5E050000 		.4byte	.LASF89
 1265 083d 01       		.byte	0x1
 1266 083e 1C       		.byte	0x1c
 1267 083f 98010000 		.4byte	0x198
 1268 0843 05       		.uleb128 0x5
ARM GAS  C:\Users\haske\AppData\Local\Temp\ccPo7cTf.s 			page 24


 1269 0844 03       		.byte	0x3
 1270 0845 00000000 		.4byte	_lv_timer_ll
 1271 0849 1C       		.uleb128 0x1c
 1272 084a D9020000 		.4byte	.LASF90
 1273 084e 01       		.byte	0x1
 1274 084f 1C       		.byte	0x1c
 1275 0850 98010000 		.4byte	0x198
 1276 0854 05       		.uleb128 0x5
 1277 0855 03       		.byte	0x3
 1278 0856 00000000 		.4byte	_lv_disp_ll
 1279 085a 1C       		.uleb128 0x1c
 1280 085b 46020000 		.4byte	.LASF91
 1281 085f 01       		.byte	0x1
 1282 0860 1C       		.byte	0x1c
 1283 0861 98010000 		.4byte	0x198
 1284 0865 05       		.uleb128 0x5
 1285 0866 03       		.byte	0x3
 1286 0867 00000000 		.4byte	_lv_indev_ll
 1287 086b 1C       		.uleb128 0x1c
 1288 086c 63030000 		.4byte	.LASF92
 1289 0870 01       		.byte	0x1
 1290 0871 1C       		.byte	0x1c
 1291 0872 98010000 		.4byte	0x198
 1292 0876 05       		.uleb128 0x5
 1293 0877 03       		.byte	0x3
 1294 0878 00000000 		.4byte	_lv_fsdrv_ll
 1295 087c 1C       		.uleb128 0x1c
 1296 087d 7B040000 		.4byte	.LASF93
 1297 0881 01       		.byte	0x1
 1298 0882 1C       		.byte	0x1c
 1299 0883 98010000 		.4byte	0x198
 1300 0887 05       		.uleb128 0x5
 1301 0888 03       		.byte	0x3
 1302 0889 00000000 		.4byte	_lv_anim_ll
 1303 088d 1C       		.uleb128 0x1c
 1304 088e 4A050000 		.4byte	.LASF94
 1305 0892 01       		.byte	0x1
 1306 0893 1C       		.byte	0x1c
 1307 0894 98010000 		.4byte	0x198
 1308 0898 05       		.uleb128 0x5
 1309 0899 03       		.byte	0x3
 1310 089a 00000000 		.4byte	_lv_group_ll
 1311 089e 1C       		.uleb128 0x1c
 1312 089f 4C060000 		.4byte	.LASF95
 1313 08a3 01       		.byte	0x1
 1314 08a4 1C       		.byte	0x1c
 1315 08a5 98010000 		.4byte	0x198
 1316 08a9 05       		.uleb128 0x5
 1317 08aa 03       		.byte	0x3
 1318 08ab 00000000 		.4byte	_lv_img_decoder_ll
 1319 08af 1C       		.uleb128 0x1c
 1320 08b0 DB050000 		.4byte	.LASF96
 1321 08b4 01       		.byte	0x1
 1322 08b5 1C       		.byte	0x1c
 1323 08b6 98010000 		.4byte	0x198
 1324 08ba 05       		.uleb128 0x5
 1325 08bb 03       		.byte	0x3
ARM GAS  C:\Users\haske\AppData\Local\Temp\ccPo7cTf.s 			page 25


 1326 08bc 00000000 		.4byte	_lv_obj_style_trans_ll
 1327 08c0 1C       		.uleb128 0x1c
 1328 08c1 77030000 		.4byte	.LASF97
 1329 08c5 01       		.byte	0x1
 1330 08c6 1C       		.byte	0x1c
 1331 08c7 D1080000 		.4byte	0x8d1
 1332 08cb 05       		.uleb128 0x5
 1333 08cc 03       		.byte	0x3
 1334 08cd 00000000 		.4byte	_lv_layout_list
 1335 08d1 06       		.uleb128 0x6
 1336 08d2 04       		.byte	0x4
 1337 08d3 1F060000 		.4byte	0x61f
 1338 08d7 1C       		.uleb128 0x1c
 1339 08d8 7B000000 		.4byte	.LASF98
 1340 08dc 01       		.byte	0x1
 1341 08dd 1C       		.byte	0x1c
 1342 08de F2040000 		.4byte	0x4f2
 1343 08e2 05       		.uleb128 0x5
 1344 08e3 03       		.byte	0x3
 1345 08e4 00000000 		.4byte	_lv_img_cache_single
 1346 08e8 1C       		.uleb128 0x1c
 1347 08e9 F4020000 		.4byte	.LASF99
 1348 08ed 01       		.byte	0x1
 1349 08ee 1C       		.byte	0x1c
 1350 08ef F9080000 		.4byte	0x8f9
 1351 08f3 05       		.uleb128 0x5
 1352 08f4 03       		.byte	0x3
 1353 08f5 00000000 		.4byte	_lv_timer_act
 1354 08f9 06       		.uleb128 0x6
 1355 08fa 04       		.byte	0x4
 1356 08fb 1D020000 		.4byte	0x21d
 1357 08ff 1C       		.uleb128 0x1c
 1358 0900 6A040000 		.4byte	.LASF100
 1359 0904 01       		.byte	0x1
 1360 0905 1C       		.byte	0x1c
 1361 0906 3F010000 		.4byte	0x13f
 1362 090a 05       		.uleb128 0x5
 1363 090b 03       		.byte	0x3
 1364 090c 00000000 		.4byte	lv_mem_buf
 1365 0910 1C       		.uleb128 0x1c
 1366 0911 70020000 		.4byte	.LASF101
 1367 0915 01       		.byte	0x1
 1368 0916 1C       		.byte	0x1c
 1369 0917 B8050000 		.4byte	0x5b8
 1370 091b 05       		.uleb128 0x5
 1371 091c 03       		.byte	0x3
 1372 091d 00000000 		.4byte	_lv_circle_cache
 1373 0921 1C       		.uleb128 0x1c
 1374 0922 37050000 		.4byte	.LASF102
 1375 0926 01       		.byte	0x1
 1376 0927 1C       		.byte	0x1c
 1377 0928 29050000 		.4byte	0x529
 1378 092c 05       		.uleb128 0x5
 1379 092d 03       		.byte	0x3
 1380 092e 00000000 		.4byte	_lv_draw_mask_list
 1381 0932 1C       		.uleb128 0x1c
 1382 0933 76050000 		.4byte	.LASF103
ARM GAS  C:\Users\haske\AppData\Local\Temp\ccPo7cTf.s 			page 26


 1383 0937 01       		.byte	0x1
 1384 0938 1C       		.byte	0x1c
 1385 0939 E7000000 		.4byte	0xe7
 1386 093d 05       		.uleb128 0x5
 1387 093e 03       		.byte	0x3
 1388 093f 00000000 		.4byte	_lv_theme_default_styles
 1389 0943 1C       		.uleb128 0x1c
 1390 0944 DB010000 		.4byte	.LASF104
 1391 0948 01       		.byte	0x1
 1392 0949 1C       		.byte	0x1c
 1393 094a E7000000 		.4byte	0xe7
 1394 094e 05       		.uleb128 0x5
 1395 094f 03       		.byte	0x3
 1396 0950 00000000 		.4byte	_lv_theme_basic_styles
 1397 0954 1C       		.uleb128 0x1c
 1398 0955 D3000000 		.4byte	.LASF105
 1399 0959 01       		.byte	0x1
 1400 095a 1C       		.byte	0x1c
 1401 095b 8E040000 		.4byte	0x48e
 1402 095f 05       		.uleb128 0x5
 1403 0960 03       		.byte	0x3
 1404 0961 00000000 		.4byte	_lv_grad_cache_mem
 1405 0965 1C       		.uleb128 0x1c
 1406 0966 F3030000 		.4byte	.LASF106
 1407 096a 01       		.byte	0x1
 1408 096b 1C       		.byte	0x1c
 1409 096c 8E040000 		.4byte	0x48e
 1410 0970 05       		.uleb128 0x5
 1411 0971 03       		.byte	0x3
 1412 0972 00000000 		.4byte	_lv_style_custom_prop_flag_lookup_table
 1413 0976 1D       		.uleb128 0x1d
 1414 0977 2A050000 		.4byte	.LASF112
 1415 097b 2A050000 		.4byte	.LASF112
 1416 097f 05       		.byte	0x5
 1417 0980 DE       		.byte	0xde
 1418 0981 00       		.byte	0
 1419              		.section	.debug_abbrev,"",%progbits
 1420              	.Ldebug_abbrev0:
 1421 0000 01       		.uleb128 0x1
 1422 0001 11       		.uleb128 0x11
 1423 0002 01       		.byte	0x1
 1424 0003 25       		.uleb128 0x25
 1425 0004 0E       		.uleb128 0xe
 1426 0005 13       		.uleb128 0x13
 1427 0006 0B       		.uleb128 0xb
 1428 0007 03       		.uleb128 0x3
 1429 0008 0E       		.uleb128 0xe
 1430 0009 1B       		.uleb128 0x1b
 1431 000a 0E       		.uleb128 0xe
 1432 000b 55       		.uleb128 0x55
 1433 000c 17       		.uleb128 0x17
 1434 000d 11       		.uleb128 0x11
 1435 000e 01       		.uleb128 0x1
 1436 000f 10       		.uleb128 0x10
 1437 0010 17       		.uleb128 0x17
 1438 0011 00       		.byte	0
 1439 0012 00       		.byte	0
ARM GAS  C:\Users\haske\AppData\Local\Temp\ccPo7cTf.s 			page 27


 1440 0013 02       		.uleb128 0x2
 1441 0014 24       		.uleb128 0x24
 1442 0015 00       		.byte	0
 1443 0016 0B       		.uleb128 0xb
 1444 0017 0B       		.uleb128 0xb
 1445 0018 3E       		.uleb128 0x3e
 1446 0019 0B       		.uleb128 0xb
 1447 001a 03       		.uleb128 0x3
 1448 001b 0E       		.uleb128 0xe
 1449 001c 00       		.byte	0
 1450 001d 00       		.byte	0
 1451 001e 03       		.uleb128 0x3
 1452 001f 16       		.uleb128 0x16
 1453 0020 00       		.byte	0
 1454 0021 03       		.uleb128 0x3
 1455 0022 0E       		.uleb128 0xe
 1456 0023 3A       		.uleb128 0x3a
 1457 0024 0B       		.uleb128 0xb
 1458 0025 3B       		.uleb128 0x3b
 1459 0026 0B       		.uleb128 0xb
 1460 0027 49       		.uleb128 0x49
 1461 0028 13       		.uleb128 0x13
 1462 0029 00       		.byte	0
 1463 002a 00       		.byte	0
 1464 002b 04       		.uleb128 0x4
 1465 002c 24       		.uleb128 0x24
 1466 002d 00       		.byte	0
 1467 002e 0B       		.uleb128 0xb
 1468 002f 0B       		.uleb128 0xb
 1469 0030 3E       		.uleb128 0x3e
 1470 0031 0B       		.uleb128 0xb
 1471 0032 03       		.uleb128 0x3
 1472 0033 08       		.uleb128 0x8
 1473 0034 00       		.byte	0
 1474 0035 00       		.byte	0
 1475 0036 05       		.uleb128 0x5
 1476 0037 0F       		.uleb128 0xf
 1477 0038 00       		.byte	0
 1478 0039 0B       		.uleb128 0xb
 1479 003a 0B       		.uleb128 0xb
 1480 003b 00       		.byte	0
 1481 003c 00       		.byte	0
 1482 003d 06       		.uleb128 0x6
 1483 003e 0F       		.uleb128 0xf
 1484 003f 00       		.byte	0
 1485 0040 0B       		.uleb128 0xb
 1486 0041 0B       		.uleb128 0xb
 1487 0042 49       		.uleb128 0x49
 1488 0043 13       		.uleb128 0x13
 1489 0044 00       		.byte	0
 1490 0045 00       		.byte	0
 1491 0046 07       		.uleb128 0x7
 1492 0047 26       		.uleb128 0x26
 1493 0048 00       		.byte	0
 1494 0049 49       		.uleb128 0x49
 1495 004a 13       		.uleb128 0x13
 1496 004b 00       		.byte	0
ARM GAS  C:\Users\haske\AppData\Local\Temp\ccPo7cTf.s 			page 28


 1497 004c 00       		.byte	0
 1498 004d 08       		.uleb128 0x8
 1499 004e 13       		.uleb128 0x13
 1500 004f 01       		.byte	0x1
 1501 0050 0B       		.uleb128 0xb
 1502 0051 0B       		.uleb128 0xb
 1503 0052 3A       		.uleb128 0x3a
 1504 0053 0B       		.uleb128 0xb
 1505 0054 3B       		.uleb128 0x3b
 1506 0055 0B       		.uleb128 0xb
 1507 0056 01       		.uleb128 0x1
 1508 0057 13       		.uleb128 0x13
 1509 0058 00       		.byte	0
 1510 0059 00       		.byte	0
 1511 005a 09       		.uleb128 0x9
 1512 005b 0D       		.uleb128 0xd
 1513 005c 00       		.byte	0
 1514 005d 03       		.uleb128 0x3
 1515 005e 08       		.uleb128 0x8
 1516 005f 3A       		.uleb128 0x3a
 1517 0060 0B       		.uleb128 0xb
 1518 0061 3B       		.uleb128 0x3b
 1519 0062 0B       		.uleb128 0xb
 1520 0063 49       		.uleb128 0x49
 1521 0064 13       		.uleb128 0x13
 1522 0065 38       		.uleb128 0x38
 1523 0066 0B       		.uleb128 0xb
 1524 0067 00       		.byte	0
 1525 0068 00       		.byte	0
 1526 0069 0A       		.uleb128 0xa
 1527 006a 0D       		.uleb128 0xd
 1528 006b 00       		.byte	0
 1529 006c 03       		.uleb128 0x3
 1530 006d 0E       		.uleb128 0xe
 1531 006e 3A       		.uleb128 0x3a
 1532 006f 0B       		.uleb128 0xb
 1533 0070 3B       		.uleb128 0x3b
 1534 0071 0B       		.uleb128 0xb
 1535 0072 49       		.uleb128 0x49
 1536 0073 13       		.uleb128 0x13
 1537 0074 38       		.uleb128 0x38
 1538 0075 0B       		.uleb128 0xb
 1539 0076 00       		.byte	0
 1540 0077 00       		.byte	0
 1541 0078 0B       		.uleb128 0xb
 1542 0079 0D       		.uleb128 0xd
 1543 007a 00       		.byte	0
 1544 007b 03       		.uleb128 0x3
 1545 007c 0E       		.uleb128 0xe
 1546 007d 3A       		.uleb128 0x3a
 1547 007e 0B       		.uleb128 0xb
 1548 007f 3B       		.uleb128 0x3b
 1549 0080 0B       		.uleb128 0xb
 1550 0081 49       		.uleb128 0x49
 1551 0082 13       		.uleb128 0x13
 1552 0083 0B       		.uleb128 0xb
 1553 0084 0B       		.uleb128 0xb
ARM GAS  C:\Users\haske\AppData\Local\Temp\ccPo7cTf.s 			page 29


 1554 0085 0D       		.uleb128 0xd
 1555 0086 0B       		.uleb128 0xb
 1556 0087 0C       		.uleb128 0xc
 1557 0088 0B       		.uleb128 0xb
 1558 0089 38       		.uleb128 0x38
 1559 008a 0B       		.uleb128 0xb
 1560 008b 00       		.byte	0
 1561 008c 00       		.byte	0
 1562 008d 0C       		.uleb128 0xc
 1563 008e 01       		.uleb128 0x1
 1564 008f 01       		.byte	0x1
 1565 0090 49       		.uleb128 0x49
 1566 0091 13       		.uleb128 0x13
 1567 0092 01       		.uleb128 0x1
 1568 0093 13       		.uleb128 0x13
 1569 0094 00       		.byte	0
 1570 0095 00       		.byte	0
 1571 0096 0D       		.uleb128 0xd
 1572 0097 21       		.uleb128 0x21
 1573 0098 00       		.byte	0
 1574 0099 49       		.uleb128 0x49
 1575 009a 13       		.uleb128 0x13
 1576 009b 2F       		.uleb128 0x2f
 1577 009c 0B       		.uleb128 0xb
 1578 009d 00       		.byte	0
 1579 009e 00       		.byte	0
 1580 009f 0E       		.uleb128 0xe
 1581 00a0 15       		.uleb128 0x15
 1582 00a1 01       		.byte	0x1
 1583 00a2 27       		.uleb128 0x27
 1584 00a3 19       		.uleb128 0x19
 1585 00a4 01       		.uleb128 0x1
 1586 00a5 13       		.uleb128 0x13
 1587 00a6 00       		.byte	0
 1588 00a7 00       		.byte	0
 1589 00a8 0F       		.uleb128 0xf
 1590 00a9 05       		.uleb128 0x5
 1591 00aa 00       		.byte	0
 1592 00ab 49       		.uleb128 0x49
 1593 00ac 13       		.uleb128 0x13
 1594 00ad 00       		.byte	0
 1595 00ae 00       		.byte	0
 1596 00af 10       		.uleb128 0x10
 1597 00b0 13       		.uleb128 0x13
 1598 00b1 01       		.byte	0x1
 1599 00b2 03       		.uleb128 0x3
 1600 00b3 0E       		.uleb128 0xe
 1601 00b4 0B       		.uleb128 0xb
 1602 00b5 0B       		.uleb128 0xb
 1603 00b6 3A       		.uleb128 0x3a
 1604 00b7 0B       		.uleb128 0xb
 1605 00b8 3B       		.uleb128 0x3b
 1606 00b9 0B       		.uleb128 0xb
 1607 00ba 01       		.uleb128 0x1
 1608 00bb 13       		.uleb128 0x13
 1609 00bc 00       		.byte	0
 1610 00bd 00       		.byte	0
ARM GAS  C:\Users\haske\AppData\Local\Temp\ccPo7cTf.s 			page 30


 1611 00be 11       		.uleb128 0x11
 1612 00bf 0D       		.uleb128 0xd
 1613 00c0 00       		.byte	0
 1614 00c1 03       		.uleb128 0x3
 1615 00c2 08       		.uleb128 0x8
 1616 00c3 3A       		.uleb128 0x3a
 1617 00c4 0B       		.uleb128 0xb
 1618 00c5 3B       		.uleb128 0x3b
 1619 00c6 0B       		.uleb128 0xb
 1620 00c7 49       		.uleb128 0x49
 1621 00c8 13       		.uleb128 0x13
 1622 00c9 0B       		.uleb128 0xb
 1623 00ca 0B       		.uleb128 0xb
 1624 00cb 0D       		.uleb128 0xd
 1625 00cc 0B       		.uleb128 0xb
 1626 00cd 0C       		.uleb128 0xc
 1627 00ce 0B       		.uleb128 0xb
 1628 00cf 38       		.uleb128 0x38
 1629 00d0 0B       		.uleb128 0xb
 1630 00d1 00       		.byte	0
 1631 00d2 00       		.byte	0
 1632 00d3 12       		.uleb128 0x12
 1633 00d4 17       		.uleb128 0x17
 1634 00d5 01       		.byte	0x1
 1635 00d6 0B       		.uleb128 0xb
 1636 00d7 0B       		.uleb128 0xb
 1637 00d8 3A       		.uleb128 0x3a
 1638 00d9 0B       		.uleb128 0xb
 1639 00da 3B       		.uleb128 0x3b
 1640 00db 0B       		.uleb128 0xb
 1641 00dc 01       		.uleb128 0x1
 1642 00dd 13       		.uleb128 0x13
 1643 00de 00       		.byte	0
 1644 00df 00       		.byte	0
 1645 00e0 13       		.uleb128 0x13
 1646 00e1 0D       		.uleb128 0xd
 1647 00e2 00       		.byte	0
 1648 00e3 03       		.uleb128 0x3
 1649 00e4 08       		.uleb128 0x8
 1650 00e5 3A       		.uleb128 0x3a
 1651 00e6 0B       		.uleb128 0xb
 1652 00e7 3B       		.uleb128 0x3b
 1653 00e8 0B       		.uleb128 0xb
 1654 00e9 49       		.uleb128 0x49
 1655 00ea 13       		.uleb128 0x13
 1656 00eb 00       		.byte	0
 1657 00ec 00       		.byte	0
 1658 00ed 14       		.uleb128 0x14
 1659 00ee 0D       		.uleb128 0xd
 1660 00ef 00       		.byte	0
 1661 00f0 03       		.uleb128 0x3
 1662 00f1 0E       		.uleb128 0xe
 1663 00f2 3A       		.uleb128 0x3a
 1664 00f3 0B       		.uleb128 0xb
 1665 00f4 3B       		.uleb128 0x3b
 1666 00f5 0B       		.uleb128 0xb
 1667 00f6 49       		.uleb128 0x49
ARM GAS  C:\Users\haske\AppData\Local\Temp\ccPo7cTf.s 			page 31


 1668 00f7 13       		.uleb128 0x13
 1669 00f8 00       		.byte	0
 1670 00f9 00       		.byte	0
 1671 00fa 15       		.uleb128 0x15
 1672 00fb 26       		.uleb128 0x26
 1673 00fc 00       		.byte	0
 1674 00fd 00       		.byte	0
 1675 00fe 00       		.byte	0
 1676 00ff 16       		.uleb128 0x16
 1677 0100 15       		.uleb128 0x15
 1678 0101 01       		.byte	0x1
 1679 0102 27       		.uleb128 0x27
 1680 0103 19       		.uleb128 0x19
 1681 0104 49       		.uleb128 0x49
 1682 0105 13       		.uleb128 0x13
 1683 0106 01       		.uleb128 0x1
 1684 0107 13       		.uleb128 0x13
 1685 0108 00       		.byte	0
 1686 0109 00       		.byte	0
 1687 010a 17       		.uleb128 0x17
 1688 010b 13       		.uleb128 0x13
 1689 010c 00       		.byte	0
 1690 010d 03       		.uleb128 0x3
 1691 010e 0E       		.uleb128 0xe
 1692 010f 3C       		.uleb128 0x3c
 1693 0110 19       		.uleb128 0x19
 1694 0111 00       		.byte	0
 1695 0112 00       		.byte	0
 1696 0113 18       		.uleb128 0x18
 1697 0114 2E       		.uleb128 0x2e
 1698 0115 01       		.byte	0x1
 1699 0116 3F       		.uleb128 0x3f
 1700 0117 19       		.uleb128 0x19
 1701 0118 03       		.uleb128 0x3
 1702 0119 0E       		.uleb128 0xe
 1703 011a 3A       		.uleb128 0x3a
 1704 011b 0B       		.uleb128 0xb
 1705 011c 3B       		.uleb128 0x3b
 1706 011d 0B       		.uleb128 0xb
 1707 011e 27       		.uleb128 0x27
 1708 011f 19       		.uleb128 0x19
 1709 0120 11       		.uleb128 0x11
 1710 0121 01       		.uleb128 0x1
 1711 0122 12       		.uleb128 0x12
 1712 0123 06       		.uleb128 0x6
 1713 0124 40       		.uleb128 0x40
 1714 0125 18       		.uleb128 0x18
 1715 0126 9742     		.uleb128 0x2117
 1716 0128 19       		.uleb128 0x19
 1717 0129 01       		.uleb128 0x1
 1718 012a 13       		.uleb128 0x13
 1719 012b 00       		.byte	0
 1720 012c 00       		.byte	0
 1721 012d 19       		.uleb128 0x19
 1722 012e 898201   		.uleb128 0x4109
 1723 0131 01       		.byte	0x1
 1724 0132 11       		.uleb128 0x11
ARM GAS  C:\Users\haske\AppData\Local\Temp\ccPo7cTf.s 			page 32


 1725 0133 01       		.uleb128 0x1
 1726 0134 31       		.uleb128 0x31
 1727 0135 13       		.uleb128 0x13
 1728 0136 01       		.uleb128 0x1
 1729 0137 13       		.uleb128 0x13
 1730 0138 00       		.byte	0
 1731 0139 00       		.byte	0
 1732 013a 1A       		.uleb128 0x1a
 1733 013b 8A8201   		.uleb128 0x410a
 1734 013e 00       		.byte	0
 1735 013f 02       		.uleb128 0x2
 1736 0140 18       		.uleb128 0x18
 1737 0141 9142     		.uleb128 0x2111
 1738 0143 18       		.uleb128 0x18
 1739 0144 00       		.byte	0
 1740 0145 00       		.byte	0
 1741 0146 1B       		.uleb128 0x1b
 1742 0147 898201   		.uleb128 0x4109
 1743 014a 01       		.byte	0x1
 1744 014b 11       		.uleb128 0x11
 1745 014c 01       		.uleb128 0x1
 1746 014d 31       		.uleb128 0x31
 1747 014e 13       		.uleb128 0x13
 1748 014f 00       		.byte	0
 1749 0150 00       		.byte	0
 1750 0151 1C       		.uleb128 0x1c
 1751 0152 34       		.uleb128 0x34
 1752 0153 00       		.byte	0
 1753 0154 03       		.uleb128 0x3
 1754 0155 0E       		.uleb128 0xe
 1755 0156 3A       		.uleb128 0x3a
 1756 0157 0B       		.uleb128 0xb
 1757 0158 3B       		.uleb128 0x3b
 1758 0159 0B       		.uleb128 0xb
 1759 015a 49       		.uleb128 0x49
 1760 015b 13       		.uleb128 0x13
 1761 015c 3F       		.uleb128 0x3f
 1762 015d 19       		.uleb128 0x19
 1763 015e 02       		.uleb128 0x2
 1764 015f 18       		.uleb128 0x18
 1765 0160 00       		.byte	0
 1766 0161 00       		.byte	0
 1767 0162 1D       		.uleb128 0x1d
 1768 0163 2E       		.uleb128 0x2e
 1769 0164 00       		.byte	0
 1770 0165 3F       		.uleb128 0x3f
 1771 0166 19       		.uleb128 0x19
 1772 0167 3C       		.uleb128 0x3c
 1773 0168 19       		.uleb128 0x19
 1774 0169 6E       		.uleb128 0x6e
 1775 016a 0E       		.uleb128 0xe
 1776 016b 03       		.uleb128 0x3
 1777 016c 0E       		.uleb128 0xe
 1778 016d 3A       		.uleb128 0x3a
 1779 016e 0B       		.uleb128 0xb
 1780 016f 3B       		.uleb128 0x3b
 1781 0170 0B       		.uleb128 0xb
ARM GAS  C:\Users\haske\AppData\Local\Temp\ccPo7cTf.s 			page 33


 1782 0171 00       		.byte	0
 1783 0172 00       		.byte	0
 1784 0173 00       		.byte	0
 1785              		.section	.debug_aranges,"",%progbits
 1786 0000 1C000000 		.4byte	0x1c
 1787 0004 0200     		.2byte	0x2
 1788 0006 00000000 		.4byte	.Ldebug_info0
 1789 000a 04       		.byte	0x4
 1790 000b 00       		.byte	0
 1791 000c 0000     		.2byte	0
 1792 000e 0000     		.2byte	0
 1793 0010 00000000 		.4byte	.LFB24
 1794 0014 DC000000 		.4byte	.LFE24-.LFB24
 1795 0018 00000000 		.4byte	0
 1796 001c 00000000 		.4byte	0
 1797              		.section	.debug_ranges,"",%progbits
 1798              	.Ldebug_ranges0:
 1799 0000 00000000 		.4byte	.LFB24
 1800 0004 DC000000 		.4byte	.LFE24
 1801 0008 00000000 		.4byte	0
 1802 000c 00000000 		.4byte	0
 1803              		.section	.debug_line,"",%progbits
 1804              	.Ldebug_line0:
 1805 0000 E7020000 		.section	.debug_str,"MS",%progbits,1
 1805      0200CE02 
 1805      00000201 
 1805      FB0E0D00 
 1805      01010101 
 1806              	.LASF60:
 1807 0000 5F6C765F 		.ascii	"_lv_img_decoder_dsc_t\000"
 1807      696D675F 
 1807      6465636F 
 1807      6465725F 
 1807      6473635F 
 1808              	.LASF59:
 1809 0016 6C765F69 		.ascii	"lv_img_decoder_open_f_t\000"
 1809      6D675F64 
 1809      65636F64 
 1809      65725F6F 
 1809      70656E5F 
 1810              	.LASF65:
 1811 002e 68656164 		.ascii	"header\000"
 1811      657200
 1812              	.LASF3:
 1813 0035 5F5F696E 		.ascii	"__int16_t\000"
 1813      7431365F 
 1813      7400
 1814              	.LASF79:
 1815 003f 5F6C765F 		.ascii	"_lv_draw_mask_saved_arr_t\000"
 1815      64726177 
 1815      5F6D6173 
 1815      6B5F7361 
 1815      7665645F 
 1816              	.LASF34:
 1817 0059 74696D65 		.ascii	"timer_cb\000"
 1817      725F6362 
 1817      00
ARM GAS  C:\Users\haske\AppData\Local\Temp\ccPo7cTf.s 			page 34


 1818              	.LASF24:
 1819 0062 6C765F6D 		.ascii	"lv_mem_buf_t\000"
 1819      656D5F62 
 1819      75665F74 
 1819      00
 1820              	.LASF0:
 1821 006f 7369676E 		.ascii	"signed char\000"
 1821      65642063 
 1821      68617200 
 1822              	.LASF98:
 1823 007b 5F6C765F 		.ascii	"_lv_img_cache_single\000"
 1823      696D675F 
 1823      63616368 
 1823      655F7369 
 1823      6E676C65 
 1824              	.LASF55:
 1825 0090 696E666F 		.ascii	"info_cb\000"
 1825      5F636200 
 1826              	.LASF77:
 1827 0098 63757374 		.ascii	"custom_id\000"
 1827      6F6D5F69 
 1827      6400
 1828              	.LASF4:
 1829 00a2 73686F72 		.ascii	"short int\000"
 1829      7420696E 
 1829      7400
 1830              	.LASF31:
 1831 00ac 6C765F74 		.ascii	"lv_timer_cb_t\000"
 1831      696D6572 
 1831      5F63625F 
 1831      7400
 1832              	.LASF111:
 1833 00ba 5F6C765F 		.ascii	"_lv_gc_clear_roots\000"
 1833      67635F63 
 1833      6C656172 
 1833      5F726F6F 
 1833      747300
 1834              	.LASF62:
 1835 00cd 636F6C6F 		.ascii	"color\000"
 1835      7200
 1836              	.LASF105:
 1837 00d3 5F6C765F 		.ascii	"_lv_grad_cache_mem\000"
 1837      67726164 
 1837      5F636163 
 1837      68655F6D 
 1837      656D00
 1838              	.LASF85:
 1839 00e6 5F6C765F 		.ascii	"_lv_draw_mask_radius_circle_dsc_t\000"
 1839      64726177 
 1839      5F6D6173 
 1839      6B5F7261 
 1839      64697573 
 1840              	.LASF107:
 1841 0108 474E5520 		.ascii	"GNU C11 5.4.1 20160609 (release) [ARM/embedded-5-br"
 1841      43313120 
 1841      352E342E 
 1841      31203230 
ARM GAS  C:\Users\haske\AppData\Local\Temp\ccPo7cTf.s 			page 35


 1841      31363036 
 1842 013b 616E6368 		.ascii	"anch revision 237715] -mcpu=cortex-m0plus -mthumb -"
 1842      20726576 
 1842      6973696F 
 1842      6E203233 
 1842      37373135 
 1843 016e 67202D4F 		.ascii	"g -Og -ffunction-sections -ffat-lto-objects\000"
 1843      67202D66 
 1843      66756E63 
 1843      74696F6E 
 1843      2D736563 
 1844              	.LASF74:
 1845 019a 6C696665 		.ascii	"life\000"
 1845      00
 1846              	.LASF83:
 1847 019f 75736564 		.ascii	"used_cnt\000"
 1847      5F636E74 
 1847      00
 1848              	.LASF9:
 1849 01a8 5F5F7569 		.ascii	"__uint32_t\000"
 1849      6E743332 
 1849      5F7400
 1850              	.LASF37:
 1851 01b3 75736564 		.ascii	"used\000"
 1851      00
 1852              	.LASF5:
 1853 01b8 5F5F7569 		.ascii	"__uint16_t\000"
 1853      6E743136 
 1853      5F7400
 1854              	.LASF52:
 1855 01c3 6C765F69 		.ascii	"lv_img_decoder_info_f_t\000"
 1855      6D675F64 
 1855      65636F64 
 1855      65725F69 
 1855      6E666F5F 
 1856              	.LASF104:
 1857 01db 5F6C765F 		.ascii	"_lv_theme_basic_styles\000"
 1857      7468656D 
 1857      655F6261 
 1857      7369635F 
 1857      7374796C 
 1858              	.LASF40:
 1859 01f2 626C7565 		.ascii	"blue\000"
 1859      00
 1860              	.LASF45:
 1861 01f7 6C765F6F 		.ascii	"lv_opa_t\000"
 1861      70615F74 
 1861      00
 1862              	.LASF35:
 1863 0200 75736572 		.ascii	"user_data\000"
 1863      5F646174 
 1863      6100
 1864              	.LASF28:
 1865 020a 68656164 		.ascii	"head\000"
 1865      00
 1866              	.LASF72:
 1867 020f 6C765F69 		.ascii	"lv_img_decoder_dsc_t\000"
ARM GAS  C:\Users\haske\AppData\Local\Temp\ccPo7cTf.s 			page 36


 1867      6D675F64 
 1867      65636F64 
 1867      65725F64 
 1867      73635F74 
 1868              	.LASF47:
 1869 0224 616C7761 		.ascii	"always_zero\000"
 1869      79735F7A 
 1869      65726F00 
 1870              	.LASF78:
 1871 0230 5F6C765F 		.ascii	"_lv_draw_mask_saved_t\000"
 1871      64726177 
 1871      5F6D6173 
 1871      6B5F7361 
 1871      7665645F 
 1872              	.LASF91:
 1873 0246 5F6C765F 		.ascii	"_lv_indev_ll\000"
 1873      696E6465 
 1873      765F6C6C 
 1873      00
 1874              	.LASF69:
 1875 0253 6C765F69 		.ascii	"lv_img_decoder_read_line_f_t\000"
 1875      6D675F64 
 1875      65636F64 
 1875      65725F72 
 1875      6561645F 
 1876              	.LASF101:
 1877 0270 5F6C765F 		.ascii	"_lv_circle_cache\000"
 1877      63697263 
 1877      6C655F63 
 1877      61636865 
 1877      00
 1878              	.LASF43:
 1879 0281 6C765F63 		.ascii	"lv_color16_t\000"
 1879      6F6C6F72 
 1879      31365F74 
 1879      00
 1880              	.LASF80:
 1881 028e 6369725F 		.ascii	"cir_opa\000"
 1881      6F706100 
 1882              	.LASF11:
 1883 0296 6C6F6E67 		.ascii	"long long int\000"
 1883      206C6F6E 
 1883      6720696E 
 1883      7400
 1884              	.LASF22:
 1885 02a4 6C765F72 		.ascii	"lv_res_t\000"
 1885      65735F74 
 1885      00
 1886              	.LASF25:
 1887 02ad 6C765F6D 		.ascii	"lv_mem_buf_arr_t\000"
 1887      656D5F62 
 1887      75665F61 
 1887      72725F74 
 1887      00
 1888              	.LASF54:
 1889 02be 5F6C765F 		.ascii	"_lv_img_decoder_t\000"
 1889      696D675F 
ARM GAS  C:\Users\haske\AppData\Local\Temp\ccPo7cTf.s 			page 37


 1889      6465636F 
 1889      6465725F 
 1889      7400
 1890              	.LASF20:
 1891 02d0 73697A65 		.ascii	"sizetype\000"
 1891      74797065 
 1891      00
 1892              	.LASF90:
 1893 02d9 5F6C765F 		.ascii	"_lv_disp_ll\000"
 1893      64697370 
 1893      5F6C6C00 
 1894              	.LASF82:
 1895 02e5 6F70615F 		.ascii	"opa_start_on_y\000"
 1895      73746172 
 1895      745F6F6E 
 1895      5F7900
 1896              	.LASF99:
 1897 02f4 5F6C765F 		.ascii	"_lv_timer_act\000"
 1897      74696D65 
 1897      725F6163 
 1897      7400
 1898              	.LASF61:
 1899 0302 6465636F 		.ascii	"decoder\000"
 1899      64657200 
 1900              	.LASF41:
 1901 030a 67726565 		.ascii	"green\000"
 1901      6E00
 1902              	.LASF33:
 1903 0310 6C617374 		.ascii	"last_run\000"
 1903      5F72756E 
 1903      00
 1904              	.LASF75:
 1905 0319 5F6C765F 		.ascii	"_lv_img_cache_entry_t\000"
 1905      696D675F 
 1905      63616368 
 1905      655F656E 
 1905      7472795F 
 1906              	.LASF30:
 1907 032f 6C765F6C 		.ascii	"lv_ll_t\000"
 1907      6C5F7400 
 1908              	.LASF51:
 1909 0337 6C765F69 		.ascii	"lv_img_src_t\000"
 1909      6D675F73 
 1909      72635F74 
 1909      00
 1910              	.LASF1:
 1911 0344 756E7369 		.ascii	"unsigned char\000"
 1911      676E6564 
 1911      20636861 
 1911      7200
 1912              	.LASF19:
 1913 0352 6C6F6E67 		.ascii	"long double\000"
 1913      20646F75 
 1913      626C6500 
 1914              	.LASF29:
 1915 035e 7461696C 		.ascii	"tail\000"
 1915      00
ARM GAS  C:\Users\haske\AppData\Local\Temp\ccPo7cTf.s 			page 38


 1916              	.LASF92:
 1917 0363 5F6C765F 		.ascii	"_lv_fsdrv_ll\000"
 1917      66736472 
 1917      765F6C6C 
 1917      00
 1918              	.LASF84:
 1919 0370 72616469 		.ascii	"radius\000"
 1919      757300
 1920              	.LASF97:
 1921 0377 5F6C765F 		.ascii	"_lv_layout_list\000"
 1921      6C61796F 
 1921      75745F6C 
 1921      69737400 
 1922              	.LASF17:
 1923 0387 696E7433 		.ascii	"int32_t\000"
 1923      325F7400 
 1924              	.LASF12:
 1925 038f 6C6F6E67 		.ascii	"long long unsigned int\000"
 1925      206C6F6E 
 1925      6720756E 
 1925      7369676E 
 1925      65642069 
 1926              	.LASF18:
 1927 03a6 75696E74 		.ascii	"uint32_t\000"
 1927      33325F74 
 1927      00
 1928              	.LASF108:
 1929 03af 2E2E5C2E 		.ascii	"..\\..\\..\\arduinoLCD\\test\\Pain Drain\\libraries"
 1929      2E5C2E2E 
 1929      5C617264 
 1929      75696E6F 
 1929      4C43445C 
 1930 03dc 5C6C7667 		.ascii	"\\lvgl\\src\\misc\\lv_gc.c\000"
 1930      6C5C7372 
 1930      635C6D69 
 1930      73635C6C 
 1930      765F6763 
 1931              	.LASF106:
 1932 03f3 5F6C765F 		.ascii	"_lv_style_custom_prop_flag_lookup_table\000"
 1932      7374796C 
 1932      655F6375 
 1932      73746F6D 
 1932      5F70726F 
 1933              	.LASF66:
 1934 041b 696D675F 		.ascii	"img_data\000"
 1934      64617461 
 1934      00
 1935              	.LASF44:
 1936 0424 6C765F63 		.ascii	"lv_color_t\000"
 1936      6F6C6F72 
 1936      5F7400
 1937              	.LASF16:
 1938 042f 75696E74 		.ascii	"uint16_t\000"
 1938      31365F74 
 1938      00
 1939              	.LASF56:
 1940 0438 6F70656E 		.ascii	"open_cb\000"
ARM GAS  C:\Users\haske\AppData\Local\Temp\ccPo7cTf.s 			page 39


 1940      5F636200 
 1941              	.LASF57:
 1942 0440 72656164 		.ascii	"read_line_cb\000"
 1942      5F6C696E 
 1942      655F6362 
 1942      00
 1943              	.LASF49:
 1944 044d 6C765F69 		.ascii	"lv_img_header_t\000"
 1944      6D675F68 
 1944      65616465 
 1944      725F7400 
 1945              	.LASF81:
 1946 045d 785F7374 		.ascii	"x_start_on_y\000"
 1946      6172745F 
 1946      6F6E5F79 
 1946      00
 1947              	.LASF100:
 1948 046a 6C765F6D 		.ascii	"lv_mem_buf\000"
 1948      656D5F62 
 1948      756600
 1949              	.LASF76:
 1950 0475 70617261 		.ascii	"param\000"
 1950      6D00
 1951              	.LASF93:
 1952 047b 5F6C765F 		.ascii	"_lv_anim_ll\000"
 1952      616E696D 
 1952      5F6C6C00 
 1953              	.LASF68:
 1954 0487 6572726F 		.ascii	"error_msg\000"
 1954      725F6D73 
 1954      6700
 1955              	.LASF88:
 1956 0491 6C765F6C 		.ascii	"lv_layout_dsc_t\000"
 1956      61796F75 
 1956      745F6473 
 1956      635F7400 
 1957              	.LASF86:
 1958 04a1 5F6C765F 		.ascii	"_lv_draw_mask_radius_circle_dsc_arr_t\000"
 1958      64726177 
 1958      5F6D6173 
 1958      6B5F7261 
 1958      64697573 
 1959              	.LASF21:
 1960 04c7 63686172 		.ascii	"char\000"
 1960      00
 1961              	.LASF50:
 1962 04cc 5F426F6F 		.ascii	"_Bool\000"
 1962      6C00
 1963              	.LASF8:
 1964 04d2 6C6F6E67 		.ascii	"long int\000"
 1964      20696E74 
 1964      00
 1965              	.LASF71:
 1966 04db 6C765F69 		.ascii	"lv_img_decoder_t\000"
 1966      6D675F64 
 1966      65636F64 
 1966      65725F74 
ARM GAS  C:\Users\haske\AppData\Local\Temp\ccPo7cTf.s 			page 40


 1966      00
 1967              	.LASF26:
 1968 04ec 6C765F6C 		.ascii	"lv_ll_node_t\000"
 1968      6C5F6E6F 
 1968      64655F74 
 1968      00
 1969              	.LASF7:
 1970 04f9 5F5F696E 		.ascii	"__int32_t\000"
 1970      7433325F 
 1970      7400
 1971              	.LASF87:
 1972 0503 6C765F6C 		.ascii	"lv_layout_update_cb_t\000"
 1972      61796F75 
 1972      745F7570 
 1972      64617465 
 1972      5F63625F 
 1973              	.LASF15:
 1974 0519 696E7431 		.ascii	"int16_t\000"
 1974      365F7400 
 1975              	.LASF58:
 1976 0521 636C6F73 		.ascii	"close_cb\000"
 1976      655F6362 
 1976      00
 1977              	.LASF112:
 1978 052a 6C765F6D 		.ascii	"lv_memset_00\000"
 1978      656D7365 
 1978      745F3030 
 1978      00
 1979              	.LASF102:
 1980 0537 5F6C765F 		.ascii	"_lv_draw_mask_list\000"
 1980      64726177 
 1980      5F6D6173 
 1980      6B5F6C69 
 1980      737400
 1981              	.LASF94:
 1982 054a 5F6C765F 		.ascii	"_lv_group_ll\000"
 1982      67726F75 
 1982      705F6C6C 
 1982      00
 1983              	.LASF32:
 1984 0557 70657269 		.ascii	"period\000"
 1984      6F6400
 1985              	.LASF89:
 1986 055e 5F6C765F 		.ascii	"_lv_timer_ll\000"
 1986      74696D65 
 1986      725F6C6C 
 1986      00
 1987              	.LASF39:
 1988 056b 6C765F74 		.ascii	"lv_timer_t\000"
 1988      696D6572 
 1988      5F7400
 1989              	.LASF103:
 1990 0576 5F6C765F 		.ascii	"_lv_theme_default_styles\000"
 1990      7468656D 
 1990      655F6465 
 1990      6661756C 
 1990      745F7374 
ARM GAS  C:\Users\haske\AppData\Local\Temp\ccPo7cTf.s 			page 41


 1991              	.LASF63:
 1992 058f 6672616D 		.ascii	"frame_id\000"
 1992      655F6964 
 1992      00
 1993              	.LASF10:
 1994 0598 6C6F6E67 		.ascii	"long unsigned int\000"
 1994      20756E73 
 1994      69676E65 
 1994      6420696E 
 1994      7400
 1995              	.LASF70:
 1996 05aa 6C765F69 		.ascii	"lv_img_decoder_close_f_t\000"
 1996      6D675F64 
 1996      65636F64 
 1996      65725F63 
 1996      6C6F7365 
 1997              	.LASF6:
 1998 05c3 73686F72 		.ascii	"short unsigned int\000"
 1998      7420756E 
 1998      7369676E 
 1998      65642069 
 1998      6E7400
 1999              	.LASF23:
 2000 05d6 73697A65 		.ascii	"size\000"
 2000      00
 2001              	.LASF96:
 2002 05db 5F6C765F 		.ascii	"_lv_obj_style_trans_ll\000"
 2002      6F626A5F 
 2002      7374796C 
 2002      655F7472 
 2002      616E735F 
 2003              	.LASF64:
 2004 05f2 7372635F 		.ascii	"src_type\000"
 2004      74797065 
 2004      00
 2005              	.LASF42:
 2006 05fb 66756C6C 		.ascii	"full\000"
 2006      00
 2007              	.LASF14:
 2008 0600 75696E74 		.ascii	"uint8_t\000"
 2008      385F7400 
 2009              	.LASF46:
 2010 0608 6C765F63 		.ascii	"lv_coord_t\000"
 2010      6F6F7264 
 2010      5F7400
 2011              	.LASF109:
 2012 0613 433A5C50 		.ascii	"C:\\Projects\\PainDrain\\firmware\\PainDrain\\PainD"
 2012      726F6A65 
 2012      6374735C 
 2012      5061696E 
 2012      44726169 
 2013 0641 7261696E 		.ascii	"rain.cydsn\000"
 2013      2E637964 
 2013      736E00
 2014              	.LASF95:
 2015 064c 5F6C765F 		.ascii	"_lv_img_decoder_ll\000"
 2015      696D675F 
ARM GAS  C:\Users\haske\AppData\Local\Temp\ccPo7cTf.s 			page 42


 2015      6465636F 
 2015      6465725F 
 2015      6C6C00
 2016              	.LASF73:
 2017 065f 6465635F 		.ascii	"dec_dsc\000"
 2017      64736300 
 2018              	.LASF110:
 2019 0667 5F6C765F 		.ascii	"_lv_obj_t\000"
 2019      6F626A5F 
 2019      7400
 2020              	.LASF36:
 2021 0671 72657065 		.ascii	"repeat_count\000"
 2021      61745F63 
 2021      6F756E74 
 2021      00
 2022              	.LASF13:
 2023 067e 756E7369 		.ascii	"unsigned int\000"
 2023      676E6564 
 2023      20696E74 
 2023      00
 2024              	.LASF38:
 2025 068b 70617573 		.ascii	"paused\000"
 2025      656400
 2026              	.LASF48:
 2027 0692 72657365 		.ascii	"reserved\000"
 2027      72766564 
 2027      00
 2028              	.LASF53:
 2029 069b 5F6C765F 		.ascii	"_lv_timer_t\000"
 2029      74696D65 
 2029      725F7400 
 2030              	.LASF2:
 2031 06a7 5F5F7569 		.ascii	"__uint8_t\000"
 2031      6E74385F 
 2031      7400
 2032              	.LASF67:
 2033 06b1 74696D65 		.ascii	"time_to_open\000"
 2033      5F746F5F 
 2033      6F70656E 
 2033      00
 2034              	.LASF27:
 2035 06be 6E5F7369 		.ascii	"n_size\000"
 2035      7A6500
 2036              		.ident	"GCC: (GNU Tools for ARM Embedded Processors) 5.4.1 20160609 (release) [ARM/embedded-5-bran
