ARM GAS  C:\Users\haske\AppData\Local\Temp\ccT38bZ1.s 			page 1


   1              		.syntax unified
   2              		.cpu cortex-m0plus
   3              		.fpu softvfp
   4              		.eabi_attribute 20, 1
   5              		.eabi_attribute 21, 1
   6              		.eabi_attribute 23, 3
   7              		.eabi_attribute 24, 1
   8              		.eabi_attribute 25, 1
   9              		.eabi_attribute 26, 1
  10              		.eabi_attribute 30, 1
  11              		.eabi_attribute 34, 0
  12              		.eabi_attribute 18, 4
  13              		.thumb
  14              		.syntax unified
  15              		.file	"lv_msg.c"
  16              		.text
  17              	.Ltext0:
  18              		.cfi_sections	.debug_frame
  19              	.Letext0:
  20              		.file 1 "c:\\program files (x86)\\cypress\\psoc creator\\4.4\\psoc creator\\import\\gnu\\arm\\5.4.
  21              		.file 2 "c:\\program files (x86)\\cypress\\psoc creator\\4.4\\psoc creator\\import\\gnu\\arm\\5.4.
  22              		.file 3 "c:\\projects\\paindrain\\arduinolcd\\test\\pain drain\\libraries\\lvgl\\src\\misc\\lv_are
  23              		.file 4 "c:\\projects\\paindrain\\arduinolcd\\test\\pain drain\\libraries\\lvgl\\src\\font\\lv_fon
  24              		.section	.debug_info,"",%progbits
  25              	.Ldebug_info0:
  26 0000 75020000 		.4byte	0x275
  27 0004 0400     		.2byte	0x4
  28 0006 00000000 		.4byte	.Ldebug_abbrev0
  29 000a 04       		.byte	0x4
  30 000b 01       		.uleb128 0x1
  31 000c 10020000 		.4byte	.LASF42
  32 0010 0C       		.byte	0xc
  33 0011 BF020000 		.4byte	.LASF43
  34 0015 9C010000 		.4byte	.LASF44
  35 0019 00000000 		.4byte	.Ldebug_line0
  36 001d 02       		.uleb128 0x2
  37 001e 06000000 		.4byte	.LASF0
  38 0022 01       		.byte	0x1
  39 0023 1B       		.byte	0x1b
  40 0024 28000000 		.4byte	0x28
  41 0028 03       		.uleb128 0x3
  42 0029 01       		.byte	0x1
  43 002a 06       		.byte	0x6
  44 002b A2020000 		.4byte	.LASF2
  45 002f 02       		.uleb128 0x2
  46 0030 0F000000 		.4byte	.LASF1
  47 0034 01       		.byte	0x1
  48 0035 1D       		.byte	0x1d
  49 0036 3A000000 		.4byte	0x3a
  50 003a 03       		.uleb128 0x3
  51 003b 01       		.byte	0x1
  52 003c 08       		.byte	0x8
  53 003d C7000000 		.4byte	.LASF3
  54 0041 02       		.uleb128 0x2
  55 0042 2D000000 		.4byte	.LASF4
  56 0046 01       		.byte	0x1
  57 0047 29       		.byte	0x29
ARM GAS  C:\Users\haske\AppData\Local\Temp\ccT38bZ1.s 			page 2


  58 0048 4C000000 		.4byte	0x4c
  59 004c 03       		.uleb128 0x3
  60 004d 02       		.byte	0x2
  61 004e 05       		.byte	0x5
  62 004f DF010000 		.4byte	.LASF5
  63 0053 02       		.uleb128 0x2
  64 0054 1F010000 		.4byte	.LASF6
  65 0058 01       		.byte	0x1
  66 0059 2B       		.byte	0x2b
  67 005a 5E000000 		.4byte	0x5e
  68 005e 03       		.uleb128 0x3
  69 005f 02       		.byte	0x2
  70 0060 07       		.byte	0x7
  71 0061 E7000000 		.4byte	.LASF7
  72 0065 03       		.uleb128 0x3
  73 0066 04       		.byte	0x4
  74 0067 05       		.byte	0x5
  75 0068 FB010000 		.4byte	.LASF8
  76 006c 02       		.uleb128 0x2
  77 006d 38010000 		.4byte	.LASF9
  78 0071 01       		.byte	0x1
  79 0072 41       		.byte	0x41
  80 0073 77000000 		.4byte	0x77
  81 0077 03       		.uleb128 0x3
  82 0078 04       		.byte	0x4
  83 0079 07       		.byte	0x7
  84 007a D5000000 		.4byte	.LASF10
  85 007e 03       		.uleb128 0x3
  86 007f 08       		.byte	0x8
  87 0080 05       		.byte	0x5
  88 0081 88010000 		.4byte	.LASF11
  89 0085 03       		.uleb128 0x3
  90 0086 08       		.byte	0x8
  91 0087 07       		.byte	0x7
  92 0088 A6000000 		.4byte	.LASF12
  93 008c 04       		.uleb128 0x4
  94 008d 04       		.byte	0x4
  95 008e 05       		.byte	0x5
  96 008f 696E7400 		.ascii	"int\000"
  97 0093 03       		.uleb128 0x3
  98 0094 04       		.byte	0x4
  99 0095 07       		.byte	0x7
 100 0096 6D000000 		.4byte	.LASF13
 101 009a 02       		.uleb128 0x2
 102 009b 80000000 		.4byte	.LASF14
 103 009f 02       		.byte	0x2
 104 00a0 14       		.byte	0x14
 105 00a1 1D000000 		.4byte	0x1d
 106 00a5 02       		.uleb128 0x2
 107 00a6 54010000 		.4byte	.LASF15
 108 00aa 02       		.byte	0x2
 109 00ab 18       		.byte	0x18
 110 00ac 2F000000 		.4byte	0x2f
 111 00b0 02       		.uleb128 0x2
 112 00b1 68010000 		.4byte	.LASF16
 113 00b5 02       		.byte	0x2
 114 00b6 20       		.byte	0x20
ARM GAS  C:\Users\haske\AppData\Local\Temp\ccT38bZ1.s 			page 3


 115 00b7 41000000 		.4byte	0x41
 116 00bb 02       		.uleb128 0x2
 117 00bc E9010000 		.4byte	.LASF17
 118 00c0 02       		.byte	0x2
 119 00c1 24       		.byte	0x24
 120 00c2 53000000 		.4byte	0x53
 121 00c6 02       		.uleb128 0x2
 122 00c7 F2010000 		.4byte	.LASF18
 123 00cb 02       		.byte	0x2
 124 00cc 30       		.byte	0x30
 125 00cd 6C000000 		.4byte	0x6c
 126 00d1 03       		.uleb128 0x3
 127 00d2 08       		.byte	0x8
 128 00d3 04       		.byte	0x4
 129 00d4 04020000 		.4byte	.LASF19
 130 00d8 02       		.uleb128 0x2
 131 00d9 9B000000 		.4byte	.LASF20
 132 00dd 03       		.byte	0x3
 133 00de 1B       		.byte	0x1b
 134 00df B0000000 		.4byte	0xb0
 135 00e3 05       		.uleb128 0x5
 136 00e4 10       		.byte	0x10
 137 00e5 04       		.byte	0x4
 138 00e6 29       		.byte	0x29
 139 00e7 52010000 		.4byte	0x152
 140 00eb 06       		.uleb128 0x6
 141 00ec 41000000 		.4byte	.LASF21
 142 00f0 04       		.byte	0x4
 143 00f1 2B       		.byte	0x2b
 144 00f2 DA010000 		.4byte	0x1da
 145 00f6 00       		.byte	0
 146 00f7 06       		.uleb128 0x6
 147 00f8 96010000 		.4byte	.LASF22
 148 00fc 04       		.byte	0x4
 149 00fd 2C       		.byte	0x2c
 150 00fe BB000000 		.4byte	0xbb
 151 0102 04       		.byte	0x4
 152 0103 06       		.uleb128 0x6
 153 0104 00000000 		.4byte	.LASF23
 154 0108 04       		.byte	0x4
 155 0109 2D       		.byte	0x2d
 156 010a BB000000 		.4byte	0xbb
 157 010e 06       		.byte	0x6
 158 010f 06       		.uleb128 0x6
 159 0110 7A000000 		.4byte	.LASF24
 160 0114 04       		.byte	0x4
 161 0115 2E       		.byte	0x2e
 162 0116 BB000000 		.4byte	0xbb
 163 011a 08       		.byte	0x8
 164 011b 06       		.uleb128 0x6
 165 011c 43010000 		.4byte	.LASF25
 166 0120 04       		.byte	0x4
 167 0121 2F       		.byte	0x2f
 168 0122 B0000000 		.4byte	0xb0
 169 0126 0A       		.byte	0xa
 170 0127 06       		.uleb128 0x6
 171 0128 49010000 		.4byte	.LASF26
ARM GAS  C:\Users\haske\AppData\Local\Temp\ccT38bZ1.s 			page 4


 172 012c 04       		.byte	0x4
 173 012d 30       		.byte	0x30
 174 012e B0000000 		.4byte	0xb0
 175 0132 0C       		.byte	0xc
 176 0133 07       		.uleb128 0x7
 177 0134 62707000 		.ascii	"bpp\000"
 178 0138 04       		.byte	0x4
 179 0139 31       		.byte	0x31
 180 013a A5000000 		.4byte	0xa5
 181 013e 01       		.byte	0x1
 182 013f 04       		.byte	0x4
 183 0140 04       		.byte	0x4
 184 0141 0E       		.byte	0xe
 185 0142 08       		.uleb128 0x8
 186 0143 10010000 		.4byte	.LASF27
 187 0147 04       		.byte	0x4
 188 0148 32       		.byte	0x32
 189 0149 A5000000 		.4byte	0xa5
 190 014d 01       		.byte	0x1
 191 014e 01       		.byte	0x1
 192 014f 03       		.byte	0x3
 193 0150 0E       		.byte	0xe
 194 0151 00       		.byte	0
 195 0152 09       		.uleb128 0x9
 196 0153 4F000000 		.4byte	.LASF45
 197 0157 1C       		.byte	0x1c
 198 0158 04       		.byte	0x4
 199 0159 40       		.byte	0x40
 200 015a DA010000 		.4byte	0x1da
 201 015e 06       		.uleb128 0x6
 202 015f 2A010000 		.4byte	.LASF28
 203 0163 04       		.byte	0x4
 204 0164 42       		.byte	0x42
 205 0165 1B020000 		.4byte	0x21b
 206 0169 00       		.byte	0
 207 016a 06       		.uleb128 0x6
 208 016b AE020000 		.4byte	.LASF29
 209 016f 04       		.byte	0x4
 210 0170 45       		.byte	0x45
 211 0171 40020000 		.4byte	0x240
 212 0175 04       		.byte	0x4
 213 0176 06       		.uleb128 0x6
 214 0177 5C010000 		.4byte	.LASF30
 215 017b 04       		.byte	0x4
 216 017c 48       		.byte	0x48
 217 017d D8000000 		.4byte	0xd8
 218 0181 08       		.byte	0x8
 219 0182 06       		.uleb128 0x6
 220 0183 D5010000 		.4byte	.LASF31
 221 0187 04       		.byte	0x4
 222 0188 49       		.byte	0x49
 223 0189 D8000000 		.4byte	0xd8
 224 018d 0A       		.byte	0xa
 225 018e 08       		.uleb128 0x8
 226 018f 70010000 		.4byte	.LASF32
 227 0193 04       		.byte	0x4
 228 0194 4A       		.byte	0x4a
ARM GAS  C:\Users\haske\AppData\Local\Temp\ccT38bZ1.s 			page 5


 229 0195 A5000000 		.4byte	0xa5
 230 0199 01       		.byte	0x1
 231 019a 02       		.byte	0x2
 232 019b 06       		.byte	0x6
 233 019c 0C       		.byte	0xc
 234 019d 06       		.uleb128 0x6
 235 019e 5A000000 		.4byte	.LASF33
 236 01a2 04       		.byte	0x4
 237 01a3 4C       		.byte	0x4c
 238 01a4 9A000000 		.4byte	0x9a
 239 01a8 0D       		.byte	0xd
 240 01a9 06       		.uleb128 0x6
 241 01aa 87000000 		.4byte	.LASF34
 242 01ae 04       		.byte	0x4
 243 01af 4D       		.byte	0x4d
 244 01b0 9A000000 		.4byte	0x9a
 245 01b4 0E       		.byte	0xe
 246 01b5 0A       		.uleb128 0xa
 247 01b6 64736300 		.ascii	"dsc\000"
 248 01ba 04       		.byte	0x4
 249 01bb 4F       		.byte	0x4f
 250 01bc 46020000 		.4byte	0x246
 251 01c0 10       		.byte	0x10
 252 01c1 06       		.uleb128 0x6
 253 01c2 7F010000 		.4byte	.LASF35
 254 01c6 04       		.byte	0x4
 255 01c7 50       		.byte	0x50
 256 01c8 DA010000 		.4byte	0x1da
 257 01cc 14       		.byte	0x14
 258 01cd 06       		.uleb128 0x6
 259 01ce BD000000 		.4byte	.LASF36
 260 01d2 04       		.byte	0x4
 261 01d3 52       		.byte	0x52
 262 01d4 4D020000 		.4byte	0x24d
 263 01d8 18       		.byte	0x18
 264 01d9 00       		.byte	0
 265 01da 0B       		.uleb128 0xb
 266 01db 04       		.byte	0x4
 267 01dc E0010000 		.4byte	0x1e0
 268 01e0 0C       		.uleb128 0xc
 269 01e1 52010000 		.4byte	0x152
 270 01e5 02       		.uleb128 0x2
 271 01e6 19000000 		.4byte	.LASF37
 272 01ea 04       		.byte	0x4
 273 01eb 33       		.byte	0x33
 274 01ec E3000000 		.4byte	0xe3
 275 01f0 0D       		.uleb128 0xd
 276 01f1 0E020000 		.4byte	0x20e
 277 01f5 0E020000 		.4byte	0x20e
 278 01f9 0E       		.uleb128 0xe
 279 01fa DA010000 		.4byte	0x1da
 280 01fe 0E       		.uleb128 0xe
 281 01ff 15020000 		.4byte	0x215
 282 0203 0E       		.uleb128 0xe
 283 0204 C6000000 		.4byte	0xc6
 284 0208 0E       		.uleb128 0xe
 285 0209 C6000000 		.4byte	0xc6
ARM GAS  C:\Users\haske\AppData\Local\Temp\ccT38bZ1.s 			page 6


 286 020d 00       		.byte	0
 287 020e 03       		.uleb128 0x3
 288 020f 01       		.byte	0x1
 289 0210 02       		.byte	0x2
 290 0211 10030000 		.4byte	.LASF38
 291 0215 0B       		.uleb128 0xb
 292 0216 04       		.byte	0x4
 293 0217 E5010000 		.4byte	0x1e5
 294 021b 0B       		.uleb128 0xb
 295 021c 04       		.byte	0x4
 296 021d F0010000 		.4byte	0x1f0
 297 0221 0D       		.uleb128 0xd
 298 0222 35020000 		.4byte	0x235
 299 0226 35020000 		.4byte	0x235
 300 022a 0E       		.uleb128 0xe
 301 022b DA010000 		.4byte	0x1da
 302 022f 0E       		.uleb128 0xe
 303 0230 C6000000 		.4byte	0xc6
 304 0234 00       		.byte	0
 305 0235 0B       		.uleb128 0xb
 306 0236 04       		.byte	0x4
 307 0237 3B020000 		.4byte	0x23b
 308 023b 0C       		.uleb128 0xc
 309 023c A5000000 		.4byte	0xa5
 310 0240 0B       		.uleb128 0xb
 311 0241 04       		.byte	0x4
 312 0242 21020000 		.4byte	0x221
 313 0246 0B       		.uleb128 0xb
 314 0247 04       		.byte	0x4
 315 0248 4C020000 		.4byte	0x24c
 316 024c 0F       		.uleb128 0xf
 317 024d 10       		.uleb128 0x10
 318 024e 04       		.byte	0x4
 319 024f 02       		.uleb128 0x2
 320 0250 37000000 		.4byte	.LASF39
 321 0254 04       		.byte	0x4
 322 0255 54       		.byte	0x54
 323 0256 52010000 		.4byte	0x152
 324 025a 03       		.uleb128 0x3
 325 025b 04       		.byte	0x4
 326 025c 07       		.byte	0x7
 327 025d 76010000 		.4byte	.LASF40
 328 0261 03       		.uleb128 0x3
 329 0262 01       		.byte	0x1
 330 0263 08       		.byte	0x8
 331 0264 4F010000 		.4byte	.LASF41
 332 0268 0C       		.uleb128 0xc
 333 0269 4F020000 		.4byte	0x24f
 334 026d 11       		.uleb128 0x11
 335 026e FA000000 		.4byte	.LASF46
 336 0272 04       		.byte	0x4
 337 0273 94       		.byte	0x94
 338 0274 68020000 		.4byte	0x268
 339 0278 00       		.byte	0
 340              		.section	.debug_abbrev,"",%progbits
 341              	.Ldebug_abbrev0:
 342 0000 01       		.uleb128 0x1
ARM GAS  C:\Users\haske\AppData\Local\Temp\ccT38bZ1.s 			page 7


 343 0001 11       		.uleb128 0x11
 344 0002 01       		.byte	0x1
 345 0003 25       		.uleb128 0x25
 346 0004 0E       		.uleb128 0xe
 347 0005 13       		.uleb128 0x13
 348 0006 0B       		.uleb128 0xb
 349 0007 03       		.uleb128 0x3
 350 0008 0E       		.uleb128 0xe
 351 0009 1B       		.uleb128 0x1b
 352 000a 0E       		.uleb128 0xe
 353 000b 10       		.uleb128 0x10
 354 000c 17       		.uleb128 0x17
 355 000d 00       		.byte	0
 356 000e 00       		.byte	0
 357 000f 02       		.uleb128 0x2
 358 0010 16       		.uleb128 0x16
 359 0011 00       		.byte	0
 360 0012 03       		.uleb128 0x3
 361 0013 0E       		.uleb128 0xe
 362 0014 3A       		.uleb128 0x3a
 363 0015 0B       		.uleb128 0xb
 364 0016 3B       		.uleb128 0x3b
 365 0017 0B       		.uleb128 0xb
 366 0018 49       		.uleb128 0x49
 367 0019 13       		.uleb128 0x13
 368 001a 00       		.byte	0
 369 001b 00       		.byte	0
 370 001c 03       		.uleb128 0x3
 371 001d 24       		.uleb128 0x24
 372 001e 00       		.byte	0
 373 001f 0B       		.uleb128 0xb
 374 0020 0B       		.uleb128 0xb
 375 0021 3E       		.uleb128 0x3e
 376 0022 0B       		.uleb128 0xb
 377 0023 03       		.uleb128 0x3
 378 0024 0E       		.uleb128 0xe
 379 0025 00       		.byte	0
 380 0026 00       		.byte	0
 381 0027 04       		.uleb128 0x4
 382 0028 24       		.uleb128 0x24
 383 0029 00       		.byte	0
 384 002a 0B       		.uleb128 0xb
 385 002b 0B       		.uleb128 0xb
 386 002c 3E       		.uleb128 0x3e
 387 002d 0B       		.uleb128 0xb
 388 002e 03       		.uleb128 0x3
 389 002f 08       		.uleb128 0x8
 390 0030 00       		.byte	0
 391 0031 00       		.byte	0
 392 0032 05       		.uleb128 0x5
 393 0033 13       		.uleb128 0x13
 394 0034 01       		.byte	0x1
 395 0035 0B       		.uleb128 0xb
 396 0036 0B       		.uleb128 0xb
 397 0037 3A       		.uleb128 0x3a
 398 0038 0B       		.uleb128 0xb
 399 0039 3B       		.uleb128 0x3b
ARM GAS  C:\Users\haske\AppData\Local\Temp\ccT38bZ1.s 			page 8


 400 003a 0B       		.uleb128 0xb
 401 003b 01       		.uleb128 0x1
 402 003c 13       		.uleb128 0x13
 403 003d 00       		.byte	0
 404 003e 00       		.byte	0
 405 003f 06       		.uleb128 0x6
 406 0040 0D       		.uleb128 0xd
 407 0041 00       		.byte	0
 408 0042 03       		.uleb128 0x3
 409 0043 0E       		.uleb128 0xe
 410 0044 3A       		.uleb128 0x3a
 411 0045 0B       		.uleb128 0xb
 412 0046 3B       		.uleb128 0x3b
 413 0047 0B       		.uleb128 0xb
 414 0048 49       		.uleb128 0x49
 415 0049 13       		.uleb128 0x13
 416 004a 38       		.uleb128 0x38
 417 004b 0B       		.uleb128 0xb
 418 004c 00       		.byte	0
 419 004d 00       		.byte	0
 420 004e 07       		.uleb128 0x7
 421 004f 0D       		.uleb128 0xd
 422 0050 00       		.byte	0
 423 0051 03       		.uleb128 0x3
 424 0052 08       		.uleb128 0x8
 425 0053 3A       		.uleb128 0x3a
 426 0054 0B       		.uleb128 0xb
 427 0055 3B       		.uleb128 0x3b
 428 0056 0B       		.uleb128 0xb
 429 0057 49       		.uleb128 0x49
 430 0058 13       		.uleb128 0x13
 431 0059 0B       		.uleb128 0xb
 432 005a 0B       		.uleb128 0xb
 433 005b 0D       		.uleb128 0xd
 434 005c 0B       		.uleb128 0xb
 435 005d 0C       		.uleb128 0xc
 436 005e 0B       		.uleb128 0xb
 437 005f 38       		.uleb128 0x38
 438 0060 0B       		.uleb128 0xb
 439 0061 00       		.byte	0
 440 0062 00       		.byte	0
 441 0063 08       		.uleb128 0x8
 442 0064 0D       		.uleb128 0xd
 443 0065 00       		.byte	0
 444 0066 03       		.uleb128 0x3
 445 0067 0E       		.uleb128 0xe
 446 0068 3A       		.uleb128 0x3a
 447 0069 0B       		.uleb128 0xb
 448 006a 3B       		.uleb128 0x3b
 449 006b 0B       		.uleb128 0xb
 450 006c 49       		.uleb128 0x49
 451 006d 13       		.uleb128 0x13
 452 006e 0B       		.uleb128 0xb
 453 006f 0B       		.uleb128 0xb
 454 0070 0D       		.uleb128 0xd
 455 0071 0B       		.uleb128 0xb
 456 0072 0C       		.uleb128 0xc
ARM GAS  C:\Users\haske\AppData\Local\Temp\ccT38bZ1.s 			page 9


 457 0073 0B       		.uleb128 0xb
 458 0074 38       		.uleb128 0x38
 459 0075 0B       		.uleb128 0xb
 460 0076 00       		.byte	0
 461 0077 00       		.byte	0
 462 0078 09       		.uleb128 0x9
 463 0079 13       		.uleb128 0x13
 464 007a 01       		.byte	0x1
 465 007b 03       		.uleb128 0x3
 466 007c 0E       		.uleb128 0xe
 467 007d 0B       		.uleb128 0xb
 468 007e 0B       		.uleb128 0xb
 469 007f 3A       		.uleb128 0x3a
 470 0080 0B       		.uleb128 0xb
 471 0081 3B       		.uleb128 0x3b
 472 0082 0B       		.uleb128 0xb
 473 0083 01       		.uleb128 0x1
 474 0084 13       		.uleb128 0x13
 475 0085 00       		.byte	0
 476 0086 00       		.byte	0
 477 0087 0A       		.uleb128 0xa
 478 0088 0D       		.uleb128 0xd
 479 0089 00       		.byte	0
 480 008a 03       		.uleb128 0x3
 481 008b 08       		.uleb128 0x8
 482 008c 3A       		.uleb128 0x3a
 483 008d 0B       		.uleb128 0xb
 484 008e 3B       		.uleb128 0x3b
 485 008f 0B       		.uleb128 0xb
 486 0090 49       		.uleb128 0x49
 487 0091 13       		.uleb128 0x13
 488 0092 38       		.uleb128 0x38
 489 0093 0B       		.uleb128 0xb
 490 0094 00       		.byte	0
 491 0095 00       		.byte	0
 492 0096 0B       		.uleb128 0xb
 493 0097 0F       		.uleb128 0xf
 494 0098 00       		.byte	0
 495 0099 0B       		.uleb128 0xb
 496 009a 0B       		.uleb128 0xb
 497 009b 49       		.uleb128 0x49
 498 009c 13       		.uleb128 0x13
 499 009d 00       		.byte	0
 500 009e 00       		.byte	0
 501 009f 0C       		.uleb128 0xc
 502 00a0 26       		.uleb128 0x26
 503 00a1 00       		.byte	0
 504 00a2 49       		.uleb128 0x49
 505 00a3 13       		.uleb128 0x13
 506 00a4 00       		.byte	0
 507 00a5 00       		.byte	0
 508 00a6 0D       		.uleb128 0xd
 509 00a7 15       		.uleb128 0x15
 510 00a8 01       		.byte	0x1
 511 00a9 27       		.uleb128 0x27
 512 00aa 19       		.uleb128 0x19
 513 00ab 49       		.uleb128 0x49
ARM GAS  C:\Users\haske\AppData\Local\Temp\ccT38bZ1.s 			page 10


 514 00ac 13       		.uleb128 0x13
 515 00ad 01       		.uleb128 0x1
 516 00ae 13       		.uleb128 0x13
 517 00af 00       		.byte	0
 518 00b0 00       		.byte	0
 519 00b1 0E       		.uleb128 0xe
 520 00b2 05       		.uleb128 0x5
 521 00b3 00       		.byte	0
 522 00b4 49       		.uleb128 0x49
 523 00b5 13       		.uleb128 0x13
 524 00b6 00       		.byte	0
 525 00b7 00       		.byte	0
 526 00b8 0F       		.uleb128 0xf
 527 00b9 26       		.uleb128 0x26
 528 00ba 00       		.byte	0
 529 00bb 00       		.byte	0
 530 00bc 00       		.byte	0
 531 00bd 10       		.uleb128 0x10
 532 00be 0F       		.uleb128 0xf
 533 00bf 00       		.byte	0
 534 00c0 0B       		.uleb128 0xb
 535 00c1 0B       		.uleb128 0xb
 536 00c2 00       		.byte	0
 537 00c3 00       		.byte	0
 538 00c4 11       		.uleb128 0x11
 539 00c5 34       		.uleb128 0x34
 540 00c6 00       		.byte	0
 541 00c7 03       		.uleb128 0x3
 542 00c8 0E       		.uleb128 0xe
 543 00c9 3A       		.uleb128 0x3a
 544 00ca 0B       		.uleb128 0xb
 545 00cb 3B       		.uleb128 0x3b
 546 00cc 0B       		.uleb128 0xb
 547 00cd 49       		.uleb128 0x49
 548 00ce 13       		.uleb128 0x13
 549 00cf 3F       		.uleb128 0x3f
 550 00d0 19       		.uleb128 0x19
 551 00d1 3C       		.uleb128 0x3c
 552 00d2 19       		.uleb128 0x19
 553 00d3 00       		.byte	0
 554 00d4 00       		.byte	0
 555 00d5 00       		.byte	0
 556              		.section	.debug_aranges,"",%progbits
 557 0000 14000000 		.4byte	0x14
 558 0004 0200     		.2byte	0x2
 559 0006 00000000 		.4byte	.Ldebug_info0
 560 000a 04       		.byte	0x4
 561 000b 00       		.byte	0
 562 000c 0000     		.2byte	0
 563 000e 0000     		.2byte	0
 564 0010 00000000 		.4byte	0
 565 0014 00000000 		.4byte	0
 566              		.section	.debug_line,"",%progbits
 567              	.Ldebug_line0:
 568 0000 C2010000 		.section	.debug_str,"MS",%progbits,1
 568      0200BC01 
 568      00000201 
ARM GAS  C:\Users\haske\AppData\Local\Temp\ccT38bZ1.s 			page 11


 568      FB0E0D00 
 568      01010101 
 569              	.LASF23:
 570 0000 626F785F 		.ascii	"box_w\000"
 570      7700
 571              	.LASF0:
 572 0006 5F5F696E 		.ascii	"__int8_t\000"
 572      74385F74 
 572      00
 573              	.LASF1:
 574 000f 5F5F7569 		.ascii	"__uint8_t\000"
 574      6E74385F 
 574      7400
 575              	.LASF37:
 576 0019 6C765F66 		.ascii	"lv_font_glyph_dsc_t\000"
 576      6F6E745F 
 576      676C7970 
 576      685F6473 
 576      635F7400 
 577              	.LASF4:
 578 002d 5F5F696E 		.ascii	"__int16_t\000"
 578      7431365F 
 578      7400
 579              	.LASF39:
 580 0037 6C765F66 		.ascii	"lv_font_t\000"
 580      6F6E745F 
 580      7400
 581              	.LASF21:
 582 0041 7265736F 		.ascii	"resolved_font\000"
 582      6C766564 
 582      5F666F6E 
 582      7400
 583              	.LASF45:
 584 004f 5F6C765F 		.ascii	"_lv_font_t\000"
 584      666F6E74 
 584      5F7400
 585              	.LASF33:
 586 005a 756E6465 		.ascii	"underline_position\000"
 586      726C696E 
 586      655F706F 
 586      73697469 
 586      6F6E00
 587              	.LASF13:
 588 006d 756E7369 		.ascii	"unsigned int\000"
 588      676E6564 
 588      20696E74 
 588      00
 589              	.LASF24:
 590 007a 626F785F 		.ascii	"box_h\000"
 590      6800
 591              	.LASF14:
 592 0080 696E7438 		.ascii	"int8_t\000"
 592      5F7400
 593              	.LASF34:
 594 0087 756E6465 		.ascii	"underline_thickness\000"
 594      726C696E 
 594      655F7468 
ARM GAS  C:\Users\haske\AppData\Local\Temp\ccT38bZ1.s 			page 12


 594      69636B6E 
 594      65737300 
 595              	.LASF20:
 596 009b 6C765F63 		.ascii	"lv_coord_t\000"
 596      6F6F7264 
 596      5F7400
 597              	.LASF12:
 598 00a6 6C6F6E67 		.ascii	"long long unsigned int\000"
 598      206C6F6E 
 598      6720756E 
 598      7369676E 
 598      65642069 
 599              	.LASF36:
 600 00bd 75736572 		.ascii	"user_data\000"
 600      5F646174 
 600      6100
 601              	.LASF3:
 602 00c7 756E7369 		.ascii	"unsigned char\000"
 602      676E6564 
 602      20636861 
 602      7200
 603              	.LASF10:
 604 00d5 6C6F6E67 		.ascii	"long unsigned int\000"
 604      20756E73 
 604      69676E65 
 604      6420696E 
 604      7400
 605              	.LASF7:
 606 00e7 73686F72 		.ascii	"short unsigned int\000"
 606      7420756E 
 606      7369676E 
 606      65642069 
 606      6E7400
 607              	.LASF46:
 608 00fa 6C765F66 		.ascii	"lv_font_montserrat_14\000"
 608      6F6E745F 
 608      6D6F6E74 
 608      73657272 
 608      61745F31 
 609              	.LASF27:
 610 0110 69735F70 		.ascii	"is_placeholder\000"
 610      6C616365 
 610      686F6C64 
 610      657200
 611              	.LASF6:
 612 011f 5F5F7569 		.ascii	"__uint16_t\000"
 612      6E743136 
 612      5F7400
 613              	.LASF28:
 614 012a 6765745F 		.ascii	"get_glyph_dsc\000"
 614      676C7970 
 614      685F6473 
 614      6300
 615              	.LASF9:
 616 0138 5F5F7569 		.ascii	"__uint32_t\000"
 616      6E743332 
 616      5F7400
ARM GAS  C:\Users\haske\AppData\Local\Temp\ccT38bZ1.s 			page 13


 617              	.LASF25:
 618 0143 6F66735F 		.ascii	"ofs_x\000"
 618      7800
 619              	.LASF26:
 620 0149 6F66735F 		.ascii	"ofs_y\000"
 620      7900
 621              	.LASF41:
 622 014f 63686172 		.ascii	"char\000"
 622      00
 623              	.LASF15:
 624 0154 75696E74 		.ascii	"uint8_t\000"
 624      385F7400 
 625              	.LASF30:
 626 015c 6C696E65 		.ascii	"line_height\000"
 626      5F686569 
 626      67687400 
 627              	.LASF16:
 628 0168 696E7431 		.ascii	"int16_t\000"
 628      365F7400 
 629              	.LASF32:
 630 0170 73756270 		.ascii	"subpx\000"
 630      7800
 631              	.LASF40:
 632 0176 73697A65 		.ascii	"sizetype\000"
 632      74797065 
 632      00
 633              	.LASF35:
 634 017f 66616C6C 		.ascii	"fallback\000"
 634      6261636B 
 634      00
 635              	.LASF11:
 636 0188 6C6F6E67 		.ascii	"long long int\000"
 636      206C6F6E 
 636      6720696E 
 636      7400
 637              	.LASF22:
 638 0196 6164765F 		.ascii	"adv_w\000"
 638      7700
 639              	.LASF44:
 640 019c 433A5C50 		.ascii	"C:\\Projects\\PainDrain\\firmware\\PainDrain\\PainD"
 640      726F6A65 
 640      6374735C 
 640      5061696E 
 640      44726169 
 641 01ca 7261696E 		.ascii	"rain.cydsn\000"
 641      2E637964 
 641      736E00
 642              	.LASF31:
 643 01d5 62617365 		.ascii	"base_line\000"
 643      5F6C696E 
 643      6500
 644              	.LASF5:
 645 01df 73686F72 		.ascii	"short int\000"
 645      7420696E 
 645      7400
 646              	.LASF17:
 647 01e9 75696E74 		.ascii	"uint16_t\000"
ARM GAS  C:\Users\haske\AppData\Local\Temp\ccT38bZ1.s 			page 14


 647      31365F74 
 647      00
 648              	.LASF18:
 649 01f2 75696E74 		.ascii	"uint32_t\000"
 649      33325F74 
 649      00
 650              	.LASF8:
 651 01fb 6C6F6E67 		.ascii	"long int\000"
 651      20696E74 
 651      00
 652              	.LASF19:
 653 0204 6C6F6E67 		.ascii	"long double\000"
 653      20646F75 
 653      626C6500 
 654              	.LASF42:
 655 0210 474E5520 		.ascii	"GNU C11 5.4.1 20160609 (release) [ARM/embedded-5-br"
 655      43313120 
 655      352E342E 
 655      31203230 
 655      31363036 
 656 0243 616E6368 		.ascii	"anch revision 237715] -mcpu=cortex-m0plus -mthumb -"
 656      20726576 
 656      6973696F 
 656      6E203233 
 656      37373135 
 657 0276 67202D4F 		.ascii	"g -Og -ffunction-sections -ffat-lto-objects\000"
 657      67202D66 
 657      66756E63 
 657      74696F6E 
 657      2D736563 
 658              	.LASF2:
 659 02a2 7369676E 		.ascii	"signed char\000"
 659      65642063 
 659      68617200 
 660              	.LASF29:
 661 02ae 6765745F 		.ascii	"get_glyph_bitmap\000"
 661      676C7970 
 661      685F6269 
 661      746D6170 
 661      00
 662              	.LASF43:
 663 02bf 2E2E5C2E 		.ascii	"..\\..\\..\\arduinoLCD\\test\\Pain Drain\\libraries"
 663      2E5C2E2E 
 663      5C617264 
 663      75696E6F 
 663      4C43445C 
 664 02ec 5C6C7667 		.ascii	"\\lvgl\\src\\extra\\others\\msg\\lv_msg.c\000"
 664      6C5C7372 
 664      635C6578 
 664      7472615C 
 664      6F746865 
 665              	.LASF38:
 666 0310 5F426F6F 		.ascii	"_Bool\000"
 666      6C00
 667              		.ident	"GCC: (GNU Tools for ARM Embedded Processors) 5.4.1 20160609 (release) [ARM/embedded-5-bran
