ARM GAS  C:\Users\haske\AppData\Local\Temp\ccJXhZqK.s 			page 1


   1              		.syntax unified
   2              		.cpu cortex-m0plus
   3              		.fpu softvfp
   4              		.eabi_attribute 20, 1
   5              		.eabi_attribute 21, 1
   6              		.eabi_attribute 23, 3
   7              		.eabi_attribute 24, 1
   8              		.eabi_attribute 25, 1
   9              		.eabi_attribute 26, 1
  10              		.eabi_attribute 30, 1
  11              		.eabi_attribute 34, 0
  12              		.eabi_attribute 18, 4
  13              		.thumb
  14              		.syntax unified
  15              		.file	"lv_objx_templ.c"
  16              		.text
  17              	.Ltext0:
  18              		.cfi_sections	.debug_frame
  19              	.Letext0:
  20              		.section	.debug_info,"",%progbits
  21              	.Ldebug_info0:
  22 0000 21000000 		.4byte	0x21
  23 0004 0400     		.2byte	0x4
  24 0006 00000000 		.4byte	.Ldebug_abbrev0
  25 000a 04       		.byte	0x4
  26 000b 01       		.uleb128 0x1
  27 000c 00000000 		.4byte	.LASF0
  28 0010 0C       		.byte	0xc
  29 0011 CB000000 		.4byte	.LASF1
  30 0015 92000000 		.4byte	.LASF2
  31 0019 00000000 		.4byte	.Ldebug_line0
  32 001d 02       		.uleb128 0x2
  33 001e 04       		.byte	0x4
  34 001f 05       		.byte	0x5
  35 0020 696E7400 		.ascii	"int\000"
  36 0024 00       		.byte	0
  37              		.section	.debug_abbrev,"",%progbits
  38              	.Ldebug_abbrev0:
  39 0000 01       		.uleb128 0x1
  40 0001 11       		.uleb128 0x11
  41 0002 01       		.byte	0x1
  42 0003 25       		.uleb128 0x25
  43 0004 0E       		.uleb128 0xe
  44 0005 13       		.uleb128 0x13
  45 0006 0B       		.uleb128 0xb
  46 0007 03       		.uleb128 0x3
  47 0008 0E       		.uleb128 0xe
  48 0009 1B       		.uleb128 0x1b
  49 000a 0E       		.uleb128 0xe
  50 000b 10       		.uleb128 0x10
  51 000c 17       		.uleb128 0x17
  52 000d 00       		.byte	0
  53 000e 00       		.byte	0
  54 000f 02       		.uleb128 0x2
  55 0010 24       		.uleb128 0x24
  56 0011 00       		.byte	0
  57 0012 0B       		.uleb128 0xb
ARM GAS  C:\Users\haske\AppData\Local\Temp\ccJXhZqK.s 			page 2


  58 0013 0B       		.uleb128 0xb
  59 0014 3E       		.uleb128 0x3e
  60 0015 0B       		.uleb128 0xb
  61 0016 03       		.uleb128 0x3
  62 0017 08       		.uleb128 0x8
  63 0018 00       		.byte	0
  64 0019 00       		.byte	0
  65 001a 00       		.byte	0
  66              		.section	.debug_aranges,"",%progbits
  67 0000 14000000 		.4byte	0x14
  68 0004 0200     		.2byte	0x2
  69 0006 00000000 		.4byte	.Ldebug_info0
  70 000a 04       		.byte	0x4
  71 000b 00       		.byte	0
  72 000c 0000     		.2byte	0
  73 000e 0000     		.2byte	0
  74 0010 00000000 		.4byte	0
  75 0014 00000000 		.4byte	0
  76              		.section	.debug_line,"",%progbits
  77              	.Ldebug_line0:
  78 0000 19000000 		.section	.debug_str,"MS",%progbits,1
  78      02001300 
  78      00000201 
  78      FB0E0D00 
  78      01010101 
  79              	.LASF0:
  80 0000 474E5520 		.ascii	"GNU C11 5.4.1 20160609 (release) [ARM/embedded-5-br"
  80      43313120 
  80      352E342E 
  80      31203230 
  80      31363036 
  81 0033 616E6368 		.ascii	"anch revision 237715] -mcpu=cortex-m0plus -mthumb -"
  81      20726576 
  81      6973696F 
  81      6E203233 
  81      37373135 
  82 0066 67202D4F 		.ascii	"g -Og -ffunction-sections -ffat-lto-objects\000"
  82      67202D66 
  82      66756E63 
  82      74696F6E 
  82      2D736563 
  83              	.LASF2:
  84 0092 433A5C50 		.ascii	"C:\\Projects\\PainDrain\\firmware\\PainDrain\\PainD"
  84      726F6A65 
  84      6374735C 
  84      5061696E 
  84      44726169 
  85 00c0 7261696E 		.ascii	"rain.cydsn\000"
  85      2E637964 
  85      736E00
  86              	.LASF1:
  87 00cb 2E2E5C2E 		.ascii	"..\\..\\..\\arduinoLCD\\test\\Pain Drain\\libraries"
  87      2E5C2E2E 
  87      5C617264 
  87      75696E6F 
  87      4C43445C 
  88 00f8 5C6C7667 		.ascii	"\\lvgl\\src\\widgets\\lv_objx_templ.c\000"
ARM GAS  C:\Users\haske\AppData\Local\Temp\ccJXhZqK.s 			page 3


  88      6C5C7372 
  88      635C7769 
  88      64676574 
  88      735C6C76 
  89              		.ident	"GCC: (GNU Tools for ARM Embedded Processors) 5.4.1 20160609 (release) [ARM/embedded-5-bran
