ARM GAS  C:\Users\haske\AppData\Local\Temp\ccqTGJLV.s 			page 1


   1              		.syntax unified
   2              		.cpu cortex-m0plus
   3              		.fpu softvfp
   4              		.eabi_attribute 20, 1
   5              		.eabi_attribute 21, 1
   6              		.eabi_attribute 23, 3
   7              		.eabi_attribute 24, 1
   8              		.eabi_attribute 25, 1
   9              		.eabi_attribute 26, 1
  10              		.eabi_attribute 30, 1
  11              		.eabi_attribute 34, 0
  12              		.eabi_attribute 18, 4
  13              		.thumb
  14              		.syntax unified
  15              		.file	"lv_txt_ap.c"
  16              		.text
  17              	.Ltext0:
  18              		.cfi_sections	.debug_frame
  19              	.Letext0:
  20              		.file 1 "c:\\program files (x86)\\cypress\\psoc creator\\4.4\\psoc creator\\import\\gnu\\arm\\5.4.
  21              		.file 2 "c:\\program files (x86)\\cypress\\psoc creator\\4.4\\psoc creator\\import\\gnu\\arm\\5.4.
  22              		.file 3 "..\\..\\..\\arduinoLCD\\test\\Pain Drain\\libraries\\lvgl\\src\\misc\\lv_area.h"
  23              		.file 4 "..\\..\\..\\arduinoLCD\\test\\Pain Drain\\libraries\\lvgl\\src\\misc\\../font/lv_font.h"
  24              		.section	.debug_info,"",%progbits
  25              	.Ldebug_info0:
  26 0000 75020000 		.4byte	0x275
  27 0004 0400     		.2byte	0x4
  28 0006 00000000 		.4byte	.Ldebug_abbrev0
  29 000a 04       		.byte	0x4
  30 000b 01       		.uleb128 0x1
  31 000c 58020000 		.4byte	.LASF42
  32 0010 0C       		.byte	0xc
  33 0011 A6000000 		.4byte	.LASF43
  34 0015 E4010000 		.4byte	.LASF44
  35 0019 00000000 		.4byte	.Ldebug_line0
  36 001d 02       		.uleb128 0x2
  37 001e 04       		.byte	0x4
  38 001f 05       		.byte	0x5
  39 0020 696E7400 		.ascii	"int\000"
  40 0024 03       		.uleb128 0x3
  41 0025 04       		.byte	0x4
  42 0026 07       		.byte	0x7
  43 0027 6D000000 		.4byte	.LASF0
  44 002b 03       		.uleb128 0x3
  45 002c 08       		.byte	0x8
  46 002d 05       		.byte	0x5
  47 002e D0010000 		.4byte	.LASF1
  48 0032 03       		.uleb128 0x3
  49 0033 08       		.byte	0x8
  50 0034 04       		.byte	0x4
  51 0035 4C020000 		.4byte	.LASF2
  52 0039 04       		.uleb128 0x4
  53 003a 06000000 		.4byte	.LASF4
  54 003e 01       		.byte	0x1
  55 003f 1B       		.byte	0x1b
  56 0040 44000000 		.4byte	0x44
  57 0044 03       		.uleb128 0x3
ARM GAS  C:\Users\haske\AppData\Local\Temp\ccqTGJLV.s 			page 2


  58 0045 01       		.byte	0x1
  59 0046 06       		.byte	0x6
  60 0047 EA020000 		.4byte	.LASF3
  61 004b 04       		.uleb128 0x4
  62 004c 0F000000 		.4byte	.LASF5
  63 0050 01       		.byte	0x1
  64 0051 1D       		.byte	0x1d
  65 0052 56000000 		.4byte	0x56
  66 0056 03       		.uleb128 0x3
  67 0057 01       		.byte	0x1
  68 0058 08       		.byte	0x8
  69 0059 0F010000 		.4byte	.LASF6
  70 005d 04       		.uleb128 0x4
  71 005e 2D000000 		.4byte	.LASF7
  72 0062 01       		.byte	0x1
  73 0063 29       		.byte	0x29
  74 0064 68000000 		.4byte	0x68
  75 0068 03       		.uleb128 0x3
  76 0069 02       		.byte	0x2
  77 006a 05       		.byte	0x5
  78 006b 27020000 		.4byte	.LASF8
  79 006f 04       		.uleb128 0x4
  80 0070 67010000 		.4byte	.LASF9
  81 0074 01       		.byte	0x1
  82 0075 2B       		.byte	0x2b
  83 0076 7A000000 		.4byte	0x7a
  84 007a 03       		.uleb128 0x3
  85 007b 02       		.byte	0x2
  86 007c 07       		.byte	0x7
  87 007d 2F010000 		.4byte	.LASF10
  88 0081 03       		.uleb128 0x3
  89 0082 04       		.byte	0x4
  90 0083 05       		.byte	0x5
  91 0084 43020000 		.4byte	.LASF11
  92 0088 04       		.uleb128 0x4
  93 0089 80010000 		.4byte	.LASF12
  94 008d 01       		.byte	0x1
  95 008e 41       		.byte	0x41
  96 008f 93000000 		.4byte	0x93
  97 0093 03       		.uleb128 0x3
  98 0094 04       		.byte	0x4
  99 0095 07       		.byte	0x7
 100 0096 1D010000 		.4byte	.LASF13
 101 009a 03       		.uleb128 0x3
 102 009b 08       		.byte	0x8
 103 009c 07       		.byte	0x7
 104 009d EE000000 		.4byte	.LASF14
 105 00a1 04       		.uleb128 0x4
 106 00a2 80000000 		.4byte	.LASF15
 107 00a6 02       		.byte	0x2
 108 00a7 14       		.byte	0x14
 109 00a8 39000000 		.4byte	0x39
 110 00ac 04       		.uleb128 0x4
 111 00ad 9C010000 		.4byte	.LASF16
 112 00b1 02       		.byte	0x2
 113 00b2 18       		.byte	0x18
 114 00b3 4B000000 		.4byte	0x4b
ARM GAS  C:\Users\haske\AppData\Local\Temp\ccqTGJLV.s 			page 3


 115 00b7 04       		.uleb128 0x4
 116 00b8 B0010000 		.4byte	.LASF17
 117 00bc 02       		.byte	0x2
 118 00bd 20       		.byte	0x20
 119 00be 5D000000 		.4byte	0x5d
 120 00c2 04       		.uleb128 0x4
 121 00c3 31020000 		.4byte	.LASF18
 122 00c7 02       		.byte	0x2
 123 00c8 24       		.byte	0x24
 124 00c9 6F000000 		.4byte	0x6f
 125 00cd 04       		.uleb128 0x4
 126 00ce 3A020000 		.4byte	.LASF19
 127 00d2 02       		.byte	0x2
 128 00d3 30       		.byte	0x30
 129 00d4 88000000 		.4byte	0x88
 130 00d8 05       		.uleb128 0x5
 131 00d9 04       		.byte	0x4
 132 00da 04       		.uleb128 0x4
 133 00db 9B000000 		.4byte	.LASF20
 134 00df 03       		.byte	0x3
 135 00e0 1B       		.byte	0x1b
 136 00e1 B7000000 		.4byte	0xb7
 137 00e5 06       		.uleb128 0x6
 138 00e6 10       		.byte	0x10
 139 00e7 04       		.byte	0x4
 140 00e8 29       		.byte	0x29
 141 00e9 54010000 		.4byte	0x154
 142 00ed 07       		.uleb128 0x7
 143 00ee 41000000 		.4byte	.LASF21
 144 00f2 04       		.byte	0x4
 145 00f3 2B       		.byte	0x2b
 146 00f4 DC010000 		.4byte	0x1dc
 147 00f8 00       		.byte	0
 148 00f9 07       		.uleb128 0x7
 149 00fa DE010000 		.4byte	.LASF22
 150 00fe 04       		.byte	0x4
 151 00ff 2C       		.byte	0x2c
 152 0100 C2000000 		.4byte	0xc2
 153 0104 04       		.byte	0x4
 154 0105 07       		.uleb128 0x7
 155 0106 00000000 		.4byte	.LASF23
 156 010a 04       		.byte	0x4
 157 010b 2D       		.byte	0x2d
 158 010c C2000000 		.4byte	0xc2
 159 0110 06       		.byte	0x6
 160 0111 07       		.uleb128 0x7
 161 0112 7A000000 		.4byte	.LASF24
 162 0116 04       		.byte	0x4
 163 0117 2E       		.byte	0x2e
 164 0118 C2000000 		.4byte	0xc2
 165 011c 08       		.byte	0x8
 166 011d 07       		.uleb128 0x7
 167 011e 8B010000 		.4byte	.LASF25
 168 0122 04       		.byte	0x4
 169 0123 2F       		.byte	0x2f
 170 0124 B7000000 		.4byte	0xb7
 171 0128 0A       		.byte	0xa
ARM GAS  C:\Users\haske\AppData\Local\Temp\ccqTGJLV.s 			page 4


 172 0129 07       		.uleb128 0x7
 173 012a 91010000 		.4byte	.LASF26
 174 012e 04       		.byte	0x4
 175 012f 30       		.byte	0x30
 176 0130 B7000000 		.4byte	0xb7
 177 0134 0C       		.byte	0xc
 178 0135 08       		.uleb128 0x8
 179 0136 62707000 		.ascii	"bpp\000"
 180 013a 04       		.byte	0x4
 181 013b 31       		.byte	0x31
 182 013c AC000000 		.4byte	0xac
 183 0140 01       		.byte	0x1
 184 0141 04       		.byte	0x4
 185 0142 04       		.byte	0x4
 186 0143 0E       		.byte	0xe
 187 0144 09       		.uleb128 0x9
 188 0145 58010000 		.4byte	.LASF27
 189 0149 04       		.byte	0x4
 190 014a 32       		.byte	0x32
 191 014b AC000000 		.4byte	0xac
 192 014f 01       		.byte	0x1
 193 0150 01       		.byte	0x1
 194 0151 03       		.byte	0x3
 195 0152 0E       		.byte	0xe
 196 0153 00       		.byte	0
 197 0154 0A       		.uleb128 0xa
 198 0155 4F000000 		.4byte	.LASF45
 199 0159 1C       		.byte	0x1c
 200 015a 04       		.byte	0x4
 201 015b 40       		.byte	0x40
 202 015c DC010000 		.4byte	0x1dc
 203 0160 07       		.uleb128 0x7
 204 0161 72010000 		.4byte	.LASF28
 205 0165 04       		.byte	0x4
 206 0166 42       		.byte	0x42
 207 0167 1D020000 		.4byte	0x21d
 208 016b 00       		.byte	0
 209 016c 07       		.uleb128 0x7
 210 016d F6020000 		.4byte	.LASF29
 211 0171 04       		.byte	0x4
 212 0172 45       		.byte	0x45
 213 0173 42020000 		.4byte	0x242
 214 0177 04       		.byte	0x4
 215 0178 07       		.uleb128 0x7
 216 0179 A4010000 		.4byte	.LASF30
 217 017d 04       		.byte	0x4
 218 017e 48       		.byte	0x48
 219 017f DA000000 		.4byte	0xda
 220 0183 08       		.byte	0x8
 221 0184 07       		.uleb128 0x7
 222 0185 1D020000 		.4byte	.LASF31
 223 0189 04       		.byte	0x4
 224 018a 49       		.byte	0x49
 225 018b DA000000 		.4byte	0xda
 226 018f 0A       		.byte	0xa
 227 0190 09       		.uleb128 0x9
 228 0191 B8010000 		.4byte	.LASF32
ARM GAS  C:\Users\haske\AppData\Local\Temp\ccqTGJLV.s 			page 5


 229 0195 04       		.byte	0x4
 230 0196 4A       		.byte	0x4a
 231 0197 AC000000 		.4byte	0xac
 232 019b 01       		.byte	0x1
 233 019c 02       		.byte	0x2
 234 019d 06       		.byte	0x6
 235 019e 0C       		.byte	0xc
 236 019f 07       		.uleb128 0x7
 237 01a0 5A000000 		.4byte	.LASF33
 238 01a4 04       		.byte	0x4
 239 01a5 4C       		.byte	0x4c
 240 01a6 A1000000 		.4byte	0xa1
 241 01aa 0D       		.byte	0xd
 242 01ab 07       		.uleb128 0x7
 243 01ac 87000000 		.4byte	.LASF34
 244 01b0 04       		.byte	0x4
 245 01b1 4D       		.byte	0x4d
 246 01b2 A1000000 		.4byte	0xa1
 247 01b6 0E       		.byte	0xe
 248 01b7 0B       		.uleb128 0xb
 249 01b8 64736300 		.ascii	"dsc\000"
 250 01bc 04       		.byte	0x4
 251 01bd 4F       		.byte	0x4f
 252 01be 48020000 		.4byte	0x248
 253 01c2 10       		.byte	0x10
 254 01c3 07       		.uleb128 0x7
 255 01c4 C7010000 		.4byte	.LASF35
 256 01c8 04       		.byte	0x4
 257 01c9 50       		.byte	0x50
 258 01ca DC010000 		.4byte	0x1dc
 259 01ce 14       		.byte	0x14
 260 01cf 07       		.uleb128 0x7
 261 01d0 05010000 		.4byte	.LASF36
 262 01d4 04       		.byte	0x4
 263 01d5 52       		.byte	0x52
 264 01d6 D8000000 		.4byte	0xd8
 265 01da 18       		.byte	0x18
 266 01db 00       		.byte	0
 267 01dc 0C       		.uleb128 0xc
 268 01dd 04       		.byte	0x4
 269 01de E2010000 		.4byte	0x1e2
 270 01e2 0D       		.uleb128 0xd
 271 01e3 54010000 		.4byte	0x154
 272 01e7 04       		.uleb128 0x4
 273 01e8 19000000 		.4byte	.LASF37
 274 01ec 04       		.byte	0x4
 275 01ed 33       		.byte	0x33
 276 01ee E5000000 		.4byte	0xe5
 277 01f2 0E       		.uleb128 0xe
 278 01f3 10020000 		.4byte	0x210
 279 01f7 10020000 		.4byte	0x210
 280 01fb 0F       		.uleb128 0xf
 281 01fc DC010000 		.4byte	0x1dc
 282 0200 0F       		.uleb128 0xf
 283 0201 17020000 		.4byte	0x217
 284 0205 0F       		.uleb128 0xf
 285 0206 CD000000 		.4byte	0xcd
ARM GAS  C:\Users\haske\AppData\Local\Temp\ccqTGJLV.s 			page 6


 286 020a 0F       		.uleb128 0xf
 287 020b CD000000 		.4byte	0xcd
 288 020f 00       		.byte	0
 289 0210 03       		.uleb128 0x3
 290 0211 01       		.byte	0x1
 291 0212 02       		.byte	0x2
 292 0213 07030000 		.4byte	.LASF38
 293 0217 0C       		.uleb128 0xc
 294 0218 04       		.byte	0x4
 295 0219 E7010000 		.4byte	0x1e7
 296 021d 0C       		.uleb128 0xc
 297 021e 04       		.byte	0x4
 298 021f F2010000 		.4byte	0x1f2
 299 0223 0E       		.uleb128 0xe
 300 0224 37020000 		.4byte	0x237
 301 0228 37020000 		.4byte	0x237
 302 022c 0F       		.uleb128 0xf
 303 022d DC010000 		.4byte	0x1dc
 304 0231 0F       		.uleb128 0xf
 305 0232 CD000000 		.4byte	0xcd
 306 0236 00       		.byte	0
 307 0237 0C       		.uleb128 0xc
 308 0238 04       		.byte	0x4
 309 0239 3D020000 		.4byte	0x23d
 310 023d 0D       		.uleb128 0xd
 311 023e AC000000 		.4byte	0xac
 312 0242 0C       		.uleb128 0xc
 313 0243 04       		.byte	0x4
 314 0244 23020000 		.4byte	0x223
 315 0248 0C       		.uleb128 0xc
 316 0249 04       		.byte	0x4
 317 024a 4E020000 		.4byte	0x24e
 318 024e 10       		.uleb128 0x10
 319 024f 04       		.uleb128 0x4
 320 0250 37000000 		.4byte	.LASF39
 321 0254 04       		.byte	0x4
 322 0255 54       		.byte	0x54
 323 0256 54010000 		.4byte	0x154
 324 025a 03       		.uleb128 0x3
 325 025b 01       		.byte	0x1
 326 025c 08       		.byte	0x8
 327 025d 97010000 		.4byte	.LASF40
 328 0261 03       		.uleb128 0x3
 329 0262 04       		.byte	0x4
 330 0263 07       		.byte	0x7
 331 0264 BE010000 		.4byte	.LASF41
 332 0268 0D       		.uleb128 0xd
 333 0269 4F020000 		.4byte	0x24f
 334 026d 11       		.uleb128 0x11
 335 026e 42010000 		.4byte	.LASF46
 336 0272 04       		.byte	0x4
 337 0273 94       		.byte	0x94
 338 0274 68020000 		.4byte	0x268
 339 0278 00       		.byte	0
 340              		.section	.debug_abbrev,"",%progbits
 341              	.Ldebug_abbrev0:
 342 0000 01       		.uleb128 0x1
ARM GAS  C:\Users\haske\AppData\Local\Temp\ccqTGJLV.s 			page 7


 343 0001 11       		.uleb128 0x11
 344 0002 01       		.byte	0x1
 345 0003 25       		.uleb128 0x25
 346 0004 0E       		.uleb128 0xe
 347 0005 13       		.uleb128 0x13
 348 0006 0B       		.uleb128 0xb
 349 0007 03       		.uleb128 0x3
 350 0008 0E       		.uleb128 0xe
 351 0009 1B       		.uleb128 0x1b
 352 000a 0E       		.uleb128 0xe
 353 000b 10       		.uleb128 0x10
 354 000c 17       		.uleb128 0x17
 355 000d 00       		.byte	0
 356 000e 00       		.byte	0
 357 000f 02       		.uleb128 0x2
 358 0010 24       		.uleb128 0x24
 359 0011 00       		.byte	0
 360 0012 0B       		.uleb128 0xb
 361 0013 0B       		.uleb128 0xb
 362 0014 3E       		.uleb128 0x3e
 363 0015 0B       		.uleb128 0xb
 364 0016 03       		.uleb128 0x3
 365 0017 08       		.uleb128 0x8
 366 0018 00       		.byte	0
 367 0019 00       		.byte	0
 368 001a 03       		.uleb128 0x3
 369 001b 24       		.uleb128 0x24
 370 001c 00       		.byte	0
 371 001d 0B       		.uleb128 0xb
 372 001e 0B       		.uleb128 0xb
 373 001f 3E       		.uleb128 0x3e
 374 0020 0B       		.uleb128 0xb
 375 0021 03       		.uleb128 0x3
 376 0022 0E       		.uleb128 0xe
 377 0023 00       		.byte	0
 378 0024 00       		.byte	0
 379 0025 04       		.uleb128 0x4
 380 0026 16       		.uleb128 0x16
 381 0027 00       		.byte	0
 382 0028 03       		.uleb128 0x3
 383 0029 0E       		.uleb128 0xe
 384 002a 3A       		.uleb128 0x3a
 385 002b 0B       		.uleb128 0xb
 386 002c 3B       		.uleb128 0x3b
 387 002d 0B       		.uleb128 0xb
 388 002e 49       		.uleb128 0x49
 389 002f 13       		.uleb128 0x13
 390 0030 00       		.byte	0
 391 0031 00       		.byte	0
 392 0032 05       		.uleb128 0x5
 393 0033 0F       		.uleb128 0xf
 394 0034 00       		.byte	0
 395 0035 0B       		.uleb128 0xb
 396 0036 0B       		.uleb128 0xb
 397 0037 00       		.byte	0
 398 0038 00       		.byte	0
 399 0039 06       		.uleb128 0x6
ARM GAS  C:\Users\haske\AppData\Local\Temp\ccqTGJLV.s 			page 8


 400 003a 13       		.uleb128 0x13
 401 003b 01       		.byte	0x1
 402 003c 0B       		.uleb128 0xb
 403 003d 0B       		.uleb128 0xb
 404 003e 3A       		.uleb128 0x3a
 405 003f 0B       		.uleb128 0xb
 406 0040 3B       		.uleb128 0x3b
 407 0041 0B       		.uleb128 0xb
 408 0042 01       		.uleb128 0x1
 409 0043 13       		.uleb128 0x13
 410 0044 00       		.byte	0
 411 0045 00       		.byte	0
 412 0046 07       		.uleb128 0x7
 413 0047 0D       		.uleb128 0xd
 414 0048 00       		.byte	0
 415 0049 03       		.uleb128 0x3
 416 004a 0E       		.uleb128 0xe
 417 004b 3A       		.uleb128 0x3a
 418 004c 0B       		.uleb128 0xb
 419 004d 3B       		.uleb128 0x3b
 420 004e 0B       		.uleb128 0xb
 421 004f 49       		.uleb128 0x49
 422 0050 13       		.uleb128 0x13
 423 0051 38       		.uleb128 0x38
 424 0052 0B       		.uleb128 0xb
 425 0053 00       		.byte	0
 426 0054 00       		.byte	0
 427 0055 08       		.uleb128 0x8
 428 0056 0D       		.uleb128 0xd
 429 0057 00       		.byte	0
 430 0058 03       		.uleb128 0x3
 431 0059 08       		.uleb128 0x8
 432 005a 3A       		.uleb128 0x3a
 433 005b 0B       		.uleb128 0xb
 434 005c 3B       		.uleb128 0x3b
 435 005d 0B       		.uleb128 0xb
 436 005e 49       		.uleb128 0x49
 437 005f 13       		.uleb128 0x13
 438 0060 0B       		.uleb128 0xb
 439 0061 0B       		.uleb128 0xb
 440 0062 0D       		.uleb128 0xd
 441 0063 0B       		.uleb128 0xb
 442 0064 0C       		.uleb128 0xc
 443 0065 0B       		.uleb128 0xb
 444 0066 38       		.uleb128 0x38
 445 0067 0B       		.uleb128 0xb
 446 0068 00       		.byte	0
 447 0069 00       		.byte	0
 448 006a 09       		.uleb128 0x9
 449 006b 0D       		.uleb128 0xd
 450 006c 00       		.byte	0
 451 006d 03       		.uleb128 0x3
 452 006e 0E       		.uleb128 0xe
 453 006f 3A       		.uleb128 0x3a
 454 0070 0B       		.uleb128 0xb
 455 0071 3B       		.uleb128 0x3b
 456 0072 0B       		.uleb128 0xb
ARM GAS  C:\Users\haske\AppData\Local\Temp\ccqTGJLV.s 			page 9


 457 0073 49       		.uleb128 0x49
 458 0074 13       		.uleb128 0x13
 459 0075 0B       		.uleb128 0xb
 460 0076 0B       		.uleb128 0xb
 461 0077 0D       		.uleb128 0xd
 462 0078 0B       		.uleb128 0xb
 463 0079 0C       		.uleb128 0xc
 464 007a 0B       		.uleb128 0xb
 465 007b 38       		.uleb128 0x38
 466 007c 0B       		.uleb128 0xb
 467 007d 00       		.byte	0
 468 007e 00       		.byte	0
 469 007f 0A       		.uleb128 0xa
 470 0080 13       		.uleb128 0x13
 471 0081 01       		.byte	0x1
 472 0082 03       		.uleb128 0x3
 473 0083 0E       		.uleb128 0xe
 474 0084 0B       		.uleb128 0xb
 475 0085 0B       		.uleb128 0xb
 476 0086 3A       		.uleb128 0x3a
 477 0087 0B       		.uleb128 0xb
 478 0088 3B       		.uleb128 0x3b
 479 0089 0B       		.uleb128 0xb
 480 008a 01       		.uleb128 0x1
 481 008b 13       		.uleb128 0x13
 482 008c 00       		.byte	0
 483 008d 00       		.byte	0
 484 008e 0B       		.uleb128 0xb
 485 008f 0D       		.uleb128 0xd
 486 0090 00       		.byte	0
 487 0091 03       		.uleb128 0x3
 488 0092 08       		.uleb128 0x8
 489 0093 3A       		.uleb128 0x3a
 490 0094 0B       		.uleb128 0xb
 491 0095 3B       		.uleb128 0x3b
 492 0096 0B       		.uleb128 0xb
 493 0097 49       		.uleb128 0x49
 494 0098 13       		.uleb128 0x13
 495 0099 38       		.uleb128 0x38
 496 009a 0B       		.uleb128 0xb
 497 009b 00       		.byte	0
 498 009c 00       		.byte	0
 499 009d 0C       		.uleb128 0xc
 500 009e 0F       		.uleb128 0xf
 501 009f 00       		.byte	0
 502 00a0 0B       		.uleb128 0xb
 503 00a1 0B       		.uleb128 0xb
 504 00a2 49       		.uleb128 0x49
 505 00a3 13       		.uleb128 0x13
 506 00a4 00       		.byte	0
 507 00a5 00       		.byte	0
 508 00a6 0D       		.uleb128 0xd
 509 00a7 26       		.uleb128 0x26
 510 00a8 00       		.byte	0
 511 00a9 49       		.uleb128 0x49
 512 00aa 13       		.uleb128 0x13
 513 00ab 00       		.byte	0
ARM GAS  C:\Users\haske\AppData\Local\Temp\ccqTGJLV.s 			page 10


 514 00ac 00       		.byte	0
 515 00ad 0E       		.uleb128 0xe
 516 00ae 15       		.uleb128 0x15
 517 00af 01       		.byte	0x1
 518 00b0 27       		.uleb128 0x27
 519 00b1 19       		.uleb128 0x19
 520 00b2 49       		.uleb128 0x49
 521 00b3 13       		.uleb128 0x13
 522 00b4 01       		.uleb128 0x1
 523 00b5 13       		.uleb128 0x13
 524 00b6 00       		.byte	0
 525 00b7 00       		.byte	0
 526 00b8 0F       		.uleb128 0xf
 527 00b9 05       		.uleb128 0x5
 528 00ba 00       		.byte	0
 529 00bb 49       		.uleb128 0x49
 530 00bc 13       		.uleb128 0x13
 531 00bd 00       		.byte	0
 532 00be 00       		.byte	0
 533 00bf 10       		.uleb128 0x10
 534 00c0 26       		.uleb128 0x26
 535 00c1 00       		.byte	0
 536 00c2 00       		.byte	0
 537 00c3 00       		.byte	0
 538 00c4 11       		.uleb128 0x11
 539 00c5 34       		.uleb128 0x34
 540 00c6 00       		.byte	0
 541 00c7 03       		.uleb128 0x3
 542 00c8 0E       		.uleb128 0xe
 543 00c9 3A       		.uleb128 0x3a
 544 00ca 0B       		.uleb128 0xb
 545 00cb 3B       		.uleb128 0x3b
 546 00cc 0B       		.uleb128 0xb
 547 00cd 49       		.uleb128 0x49
 548 00ce 13       		.uleb128 0x13
 549 00cf 3F       		.uleb128 0x3f
 550 00d0 19       		.uleb128 0x19
 551 00d1 3C       		.uleb128 0x3c
 552 00d2 19       		.uleb128 0x19
 553 00d3 00       		.byte	0
 554 00d4 00       		.byte	0
 555 00d5 00       		.byte	0
 556              		.section	.debug_aranges,"",%progbits
 557 0000 14000000 		.4byte	0x14
 558 0004 0200     		.2byte	0x2
 559 0006 00000000 		.4byte	.Ldebug_info0
 560 000a 04       		.byte	0x4
 561 000b 00       		.byte	0
 562 000c 0000     		.2byte	0
 563 000e 0000     		.2byte	0
 564 0010 00000000 		.4byte	0
 565 0014 00000000 		.4byte	0
 566              		.section	.debug_line,"",%progbits
 567              	.Ldebug_line0:
 568 0000 B0010000 		.section	.debug_str,"MS",%progbits,1
 568      0200AA01 
 568      00000201 
ARM GAS  C:\Users\haske\AppData\Local\Temp\ccqTGJLV.s 			page 11


 568      FB0E0D00 
 568      01010101 
 569              	.LASF23:
 570 0000 626F785F 		.ascii	"box_w\000"
 570      7700
 571              	.LASF4:
 572 0006 5F5F696E 		.ascii	"__int8_t\000"
 572      74385F74 
 572      00
 573              	.LASF5:
 574 000f 5F5F7569 		.ascii	"__uint8_t\000"
 574      6E74385F 
 574      7400
 575              	.LASF37:
 576 0019 6C765F66 		.ascii	"lv_font_glyph_dsc_t\000"
 576      6F6E745F 
 576      676C7970 
 576      685F6473 
 576      635F7400 
 577              	.LASF7:
 578 002d 5F5F696E 		.ascii	"__int16_t\000"
 578      7431365F 
 578      7400
 579              	.LASF39:
 580 0037 6C765F66 		.ascii	"lv_font_t\000"
 580      6F6E745F 
 580      7400
 581              	.LASF21:
 582 0041 7265736F 		.ascii	"resolved_font\000"
 582      6C766564 
 582      5F666F6E 
 582      7400
 583              	.LASF45:
 584 004f 5F6C765F 		.ascii	"_lv_font_t\000"
 584      666F6E74 
 584      5F7400
 585              	.LASF33:
 586 005a 756E6465 		.ascii	"underline_position\000"
 586      726C696E 
 586      655F706F 
 586      73697469 
 586      6F6E00
 587              	.LASF0:
 588 006d 756E7369 		.ascii	"unsigned int\000"
 588      676E6564 
 588      20696E74 
 588      00
 589              	.LASF24:
 590 007a 626F785F 		.ascii	"box_h\000"
 590      6800
 591              	.LASF15:
 592 0080 696E7438 		.ascii	"int8_t\000"
 592      5F7400
 593              	.LASF34:
 594 0087 756E6465 		.ascii	"underline_thickness\000"
 594      726C696E 
 594      655F7468 
ARM GAS  C:\Users\haske\AppData\Local\Temp\ccqTGJLV.s 			page 12


 594      69636B6E 
 594      65737300 
 595              	.LASF20:
 596 009b 6C765F63 		.ascii	"lv_coord_t\000"
 596      6F6F7264 
 596      5F7400
 597              	.LASF43:
 598 00a6 2E2E5C2E 		.ascii	"..\\..\\..\\arduinoLCD\\test\\Pain Drain\\libraries"
 598      2E5C2E2E 
 598      5C617264 
 598      75696E6F 
 598      4C43445C 
 599 00d3 5C6C7667 		.ascii	"\\lvgl\\src\\misc\\lv_txt_ap.c\000"
 599      6C5C7372 
 599      635C6D69 
 599      73635C6C 
 599      765F7478 
 600              	.LASF14:
 601 00ee 6C6F6E67 		.ascii	"long long unsigned int\000"
 601      206C6F6E 
 601      6720756E 
 601      7369676E 
 601      65642069 
 602              	.LASF36:
 603 0105 75736572 		.ascii	"user_data\000"
 603      5F646174 
 603      6100
 604              	.LASF6:
 605 010f 756E7369 		.ascii	"unsigned char\000"
 605      676E6564 
 605      20636861 
 605      7200
 606              	.LASF13:
 607 011d 6C6F6E67 		.ascii	"long unsigned int\000"
 607      20756E73 
 607      69676E65 
 607      6420696E 
 607      7400
 608              	.LASF10:
 609 012f 73686F72 		.ascii	"short unsigned int\000"
 609      7420756E 
 609      7369676E 
 609      65642069 
 609      6E7400
 610              	.LASF46:
 611 0142 6C765F66 		.ascii	"lv_font_montserrat_14\000"
 611      6F6E745F 
 611      6D6F6E74 
 611      73657272 
 611      61745F31 
 612              	.LASF27:
 613 0158 69735F70 		.ascii	"is_placeholder\000"
 613      6C616365 
 613      686F6C64 
 613      657200
 614              	.LASF9:
 615 0167 5F5F7569 		.ascii	"__uint16_t\000"
ARM GAS  C:\Users\haske\AppData\Local\Temp\ccqTGJLV.s 			page 13


 615      6E743136 
 615      5F7400
 616              	.LASF28:
 617 0172 6765745F 		.ascii	"get_glyph_dsc\000"
 617      676C7970 
 617      685F6473 
 617      6300
 618              	.LASF12:
 619 0180 5F5F7569 		.ascii	"__uint32_t\000"
 619      6E743332 
 619      5F7400
 620              	.LASF25:
 621 018b 6F66735F 		.ascii	"ofs_x\000"
 621      7800
 622              	.LASF26:
 623 0191 6F66735F 		.ascii	"ofs_y\000"
 623      7900
 624              	.LASF40:
 625 0197 63686172 		.ascii	"char\000"
 625      00
 626              	.LASF16:
 627 019c 75696E74 		.ascii	"uint8_t\000"
 627      385F7400 
 628              	.LASF30:
 629 01a4 6C696E65 		.ascii	"line_height\000"
 629      5F686569 
 629      67687400 
 630              	.LASF17:
 631 01b0 696E7431 		.ascii	"int16_t\000"
 631      365F7400 
 632              	.LASF32:
 633 01b8 73756270 		.ascii	"subpx\000"
 633      7800
 634              	.LASF41:
 635 01be 73697A65 		.ascii	"sizetype\000"
 635      74797065 
 635      00
 636              	.LASF35:
 637 01c7 66616C6C 		.ascii	"fallback\000"
 637      6261636B 
 637      00
 638              	.LASF1:
 639 01d0 6C6F6E67 		.ascii	"long long int\000"
 639      206C6F6E 
 639      6720696E 
 639      7400
 640              	.LASF22:
 641 01de 6164765F 		.ascii	"adv_w\000"
 641      7700
 642              	.LASF44:
 643 01e4 433A5C50 		.ascii	"C:\\Projects\\PainDrain\\firmware\\PainDrain\\PainD"
 643      726F6A65 
 643      6374735C 
 643      5061696E 
 643      44726169 
 644 0212 7261696E 		.ascii	"rain.cydsn\000"
 644      2E637964 
ARM GAS  C:\Users\haske\AppData\Local\Temp\ccqTGJLV.s 			page 14


 644      736E00
 645              	.LASF31:
 646 021d 62617365 		.ascii	"base_line\000"
 646      5F6C696E 
 646      6500
 647              	.LASF8:
 648 0227 73686F72 		.ascii	"short int\000"
 648      7420696E 
 648      7400
 649              	.LASF18:
 650 0231 75696E74 		.ascii	"uint16_t\000"
 650      31365F74 
 650      00
 651              	.LASF19:
 652 023a 75696E74 		.ascii	"uint32_t\000"
 652      33325F74 
 652      00
 653              	.LASF11:
 654 0243 6C6F6E67 		.ascii	"long int\000"
 654      20696E74 
 654      00
 655              	.LASF2:
 656 024c 6C6F6E67 		.ascii	"long double\000"
 656      20646F75 
 656      626C6500 
 657              	.LASF42:
 658 0258 474E5520 		.ascii	"GNU C11 5.4.1 20160609 (release) [ARM/embedded-5-br"
 658      43313120 
 658      352E342E 
 658      31203230 
 658      31363036 
 659 028b 616E6368 		.ascii	"anch revision 237715] -mcpu=cortex-m0plus -mthumb -"
 659      20726576 
 659      6973696F 
 659      6E203233 
 659      37373135 
 660 02be 67202D4F 		.ascii	"g -Og -ffunction-sections -ffat-lto-objects\000"
 660      67202D66 
 660      66756E63 
 660      74696F6E 
 660      2D736563 
 661              	.LASF3:
 662 02ea 7369676E 		.ascii	"signed char\000"
 662      65642063 
 662      68617200 
 663              	.LASF29:
 664 02f6 6765745F 		.ascii	"get_glyph_bitmap\000"
 664      676C7970 
 664      685F6269 
 664      746D6170 
 664      00
 665              	.LASF38:
 666 0307 5F426F6F 		.ascii	"_Bool\000"
 666      6C00
 667              		.ident	"GCC: (GNU Tools for ARM Embedded Processors) 5.4.1 20160609 (release) [ARM/embedded-5-bran
