ARM GAS  C:\Users\haske\AppData\Local\Temp\ccE2kxXZ.s 			page 1


   1              		.syntax unified
   2              		.cpu cortex-m0plus
   3              		.fpu softvfp
   4              		.eabi_attribute 20, 1
   5              		.eabi_attribute 21, 1
   6              		.eabi_attribute 23, 3
   7              		.eabi_attribute 24, 1
   8              		.eabi_attribute 25, 1
   9              		.eabi_attribute 26, 1
  10              		.eabi_attribute 30, 1
  11              		.eabi_attribute 34, 0
  12              		.eabi_attribute 18, 4
  13              		.thumb
  14              		.syntax unified
  15              		.file	"lv_utils.c"
  16              		.text
  17              	.Ltext0:
  18              		.cfi_sections	.debug_frame
  19              		.section	.text._lv_utils_bsearch,"ax",%progbits
  20              		.align	2
  21              		.global	_lv_utils_bsearch
  22              		.code	16
  23              		.thumb_func
  24              		.type	_lv_utils_bsearch, %function
  25              	_lv_utils_bsearch:
  26              	.LFB0:
  27              		.file 1 "..\\..\\..\\arduinoLCD\\test\\Pain Drain\\libraries\\lvgl\\src\\misc\\lv_utils.c"
   1:..\..\..\arduinoLCD\test\Pain Drain\libraries\lvgl\src\misc/lv_utils.c **** /**
   2:..\..\..\arduinoLCD\test\Pain Drain\libraries\lvgl\src\misc/lv_utils.c ****  * @file lv_utils.c
   3:..\..\..\arduinoLCD\test\Pain Drain\libraries\lvgl\src\misc/lv_utils.c ****  *
   4:..\..\..\arduinoLCD\test\Pain Drain\libraries\lvgl\src\misc/lv_utils.c ****  */
   5:..\..\..\arduinoLCD\test\Pain Drain\libraries\lvgl\src\misc/lv_utils.c **** 
   6:..\..\..\arduinoLCD\test\Pain Drain\libraries\lvgl\src\misc/lv_utils.c **** /*********************
   7:..\..\..\arduinoLCD\test\Pain Drain\libraries\lvgl\src\misc/lv_utils.c ****  *      INCLUDES
   8:..\..\..\arduinoLCD\test\Pain Drain\libraries\lvgl\src\misc/lv_utils.c ****  *********************/
   9:..\..\..\arduinoLCD\test\Pain Drain\libraries\lvgl\src\misc/lv_utils.c **** #include <stddef.h>
  10:..\..\..\arduinoLCD\test\Pain Drain\libraries\lvgl\src\misc/lv_utils.c **** 
  11:..\..\..\arduinoLCD\test\Pain Drain\libraries\lvgl\src\misc/lv_utils.c **** #include "lv_utils.h"
  12:..\..\..\arduinoLCD\test\Pain Drain\libraries\lvgl\src\misc/lv_utils.c **** 
  13:..\..\..\arduinoLCD\test\Pain Drain\libraries\lvgl\src\misc/lv_utils.c **** /*********************
  14:..\..\..\arduinoLCD\test\Pain Drain\libraries\lvgl\src\misc/lv_utils.c ****  *      DEFINES
  15:..\..\..\arduinoLCD\test\Pain Drain\libraries\lvgl\src\misc/lv_utils.c ****  *********************/
  16:..\..\..\arduinoLCD\test\Pain Drain\libraries\lvgl\src\misc/lv_utils.c **** 
  17:..\..\..\arduinoLCD\test\Pain Drain\libraries\lvgl\src\misc/lv_utils.c **** /**********************
  18:..\..\..\arduinoLCD\test\Pain Drain\libraries\lvgl\src\misc/lv_utils.c ****  *      TYPEDEFS
  19:..\..\..\arduinoLCD\test\Pain Drain\libraries\lvgl\src\misc/lv_utils.c ****  **********************/
  20:..\..\..\arduinoLCD\test\Pain Drain\libraries\lvgl\src\misc/lv_utils.c **** 
  21:..\..\..\arduinoLCD\test\Pain Drain\libraries\lvgl\src\misc/lv_utils.c **** /**********************
  22:..\..\..\arduinoLCD\test\Pain Drain\libraries\lvgl\src\misc/lv_utils.c ****  *  STATIC PROTOTYPES
  23:..\..\..\arduinoLCD\test\Pain Drain\libraries\lvgl\src\misc/lv_utils.c ****  **********************/
  24:..\..\..\arduinoLCD\test\Pain Drain\libraries\lvgl\src\misc/lv_utils.c **** 
  25:..\..\..\arduinoLCD\test\Pain Drain\libraries\lvgl\src\misc/lv_utils.c **** /**********************
  26:..\..\..\arduinoLCD\test\Pain Drain\libraries\lvgl\src\misc/lv_utils.c ****  *  STATIC VARIABLES
  27:..\..\..\arduinoLCD\test\Pain Drain\libraries\lvgl\src\misc/lv_utils.c ****  **********************/
  28:..\..\..\arduinoLCD\test\Pain Drain\libraries\lvgl\src\misc/lv_utils.c **** 
  29:..\..\..\arduinoLCD\test\Pain Drain\libraries\lvgl\src\misc/lv_utils.c **** /**********************
  30:..\..\..\arduinoLCD\test\Pain Drain\libraries\lvgl\src\misc/lv_utils.c ****  *      MACROS
ARM GAS  C:\Users\haske\AppData\Local\Temp\ccE2kxXZ.s 			page 2


  31:..\..\..\arduinoLCD\test\Pain Drain\libraries\lvgl\src\misc/lv_utils.c ****  **********************/
  32:..\..\..\arduinoLCD\test\Pain Drain\libraries\lvgl\src\misc/lv_utils.c **** 
  33:..\..\..\arduinoLCD\test\Pain Drain\libraries\lvgl\src\misc/lv_utils.c **** /**********************
  34:..\..\..\arduinoLCD\test\Pain Drain\libraries\lvgl\src\misc/lv_utils.c ****  *   GLOBAL FUNCTIONS
  35:..\..\..\arduinoLCD\test\Pain Drain\libraries\lvgl\src\misc/lv_utils.c ****  **********************/
  36:..\..\..\arduinoLCD\test\Pain Drain\libraries\lvgl\src\misc/lv_utils.c **** 
  37:..\..\..\arduinoLCD\test\Pain Drain\libraries\lvgl\src\misc/lv_utils.c **** /** Searches base[0] to base[n - 1] for an item that matches *key.
  38:..\..\..\arduinoLCD\test\Pain Drain\libraries\lvgl\src\misc/lv_utils.c ****  *
  39:..\..\..\arduinoLCD\test\Pain Drain\libraries\lvgl\src\misc/lv_utils.c ****  * @note The function cmp must return negative if its first
  40:..\..\..\arduinoLCD\test\Pain Drain\libraries\lvgl\src\misc/lv_utils.c ****  *  argument (the search key) is less than its second (a table entry),
  41:..\..\..\arduinoLCD\test\Pain Drain\libraries\lvgl\src\misc/lv_utils.c ****  *  zero if equal, and positive if greater.
  42:..\..\..\arduinoLCD\test\Pain Drain\libraries\lvgl\src\misc/lv_utils.c ****  *
  43:..\..\..\arduinoLCD\test\Pain Drain\libraries\lvgl\src\misc/lv_utils.c ****  *  @note Items in the array must be in ascending order.
  44:..\..\..\arduinoLCD\test\Pain Drain\libraries\lvgl\src\misc/lv_utils.c ****  *
  45:..\..\..\arduinoLCD\test\Pain Drain\libraries\lvgl\src\misc/lv_utils.c ****  * @param key    Pointer to item being searched for
  46:..\..\..\arduinoLCD\test\Pain Drain\libraries\lvgl\src\misc/lv_utils.c ****  * @param base   Pointer to first element to search
  47:..\..\..\arduinoLCD\test\Pain Drain\libraries\lvgl\src\misc/lv_utils.c ****  * @param n      Number of elements
  48:..\..\..\arduinoLCD\test\Pain Drain\libraries\lvgl\src\misc/lv_utils.c ****  * @param size   Size of each element
  49:..\..\..\arduinoLCD\test\Pain Drain\libraries\lvgl\src\misc/lv_utils.c ****  * @param cmp    Pointer to comparison function (see #unicode_list_compare as a comparison function
  50:..\..\..\arduinoLCD\test\Pain Drain\libraries\lvgl\src\misc/lv_utils.c ****  * example)
  51:..\..\..\arduinoLCD\test\Pain Drain\libraries\lvgl\src\misc/lv_utils.c ****  *
  52:..\..\..\arduinoLCD\test\Pain Drain\libraries\lvgl\src\misc/lv_utils.c ****  * @return a pointer to a matching item, or NULL if none exists.
  53:..\..\..\arduinoLCD\test\Pain Drain\libraries\lvgl\src\misc/lv_utils.c ****  */
  54:..\..\..\arduinoLCD\test\Pain Drain\libraries\lvgl\src\misc/lv_utils.c **** void * _lv_utils_bsearch(const void * key, const void * base, uint32_t n, uint32_t size,
  55:..\..\..\arduinoLCD\test\Pain Drain\libraries\lvgl\src\misc/lv_utils.c ****                          int32_t (*cmp)(const void * pRef, const void * pElement))
  56:..\..\..\arduinoLCD\test\Pain Drain\libraries\lvgl\src\misc/lv_utils.c **** {
  28              		.loc 1 56 0
  29              		.cfi_startproc
  30              		@ args = 4, pretend = 0, frame = 8
  31              		@ frame_needed = 0, uses_anonymous_args = 0
  32              	.LVL0:
  33 0000 F0B5     		push	{r4, r5, r6, r7, lr}
  34              		.cfi_def_cfa_offset 20
  35              		.cfi_offset 4, -20
  36              		.cfi_offset 5, -16
  37              		.cfi_offset 6, -12
  38              		.cfi_offset 7, -8
  39              		.cfi_offset 14, -4
  40 0002 5746     		mov	r7, r10
  41 0004 4646     		mov	r6, r8
  42 0006 C0B4     		push	{r6, r7}
  43              		.cfi_def_cfa_offset 28
  44              		.cfi_offset 8, -28
  45              		.cfi_offset 10, -24
  46 0008 83B0     		sub	sp, sp, #12
  47              		.cfi_def_cfa_offset 40
  48 000a 0190     		str	r0, [sp, #4]
  49 000c 8A46     		mov	r10, r1
  50 000e 1500     		movs	r5, r2
  51 0010 1F00     		movs	r7, r3
  52 0012 0A9B     		ldr	r3, [sp, #40]
  53              	.LVL1:
  54 0014 9846     		mov	r8, r3
  55              	.LVL2:
  57:..\..\..\arduinoLCD\test\Pain Drain\libraries\lvgl\src\misc/lv_utils.c ****     const char * middle;
  58:..\..\..\arduinoLCD\test\Pain Drain\libraries\lvgl\src\misc/lv_utils.c ****     int32_t c;
  59:..\..\..\arduinoLCD\test\Pain Drain\libraries\lvgl\src\misc/lv_utils.c **** 
ARM GAS  C:\Users\haske\AppData\Local\Temp\ccE2kxXZ.s 			page 3


  60:..\..\..\arduinoLCD\test\Pain Drain\libraries\lvgl\src\misc/lv_utils.c ****     for(middle = base; n != 0;) {
  56              		.loc 1 60 0
  57 0016 13E0     		b	.L2
  58              	.LVL3:
  59              	.L6:
  61:..\..\..\arduinoLCD\test\Pain Drain\libraries\lvgl\src\misc/lv_utils.c ****         middle += (n / 2) * size;
  60              		.loc 1 61 0
  61 0018 6E08     		lsrs	r6, r5, #1
  62 001a 3C00     		movs	r4, r7
  63 001c 7443     		muls	r4, r6
  64 001e 5444     		add	r4, r4, r10
  65              	.LVL4:
  62:..\..\..\arduinoLCD\test\Pain Drain\libraries\lvgl\src\misc/lv_utils.c ****         if((c = (*cmp)(key, middle)) > 0) {
  66              		.loc 1 62 0
  67 0020 2100     		movs	r1, r4
  68 0022 0198     		ldr	r0, [sp, #4]
  69 0024 C047     		blx	r8
  70              	.LVL5:
  71 0026 0028     		cmp	r0, #0
  72 0028 07DD     		ble	.L3
  63:..\..\..\arduinoLCD\test\Pain Drain\libraries\lvgl\src\misc/lv_utils.c ****             n    = (n / 2) - ((n & 1) == 0);
  73              		.loc 1 63 0
  74 002a 0122     		movs	r2, #1
  75 002c 2A40     		ands	r2, r5
  76 002e 5342     		rsbs	r3, r2, #0
  77 0030 5A41     		adcs	r2, r2, r3
  78 0032 B51A     		subs	r5, r6, r2
  79              	.LVL6:
  64:..\..\..\arduinoLCD\test\Pain Drain\libraries\lvgl\src\misc/lv_utils.c ****             base = (middle += size);
  80              		.loc 1 64 0
  81 0034 A246     		mov	r10, r4
  82              	.LVL7:
  83 0036 BA44     		add	r10, r10, r7
  84              	.LVL8:
  85 0038 02E0     		b	.L2
  86              	.LVL9:
  87              	.L3:
  65:..\..\..\arduinoLCD\test\Pain Drain\libraries\lvgl\src\misc/lv_utils.c ****         }
  66:..\..\..\arduinoLCD\test\Pain Drain\libraries\lvgl\src\misc/lv_utils.c ****         else if(c < 0) {
  88              		.loc 1 66 0
  89 003a 0028     		cmp	r0, #0
  90 003c 04DA     		bge	.L7
  67:..\..\..\arduinoLCD\test\Pain Drain\libraries\lvgl\src\misc/lv_utils.c ****             n /= 2;
  91              		.loc 1 67 0
  92 003e 3500     		movs	r5, r6
  93              	.LVL10:
  94              	.L2:
  60:..\..\..\arduinoLCD\test\Pain Drain\libraries\lvgl\src\misc/lv_utils.c ****         middle += (n / 2) * size;
  95              		.loc 1 60 0 discriminator 1
  96 0040 002D     		cmp	r5, #0
  97 0042 E9D1     		bne	.L6
  68:..\..\..\arduinoLCD\test\Pain Drain\libraries\lvgl\src\misc/lv_utils.c ****             middle = base;
  69:..\..\..\arduinoLCD\test\Pain Drain\libraries\lvgl\src\misc/lv_utils.c ****         }
  70:..\..\..\arduinoLCD\test\Pain Drain\libraries\lvgl\src\misc/lv_utils.c ****         else {
  71:..\..\..\arduinoLCD\test\Pain Drain\libraries\lvgl\src\misc/lv_utils.c ****             return (char *)middle;
  72:..\..\..\arduinoLCD\test\Pain Drain\libraries\lvgl\src\misc/lv_utils.c ****         }
  73:..\..\..\arduinoLCD\test\Pain Drain\libraries\lvgl\src\misc/lv_utils.c ****     }
ARM GAS  C:\Users\haske\AppData\Local\Temp\ccE2kxXZ.s 			page 4


  74:..\..\..\arduinoLCD\test\Pain Drain\libraries\lvgl\src\misc/lv_utils.c ****     return NULL;
  98              		.loc 1 74 0
  99 0044 0020     		movs	r0, #0
 100 0046 00E0     		b	.L5
 101              	.LVL11:
 102              	.L7:
  71:..\..\..\arduinoLCD\test\Pain Drain\libraries\lvgl\src\misc/lv_utils.c ****         }
 103              		.loc 1 71 0
 104 0048 2000     		movs	r0, r4
 105              	.LVL12:
 106              	.L5:
  75:..\..\..\arduinoLCD\test\Pain Drain\libraries\lvgl\src\misc/lv_utils.c **** }
 107              		.loc 1 75 0
 108 004a 03B0     		add	sp, sp, #12
 109              		@ sp needed
 110              	.LVL13:
 111              	.LVL14:
 112              	.LVL15:
 113 004c 0CBC     		pop	{r2, r3}
 114 004e 9046     		mov	r8, r2
 115 0050 9A46     		mov	r10, r3
 116 0052 F0BD     		pop	{r4, r5, r6, r7, pc}
 117              		.cfi_endproc
 118              	.LFE0:
 119              		.size	_lv_utils_bsearch, .-_lv_utils_bsearch
 120              		.text
 121              	.Letext0:
 122              		.file 2 "c:\\program files (x86)\\cypress\\psoc creator\\4.4\\psoc creator\\import\\gnu\\arm\\5.4.
 123              		.file 3 "c:\\program files (x86)\\cypress\\psoc creator\\4.4\\psoc creator\\import\\gnu\\arm\\5.4.
 124              		.section	.debug_info,"",%progbits
 125              	.Ldebug_info0:
 126 0000 61010000 		.4byte	0x161
 127 0004 0400     		.2byte	0x4
 128 0006 00000000 		.4byte	.Ldebug_abbrev0
 129 000a 04       		.byte	0x4
 130 000b 01       		.uleb128 0x1
 131 000c 4D010000 		.4byte	.LASF18
 132 0010 0C       		.byte	0xc
 133 0011 6C000000 		.4byte	.LASF19
 134 0015 E5000000 		.4byte	.LASF20
 135 0019 00000000 		.4byte	.Ldebug_ranges0+0
 136 001d 00000000 		.4byte	0
 137 0021 00000000 		.4byte	.Ldebug_line0
 138 0025 02       		.uleb128 0x2
 139 0026 04       		.byte	0x4
 140 0027 05       		.byte	0x5
 141 0028 696E7400 		.ascii	"int\000"
 142 002c 03       		.uleb128 0x3
 143 002d 04       		.byte	0x4
 144 002e 07       		.byte	0x7
 145 002f 4D000000 		.4byte	.LASF0
 146 0033 03       		.uleb128 0x3
 147 0034 08       		.byte	0x8
 148 0035 05       		.byte	0x5
 149 0036 D2000000 		.4byte	.LASF1
 150 003a 03       		.uleb128 0x3
 151 003b 08       		.byte	0x8
ARM GAS  C:\Users\haske\AppData\Local\Temp\ccE2kxXZ.s 			page 5


 152 003c 04       		.byte	0x4
 153 003d 41010000 		.4byte	.LASF2
 154 0041 03       		.uleb128 0x3
 155 0042 01       		.byte	0x1
 156 0043 06       		.byte	0x6
 157 0044 DF010000 		.4byte	.LASF3
 158 0048 03       		.uleb128 0x3
 159 0049 01       		.byte	0x1
 160 004a 08       		.byte	0x8
 161 004b 0A000000 		.4byte	.LASF4
 162 004f 03       		.uleb128 0x3
 163 0050 02       		.byte	0x2
 164 0051 05       		.byte	0x5
 165 0052 1E010000 		.4byte	.LASF5
 166 0056 03       		.uleb128 0x3
 167 0057 02       		.byte	0x2
 168 0058 07       		.byte	0x7
 169 0059 2A000000 		.4byte	.LASF6
 170 005d 04       		.uleb128 0x4
 171 005e 00000000 		.4byte	.LASF8
 172 0062 02       		.byte	0x2
 173 0063 3F       		.byte	0x3f
 174 0064 68000000 		.4byte	0x68
 175 0068 03       		.uleb128 0x3
 176 0069 04       		.byte	0x4
 177 006a 05       		.byte	0x5
 178 006b 31010000 		.4byte	.LASF7
 179 006f 04       		.uleb128 0x4
 180 0070 3D000000 		.4byte	.LASF9
 181 0074 02       		.byte	0x2
 182 0075 41       		.byte	0x41
 183 0076 7A000000 		.4byte	0x7a
 184 007a 03       		.uleb128 0x3
 185 007b 04       		.byte	0x4
 186 007c 07       		.byte	0x7
 187 007d 18000000 		.4byte	.LASF10
 188 0081 03       		.uleb128 0x3
 189 0082 08       		.byte	0x8
 190 0083 07       		.byte	0x7
 191 0084 B3000000 		.4byte	.LASF11
 192 0088 04       		.uleb128 0x4
 193 0089 CA000000 		.4byte	.LASF12
 194 008d 03       		.byte	0x3
 195 008e 2C       		.byte	0x2c
 196 008f 5D000000 		.4byte	0x5d
 197 0093 04       		.uleb128 0x4
 198 0094 28010000 		.4byte	.LASF13
 199 0098 03       		.byte	0x3
 200 0099 30       		.byte	0x30
 201 009a 6F000000 		.4byte	0x6f
 202 009e 05       		.uleb128 0x5
 203 009f 5A000000 		.4byte	.LASF21
 204 00a3 01       		.byte	0x1
 205 00a4 36       		.byte	0x36
 206 00a5 2F010000 		.4byte	0x12f
 207 00a9 00000000 		.4byte	.LFB0
 208 00ad 54000000 		.4byte	.LFE0-.LFB0
ARM GAS  C:\Users\haske\AppData\Local\Temp\ccE2kxXZ.s 			page 6


 209 00b1 01       		.uleb128 0x1
 210 00b2 9C       		.byte	0x9c
 211 00b3 2F010000 		.4byte	0x12f
 212 00b7 06       		.uleb128 0x6
 213 00b8 6B657900 		.ascii	"key\000"
 214 00bc 01       		.byte	0x1
 215 00bd 36       		.byte	0x36
 216 00be 31010000 		.4byte	0x131
 217 00c2 00000000 		.4byte	.LLST0
 218 00c6 07       		.uleb128 0x7
 219 00c7 48000000 		.4byte	.LASF14
 220 00cb 01       		.byte	0x1
 221 00cc 36       		.byte	0x36
 222 00cd 31010000 		.4byte	0x131
 223 00d1 1F000000 		.4byte	.LLST1
 224 00d5 06       		.uleb128 0x6
 225 00d6 6E00     		.ascii	"n\000"
 226 00d8 01       		.byte	0x1
 227 00d9 36       		.byte	0x36
 228 00da 93000000 		.4byte	0x93
 229 00de 48000000 		.4byte	.LLST2
 230 00e2 07       		.uleb128 0x7
 231 00e3 EB010000 		.4byte	.LASF15
 232 00e7 01       		.byte	0x1
 233 00e8 36       		.byte	0x36
 234 00e9 93000000 		.4byte	0x93
 235 00ed 66000000 		.4byte	.LLST3
 236 00f1 08       		.uleb128 0x8
 237 00f2 636D7000 		.ascii	"cmp\000"
 238 00f6 01       		.byte	0x1
 239 00f7 37       		.byte	0x37
 240 00f8 4C010000 		.4byte	0x14c
 241 00fc 02       		.uleb128 0x2
 242 00fd 91       		.byte	0x91
 243 00fe 00       		.sleb128 0
 244 00ff 09       		.uleb128 0x9
 245 0100 3A010000 		.4byte	.LASF16
 246 0104 01       		.byte	0x1
 247 0105 39       		.byte	0x39
 248 0106 52010000 		.4byte	0x152
 249 010a 92000000 		.4byte	.LLST4
 250 010e 0A       		.uleb128 0xa
 251 010f 6300     		.ascii	"c\000"
 252 0111 01       		.byte	0x1
 253 0112 3A       		.byte	0x3a
 254 0113 88000000 		.4byte	0x88
 255 0117 E7000000 		.4byte	.LLST5
 256 011b 0B       		.uleb128 0xb
 257 011c 26000000 		.4byte	.LVL5
 258 0120 0C       		.uleb128 0xc
 259 0121 01       		.uleb128 0x1
 260 0122 50       		.byte	0x50
 261 0123 03       		.uleb128 0x3
 262 0124 91       		.byte	0x91
 263 0125 5C       		.sleb128 -36
 264 0126 06       		.byte	0x6
 265 0127 0C       		.uleb128 0xc
ARM GAS  C:\Users\haske\AppData\Local\Temp\ccE2kxXZ.s 			page 7


 266 0128 01       		.uleb128 0x1
 267 0129 51       		.byte	0x51
 268 012a 02       		.uleb128 0x2
 269 012b 74       		.byte	0x74
 270 012c 00       		.sleb128 0
 271 012d 00       		.byte	0
 272 012e 00       		.byte	0
 273 012f 0D       		.uleb128 0xd
 274 0130 04       		.byte	0x4
 275 0131 0E       		.uleb128 0xe
 276 0132 04       		.byte	0x4
 277 0133 37010000 		.4byte	0x137
 278 0137 0F       		.uleb128 0xf
 279 0138 10       		.uleb128 0x10
 280 0139 88000000 		.4byte	0x88
 281 013d 4C010000 		.4byte	0x14c
 282 0141 11       		.uleb128 0x11
 283 0142 31010000 		.4byte	0x131
 284 0146 11       		.uleb128 0x11
 285 0147 31010000 		.4byte	0x131
 286 014b 00       		.byte	0
 287 014c 0E       		.uleb128 0xe
 288 014d 04       		.byte	0x4
 289 014e 38010000 		.4byte	0x138
 290 0152 0E       		.uleb128 0xe
 291 0153 04       		.byte	0x4
 292 0154 5F010000 		.4byte	0x15f
 293 0158 03       		.uleb128 0x3
 294 0159 01       		.byte	0x1
 295 015a 08       		.byte	0x8
 296 015b E0000000 		.4byte	.LASF17
 297 015f 12       		.uleb128 0x12
 298 0160 58010000 		.4byte	0x158
 299 0164 00       		.byte	0
 300              		.section	.debug_abbrev,"",%progbits
 301              	.Ldebug_abbrev0:
 302 0000 01       		.uleb128 0x1
 303 0001 11       		.uleb128 0x11
 304 0002 01       		.byte	0x1
 305 0003 25       		.uleb128 0x25
 306 0004 0E       		.uleb128 0xe
 307 0005 13       		.uleb128 0x13
 308 0006 0B       		.uleb128 0xb
 309 0007 03       		.uleb128 0x3
 310 0008 0E       		.uleb128 0xe
 311 0009 1B       		.uleb128 0x1b
 312 000a 0E       		.uleb128 0xe
 313 000b 55       		.uleb128 0x55
 314 000c 17       		.uleb128 0x17
 315 000d 11       		.uleb128 0x11
 316 000e 01       		.uleb128 0x1
 317 000f 10       		.uleb128 0x10
 318 0010 17       		.uleb128 0x17
 319 0011 00       		.byte	0
 320 0012 00       		.byte	0
 321 0013 02       		.uleb128 0x2
 322 0014 24       		.uleb128 0x24
ARM GAS  C:\Users\haske\AppData\Local\Temp\ccE2kxXZ.s 			page 8


 323 0015 00       		.byte	0
 324 0016 0B       		.uleb128 0xb
 325 0017 0B       		.uleb128 0xb
 326 0018 3E       		.uleb128 0x3e
 327 0019 0B       		.uleb128 0xb
 328 001a 03       		.uleb128 0x3
 329 001b 08       		.uleb128 0x8
 330 001c 00       		.byte	0
 331 001d 00       		.byte	0
 332 001e 03       		.uleb128 0x3
 333 001f 24       		.uleb128 0x24
 334 0020 00       		.byte	0
 335 0021 0B       		.uleb128 0xb
 336 0022 0B       		.uleb128 0xb
 337 0023 3E       		.uleb128 0x3e
 338 0024 0B       		.uleb128 0xb
 339 0025 03       		.uleb128 0x3
 340 0026 0E       		.uleb128 0xe
 341 0027 00       		.byte	0
 342 0028 00       		.byte	0
 343 0029 04       		.uleb128 0x4
 344 002a 16       		.uleb128 0x16
 345 002b 00       		.byte	0
 346 002c 03       		.uleb128 0x3
 347 002d 0E       		.uleb128 0xe
 348 002e 3A       		.uleb128 0x3a
 349 002f 0B       		.uleb128 0xb
 350 0030 3B       		.uleb128 0x3b
 351 0031 0B       		.uleb128 0xb
 352 0032 49       		.uleb128 0x49
 353 0033 13       		.uleb128 0x13
 354 0034 00       		.byte	0
 355 0035 00       		.byte	0
 356 0036 05       		.uleb128 0x5
 357 0037 2E       		.uleb128 0x2e
 358 0038 01       		.byte	0x1
 359 0039 3F       		.uleb128 0x3f
 360 003a 19       		.uleb128 0x19
 361 003b 03       		.uleb128 0x3
 362 003c 0E       		.uleb128 0xe
 363 003d 3A       		.uleb128 0x3a
 364 003e 0B       		.uleb128 0xb
 365 003f 3B       		.uleb128 0x3b
 366 0040 0B       		.uleb128 0xb
 367 0041 27       		.uleb128 0x27
 368 0042 19       		.uleb128 0x19
 369 0043 49       		.uleb128 0x49
 370 0044 13       		.uleb128 0x13
 371 0045 11       		.uleb128 0x11
 372 0046 01       		.uleb128 0x1
 373 0047 12       		.uleb128 0x12
 374 0048 06       		.uleb128 0x6
 375 0049 40       		.uleb128 0x40
 376 004a 18       		.uleb128 0x18
 377 004b 9742     		.uleb128 0x2117
 378 004d 19       		.uleb128 0x19
 379 004e 01       		.uleb128 0x1
ARM GAS  C:\Users\haske\AppData\Local\Temp\ccE2kxXZ.s 			page 9


 380 004f 13       		.uleb128 0x13
 381 0050 00       		.byte	0
 382 0051 00       		.byte	0
 383 0052 06       		.uleb128 0x6
 384 0053 05       		.uleb128 0x5
 385 0054 00       		.byte	0
 386 0055 03       		.uleb128 0x3
 387 0056 08       		.uleb128 0x8
 388 0057 3A       		.uleb128 0x3a
 389 0058 0B       		.uleb128 0xb
 390 0059 3B       		.uleb128 0x3b
 391 005a 0B       		.uleb128 0xb
 392 005b 49       		.uleb128 0x49
 393 005c 13       		.uleb128 0x13
 394 005d 02       		.uleb128 0x2
 395 005e 17       		.uleb128 0x17
 396 005f 00       		.byte	0
 397 0060 00       		.byte	0
 398 0061 07       		.uleb128 0x7
 399 0062 05       		.uleb128 0x5
 400 0063 00       		.byte	0
 401 0064 03       		.uleb128 0x3
 402 0065 0E       		.uleb128 0xe
 403 0066 3A       		.uleb128 0x3a
 404 0067 0B       		.uleb128 0xb
 405 0068 3B       		.uleb128 0x3b
 406 0069 0B       		.uleb128 0xb
 407 006a 49       		.uleb128 0x49
 408 006b 13       		.uleb128 0x13
 409 006c 02       		.uleb128 0x2
 410 006d 17       		.uleb128 0x17
 411 006e 00       		.byte	0
 412 006f 00       		.byte	0
 413 0070 08       		.uleb128 0x8
 414 0071 05       		.uleb128 0x5
 415 0072 00       		.byte	0
 416 0073 03       		.uleb128 0x3
 417 0074 08       		.uleb128 0x8
 418 0075 3A       		.uleb128 0x3a
 419 0076 0B       		.uleb128 0xb
 420 0077 3B       		.uleb128 0x3b
 421 0078 0B       		.uleb128 0xb
 422 0079 49       		.uleb128 0x49
 423 007a 13       		.uleb128 0x13
 424 007b 02       		.uleb128 0x2
 425 007c 18       		.uleb128 0x18
 426 007d 00       		.byte	0
 427 007e 00       		.byte	0
 428 007f 09       		.uleb128 0x9
 429 0080 34       		.uleb128 0x34
 430 0081 00       		.byte	0
 431 0082 03       		.uleb128 0x3
 432 0083 0E       		.uleb128 0xe
 433 0084 3A       		.uleb128 0x3a
 434 0085 0B       		.uleb128 0xb
 435 0086 3B       		.uleb128 0x3b
 436 0087 0B       		.uleb128 0xb
ARM GAS  C:\Users\haske\AppData\Local\Temp\ccE2kxXZ.s 			page 10


 437 0088 49       		.uleb128 0x49
 438 0089 13       		.uleb128 0x13
 439 008a 02       		.uleb128 0x2
 440 008b 17       		.uleb128 0x17
 441 008c 00       		.byte	0
 442 008d 00       		.byte	0
 443 008e 0A       		.uleb128 0xa
 444 008f 34       		.uleb128 0x34
 445 0090 00       		.byte	0
 446 0091 03       		.uleb128 0x3
 447 0092 08       		.uleb128 0x8
 448 0093 3A       		.uleb128 0x3a
 449 0094 0B       		.uleb128 0xb
 450 0095 3B       		.uleb128 0x3b
 451 0096 0B       		.uleb128 0xb
 452 0097 49       		.uleb128 0x49
 453 0098 13       		.uleb128 0x13
 454 0099 02       		.uleb128 0x2
 455 009a 17       		.uleb128 0x17
 456 009b 00       		.byte	0
 457 009c 00       		.byte	0
 458 009d 0B       		.uleb128 0xb
 459 009e 898201   		.uleb128 0x4109
 460 00a1 01       		.byte	0x1
 461 00a2 11       		.uleb128 0x11
 462 00a3 01       		.uleb128 0x1
 463 00a4 00       		.byte	0
 464 00a5 00       		.byte	0
 465 00a6 0C       		.uleb128 0xc
 466 00a7 8A8201   		.uleb128 0x410a
 467 00aa 00       		.byte	0
 468 00ab 02       		.uleb128 0x2
 469 00ac 18       		.uleb128 0x18
 470 00ad 9142     		.uleb128 0x2111
 471 00af 18       		.uleb128 0x18
 472 00b0 00       		.byte	0
 473 00b1 00       		.byte	0
 474 00b2 0D       		.uleb128 0xd
 475 00b3 0F       		.uleb128 0xf
 476 00b4 00       		.byte	0
 477 00b5 0B       		.uleb128 0xb
 478 00b6 0B       		.uleb128 0xb
 479 00b7 00       		.byte	0
 480 00b8 00       		.byte	0
 481 00b9 0E       		.uleb128 0xe
 482 00ba 0F       		.uleb128 0xf
 483 00bb 00       		.byte	0
 484 00bc 0B       		.uleb128 0xb
 485 00bd 0B       		.uleb128 0xb
 486 00be 49       		.uleb128 0x49
 487 00bf 13       		.uleb128 0x13
 488 00c0 00       		.byte	0
 489 00c1 00       		.byte	0
 490 00c2 0F       		.uleb128 0xf
 491 00c3 26       		.uleb128 0x26
 492 00c4 00       		.byte	0
 493 00c5 00       		.byte	0
ARM GAS  C:\Users\haske\AppData\Local\Temp\ccE2kxXZ.s 			page 11


 494 00c6 00       		.byte	0
 495 00c7 10       		.uleb128 0x10
 496 00c8 15       		.uleb128 0x15
 497 00c9 01       		.byte	0x1
 498 00ca 27       		.uleb128 0x27
 499 00cb 19       		.uleb128 0x19
 500 00cc 49       		.uleb128 0x49
 501 00cd 13       		.uleb128 0x13
 502 00ce 01       		.uleb128 0x1
 503 00cf 13       		.uleb128 0x13
 504 00d0 00       		.byte	0
 505 00d1 00       		.byte	0
 506 00d2 11       		.uleb128 0x11
 507 00d3 05       		.uleb128 0x5
 508 00d4 00       		.byte	0
 509 00d5 49       		.uleb128 0x49
 510 00d6 13       		.uleb128 0x13
 511 00d7 00       		.byte	0
 512 00d8 00       		.byte	0
 513 00d9 12       		.uleb128 0x12
 514 00da 26       		.uleb128 0x26
 515 00db 00       		.byte	0
 516 00dc 49       		.uleb128 0x49
 517 00dd 13       		.uleb128 0x13
 518 00de 00       		.byte	0
 519 00df 00       		.byte	0
 520 00e0 00       		.byte	0
 521              		.section	.debug_loc,"",%progbits
 522              	.Ldebug_loc0:
 523              	.LLST0:
 524 0000 00000000 		.4byte	.LVL0
 525 0004 18000000 		.4byte	.LVL3
 526 0008 0100     		.2byte	0x1
 527 000a 50       		.byte	0x50
 528 000b 18000000 		.4byte	.LVL3
 529 000f 54000000 		.4byte	.LFE0
 530 0013 0200     		.2byte	0x2
 531 0015 91       		.byte	0x91
 532 0016 5C       		.sleb128 -36
 533 0017 00000000 		.4byte	0
 534 001b 00000000 		.4byte	0
 535              	.LLST1:
 536 001f 00000000 		.4byte	.LVL0
 537 0023 18000000 		.4byte	.LVL3
 538 0027 0100     		.2byte	0x1
 539 0029 51       		.byte	0x51
 540 002a 18000000 		.4byte	.LVL3
 541 002e 36000000 		.4byte	.LVL7
 542 0032 0100     		.2byte	0x1
 543 0034 5A       		.byte	0x5a
 544 0035 38000000 		.4byte	.LVL8
 545 0039 4C000000 		.4byte	.LVL15
 546 003d 0100     		.2byte	0x1
 547 003f 5A       		.byte	0x5a
 548 0040 00000000 		.4byte	0
 549 0044 00000000 		.4byte	0
 550              	.LLST2:
ARM GAS  C:\Users\haske\AppData\Local\Temp\ccE2kxXZ.s 			page 12


 551 0048 00000000 		.4byte	.LVL0
 552 004c 18000000 		.4byte	.LVL3
 553 0050 0100     		.2byte	0x1
 554 0052 52       		.byte	0x52
 555 0053 18000000 		.4byte	.LVL3
 556 0057 4C000000 		.4byte	.LVL13
 557 005b 0100     		.2byte	0x1
 558 005d 55       		.byte	0x55
 559 005e 00000000 		.4byte	0
 560 0062 00000000 		.4byte	0
 561              	.LLST3:
 562 0066 00000000 		.4byte	.LVL0
 563 006a 14000000 		.4byte	.LVL1
 564 006e 0100     		.2byte	0x1
 565 0070 53       		.byte	0x53
 566 0071 14000000 		.4byte	.LVL1
 567 0075 4C000000 		.4byte	.LVL14
 568 0079 0100     		.2byte	0x1
 569 007b 57       		.byte	0x57
 570 007c 4C000000 		.4byte	.LVL14
 571 0080 54000000 		.4byte	.LFE0
 572 0084 0400     		.2byte	0x4
 573 0086 F3       		.byte	0xf3
 574 0087 01       		.uleb128 0x1
 575 0088 53       		.byte	0x53
 576 0089 9F       		.byte	0x9f
 577 008a 00000000 		.4byte	0
 578 008e 00000000 		.4byte	0
 579              	.LLST4:
 580 0092 16000000 		.4byte	.LVL2
 581 0096 18000000 		.4byte	.LVL3
 582 009a 0100     		.2byte	0x1
 583 009c 51       		.byte	0x51
 584 009d 18000000 		.4byte	.LVL3
 585 00a1 20000000 		.4byte	.LVL4
 586 00a5 0100     		.2byte	0x1
 587 00a7 5A       		.byte	0x5a
 588 00a8 20000000 		.4byte	.LVL4
 589 00ac 38000000 		.4byte	.LVL8
 590 00b0 0100     		.2byte	0x1
 591 00b2 54       		.byte	0x54
 592 00b3 38000000 		.4byte	.LVL8
 593 00b7 3A000000 		.4byte	.LVL9
 594 00bb 0100     		.2byte	0x1
 595 00bd 5A       		.byte	0x5a
 596 00be 3A000000 		.4byte	.LVL9
 597 00c2 40000000 		.4byte	.LVL10
 598 00c6 0100     		.2byte	0x1
 599 00c8 54       		.byte	0x54
 600 00c9 40000000 		.4byte	.LVL10
 601 00cd 48000000 		.4byte	.LVL11
 602 00d1 0100     		.2byte	0x1
 603 00d3 5A       		.byte	0x5a
 604 00d4 48000000 		.4byte	.LVL11
 605 00d8 4A000000 		.4byte	.LVL12
 606 00dc 0100     		.2byte	0x1
 607 00de 54       		.byte	0x54
ARM GAS  C:\Users\haske\AppData\Local\Temp\ccE2kxXZ.s 			page 13


 608 00df 00000000 		.4byte	0
 609 00e3 00000000 		.4byte	0
 610              	.LLST5:
 611 00e7 26000000 		.4byte	.LVL5
 612 00eb 40000000 		.4byte	.LVL10
 613 00ef 0100     		.2byte	0x1
 614 00f1 50       		.byte	0x50
 615 00f2 48000000 		.4byte	.LVL11
 616 00f6 4A000000 		.4byte	.LVL12
 617 00fa 0100     		.2byte	0x1
 618 00fc 50       		.byte	0x50
 619 00fd 00000000 		.4byte	0
 620 0101 00000000 		.4byte	0
 621              		.section	.debug_aranges,"",%progbits
 622 0000 1C000000 		.4byte	0x1c
 623 0004 0200     		.2byte	0x2
 624 0006 00000000 		.4byte	.Ldebug_info0
 625 000a 04       		.byte	0x4
 626 000b 00       		.byte	0
 627 000c 0000     		.2byte	0
 628 000e 0000     		.2byte	0
 629 0010 00000000 		.4byte	.LFB0
 630 0014 54000000 		.4byte	.LFE0-.LFB0
 631 0018 00000000 		.4byte	0
 632 001c 00000000 		.4byte	0
 633              		.section	.debug_ranges,"",%progbits
 634              	.Ldebug_ranges0:
 635 0000 00000000 		.4byte	.LFB0
 636 0004 54000000 		.4byte	.LFE0
 637 0008 00000000 		.4byte	0
 638 000c 00000000 		.4byte	0
 639              		.section	.debug_line,"",%progbits
 640              	.Ldebug_line0:
 641 0000 82010000 		.section	.debug_str,"MS",%progbits,1
 641      02005A01 
 641      00000201 
 641      FB0E0D00 
 641      01010101 
 642              	.LASF8:
 643 0000 5F5F696E 		.ascii	"__int32_t\000"
 643      7433325F 
 643      7400
 644              	.LASF4:
 645 000a 756E7369 		.ascii	"unsigned char\000"
 645      676E6564 
 645      20636861 
 645      7200
 646              	.LASF10:
 647 0018 6C6F6E67 		.ascii	"long unsigned int\000"
 647      20756E73 
 647      69676E65 
 647      6420696E 
 647      7400
 648              	.LASF6:
 649 002a 73686F72 		.ascii	"short unsigned int\000"
 649      7420756E 
 649      7369676E 
ARM GAS  C:\Users\haske\AppData\Local\Temp\ccE2kxXZ.s 			page 14


 649      65642069 
 649      6E7400
 650              	.LASF9:
 651 003d 5F5F7569 		.ascii	"__uint32_t\000"
 651      6E743332 
 651      5F7400
 652              	.LASF14:
 653 0048 62617365 		.ascii	"base\000"
 653      00
 654              	.LASF0:
 655 004d 756E7369 		.ascii	"unsigned int\000"
 655      676E6564 
 655      20696E74 
 655      00
 656              	.LASF21:
 657 005a 5F6C765F 		.ascii	"_lv_utils_bsearch\000"
 657      7574696C 
 657      735F6273 
 657      65617263 
 657      6800
 658              	.LASF19:
 659 006c 2E2E5C2E 		.ascii	"..\\..\\..\\arduinoLCD\\test\\Pain Drain\\libraries"
 659      2E5C2E2E 
 659      5C617264 
 659      75696E6F 
 659      4C43445C 
 660 0099 5C6C7667 		.ascii	"\\lvgl\\src\\misc\\lv_utils.c\000"
 660      6C5C7372 
 660      635C6D69 
 660      73635C6C 
 660      765F7574 
 661              	.LASF11:
 662 00b3 6C6F6E67 		.ascii	"long long unsigned int\000"
 662      206C6F6E 
 662      6720756E 
 662      7369676E 
 662      65642069 
 663              	.LASF12:
 664 00ca 696E7433 		.ascii	"int32_t\000"
 664      325F7400 
 665              	.LASF1:
 666 00d2 6C6F6E67 		.ascii	"long long int\000"
 666      206C6F6E 
 666      6720696E 
 666      7400
 667              	.LASF17:
 668 00e0 63686172 		.ascii	"char\000"
 668      00
 669              	.LASF20:
 670 00e5 433A5C50 		.ascii	"C:\\Projects\\PainDrain\\firmware\\PainDrain\\PainD"
 670      726F6A65 
 670      6374735C 
 670      5061696E 
 670      44726169 
 671 0113 7261696E 		.ascii	"rain.cydsn\000"
 671      2E637964 
 671      736E00
ARM GAS  C:\Users\haske\AppData\Local\Temp\ccE2kxXZ.s 			page 15


 672              	.LASF5:
 673 011e 73686F72 		.ascii	"short int\000"
 673      7420696E 
 673      7400
 674              	.LASF13:
 675 0128 75696E74 		.ascii	"uint32_t\000"
 675      33325F74 
 675      00
 676              	.LASF7:
 677 0131 6C6F6E67 		.ascii	"long int\000"
 677      20696E74 
 677      00
 678              	.LASF16:
 679 013a 6D696464 		.ascii	"middle\000"
 679      6C6500
 680              	.LASF2:
 681 0141 6C6F6E67 		.ascii	"long double\000"
 681      20646F75 
 681      626C6500 
 682              	.LASF18:
 683 014d 474E5520 		.ascii	"GNU C11 5.4.1 20160609 (release) [ARM/embedded-5-br"
 683      43313120 
 683      352E342E 
 683      31203230 
 683      31363036 
 684 0180 616E6368 		.ascii	"anch revision 237715] -mcpu=cortex-m0plus -mthumb -"
 684      20726576 
 684      6973696F 
 684      6E203233 
 684      37373135 
 685 01b3 67202D4F 		.ascii	"g -Og -ffunction-sections -ffat-lto-objects\000"
 685      67202D66 
 685      66756E63 
 685      74696F6E 
 685      2D736563 
 686              	.LASF3:
 687 01df 7369676E 		.ascii	"signed char\000"
 687      65642063 
 687      68617200 
 688              	.LASF15:
 689 01eb 73697A65 		.ascii	"size\000"
 689      00
 690              		.ident	"GCC: (GNU Tools for ARM Embedded Processors) 5.4.1 20160609 (release) [ARM/embedded-5-bran
